<?xml version="1.0" encoding="UTF-8"?>
<testsuite name="inkball.AppTest" tests="49" skipped="0" failures="6" errors="0" timestamp="2024-10-25T11:29:00" hostname="192-168-1-102.tpgi.com.au" time="1.975">
  <properties/>
  <testcase name="testMouseReleased()" classname="inkball.AppTest" time="0.305"/>
  <testcase name="testScoreUpdates()" classname="inkball.AppTest" time="0.059"/>
  <testcase name="testIsLevelFinished()" classname="inkball.AppTest" time="0.045"/>
  <testcase name="testColourToString()" classname="inkball.AppTest" time="0.045"/>
  <testcase name="testMousePressed()" classname="inkball.AppTest" time="0.033"/>
  <testcase name="testUpdateBalls()" classname="inkball.AppTest" time="0.031">
    <failure message="org.opentest4j.AssertionFailedError: Ball count should remain consistent after update. ==&gt; expected: &lt;1&gt; but was: &lt;3&gt;" type="org.opentest4j.AssertionFailedError">org.opentest4j.AssertionFailedError: Ball count should remain consistent after update. ==&gt; expected: &lt;1&gt; but was: &lt;3&gt;
	at org.junit.jupiter.api.AssertionUtils.fail(AssertionUtils.java:55)
	at org.junit.jupiter.api.AssertionUtils.failNotEqual(AssertionUtils.java:62)
	at org.junit.jupiter.api.AssertEquals.assertEquals(AssertEquals.java:150)
	at org.junit.jupiter.api.Assertions.assertEquals(Assertions.java:542)
	at inkball.AppTest.testUpdateBalls(AppTest.java:168)
	at sun.reflect.NativeMethodAccessorImpl.invoke0(Native Method)
	at sun.reflect.NativeMethodAccessorImpl.invoke(NativeMethodAccessorImpl.java:62)
	at sun.reflect.DelegatingMethodAccessorImpl.invoke(DelegatingMethodAccessorImpl.java:43)
	at java.lang.reflect.Method.invoke(Method.java:498)
	at org.junit.platform.commons.util.ReflectionUtils.invokeMethod(ReflectionUtils.java:686)
	at org.junit.jupiter.engine.execution.MethodInvocation.proceed(MethodInvocation.java:60)
	at org.junit.jupiter.engine.execution.InvocationInterceptorChain$ValidatingInvocation.proceed(InvocationInterceptorChain.java:131)
	at org.junit.jupiter.engine.extension.TimeoutExtension.intercept(TimeoutExtension.java:149)
	at org.junit.jupiter.engine.extension.TimeoutExtension.interceptTestableMethod(TimeoutExtension.java:140)
	at org.junit.jupiter.engine.extension.TimeoutExtension.interceptTestMethod(TimeoutExtension.java:84)
	at org.junit.jupiter.engine.execution.ExecutableInvoker$ReflectiveInterceptorCall.lambda$ofVoidMethod$0(ExecutableInvoker.java:115)
	at org.junit.jupiter.engine.execution.ExecutableInvoker.lambda$invoke$0(ExecutableInvoker.java:105)
	at org.junit.jupiter.engine.execution.InvocationInterceptorChain$InterceptedInvocation.proceed(InvocationInterceptorChain.java:106)
	at org.junit.jupiter.engine.execution.InvocationInterceptorChain.proceed(InvocationInterceptorChain.java:64)
	at org.junit.jupiter.engine.execution.InvocationInterceptorChain.chainAndInvoke(InvocationInterceptorChain.java:45)
	at org.junit.jupiter.engine.execution.InvocationInterceptorChain.invoke(InvocationInterceptorChain.java:37)
	at org.junit.jupiter.engine.execution.ExecutableInvoker.invoke(ExecutableInvoker.java:104)
	at org.junit.jupiter.engine.execution.ExecutableInvoker.invoke(ExecutableInvoker.java:98)
	at org.junit.jupiter.engine.descriptor.TestMethodTestDescriptor.lambda$invokeTestMethod$6(TestMethodTestDescriptor.java:212)
	at org.junit.platform.engine.support.hierarchical.ThrowableCollector.execute(ThrowableCollector.java:73)
	at org.junit.jupiter.engine.descriptor.TestMethodTestDescriptor.invokeTestMethod(TestMethodTestDescriptor.java:208)
	at org.junit.jupiter.engine.descriptor.TestMethodTestDescriptor.execute(TestMethodTestDescriptor.java:137)
	at org.junit.jupiter.engine.descriptor.TestMethodTestDescriptor.execute(TestMethodTestDescriptor.java:71)
	at org.junit.platform.engine.support.hierarchical.NodeTestTask.lambda$executeRecursively$5(NodeTestTask.java:135)
	at org.junit.platform.engine.support.hierarchical.ThrowableCollector.execute(ThrowableCollector.java:73)
	at org.junit.platform.engine.support.hierarchical.NodeTestTask.lambda$executeRecursively$7(NodeTestTask.java:125)
	at org.junit.platform.engine.support.hierarchical.Node.around(Node.java:135)
	at org.junit.platform.engine.support.hierarchical.NodeTestTask.lambda$executeRecursively$8(NodeTestTask.java:123)
	at org.junit.platform.engine.support.hierarchical.ThrowableCollector.execute(ThrowableCollector.java:73)
	at org.junit.platform.engine.support.hierarchical.NodeTestTask.executeRecursively(NodeTestTask.java:122)
	at org.junit.platform.engine.support.hierarchical.NodeTestTask.execute(NodeTestTask.java:80)
	at java.util.ArrayList.forEach(ArrayList.java:1259)
	at org.junit.platform.engine.support.hierarchical.SameThreadHierarchicalTestExecutorService.invokeAll(SameThreadHierarchicalTestExecutorService.java:38)
	at org.junit.platform.engine.support.hierarchical.NodeTestTask.lambda$executeRecursively$5(NodeTestTask.java:139)
	at org.junit.platform.engine.support.hierarchical.ThrowableCollector.execute(ThrowableCollector.java:73)
	at org.junit.platform.engine.support.hierarchical.NodeTestTask.lambda$executeRecursively$7(NodeTestTask.java:125)
	at org.junit.platform.engine.support.hierarchical.Node.around(Node.java:135)
	at org.junit.platform.engine.support.hierarchical.NodeTestTask.lambda$executeRecursively$8(NodeTestTask.java:123)
	at org.junit.platform.engine.support.hierarchical.ThrowableCollector.execute(ThrowableCollector.java:73)
	at org.junit.platform.engine.support.hierarchical.NodeTestTask.executeRecursively(NodeTestTask.java:122)
	at org.junit.platform.engine.support.hierarchical.NodeTestTask.execute(NodeTestTask.java:80)
	at java.util.ArrayList.forEach(ArrayList.java:1259)
	at org.junit.platform.engine.support.hierarchical.SameThreadHierarchicalTestExecutorService.invokeAll(SameThreadHierarchicalTestExecutorService.java:38)
	at org.junit.platform.engine.support.hierarchical.NodeTestTask.lambda$executeRecursively$5(NodeTestTask.java:139)
	at org.junit.platform.engine.support.hierarchical.ThrowableCollector.execute(ThrowableCollector.java:73)
	at org.junit.platform.engine.support.hierarchical.NodeTestTask.lambda$executeRecursively$7(NodeTestTask.java:125)
	at org.junit.platform.engine.support.hierarchical.Node.around(Node.java:135)
	at org.junit.platform.engine.support.hierarchical.NodeTestTask.lambda$executeRecursively$8(NodeTestTask.java:123)
	at org.junit.platform.engine.support.hierarchical.ThrowableCollector.execute(ThrowableCollector.java:73)
	at org.junit.platform.engine.support.hierarchical.NodeTestTask.executeRecursively(NodeTestTask.java:122)
	at org.junit.platform.engine.support.hierarchical.NodeTestTask.execute(NodeTestTask.java:80)
	at org.junit.platform.engine.support.hierarchical.SameThreadHierarchicalTestExecutorService.submit(SameThreadHierarchicalTestExecutorService.java:32)
	at org.junit.platform.engine.support.hierarchical.HierarchicalTestExecutor.execute(HierarchicalTestExecutor.java:57)
	at org.junit.platform.engine.support.hierarchical.HierarchicalTestEngine.execute(HierarchicalTestEngine.java:51)
	at org.junit.platform.launcher.core.EngineExecutionOrchestrator.execute(EngineExecutionOrchestrator.java:107)
	at org.junit.platform.launcher.core.EngineExecutionOrchestrator.execute(EngineExecutionOrchestrator.java:88)
	at org.junit.platform.launcher.core.EngineExecutionOrchestrator.lambda$execute$0(EngineExecutionOrchestrator.java:54)
	at org.junit.platform.launcher.core.EngineExecutionOrchestrator.withInterceptedStreams(EngineExecutionOrchestrator.java:67)
	at org.junit.platform.launcher.core.EngineExecutionOrchestrator.execute(EngineExecutionOrchestrator.java:52)
	at org.junit.platform.launcher.core.DefaultLauncher.execute(DefaultLauncher.java:114)
	at org.junit.platform.launcher.core.DefaultLauncher.execute(DefaultLauncher.java:86)
	at org.junit.platform.launcher.core.DefaultLauncherSession$DelegatingLauncher.execute(DefaultLauncherSession.java:86)
	at org.gradle.api.internal.tasks.testing.junitplatform.JUnitPlatformTestClassProcessor$CollectAllTestClassesExecutor.processAllTestClasses(JUnitPlatformTestClassProcessor.java:124)
	at org.gradle.api.internal.tasks.testing.junitplatform.JUnitPlatformTestClassProcessor$CollectAllTestClassesExecutor.access$000(JUnitPlatformTestClassProcessor.java:99)
	at org.gradle.api.internal.tasks.testing.junitplatform.JUnitPlatformTestClassProcessor.stop(JUnitPlatformTestClassProcessor.java:94)
	at org.gradle.api.internal.tasks.testing.SuiteTestClassProcessor.stop(SuiteTestClassProcessor.java:63)
	at sun.reflect.NativeMethodAccessorImpl.invoke0(Native Method)
	at sun.reflect.NativeMethodAccessorImpl.invoke(NativeMethodAccessorImpl.java:62)
	at sun.reflect.DelegatingMethodAccessorImpl.invoke(DelegatingMethodAccessorImpl.java:43)
	at java.lang.reflect.Method.invoke(Method.java:498)
	at org.gradle.internal.dispatch.ReflectionDispatch.dispatch(ReflectionDispatch.java:36)
	at org.gradle.internal.dispatch.ReflectionDispatch.dispatch(ReflectionDispatch.java:24)
	at org.gradle.internal.dispatch.ContextClassLoaderDispatch.dispatch(ContextClassLoaderDispatch.java:33)
	at org.gradle.internal.dispatch.ProxyDispatchAdapter$DispatchingInvocationHandler.invoke(ProxyDispatchAdapter.java:92)
	at com.sun.proxy.$Proxy4.stop(Unknown Source)
	at org.gradle.api.internal.tasks.testing.worker.TestWorker$3.run(TestWorker.java:200)
	at org.gradle.api.internal.tasks.testing.worker.TestWorker.executeAndMaintainThreadName(TestWorker.java:132)
	at org.gradle.api.internal.tasks.testing.worker.TestWorker.execute(TestWorker.java:103)
	at org.gradle.api.internal.tasks.testing.worker.TestWorker.execute(TestWorker.java:63)
	at org.gradle.process.internal.worker.child.ActionExecutionWorker.execute(ActionExecutionWorker.java:56)
	at org.gradle.process.internal.worker.child.SystemApplicationClassLoaderWorker.call(SystemApplicationClassLoaderWorker.java:121)
	at org.gradle.process.internal.worker.child.SystemApplicationClassLoaderWorker.call(SystemApplicationClassLoaderWorker.java:71)
	at worker.org.gradle.process.internal.worker.GradleWorkerMain.run(GradleWorkerMain.java:69)
	at worker.org.gradle.process.internal.worker.GradleWorkerMain.main(GradleWorkerMain.java:74)
</failure>
  </testcase>
  <testcase name="testLoadImages()" classname="inkball.AppTest" time="0.048"/>
  <testcase name="testGetBallImages()" classname="inkball.AppTest" time="0.038"/>
  <testcase name="testPause()" classname="inkball.AppTest" time="0.041"/>
  <testcase name="testCreateEdges()" classname="inkball.AppTest" time="0.035"/>
  <testcase name="testMain()" classname="inkball.AppTest" time="0.082"/>
  <testcase name="testGetScoreLost()" classname="inkball.AppTest" time="0.037">
    <failure message="org.opentest4j.AssertionFailedError: Default penalty for 'green' should be 5. ==&gt; expected: &lt;5&gt; but was: &lt;25&gt;" type="org.opentest4j.AssertionFailedError">org.opentest4j.AssertionFailedError: Default penalty for 'green' should be 5. ==&gt; expected: &lt;5&gt; but was: &lt;25&gt;
	at org.junit.jupiter.api.AssertionUtils.fail(AssertionUtils.java:55)
	at org.junit.jupiter.api.AssertionUtils.failNotEqual(AssertionUtils.java:62)
	at org.junit.jupiter.api.AssertEquals.assertEquals(AssertEquals.java:150)
	at org.junit.jupiter.api.Assertions.assertEquals(Assertions.java:542)
	at inkball.AppTest.testGetScoreLost(AppTest.java:247)
	at sun.reflect.NativeMethodAccessorImpl.invoke0(Native Method)
	at sun.reflect.NativeMethodAccessorImpl.invoke(NativeMethodAccessorImpl.java:62)
	at sun.reflect.DelegatingMethodAccessorImpl.invoke(DelegatingMethodAccessorImpl.java:43)
	at java.lang.reflect.Method.invoke(Method.java:498)
	at org.junit.platform.commons.util.ReflectionUtils.invokeMethod(ReflectionUtils.java:686)
	at org.junit.jupiter.engine.execution.MethodInvocation.proceed(MethodInvocation.java:60)
	at org.junit.jupiter.engine.execution.InvocationInterceptorChain$ValidatingInvocation.proceed(InvocationInterceptorChain.java:131)
	at org.junit.jupiter.engine.extension.TimeoutExtension.intercept(TimeoutExtension.java:149)
	at org.junit.jupiter.engine.extension.TimeoutExtension.interceptTestableMethod(TimeoutExtension.java:140)
	at org.junit.jupiter.engine.extension.TimeoutExtension.interceptTestMethod(TimeoutExtension.java:84)
	at org.junit.jupiter.engine.execution.ExecutableInvoker$ReflectiveInterceptorCall.lambda$ofVoidMethod$0(ExecutableInvoker.java:115)
	at org.junit.jupiter.engine.execution.ExecutableInvoker.lambda$invoke$0(ExecutableInvoker.java:105)
	at org.junit.jupiter.engine.execution.InvocationInterceptorChain$InterceptedInvocation.proceed(InvocationInterceptorChain.java:106)
	at org.junit.jupiter.engine.execution.InvocationInterceptorChain.proceed(InvocationInterceptorChain.java:64)
	at org.junit.jupiter.engine.execution.InvocationInterceptorChain.chainAndInvoke(InvocationInterceptorChain.java:45)
	at org.junit.jupiter.engine.execution.InvocationInterceptorChain.invoke(InvocationInterceptorChain.java:37)
	at org.junit.jupiter.engine.execution.ExecutableInvoker.invoke(ExecutableInvoker.java:104)
	at org.junit.jupiter.engine.execution.ExecutableInvoker.invoke(ExecutableInvoker.java:98)
	at org.junit.jupiter.engine.descriptor.TestMethodTestDescriptor.lambda$invokeTestMethod$6(TestMethodTestDescriptor.java:212)
	at org.junit.platform.engine.support.hierarchical.ThrowableCollector.execute(ThrowableCollector.java:73)
	at org.junit.jupiter.engine.descriptor.TestMethodTestDescriptor.invokeTestMethod(TestMethodTestDescriptor.java:208)
	at org.junit.jupiter.engine.descriptor.TestMethodTestDescriptor.execute(TestMethodTestDescriptor.java:137)
	at org.junit.jupiter.engine.descriptor.TestMethodTestDescriptor.execute(TestMethodTestDescriptor.java:71)
	at org.junit.platform.engine.support.hierarchical.NodeTestTask.lambda$executeRecursively$5(NodeTestTask.java:135)
	at org.junit.platform.engine.support.hierarchical.ThrowableCollector.execute(ThrowableCollector.java:73)
	at org.junit.platform.engine.support.hierarchical.NodeTestTask.lambda$executeRecursively$7(NodeTestTask.java:125)
	at org.junit.platform.engine.support.hierarchical.Node.around(Node.java:135)
	at org.junit.platform.engine.support.hierarchical.NodeTestTask.lambda$executeRecursively$8(NodeTestTask.java:123)
	at org.junit.platform.engine.support.hierarchical.ThrowableCollector.execute(ThrowableCollector.java:73)
	at org.junit.platform.engine.support.hierarchical.NodeTestTask.executeRecursively(NodeTestTask.java:122)
	at org.junit.platform.engine.support.hierarchical.NodeTestTask.execute(NodeTestTask.java:80)
	at java.util.ArrayList.forEach(ArrayList.java:1259)
	at org.junit.platform.engine.support.hierarchical.SameThreadHierarchicalTestExecutorService.invokeAll(SameThreadHierarchicalTestExecutorService.java:38)
	at org.junit.platform.engine.support.hierarchical.NodeTestTask.lambda$executeRecursively$5(NodeTestTask.java:139)
	at org.junit.platform.engine.support.hierarchical.ThrowableCollector.execute(ThrowableCollector.java:73)
	at org.junit.platform.engine.support.hierarchical.NodeTestTask.lambda$executeRecursively$7(NodeTestTask.java:125)
	at org.junit.platform.engine.support.hierarchical.Node.around(Node.java:135)
	at org.junit.platform.engine.support.hierarchical.NodeTestTask.lambda$executeRecursively$8(NodeTestTask.java:123)
	at org.junit.platform.engine.support.hierarchical.ThrowableCollector.execute(ThrowableCollector.java:73)
	at org.junit.platform.engine.support.hierarchical.NodeTestTask.executeRecursively(NodeTestTask.java:122)
	at org.junit.platform.engine.support.hierarchical.NodeTestTask.execute(NodeTestTask.java:80)
	at java.util.ArrayList.forEach(ArrayList.java:1259)
	at org.junit.platform.engine.support.hierarchical.SameThreadHierarchicalTestExecutorService.invokeAll(SameThreadHierarchicalTestExecutorService.java:38)
	at org.junit.platform.engine.support.hierarchical.NodeTestTask.lambda$executeRecursively$5(NodeTestTask.java:139)
	at org.junit.platform.engine.support.hierarchical.ThrowableCollector.execute(ThrowableCollector.java:73)
	at org.junit.platform.engine.support.hierarchical.NodeTestTask.lambda$executeRecursively$7(NodeTestTask.java:125)
	at org.junit.platform.engine.support.hierarchical.Node.around(Node.java:135)
	at org.junit.platform.engine.support.hierarchical.NodeTestTask.lambda$executeRecursively$8(NodeTestTask.java:123)
	at org.junit.platform.engine.support.hierarchical.ThrowableCollector.execute(ThrowableCollector.java:73)
	at org.junit.platform.engine.support.hierarchical.NodeTestTask.executeRecursively(NodeTestTask.java:122)
	at org.junit.platform.engine.support.hierarchical.NodeTestTask.execute(NodeTestTask.java:80)
	at org.junit.platform.engine.support.hierarchical.SameThreadHierarchicalTestExecutorService.submit(SameThreadHierarchicalTestExecutorService.java:32)
	at org.junit.platform.engine.support.hierarchical.HierarchicalTestExecutor.execute(HierarchicalTestExecutor.java:57)
	at org.junit.platform.engine.support.hierarchical.HierarchicalTestEngine.execute(HierarchicalTestEngine.java:51)
	at org.junit.platform.launcher.core.EngineExecutionOrchestrator.execute(EngineExecutionOrchestrator.java:107)
	at org.junit.platform.launcher.core.EngineExecutionOrchestrator.execute(EngineExecutionOrchestrator.java:88)
	at org.junit.platform.launcher.core.EngineExecutionOrchestrator.lambda$execute$0(EngineExecutionOrchestrator.java:54)
	at org.junit.platform.launcher.core.EngineExecutionOrchestrator.withInterceptedStreams(EngineExecutionOrchestrator.java:67)
	at org.junit.platform.launcher.core.EngineExecutionOrchestrator.execute(EngineExecutionOrchestrator.java:52)
	at org.junit.platform.launcher.core.DefaultLauncher.execute(DefaultLauncher.java:114)
	at org.junit.platform.launcher.core.DefaultLauncher.execute(DefaultLauncher.java:86)
	at org.junit.platform.launcher.core.DefaultLauncherSession$DelegatingLauncher.execute(DefaultLauncherSession.java:86)
	at org.gradle.api.internal.tasks.testing.junitplatform.JUnitPlatformTestClassProcessor$CollectAllTestClassesExecutor.processAllTestClasses(JUnitPlatformTestClassProcessor.java:124)
	at org.gradle.api.internal.tasks.testing.junitplatform.JUnitPlatformTestClassProcessor$CollectAllTestClassesExecutor.access$000(JUnitPlatformTestClassProcessor.java:99)
	at org.gradle.api.internal.tasks.testing.junitplatform.JUnitPlatformTestClassProcessor.stop(JUnitPlatformTestClassProcessor.java:94)
	at org.gradle.api.internal.tasks.testing.SuiteTestClassProcessor.stop(SuiteTestClassProcessor.java:63)
	at sun.reflect.NativeMethodAccessorImpl.invoke0(Native Method)
	at sun.reflect.NativeMethodAccessorImpl.invoke(NativeMethodAccessorImpl.java:62)
	at sun.reflect.DelegatingMethodAccessorImpl.invoke(DelegatingMethodAccessorImpl.java:43)
	at java.lang.reflect.Method.invoke(Method.java:498)
	at org.gradle.internal.dispatch.ReflectionDispatch.dispatch(ReflectionDispatch.java:36)
	at org.gradle.internal.dispatch.ReflectionDispatch.dispatch(ReflectionDispatch.java:24)
	at org.gradle.internal.dispatch.ContextClassLoaderDispatch.dispatch(ContextClassLoaderDispatch.java:33)
	at org.gradle.internal.dispatch.ProxyDispatchAdapter$DispatchingInvocationHandler.invoke(ProxyDispatchAdapter.java:92)
	at com.sun.proxy.$Proxy4.stop(Unknown Source)
	at org.gradle.api.internal.tasks.testing.worker.TestWorker$3.run(TestWorker.java:200)
	at org.gradle.api.internal.tasks.testing.worker.TestWorker.executeAndMaintainThreadName(TestWorker.java:132)
	at org.gradle.api.internal.tasks.testing.worker.TestWorker.execute(TestWorker.java:103)
	at org.gradle.api.internal.tasks.testing.worker.TestWorker.execute(TestWorker.java:63)
	at org.gradle.process.internal.worker.child.ActionExecutionWorker.execute(ActionExecutionWorker.java:56)
	at org.gradle.process.internal.worker.child.SystemApplicationClassLoaderWorker.call(SystemApplicationClassLoaderWorker.java:121)
	at org.gradle.process.internal.worker.child.SystemApplicationClassLoaderWorker.call(SystemApplicationClassLoaderWorker.java:71)
	at worker.org.gradle.process.internal.worker.GradleWorkerMain.run(GradleWorkerMain.java:69)
	at worker.org.gradle.process.internal.worker.GradleWorkerMain.main(GradleWorkerMain.java:74)
</failure>
  </testcase>
  <testcase name="testCheckWinOrNot()" classname="inkball.AppTest" time="0.027"/>
  <testcase name="testCheckCompleteOrNot()" classname="inkball.AppTest" time="0.042"/>
  <testcase name="testRemoveLines()" classname="inkball.AppTest" time="0.027"/>
  <testcase name="testGetBallColourIndex()" classname="inkball.AppTest" time="0.032"/>
  <testcase name="testLevelCompleteAnimation()" classname="inkball.AppTest" time="0.028"/>
  <testcase name="testGetBallsToRemove()" classname="inkball.AppTest" time="0.028"/>
  <testcase name="testDrawTopBar()" classname="inkball.AppTest" time="0.056"/>
  <testcase name="testGetTimeLeft()" classname="inkball.AppTest" time="0.03"/>
  <testcase name="testKeyPressed()" classname="inkball.AppTest" time="0.028"/>
  <testcase name="testHitAnimation()" classname="inkball.AppTest" time="0.029"/>
  <testcase name="testDrawYellowTiles()" classname="inkball.AppTest" time="0.03"/>
  <testcase name="testGetGrid()" classname="inkball.AppTest" time="0.035"/>
  <testcase name="testGetTile()" classname="inkball.AppTest" time="0.033"/>
  <testcase name="testColourToInt()" classname="inkball.AppTest" time="0.027"/>
  <testcase name="testGetYellowTileIndex2()" classname="inkball.AppTest" time="0.031"/>
  <testcase name="testDrawGrid()" classname="inkball.AppTest" time="0.028"/>
  <testcase name="testScoreUpdateDetection()" classname="inkball.AppTest" time="0.029"/>
  <testcase name="testBallRefilled()" classname="inkball.AppTest" time="0.029"/>
  <testcase name="testGetIncreaseMultiplier()" classname="inkball.AppTest" time="0.031"/>
  <testcase name="testRemoveLine()" classname="inkball.AppTest" time="0.028">
    <failure message="org.opentest4j.AssertionFailedError: Line should be removed when point is close enough. ==&gt; expected: &lt;true&gt; but was: &lt;false&gt;" type="org.opentest4j.AssertionFailedError">org.opentest4j.AssertionFailedError: Line should be removed when point is close enough. ==&gt; expected: &lt;true&gt; but was: &lt;false&gt;
	at org.junit.jupiter.api.AssertionUtils.fail(AssertionUtils.java:55)
	at org.junit.jupiter.api.AssertTrue.assertTrue(AssertTrue.java:40)
	at org.junit.jupiter.api.Assertions.assertTrue(Assertions.java:193)
	at inkball.AppTest.testRemoveLine(AppTest.java:129)
	at sun.reflect.NativeMethodAccessorImpl.invoke0(Native Method)
	at sun.reflect.NativeMethodAccessorImpl.invoke(NativeMethodAccessorImpl.java:62)
	at sun.reflect.DelegatingMethodAccessorImpl.invoke(DelegatingMethodAccessorImpl.java:43)
	at java.lang.reflect.Method.invoke(Method.java:498)
	at org.junit.platform.commons.util.ReflectionUtils.invokeMethod(ReflectionUtils.java:686)
	at org.junit.jupiter.engine.execution.MethodInvocation.proceed(MethodInvocation.java:60)
	at org.junit.jupiter.engine.execution.InvocationInterceptorChain$ValidatingInvocation.proceed(InvocationInterceptorChain.java:131)
	at org.junit.jupiter.engine.extension.TimeoutExtension.intercept(TimeoutExtension.java:149)
	at org.junit.jupiter.engine.extension.TimeoutExtension.interceptTestableMethod(TimeoutExtension.java:140)
	at org.junit.jupiter.engine.extension.TimeoutExtension.interceptTestMethod(TimeoutExtension.java:84)
	at org.junit.jupiter.engine.execution.ExecutableInvoker$ReflectiveInterceptorCall.lambda$ofVoidMethod$0(ExecutableInvoker.java:115)
	at org.junit.jupiter.engine.execution.ExecutableInvoker.lambda$invoke$0(ExecutableInvoker.java:105)
	at org.junit.jupiter.engine.execution.InvocationInterceptorChain$InterceptedInvocation.proceed(InvocationInterceptorChain.java:106)
	at org.junit.jupiter.engine.execution.InvocationInterceptorChain.proceed(InvocationInterceptorChain.java:64)
	at org.junit.jupiter.engine.execution.InvocationInterceptorChain.chainAndInvoke(InvocationInterceptorChain.java:45)
	at org.junit.jupiter.engine.execution.InvocationInterceptorChain.invoke(InvocationInterceptorChain.java:37)
	at org.junit.jupiter.engine.execution.ExecutableInvoker.invoke(ExecutableInvoker.java:104)
	at org.junit.jupiter.engine.execution.ExecutableInvoker.invoke(ExecutableInvoker.java:98)
	at org.junit.jupiter.engine.descriptor.TestMethodTestDescriptor.lambda$invokeTestMethod$6(TestMethodTestDescriptor.java:212)
	at org.junit.platform.engine.support.hierarchical.ThrowableCollector.execute(ThrowableCollector.java:73)
	at org.junit.jupiter.engine.descriptor.TestMethodTestDescriptor.invokeTestMethod(TestMethodTestDescriptor.java:208)
	at org.junit.jupiter.engine.descriptor.TestMethodTestDescriptor.execute(TestMethodTestDescriptor.java:137)
	at org.junit.jupiter.engine.descriptor.TestMethodTestDescriptor.execute(TestMethodTestDescriptor.java:71)
	at org.junit.platform.engine.support.hierarchical.NodeTestTask.lambda$executeRecursively$5(NodeTestTask.java:135)
	at org.junit.platform.engine.support.hierarchical.ThrowableCollector.execute(ThrowableCollector.java:73)
	at org.junit.platform.engine.support.hierarchical.NodeTestTask.lambda$executeRecursively$7(NodeTestTask.java:125)
	at org.junit.platform.engine.support.hierarchical.Node.around(Node.java:135)
	at org.junit.platform.engine.support.hierarchical.NodeTestTask.lambda$executeRecursively$8(NodeTestTask.java:123)
	at org.junit.platform.engine.support.hierarchical.ThrowableCollector.execute(ThrowableCollector.java:73)
	at org.junit.platform.engine.support.hierarchical.NodeTestTask.executeRecursively(NodeTestTask.java:122)
	at org.junit.platform.engine.support.hierarchical.NodeTestTask.execute(NodeTestTask.java:80)
	at java.util.ArrayList.forEach(ArrayList.java:1259)
	at org.junit.platform.engine.support.hierarchical.SameThreadHierarchicalTestExecutorService.invokeAll(SameThreadHierarchicalTestExecutorService.java:38)
	at org.junit.platform.engine.support.hierarchical.NodeTestTask.lambda$executeRecursively$5(NodeTestTask.java:139)
	at org.junit.platform.engine.support.hierarchical.ThrowableCollector.execute(ThrowableCollector.java:73)
	at org.junit.platform.engine.support.hierarchical.NodeTestTask.lambda$executeRecursively$7(NodeTestTask.java:125)
	at org.junit.platform.engine.support.hierarchical.Node.around(Node.java:135)
	at org.junit.platform.engine.support.hierarchical.NodeTestTask.lambda$executeRecursively$8(NodeTestTask.java:123)
	at org.junit.platform.engine.support.hierarchical.ThrowableCollector.execute(ThrowableCollector.java:73)
	at org.junit.platform.engine.support.hierarchical.NodeTestTask.executeRecursively(NodeTestTask.java:122)
	at org.junit.platform.engine.support.hierarchical.NodeTestTask.execute(NodeTestTask.java:80)
	at java.util.ArrayList.forEach(ArrayList.java:1259)
	at org.junit.platform.engine.support.hierarchical.SameThreadHierarchicalTestExecutorService.invokeAll(SameThreadHierarchicalTestExecutorService.java:38)
	at org.junit.platform.engine.support.hierarchical.NodeTestTask.lambda$executeRecursively$5(NodeTestTask.java:139)
	at org.junit.platform.engine.support.hierarchical.ThrowableCollector.execute(ThrowableCollector.java:73)
	at org.junit.platform.engine.support.hierarchical.NodeTestTask.lambda$executeRecursively$7(NodeTestTask.java:125)
	at org.junit.platform.engine.support.hierarchical.Node.around(Node.java:135)
	at org.junit.platform.engine.support.hierarchical.NodeTestTask.lambda$executeRecursively$8(NodeTestTask.java:123)
	at org.junit.platform.engine.support.hierarchical.ThrowableCollector.execute(ThrowableCollector.java:73)
	at org.junit.platform.engine.support.hierarchical.NodeTestTask.executeRecursively(NodeTestTask.java:122)
	at org.junit.platform.engine.support.hierarchical.NodeTestTask.execute(NodeTestTask.java:80)
	at org.junit.platform.engine.support.hierarchical.SameThreadHierarchicalTestExecutorService.submit(SameThreadHierarchicalTestExecutorService.java:32)
	at org.junit.platform.engine.support.hierarchical.HierarchicalTestExecutor.execute(HierarchicalTestExecutor.java:57)
	at org.junit.platform.engine.support.hierarchical.HierarchicalTestEngine.execute(HierarchicalTestEngine.java:51)
	at org.junit.platform.launcher.core.EngineExecutionOrchestrator.execute(EngineExecutionOrchestrator.java:107)
	at org.junit.platform.launcher.core.EngineExecutionOrchestrator.execute(EngineExecutionOrchestrator.java:88)
	at org.junit.platform.launcher.core.EngineExecutionOrchestrator.lambda$execute$0(EngineExecutionOrchestrator.java:54)
	at org.junit.platform.launcher.core.EngineExecutionOrchestrator.withInterceptedStreams(EngineExecutionOrchestrator.java:67)
	at org.junit.platform.launcher.core.EngineExecutionOrchestrator.execute(EngineExecutionOrchestrator.java:52)
	at org.junit.platform.launcher.core.DefaultLauncher.execute(DefaultLauncher.java:114)
	at org.junit.platform.launcher.core.DefaultLauncher.execute(DefaultLauncher.java:86)
	at org.junit.platform.launcher.core.DefaultLauncherSession$DelegatingLauncher.execute(DefaultLauncherSession.java:86)
	at org.gradle.api.internal.tasks.testing.junitplatform.JUnitPlatformTestClassProcessor$CollectAllTestClassesExecutor.processAllTestClasses(JUnitPlatformTestClassProcessor.java:124)
	at org.gradle.api.internal.tasks.testing.junitplatform.JUnitPlatformTestClassProcessor$CollectAllTestClassesExecutor.access$000(JUnitPlatformTestClassProcessor.java:99)
	at org.gradle.api.internal.tasks.testing.junitplatform.JUnitPlatformTestClassProcessor.stop(JUnitPlatformTestClassProcessor.java:94)
	at org.gradle.api.internal.tasks.testing.SuiteTestClassProcessor.stop(SuiteTestClassProcessor.java:63)
	at sun.reflect.NativeMethodAccessorImpl.invoke0(Native Method)
	at sun.reflect.NativeMethodAccessorImpl.invoke(NativeMethodAccessorImpl.java:62)
	at sun.reflect.DelegatingMethodAccessorImpl.invoke(DelegatingMethodAccessorImpl.java:43)
	at java.lang.reflect.Method.invoke(Method.java:498)
	at org.gradle.internal.dispatch.ReflectionDispatch.dispatch(ReflectionDispatch.java:36)
	at org.gradle.internal.dispatch.ReflectionDispatch.dispatch(ReflectionDispatch.java:24)
	at org.gradle.internal.dispatch.ContextClassLoaderDispatch.dispatch(ContextClassLoaderDispatch.java:33)
	at org.gradle.internal.dispatch.ProxyDispatchAdapter$DispatchingInvocationHandler.invoke(ProxyDispatchAdapter.java:92)
	at com.sun.proxy.$Proxy4.stop(Unknown Source)
	at org.gradle.api.internal.tasks.testing.worker.TestWorker$3.run(TestWorker.java:200)
	at org.gradle.api.internal.tasks.testing.worker.TestWorker.executeAndMaintainThreadName(TestWorker.java:132)
	at org.gradle.api.internal.tasks.testing.worker.TestWorker.execute(TestWorker.java:103)
	at org.gradle.api.internal.tasks.testing.worker.TestWorker.execute(TestWorker.java:63)
	at org.gradle.process.internal.worker.child.ActionExecutionWorker.execute(ActionExecutionWorker.java:56)
	at org.gradle.process.internal.worker.child.SystemApplicationClassLoaderWorker.call(SystemApplicationClassLoaderWorker.java:121)
	at org.gradle.process.internal.worker.child.SystemApplicationClassLoaderWorker.call(SystemApplicationClassLoaderWorker.java:71)
	at worker.org.gradle.process.internal.worker.GradleWorkerMain.run(GradleWorkerMain.java:69)
	at worker.org.gradle.process.internal.worker.GradleWorkerMain.main(GradleWorkerMain.java:74)
</failure>
  </testcase>
  <testcase name="testGetBallsToSpawn()" classname="inkball.AppTest" time="0.03"/>
  <testcase name="testMouseDragged()" classname="inkball.AppTest" time="0.028"/>
  <testcase name="testRestart()" classname="inkball.AppTest" time="0.042">
    <failure message="org.opentest4j.AssertionFailedError: game should reset to after restart. ==&gt; expected: &lt;0&gt; but was: &lt;1&gt;" type="org.opentest4j.AssertionFailedError">org.opentest4j.AssertionFailedError: game should reset to after restart. ==&gt; expected: &lt;0&gt; but was: &lt;1&gt;
	at org.junit.jupiter.api.AssertionUtils.fail(AssertionUtils.java:55)
	at org.junit.jupiter.api.AssertionUtils.failNotEqual(AssertionUtils.java:62)
	at org.junit.jupiter.api.AssertEquals.assertEquals(AssertEquals.java:150)
	at org.junit.jupiter.api.Assertions.assertEquals(Assertions.java:542)
	at inkball.AppTest.testRestart(AppTest.java:34)
	at sun.reflect.NativeMethodAccessorImpl.invoke0(Native Method)
	at sun.reflect.NativeMethodAccessorImpl.invoke(NativeMethodAccessorImpl.java:62)
	at sun.reflect.DelegatingMethodAccessorImpl.invoke(DelegatingMethodAccessorImpl.java:43)
	at java.lang.reflect.Method.invoke(Method.java:498)
	at org.junit.platform.commons.util.ReflectionUtils.invokeMethod(ReflectionUtils.java:686)
	at org.junit.jupiter.engine.execution.MethodInvocation.proceed(MethodInvocation.java:60)
	at org.junit.jupiter.engine.execution.InvocationInterceptorChain$ValidatingInvocation.proceed(InvocationInterceptorChain.java:131)
	at org.junit.jupiter.engine.extension.TimeoutExtension.intercept(TimeoutExtension.java:149)
	at org.junit.jupiter.engine.extension.TimeoutExtension.interceptTestableMethod(TimeoutExtension.java:140)
	at org.junit.jupiter.engine.extension.TimeoutExtension.interceptTestMethod(TimeoutExtension.java:84)
	at org.junit.jupiter.engine.execution.ExecutableInvoker$ReflectiveInterceptorCall.lambda$ofVoidMethod$0(ExecutableInvoker.java:115)
	at org.junit.jupiter.engine.execution.ExecutableInvoker.lambda$invoke$0(ExecutableInvoker.java:105)
	at org.junit.jupiter.engine.execution.InvocationInterceptorChain$InterceptedInvocation.proceed(InvocationInterceptorChain.java:106)
	at org.junit.jupiter.engine.execution.InvocationInterceptorChain.proceed(InvocationInterceptorChain.java:64)
	at org.junit.jupiter.engine.execution.InvocationInterceptorChain.chainAndInvoke(InvocationInterceptorChain.java:45)
	at org.junit.jupiter.engine.execution.InvocationInterceptorChain.invoke(InvocationInterceptorChain.java:37)
	at org.junit.jupiter.engine.execution.ExecutableInvoker.invoke(ExecutableInvoker.java:104)
	at org.junit.jupiter.engine.execution.ExecutableInvoker.invoke(ExecutableInvoker.java:98)
	at org.junit.jupiter.engine.descriptor.TestMethodTestDescriptor.lambda$invokeTestMethod$6(TestMethodTestDescriptor.java:212)
	at org.junit.platform.engine.support.hierarchical.ThrowableCollector.execute(ThrowableCollector.java:73)
	at org.junit.jupiter.engine.descriptor.TestMethodTestDescriptor.invokeTestMethod(TestMethodTestDescriptor.java:208)
	at org.junit.jupiter.engine.descriptor.TestMethodTestDescriptor.execute(TestMethodTestDescriptor.java:137)
	at org.junit.jupiter.engine.descriptor.TestMethodTestDescriptor.execute(TestMethodTestDescriptor.java:71)
	at org.junit.platform.engine.support.hierarchical.NodeTestTask.lambda$executeRecursively$5(NodeTestTask.java:135)
	at org.junit.platform.engine.support.hierarchical.ThrowableCollector.execute(ThrowableCollector.java:73)
	at org.junit.platform.engine.support.hierarchical.NodeTestTask.lambda$executeRecursively$7(NodeTestTask.java:125)
	at org.junit.platform.engine.support.hierarchical.Node.around(Node.java:135)
	at org.junit.platform.engine.support.hierarchical.NodeTestTask.lambda$executeRecursively$8(NodeTestTask.java:123)
	at org.junit.platform.engine.support.hierarchical.ThrowableCollector.execute(ThrowableCollector.java:73)
	at org.junit.platform.engine.support.hierarchical.NodeTestTask.executeRecursively(NodeTestTask.java:122)
	at org.junit.platform.engine.support.hierarchical.NodeTestTask.execute(NodeTestTask.java:80)
	at java.util.ArrayList.forEach(ArrayList.java:1259)
	at org.junit.platform.engine.support.hierarchical.SameThreadHierarchicalTestExecutorService.invokeAll(SameThreadHierarchicalTestExecutorService.java:38)
	at org.junit.platform.engine.support.hierarchical.NodeTestTask.lambda$executeRecursively$5(NodeTestTask.java:139)
	at org.junit.platform.engine.support.hierarchical.ThrowableCollector.execute(ThrowableCollector.java:73)
	at org.junit.platform.engine.support.hierarchical.NodeTestTask.lambda$executeRecursively$7(NodeTestTask.java:125)
	at org.junit.platform.engine.support.hierarchical.Node.around(Node.java:135)
	at org.junit.platform.engine.support.hierarchical.NodeTestTask.lambda$executeRecursively$8(NodeTestTask.java:123)
	at org.junit.platform.engine.support.hierarchical.ThrowableCollector.execute(ThrowableCollector.java:73)
	at org.junit.platform.engine.support.hierarchical.NodeTestTask.executeRecursively(NodeTestTask.java:122)
	at org.junit.platform.engine.support.hierarchical.NodeTestTask.execute(NodeTestTask.java:80)
	at java.util.ArrayList.forEach(ArrayList.java:1259)
	at org.junit.platform.engine.support.hierarchical.SameThreadHierarchicalTestExecutorService.invokeAll(SameThreadHierarchicalTestExecutorService.java:38)
	at org.junit.platform.engine.support.hierarchical.NodeTestTask.lambda$executeRecursively$5(NodeTestTask.java:139)
	at org.junit.platform.engine.support.hierarchical.ThrowableCollector.execute(ThrowableCollector.java:73)
	at org.junit.platform.engine.support.hierarchical.NodeTestTask.lambda$executeRecursively$7(NodeTestTask.java:125)
	at org.junit.platform.engine.support.hierarchical.Node.around(Node.java:135)
	at org.junit.platform.engine.support.hierarchical.NodeTestTask.lambda$executeRecursively$8(NodeTestTask.java:123)
	at org.junit.platform.engine.support.hierarchical.ThrowableCollector.execute(ThrowableCollector.java:73)
	at org.junit.platform.engine.support.hierarchical.NodeTestTask.executeRecursively(NodeTestTask.java:122)
	at org.junit.platform.engine.support.hierarchical.NodeTestTask.execute(NodeTestTask.java:80)
	at org.junit.platform.engine.support.hierarchical.SameThreadHierarchicalTestExecutorService.submit(SameThreadHierarchicalTestExecutorService.java:32)
	at org.junit.platform.engine.support.hierarchical.HierarchicalTestExecutor.execute(HierarchicalTestExecutor.java:57)
	at org.junit.platform.engine.support.hierarchical.HierarchicalTestEngine.execute(HierarchicalTestEngine.java:51)
	at org.junit.platform.launcher.core.EngineExecutionOrchestrator.execute(EngineExecutionOrchestrator.java:107)
	at org.junit.platform.launcher.core.EngineExecutionOrchestrator.execute(EngineExecutionOrchestrator.java:88)
	at org.junit.platform.launcher.core.EngineExecutionOrchestrator.lambda$execute$0(EngineExecutionOrchestrator.java:54)
	at org.junit.platform.launcher.core.EngineExecutionOrchestrator.withInterceptedStreams(EngineExecutionOrchestrator.java:67)
	at org.junit.platform.launcher.core.EngineExecutionOrchestrator.execute(EngineExecutionOrchestrator.java:52)
	at org.junit.platform.launcher.core.DefaultLauncher.execute(DefaultLauncher.java:114)
	at org.junit.platform.launcher.core.DefaultLauncher.execute(DefaultLauncher.java:86)
	at org.junit.platform.launcher.core.DefaultLauncherSession$DelegatingLauncher.execute(DefaultLauncherSession.java:86)
	at org.gradle.api.internal.tasks.testing.junitplatform.JUnitPlatformTestClassProcessor$CollectAllTestClassesExecutor.processAllTestClasses(JUnitPlatformTestClassProcessor.java:124)
	at org.gradle.api.internal.tasks.testing.junitplatform.JUnitPlatformTestClassProcessor$CollectAllTestClassesExecutor.access$000(JUnitPlatformTestClassProcessor.java:99)
	at org.gradle.api.internal.tasks.testing.junitplatform.JUnitPlatformTestClassProcessor.stop(JUnitPlatformTestClassProcessor.java:94)
	at org.gradle.api.internal.tasks.testing.SuiteTestClassProcessor.stop(SuiteTestClassProcessor.java:63)
	at sun.reflect.NativeMethodAccessorImpl.invoke0(Native Method)
	at sun.reflect.NativeMethodAccessorImpl.invoke(NativeMethodAccessorImpl.java:62)
	at sun.reflect.DelegatingMethodAccessorImpl.invoke(DelegatingMethodAccessorImpl.java:43)
	at java.lang.reflect.Method.invoke(Method.java:498)
	at org.gradle.internal.dispatch.ReflectionDispatch.dispatch(ReflectionDispatch.java:36)
	at org.gradle.internal.dispatch.ReflectionDispatch.dispatch(ReflectionDispatch.java:24)
	at org.gradle.internal.dispatch.ContextClassLoaderDispatch.dispatch(ContextClassLoaderDispatch.java:33)
	at org.gradle.internal.dispatch.ProxyDispatchAdapter$DispatchingInvocationHandler.invoke(ProxyDispatchAdapter.java:92)
	at com.sun.proxy.$Proxy4.stop(Unknown Source)
	at org.gradle.api.internal.tasks.testing.worker.TestWorker$3.run(TestWorker.java:200)
	at org.gradle.api.internal.tasks.testing.worker.TestWorker.executeAndMaintainThreadName(TestWorker.java:132)
	at org.gradle.api.internal.tasks.testing.worker.TestWorker.execute(TestWorker.java:103)
	at org.gradle.api.internal.tasks.testing.worker.TestWorker.execute(TestWorker.java:63)
	at org.gradle.process.internal.worker.child.ActionExecutionWorker.execute(ActionExecutionWorker.java:56)
	at org.gradle.process.internal.worker.child.SystemApplicationClassLoaderWorker.call(SystemApplicationClassLoaderWorker.java:121)
	at org.gradle.process.internal.worker.child.SystemApplicationClassLoaderWorker.call(SystemApplicationClassLoaderWorker.java:71)
	at worker.org.gradle.process.internal.worker.GradleWorkerMain.run(GradleWorkerMain.java:69)
	at worker.org.gradle.process.internal.worker.GradleWorkerMain.main(GradleWorkerMain.java:74)
</failure>
  </testcase>
  <testcase name="testCheckLoseOrNot()" classname="inkball.AppTest" time="0.029"/>
  <testcase name="testDrawLines()" classname="inkball.AppTest" time="0.03"/>
  <testcase name="testGetScoreWon()" classname="inkball.AppTest" time="0.03">
    <failure message="org.opentest4j.AssertionFailedError: Default score for 'blue' should be 10. ==&gt; expected: &lt;10&gt; but was: &lt;50&gt;" type="org.opentest4j.AssertionFailedError">org.opentest4j.AssertionFailedError: Default score for 'blue' should be 10. ==&gt; expected: &lt;10&gt; but was: &lt;50&gt;
	at org.junit.jupiter.api.AssertionUtils.fail(AssertionUtils.java:55)
	at org.junit.jupiter.api.AssertionUtils.failNotEqual(AssertionUtils.java:62)
	at org.junit.jupiter.api.AssertEquals.assertEquals(AssertEquals.java:150)
	at org.junit.jupiter.api.Assertions.assertEquals(Assertions.java:542)
	at inkball.AppTest.testGetScoreWon(AppTest.java:242)
	at sun.reflect.NativeMethodAccessorImpl.invoke0(Native Method)
	at sun.reflect.NativeMethodAccessorImpl.invoke(NativeMethodAccessorImpl.java:62)
	at sun.reflect.DelegatingMethodAccessorImpl.invoke(DelegatingMethodAccessorImpl.java:43)
	at java.lang.reflect.Method.invoke(Method.java:498)
	at org.junit.platform.commons.util.ReflectionUtils.invokeMethod(ReflectionUtils.java:686)
	at org.junit.jupiter.engine.execution.MethodInvocation.proceed(MethodInvocation.java:60)
	at org.junit.jupiter.engine.execution.InvocationInterceptorChain$ValidatingInvocation.proceed(InvocationInterceptorChain.java:131)
	at org.junit.jupiter.engine.extension.TimeoutExtension.intercept(TimeoutExtension.java:149)
	at org.junit.jupiter.engine.extension.TimeoutExtension.interceptTestableMethod(TimeoutExtension.java:140)
	at org.junit.jupiter.engine.extension.TimeoutExtension.interceptTestMethod(TimeoutExtension.java:84)
	at org.junit.jupiter.engine.execution.ExecutableInvoker$ReflectiveInterceptorCall.lambda$ofVoidMethod$0(ExecutableInvoker.java:115)
	at org.junit.jupiter.engine.execution.ExecutableInvoker.lambda$invoke$0(ExecutableInvoker.java:105)
	at org.junit.jupiter.engine.execution.InvocationInterceptorChain$InterceptedInvocation.proceed(InvocationInterceptorChain.java:106)
	at org.junit.jupiter.engine.execution.InvocationInterceptorChain.proceed(InvocationInterceptorChain.java:64)
	at org.junit.jupiter.engine.execution.InvocationInterceptorChain.chainAndInvoke(InvocationInterceptorChain.java:45)
	at org.junit.jupiter.engine.execution.InvocationInterceptorChain.invoke(InvocationInterceptorChain.java:37)
	at org.junit.jupiter.engine.execution.ExecutableInvoker.invoke(ExecutableInvoker.java:104)
	at org.junit.jupiter.engine.execution.ExecutableInvoker.invoke(ExecutableInvoker.java:98)
	at org.junit.jupiter.engine.descriptor.TestMethodTestDescriptor.lambda$invokeTestMethod$6(TestMethodTestDescriptor.java:212)
	at org.junit.platform.engine.support.hierarchical.ThrowableCollector.execute(ThrowableCollector.java:73)
	at org.junit.jupiter.engine.descriptor.TestMethodTestDescriptor.invokeTestMethod(TestMethodTestDescriptor.java:208)
	at org.junit.jupiter.engine.descriptor.TestMethodTestDescriptor.execute(TestMethodTestDescriptor.java:137)
	at org.junit.jupiter.engine.descriptor.TestMethodTestDescriptor.execute(TestMethodTestDescriptor.java:71)
	at org.junit.platform.engine.support.hierarchical.NodeTestTask.lambda$executeRecursively$5(NodeTestTask.java:135)
	at org.junit.platform.engine.support.hierarchical.ThrowableCollector.execute(ThrowableCollector.java:73)
	at org.junit.platform.engine.support.hierarchical.NodeTestTask.lambda$executeRecursively$7(NodeTestTask.java:125)
	at org.junit.platform.engine.support.hierarchical.Node.around(Node.java:135)
	at org.junit.platform.engine.support.hierarchical.NodeTestTask.lambda$executeRecursively$8(NodeTestTask.java:123)
	at org.junit.platform.engine.support.hierarchical.ThrowableCollector.execute(ThrowableCollector.java:73)
	at org.junit.platform.engine.support.hierarchical.NodeTestTask.executeRecursively(NodeTestTask.java:122)
	at org.junit.platform.engine.support.hierarchical.NodeTestTask.execute(NodeTestTask.java:80)
	at java.util.ArrayList.forEach(ArrayList.java:1259)
	at org.junit.platform.engine.support.hierarchical.SameThreadHierarchicalTestExecutorService.invokeAll(SameThreadHierarchicalTestExecutorService.java:38)
	at org.junit.platform.engine.support.hierarchical.NodeTestTask.lambda$executeRecursively$5(NodeTestTask.java:139)
	at org.junit.platform.engine.support.hierarchical.ThrowableCollector.execute(ThrowableCollector.java:73)
	at org.junit.platform.engine.support.hierarchical.NodeTestTask.lambda$executeRecursively$7(NodeTestTask.java:125)
	at org.junit.platform.engine.support.hierarchical.Node.around(Node.java:135)
	at org.junit.platform.engine.support.hierarchical.NodeTestTask.lambda$executeRecursively$8(NodeTestTask.java:123)
	at org.junit.platform.engine.support.hierarchical.ThrowableCollector.execute(ThrowableCollector.java:73)
	at org.junit.platform.engine.support.hierarchical.NodeTestTask.executeRecursively(NodeTestTask.java:122)
	at org.junit.platform.engine.support.hierarchical.NodeTestTask.execute(NodeTestTask.java:80)
	at java.util.ArrayList.forEach(ArrayList.java:1259)
	at org.junit.platform.engine.support.hierarchical.SameThreadHierarchicalTestExecutorService.invokeAll(SameThreadHierarchicalTestExecutorService.java:38)
	at org.junit.platform.engine.support.hierarchical.NodeTestTask.lambda$executeRecursively$5(NodeTestTask.java:139)
	at org.junit.platform.engine.support.hierarchical.ThrowableCollector.execute(ThrowableCollector.java:73)
	at org.junit.platform.engine.support.hierarchical.NodeTestTask.lambda$executeRecursively$7(NodeTestTask.java:125)
	at org.junit.platform.engine.support.hierarchical.Node.around(Node.java:135)
	at org.junit.platform.engine.support.hierarchical.NodeTestTask.lambda$executeRecursively$8(NodeTestTask.java:123)
	at org.junit.platform.engine.support.hierarchical.ThrowableCollector.execute(ThrowableCollector.java:73)
	at org.junit.platform.engine.support.hierarchical.NodeTestTask.executeRecursively(NodeTestTask.java:122)
	at org.junit.platform.engine.support.hierarchical.NodeTestTask.execute(NodeTestTask.java:80)
	at org.junit.platform.engine.support.hierarchical.SameThreadHierarchicalTestExecutorService.submit(SameThreadHierarchicalTestExecutorService.java:32)
	at org.junit.platform.engine.support.hierarchical.HierarchicalTestExecutor.execute(HierarchicalTestExecutor.java:57)
	at org.junit.platform.engine.support.hierarchical.HierarchicalTestEngine.execute(HierarchicalTestEngine.java:51)
	at org.junit.platform.launcher.core.EngineExecutionOrchestrator.execute(EngineExecutionOrchestrator.java:107)
	at org.junit.platform.launcher.core.EngineExecutionOrchestrator.execute(EngineExecutionOrchestrator.java:88)
	at org.junit.platform.launcher.core.EngineExecutionOrchestrator.lambda$execute$0(EngineExecutionOrchestrator.java:54)
	at org.junit.platform.launcher.core.EngineExecutionOrchestrator.withInterceptedStreams(EngineExecutionOrchestrator.java:67)
	at org.junit.platform.launcher.core.EngineExecutionOrchestrator.execute(EngineExecutionOrchestrator.java:52)
	at org.junit.platform.launcher.core.DefaultLauncher.execute(DefaultLauncher.java:114)
	at org.junit.platform.launcher.core.DefaultLauncher.execute(DefaultLauncher.java:86)
	at org.junit.platform.launcher.core.DefaultLauncherSession$DelegatingLauncher.execute(DefaultLauncherSession.java:86)
	at org.gradle.api.internal.tasks.testing.junitplatform.JUnitPlatformTestClassProcessor$CollectAllTestClassesExecutor.processAllTestClasses(JUnitPlatformTestClassProcessor.java:124)
	at org.gradle.api.internal.tasks.testing.junitplatform.JUnitPlatformTestClassProcessor$CollectAllTestClassesExecutor.access$000(JUnitPlatformTestClassProcessor.java:99)
	at org.gradle.api.internal.tasks.testing.junitplatform.JUnitPlatformTestClassProcessor.stop(JUnitPlatformTestClassProcessor.java:94)
	at org.gradle.api.internal.tasks.testing.SuiteTestClassProcessor.stop(SuiteTestClassProcessor.java:63)
	at sun.reflect.NativeMethodAccessorImpl.invoke0(Native Method)
	at sun.reflect.NativeMethodAccessorImpl.invoke(NativeMethodAccessorImpl.java:62)
	at sun.reflect.DelegatingMethodAccessorImpl.invoke(DelegatingMethodAccessorImpl.java:43)
	at java.lang.reflect.Method.invoke(Method.java:498)
	at org.gradle.internal.dispatch.ReflectionDispatch.dispatch(ReflectionDispatch.java:36)
	at org.gradle.internal.dispatch.ReflectionDispatch.dispatch(ReflectionDispatch.java:24)
	at org.gradle.internal.dispatch.ContextClassLoaderDispatch.dispatch(ContextClassLoaderDispatch.java:33)
	at org.gradle.internal.dispatch.ProxyDispatchAdapter$DispatchingInvocationHandler.invoke(ProxyDispatchAdapter.java:92)
	at com.sun.proxy.$Proxy4.stop(Unknown Source)
	at org.gradle.api.internal.tasks.testing.worker.TestWorker$3.run(TestWorker.java:200)
	at org.gradle.api.internal.tasks.testing.worker.TestWorker.executeAndMaintainThreadName(TestWorker.java:132)
	at org.gradle.api.internal.tasks.testing.worker.TestWorker.execute(TestWorker.java:103)
	at org.gradle.api.internal.tasks.testing.worker.TestWorker.execute(TestWorker.java:63)
	at org.gradle.process.internal.worker.child.ActionExecutionWorker.execute(ActionExecutionWorker.java:56)
	at org.gradle.process.internal.worker.child.SystemApplicationClassLoaderWorker.call(SystemApplicationClassLoaderWorker.java:121)
	at org.gradle.process.internal.worker.child.SystemApplicationClassLoaderWorker.call(SystemApplicationClassLoaderWorker.java:71)
	at worker.org.gradle.process.internal.worker.GradleWorkerMain.run(GradleWorkerMain.java:69)
	at worker.org.gradle.process.internal.worker.GradleWorkerMain.main(GradleWorkerMain.java:74)
</failure>
  </testcase>
  <testcase name="testGetCurrentLevelIndex()" classname="inkball.AppTest" time="0.04"/>
  <testcase name="testBallCatched()" classname="inkball.AppTest" time="0.028"/>
  <testcase name="testMoveYellowTiles()" classname="inkball.AppTest" time="0.03"/>
  <testcase name="testSpawnCountdown()" classname="inkball.AppTest" time="0.028"/>
  <testcase name="testTimeDisplay()" classname="inkball.AppTest" time="0.028"/>
  <testcase name="testGetDecreaseMultiplier()" classname="inkball.AppTest" time="0.028"/>
  <testcase name="testKeyReleased()" classname="inkball.AppTest" time="0.028"/>
  <testcase name="testGetYellowTile1()" classname="inkball.AppTest" time="0.028">
    <failure message="org.opentest4j.AssertionFailedError: Initial yellow tile index 1 should be 0. ==&gt; expected: &lt;0&gt; but was: &lt;2&gt;" type="org.opentest4j.AssertionFailedError">org.opentest4j.AssertionFailedError: Initial yellow tile index 1 should be 0. ==&gt; expected: &lt;0&gt; but was: &lt;2&gt;
	at org.junit.jupiter.api.AssertionUtils.fail(AssertionUtils.java:55)
	at org.junit.jupiter.api.AssertionUtils.failNotEqual(AssertionUtils.java:62)
	at org.junit.jupiter.api.AssertEquals.assertEquals(AssertEquals.java:150)
	at org.junit.jupiter.api.Assertions.assertEquals(Assertions.java:542)
	at inkball.AppTest.testGetYellowTile1(AppTest.java:334)
	at sun.reflect.NativeMethodAccessorImpl.invoke0(Native Method)
	at sun.reflect.NativeMethodAccessorImpl.invoke(NativeMethodAccessorImpl.java:62)
	at sun.reflect.DelegatingMethodAccessorImpl.invoke(DelegatingMethodAccessorImpl.java:43)
	at java.lang.reflect.Method.invoke(Method.java:498)
	at org.junit.platform.commons.util.ReflectionUtils.invokeMethod(ReflectionUtils.java:686)
	at org.junit.jupiter.engine.execution.MethodInvocation.proceed(MethodInvocation.java:60)
	at org.junit.jupiter.engine.execution.InvocationInterceptorChain$ValidatingInvocation.proceed(InvocationInterceptorChain.java:131)
	at org.junit.jupiter.engine.extension.TimeoutExtension.intercept(TimeoutExtension.java:149)
	at org.junit.jupiter.engine.extension.TimeoutExtension.interceptTestableMethod(TimeoutExtension.java:140)
	at org.junit.jupiter.engine.extension.TimeoutExtension.interceptTestMethod(TimeoutExtension.java:84)
	at org.junit.jupiter.engine.execution.ExecutableInvoker$ReflectiveInterceptorCall.lambda$ofVoidMethod$0(ExecutableInvoker.java:115)
	at org.junit.jupiter.engine.execution.ExecutableInvoker.lambda$invoke$0(ExecutableInvoker.java:105)
	at org.junit.jupiter.engine.execution.InvocationInterceptorChain$InterceptedInvocation.proceed(InvocationInterceptorChain.java:106)
	at org.junit.jupiter.engine.execution.InvocationInterceptorChain.proceed(InvocationInterceptorChain.java:64)
	at org.junit.jupiter.engine.execution.InvocationInterceptorChain.chainAndInvoke(InvocationInterceptorChain.java:45)
	at org.junit.jupiter.engine.execution.InvocationInterceptorChain.invoke(InvocationInterceptorChain.java:37)
	at org.junit.jupiter.engine.execution.ExecutableInvoker.invoke(ExecutableInvoker.java:104)
	at org.junit.jupiter.engine.execution.ExecutableInvoker.invoke(ExecutableInvoker.java:98)
	at org.junit.jupiter.engine.descriptor.TestMethodTestDescriptor.lambda$invokeTestMethod$6(TestMethodTestDescriptor.java:212)
	at org.junit.platform.engine.support.hierarchical.ThrowableCollector.execute(ThrowableCollector.java:73)
	at org.junit.jupiter.engine.descriptor.TestMethodTestDescriptor.invokeTestMethod(TestMethodTestDescriptor.java:208)
	at org.junit.jupiter.engine.descriptor.TestMethodTestDescriptor.execute(TestMethodTestDescriptor.java:137)
	at org.junit.jupiter.engine.descriptor.TestMethodTestDescriptor.execute(TestMethodTestDescriptor.java:71)
	at org.junit.platform.engine.support.hierarchical.NodeTestTask.lambda$executeRecursively$5(NodeTestTask.java:135)
	at org.junit.platform.engine.support.hierarchical.ThrowableCollector.execute(ThrowableCollector.java:73)
	at org.junit.platform.engine.support.hierarchical.NodeTestTask.lambda$executeRecursively$7(NodeTestTask.java:125)
	at org.junit.platform.engine.support.hierarchical.Node.around(Node.java:135)
	at org.junit.platform.engine.support.hierarchical.NodeTestTask.lambda$executeRecursively$8(NodeTestTask.java:123)
	at org.junit.platform.engine.support.hierarchical.ThrowableCollector.execute(ThrowableCollector.java:73)
	at org.junit.platform.engine.support.hierarchical.NodeTestTask.executeRecursively(NodeTestTask.java:122)
	at org.junit.platform.engine.support.hierarchical.NodeTestTask.execute(NodeTestTask.java:80)
	at java.util.ArrayList.forEach(ArrayList.java:1259)
	at org.junit.platform.engine.support.hierarchical.SameThreadHierarchicalTestExecutorService.invokeAll(SameThreadHierarchicalTestExecutorService.java:38)
	at org.junit.platform.engine.support.hierarchical.NodeTestTask.lambda$executeRecursively$5(NodeTestTask.java:139)
	at org.junit.platform.engine.support.hierarchical.ThrowableCollector.execute(ThrowableCollector.java:73)
	at org.junit.platform.engine.support.hierarchical.NodeTestTask.lambda$executeRecursively$7(NodeTestTask.java:125)
	at org.junit.platform.engine.support.hierarchical.Node.around(Node.java:135)
	at org.junit.platform.engine.support.hierarchical.NodeTestTask.lambda$executeRecursively$8(NodeTestTask.java:123)
	at org.junit.platform.engine.support.hierarchical.ThrowableCollector.execute(ThrowableCollector.java:73)
	at org.junit.platform.engine.support.hierarchical.NodeTestTask.executeRecursively(NodeTestTask.java:122)
	at org.junit.platform.engine.support.hierarchical.NodeTestTask.execute(NodeTestTask.java:80)
	at java.util.ArrayList.forEach(ArrayList.java:1259)
	at org.junit.platform.engine.support.hierarchical.SameThreadHierarchicalTestExecutorService.invokeAll(SameThreadHierarchicalTestExecutorService.java:38)
	at org.junit.platform.engine.support.hierarchical.NodeTestTask.lambda$executeRecursively$5(NodeTestTask.java:139)
	at org.junit.platform.engine.support.hierarchical.ThrowableCollector.execute(ThrowableCollector.java:73)
	at org.junit.platform.engine.support.hierarchical.NodeTestTask.lambda$executeRecursively$7(NodeTestTask.java:125)
	at org.junit.platform.engine.support.hierarchical.Node.around(Node.java:135)
	at org.junit.platform.engine.support.hierarchical.NodeTestTask.lambda$executeRecursively$8(NodeTestTask.java:123)
	at org.junit.platform.engine.support.hierarchical.ThrowableCollector.execute(ThrowableCollector.java:73)
	at org.junit.platform.engine.support.hierarchical.NodeTestTask.executeRecursively(NodeTestTask.java:122)
	at org.junit.platform.engine.support.hierarchical.NodeTestTask.execute(NodeTestTask.java:80)
	at org.junit.platform.engine.support.hierarchical.SameThreadHierarchicalTestExecutorService.submit(SameThreadHierarchicalTestExecutorService.java:32)
	at org.junit.platform.engine.support.hierarchical.HierarchicalTestExecutor.execute(HierarchicalTestExecutor.java:57)
	at org.junit.platform.engine.support.hierarchical.HierarchicalTestEngine.execute(HierarchicalTestEngine.java:51)
	at org.junit.platform.launcher.core.EngineExecutionOrchestrator.execute(EngineExecutionOrchestrator.java:107)
	at org.junit.platform.launcher.core.EngineExecutionOrchestrator.execute(EngineExecutionOrchestrator.java:88)
	at org.junit.platform.launcher.core.EngineExecutionOrchestrator.lambda$execute$0(EngineExecutionOrchestrator.java:54)
	at org.junit.platform.launcher.core.EngineExecutionOrchestrator.withInterceptedStreams(EngineExecutionOrchestrator.java:67)
	at org.junit.platform.launcher.core.EngineExecutionOrchestrator.execute(EngineExecutionOrchestrator.java:52)
	at org.junit.platform.launcher.core.DefaultLauncher.execute(DefaultLauncher.java:114)
	at org.junit.platform.launcher.core.DefaultLauncher.execute(DefaultLauncher.java:86)
	at org.junit.platform.launcher.core.DefaultLauncherSession$DelegatingLauncher.execute(DefaultLauncherSession.java:86)
	at org.gradle.api.internal.tasks.testing.junitplatform.JUnitPlatformTestClassProcessor$CollectAllTestClassesExecutor.processAllTestClasses(JUnitPlatformTestClassProcessor.java:124)
	at org.gradle.api.internal.tasks.testing.junitplatform.JUnitPlatformTestClassProcessor$CollectAllTestClassesExecutor.access$000(JUnitPlatformTestClassProcessor.java:99)
	at org.gradle.api.internal.tasks.testing.junitplatform.JUnitPlatformTestClassProcessor.stop(JUnitPlatformTestClassProcessor.java:94)
	at org.gradle.api.internal.tasks.testing.SuiteTestClassProcessor.stop(SuiteTestClassProcessor.java:63)
	at sun.reflect.NativeMethodAccessorImpl.invoke0(Native Method)
	at sun.reflect.NativeMethodAccessorImpl.invoke(NativeMethodAccessorImpl.java:62)
	at sun.reflect.DelegatingMethodAccessorImpl.invoke(DelegatingMethodAccessorImpl.java:43)
	at java.lang.reflect.Method.invoke(Method.java:498)
	at org.gradle.internal.dispatch.ReflectionDispatch.dispatch(ReflectionDispatch.java:36)
	at org.gradle.internal.dispatch.ReflectionDispatch.dispatch(ReflectionDispatch.java:24)
	at org.gradle.internal.dispatch.ContextClassLoaderDispatch.dispatch(ContextClassLoaderDispatch.java:33)
	at org.gradle.internal.dispatch.ProxyDispatchAdapter$DispatchingInvocationHandler.invoke(ProxyDispatchAdapter.java:92)
	at com.sun.proxy.$Proxy4.stop(Unknown Source)
	at org.gradle.api.internal.tasks.testing.worker.TestWorker$3.run(TestWorker.java:200)
	at org.gradle.api.internal.tasks.testing.worker.TestWorker.executeAndMaintainThreadName(TestWorker.java:132)
	at org.gradle.api.internal.tasks.testing.worker.TestWorker.execute(TestWorker.java:103)
	at org.gradle.api.internal.tasks.testing.worker.TestWorker.execute(TestWorker.java:63)
	at org.gradle.process.internal.worker.child.ActionExecutionWorker.execute(ActionExecutionWorker.java:56)
	at org.gradle.process.internal.worker.child.SystemApplicationClassLoaderWorker.call(SystemApplicationClassLoaderWorker.java:121)
	at org.gradle.process.internal.worker.child.SystemApplicationClassLoaderWorker.call(SystemApplicationClassLoaderWorker.java:71)
	at worker.org.gradle.process.internal.worker.GradleWorkerMain.run(GradleWorkerMain.java:69)
	at worker.org.gradle.process.internal.worker.GradleWorkerMain.main(GradleWorkerMain.java:74)
</failure>
  </testcase>
  <testcase name="testFinishDrawing()" classname="inkball.AppTest" time="0.028"/>
  <testcase name="testLineRemoveDistance()" classname="inkball.AppTest" time="0.028"/>
  <testcase name="testLoadLevel()" classname="inkball.AppTest" time="0.043"/>
  <system-out><![CDATA[Loaded wall from: src/main/resources/inkball/wall0.png
Loaded wall from: src/main/resources/inkball/wall0.png
Loaded wall from: src/main/resources/inkball/wall1.png
Loaded wall from: src/main/resources/inkball/wall1.png
Loaded wall from: src/main/resources/inkball/wall2.png
Loaded wall from: src/main/resources/inkball/wall2.png
Loaded wall from: src/main/resources/inkball/wall3.png
Loaded wall from: src/main/resources/inkball/wall3.png
Loaded wall from: src/main/resources/inkball/wall4.png
Loaded wall from: src/main/resources/inkball/wall4.png
Config load finishes!
Config load finishes!
Created Wall at (0, 0)
Created Wall at (0, 0)
Created Wall at (1, 0)
Created Wall at (1, 0)
Created Wall at (2, 0)
Created Wall at (2, 0)
Created Wall at (3, 0)
Created Wall at (3, 0)
Created Wall at (4, 0)
Created Wall at (4, 0)
Created Wall at (5, 0)
Created Wall at (5, 0)
Created Wall at (6, 0)
Created Wall at (6, 0)
Created ColouredWallTile at (7, 0) with colour index: 2
Created ColouredWallTile at (7, 0) with colour index: 2
Created ColouredWallTile at (8, 0) with colour index: 2
Created ColouredWallTile at (8, 0) with colour index: 2
Created ColouredWallTile at (9, 0) with colour index: 2
Created ColouredWallTile at (9, 0) with colour index: 2
Created ColouredWallTile at (10, 0) with colour index: 2
Created ColouredWallTile at (10, 0) with colour index: 2
Created Wall at (11, 0)
Created Wall at (11, 0)
Created Wall at (12, 0)
Created Wall at (12, 0)
Created Wall at (13, 0)
Created Wall at (13, 0)
Created Wall at (14, 0)
Created Wall at (14, 0)
Created Wall at (15, 0)
Created Wall at (15, 0)
Created Wall at (16, 0)
Created Wall at (16, 0)
Created Wall at (17, 0)
Created Wall at (17, 0)
Created Wall at (0, 1)
Created Wall at (0, 1)
Put Hole at center: [ 512.0, 128.0, 0.0 ] with colour 0
Created Hole at (15, 1) with color index: 0
Put Hole at center: [ 512.0, 128.0, 0.0 ] with colour 0
Created Hole at (15, 1) with color index: 0
Created Wall at (17, 1)
Created Wall at (17, 1)
Created Wall at (0, 2)
Created Wall at (0, 2)
Created Wall at (17, 2)
Created Wall at (17, 2)
Created Wall at (0, 3)
Created Wall at (0, 3)
Created Wall at (17, 3)
Created Wall at (17, 3)
Created Wall at (0, 4)
Created Wall at (0, 4)
Created Wall at (17, 4)
Created Wall at (17, 4)
Created Wall at (0, 5)
Created Wall at (0, 5)
Created Wall at (17, 5)
Created Wall at (17, 5)
Created Wall at (0, 6)
Created Wall at (0, 6)
Created Wall at (5, 6)
Created Wall at (5, 6)
Created Wall at (6, 6)
Created Wall at (6, 6)
Created Wall at (10, 6)
Created Wall at (10, 6)
Put Hole at center: [ 384.0, 288.0, 0.0 ] with colour 1
Put Hole at center: [ 384.0, 288.0, 0.0 ] with colour 1
Created Hole at (11, 6) with color index: 1
Created Hole at (11, 6) with color index: 1
Created Wall at (17, 6)
Created Wall at (17, 6)
Created Wall at (0, 7)
Created Wall at (0, 7)
Created Wall at (6, 7)
Created Wall at (6, 7)
Created Wall at (8, 7)
Created Wall at (8, 7)
Created Wall at (9, 7)
Created Wall at (17, 7)
Created Wall at (9, 7)
Created Wall at (17, 7)
Created Wall at (0, 8)
Created Wall at (0, 8)
Created EntryPoint/Spawner at (5, 8)
Created EntryPoint/Spawner at (5, 8)
Created Wall at (6, 8)
Created Wall at (6, 8)
Created Wall at (7, 8)
Created Wall at (17, 8)
Created Wall at (7, 8)
Created Wall at (0, 9)
Created Wall at (17, 8)
Created Wall at (6, 9)
Created Wall at (0, 9)
Created Wall at (6, 9)
Created Wall at (8, 9)
Created Wall at (9, 9)
Created Wall at (8, 9)
Put Hole at center: [ 384.0, 384.0, 0.0 ] with colour 2
Created Hole at (11, 9) with color index: 2
Created Wall at (9, 9)
Created Hole at (11, 9) with color index: 2
Created Wall at (17, 9)
Created Wall at (17, 9)
Created Wall at (0, 10)
Created Wall at (0, 10)
Created Wall at (5, 10)
Created Wall at (5, 10)
Created Wall at (6, 10)
Created Wall at (6, 10)
Created Wall at (10, 10)
Created Wall at (10, 10)
Created Wall at (17, 10)
Created Wall at (17, 10)
Created Wall at (0, 11)
Created Wall at (0, 11)
Created Wall at (17, 11)
Created Wall at (17, 11)
Created Wall at (0, 12)
Created Wall at (17, 12)
Created Wall at (0, 12)
Created Wall at (0, 13)
Created Wall at (17, 12)
Ball initialized at position: [ 192.0, 480.0, 0.0 ] with velocity: [ -2.0, 2.0, 0.0 ]
Created Ball at (6, 13) with color index: 2
Created Wall at (17, 13)
Created Wall at (0, 13)
Ball initialized at position: [ 192.0, 480.0, 0.0 ] with velocity: [ -2.0, 2.0, 0.0 ]
Created Ball at (6, 13) with color index: 2
Created Wall at (17, 13)
Created Wall at (0, 14)
Created Wall at (17, 14)
Created Wall at (0, 14)
Created Wall at (0, 15)
Created Wall at (17, 14)
Put Hole at center: [ 512.0, 576.0, 0.0 ] with colour 0
Created Hole at (15, 15) with color index: 0
Created Wall at (0, 15)
Created Hole at (15, 15) with color index: 0
Created Wall at (17, 15)
Created Wall at (0, 16)
Created Wall at (17, 15)
Created Wall at (17, 16)
Created Wall at (0, 16)
Created Wall at (0, 17)
Created Wall at (17, 16)
Created Wall at (1, 17)
Created Wall at (0, 17)
Created Wall at (2, 17)
Created Wall at (1, 17)
Created Wall at (3, 17)
Created Wall at (2, 17)
Created Wall at (3, 17)
Created Wall at (4, 17)
Created Wall at (4, 17)
Created Wall at (5, 17)
Created Wall at (5, 17)
Created Wall at (6, 17)
Created Wall at (6, 17)
Created ColouredWallTile at (7, 17) with colour index: 1
Created ColouredWallTile at (7, 17) with colour index: 1
Created ColouredWallTile at (8, 17) with colour index: 1
Created ColouredWallTile at (8, 17) with colour index: 1
Created ColouredWallTile at (9, 17) with colour index: 1
Created ColouredWallTile at (9, 17) with colour index: 1
Created ColouredWallTile at (10, 17) with colour index: 1
Created ColouredWallTile at (10, 17) with colour index: 1
Created Wall at (11, 17)
Created Wall at (11, 17)
Created Wall at (12, 17)
Created Wall at (12, 17)
Created Wall at (13, 17)
Created Wall at (13, 17)
Created Wall at (14, 17)
Created Wall at (14, 17)
Created Wall at (15, 17)
Created Wall at (15, 17)
Created Wall at (16, 17)
Created Wall at (16, 17)
Created Wall at (17, 17)
Level layout loaded from: level1.txt
Number of holes loaded: 6
Created Wall at (17, 17)
Level layout loaded from: level1.txt
Number of holes loaded: 0
Created Wall at (0, 0)
Created Wall at (1, 0)
Created Wall at (2, 0)
Created Wall at (3, 0)
Created Wall at (4, 0)
Created Wall at (5, 0)
Created Wall at (6, 0)
Created ColouredWallTile at (7, 0) with colour index: 2
Created ColouredWallTile at (8, 0) with colour index: 2
Created ColouredWallTile at (9, 0) with colour index: 2
Created ColouredWallTile at (10, 0) with colour index: 2
Created Wall at (11, 0)
Created Wall at (12, 0)
Created Wall at (13, 0)
Created Wall at (14, 0)
Created Wall at (15, 0)
Created Wall at (16, 0)
Created Wall at (17, 0)
Created Wall at (0, 1)
Put Hole at center: [ 512.0, 128.0, 0.0 ] with colour 0
Created Hole at (15, 1) with color index: 0
Created Wall at (17, 1)
Created Wall at (0, 2)
Created Wall at (17, 2)
Created Wall at (0, 3)
Created Wall at (17, 3)
Created Wall at (0, 4)
Created Wall at (17, 4)
Created Wall at (0, 5)
Created Wall at (17, 5)
Created Wall at (0, 6)
Created Wall at (5, 6)
Created Wall at (6, 6)
Created Wall at (10, 6)
Put Hole at center: [ 384.0, 288.0, 0.0 ] with colour 1
Created Hole at (11, 6) with color index: 1
Created Wall at (17, 6)
Created Wall at (0, 7)
Created Wall at (6, 7)
Created Wall at (8, 7)
Created Wall at (9, 7)
Created Wall at (17, 7)
Created Wall at (0, 8)
Created EntryPoint/Spawner at (5, 8)
Created Wall at (6, 8)
Created Wall at (7, 8)
Created Wall at (17, 8)
Created Wall at (0, 9)
Created Wall at (6, 9)
Created Wall at (8, 9)
Created Wall at (9, 9)
Put Hole at center: [ 384.0, 384.0, 0.0 ] with colour 2
Created Hole at (11, 9) with color index: 2
Created Wall at (17, 9)
Created Wall at (0, 10)
Created Wall at (5, 10)
Created Wall at (6, 10)
Created Wall at (10, 10)
Created Wall at (17, 10)
Created Wall at (0, 11)
Created Wall at (17, 11)
Created Wall at (0, 12)
Created Wall at (17, 12)
Created Wall at (0, 13)
Ball initialized at position: [ 192.0, 480.0, 0.0 ] with velocity: [ 2.0, 2.0, 0.0 ]
Created Ball at (6, 13) with color index: 2
Created Wall at (17, 13)
Created Wall at (0, 14)
Created Wall at (17, 14)
Created Wall at (0, 15)
Put Hole at center: [ 512.0, 576.0, 0.0 ] with colour 0
Created Hole at (15, 15) with color index: 0
Created Wall at (17, 15)
Created Wall at (0, 16)
Created Wall at (17, 16)
Created Wall at (0, 17)
Created Wall at (1, 17)
Created Wall at (2, 17)
Created Wall at (3, 17)
Created Wall at (4, 17)
Created Wall at (5, 17)
Created Wall at (6, 17)
Created ColouredWallTile at (7, 17) with colour index: 1
Created ColouredWallTile at (8, 17) with colour index: 1
Created ColouredWallTile at (9, 17) with colour index: 1
Created ColouredWallTile at (10, 17) with colour index: 1
Created Wall at (11, 17)
Created Wall at (12, 17)
Created Wall at (13, 17)
Created Wall at (14, 17)
Created Wall at (15, 17)
Created Wall at (16, 17)
Created Wall at (17, 17)
Level layout loaded from: level1.txt
Number of holes loaded: 4
Loaded wall from: src/main/resources/inkball/wall0.png
Loaded wall from: src/main/resources/inkball/wall1.png
Loaded wall from: src/main/resources/inkball/wall2.png
Loaded wall from: src/main/resources/inkball/wall3.png
Loaded wall from: src/main/resources/inkball/wall4.png
Config load finishes!
Created Wall at (0, 0)
Created Wall at (1, 0)
Created Wall at (2, 0)
Created Wall at (3, 0)
Created Wall at (4, 0)
Created Wall at (5, 0)
Created Wall at (6, 0)
Created ColouredWallTile at (7, 0) with colour index: 2
Created ColouredWallTile at (8, 0) with colour index: 2
Created ColouredWallTile at (9, 0) with colour index: 2
Created ColouredWallTile at (10, 0) with colour index: 2
Created Wall at (11, 0)
Created Wall at (12, 0)
Created Wall at (13, 0)
Created Wall at (14, 0)
Created Wall at (15, 0)
Created Wall at (16, 0)
Created Wall at (17, 0)
Created Wall at (0, 1)
Put Hole at center: [ 512.0, 128.0, 0.0 ] with colour 0
Created Hole at (15, 1) with color index: 0
Created Wall at (17, 1)
Created Wall at (0, 2)
Created Wall at (17, 2)
Created Wall at (0, 3)
Created Wall at (17, 3)
Created Wall at (0, 4)
Created Wall at (17, 4)
Created Wall at (0, 5)
Created Wall at (17, 5)
Created Wall at (0, 6)
Created Wall at (5, 6)
Created Wall at (6, 6)
Created Wall at (10, 6)
Put Hole at center: [ 384.0, 288.0, 0.0 ] with colour 1
Created Hole at (11, 6) with color index: 1
Created Wall at (17, 6)
Created Wall at (0, 7)
Created Wall at (6, 7)
Created Wall at (8, 7)
Created Wall at (9, 7)
Created Wall at (17, 7)
Created Wall at (0, 8)
Created EntryPoint/Spawner at (5, 8)
Created Wall at (6, 8)
Created Wall at (7, 8)
Created Wall at (17, 8)
Created Wall at (0, 9)
Created Wall at (6, 9)
Created Wall at (8, 9)
Created Wall at (9, 9)
Put Hole at center: [ 384.0, 384.0, 0.0 ] with colour 2
Created Hole at (11, 9) with color index: 2
Created Wall at (17, 9)
Created Wall at (0, 10)
Created Wall at (5, 10)
Created Wall at (6, 10)
Created Wall at (10, 10)
Created Wall at (17, 10)
Created Wall at (0, 11)
Created Wall at (17, 11)
Created Wall at (0, 12)
Created Wall at (17, 12)
Created Wall at (0, 13)
Ball initialized at position: [ 192.0, 480.0, 0.0 ] with velocity: [ -2.0, -2.0, 0.0 ]
Created Ball at (6, 13) with color index: 2
Created Wall at (17, 13)
Created Wall at (0, 14)
Created Wall at (17, 14)
Created Wall at (0, 15)
Put Hole at center: [ 512.0, 576.0, 0.0 ] with colour 0
Created Hole at (15, 15) with color index: 0
Created Wall at (17, 15)
Created Wall at (0, 16)
Created Wall at (17, 16)
Created Wall at (0, 17)
Created Wall at (1, 17)
Created Wall at (2, 17)
Created Wall at (3, 17)
Created Wall at (4, 17)
Created Wall at (5, 17)
Created Wall at (6, 17)
Created ColouredWallTile at (7, 17) with colour index: 1
Created ColouredWallTile at (8, 17) with colour index: 1
Created ColouredWallTile at (9, 17) with colour index: 1
Created ColouredWallTile at (10, 17) with colour index: 1
Created Wall at (11, 17)
Created Wall at (12, 17)
Created Wall at (13, 17)
Created Wall at (14, 17)
Created Wall at (15, 17)
Created Wall at (16, 17)
Created Wall at (17, 17)
Level layout loaded from: level1.txt
Number of holes loaded: 4
Created Wall at (0, 0)
Created Wall at (1, 0)
Created Wall at (2, 0)
Created Wall at (3, 0)
Created Wall at (4, 0)
Created Wall at (5, 0)
Created Wall at (6, 0)
Created ColouredWallTile at (7, 0) with colour index: 2
Created ColouredWallTile at (8, 0) with colour index: 2
Created ColouredWallTile at (9, 0) with colour index: 2
Created ColouredWallTile at (10, 0) with colour index: 2
Created Wall at (11, 0)
Created Wall at (12, 0)
Created Wall at (13, 0)
Created Wall at (14, 0)
Created Wall at (15, 0)
Created Wall at (16, 0)
Created Wall at (17, 0)
Created Wall at (0, 1)
Put Hole at center: [ 512.0, 128.0, 0.0 ] with colour 0
Created Hole at (15, 1) with color index: 0
Created Wall at (17, 1)
Created Wall at (0, 2)
Created Wall at (17, 2)
Created Wall at (0, 3)
Created Wall at (17, 3)
Created Wall at (0, 4)
Created Wall at (17, 4)
Created Wall at (0, 5)
Created Wall at (17, 5)
Created Wall at (0, 6)
Created Wall at (5, 6)
Created Wall at (6, 6)
Created Wall at (10, 6)
Put Hole at center: [ 384.0, 288.0, 0.0 ] with colour 1
Created Hole at (11, 6) with color index: 1
Created Wall at (17, 6)
Created Wall at (0, 7)
Created Wall at (6, 7)
Created Wall at (8, 7)
Created Wall at (9, 7)
Created Wall at (17, 7)
Created Wall at (0, 8)
Created EntryPoint/Spawner at (5, 8)
Created Wall at (6, 8)
Created Wall at (7, 8)
Created Wall at (17, 8)
Created Wall at (0, 9)
Created Wall at (6, 9)
Created Wall at (8, 9)
Created Wall at (9, 9)
Put Hole at center: [ 384.0, 384.0, 0.0 ] with colour 2
Created Hole at (11, 9) with color index: 2
Created Wall at (17, 9)
Created Wall at (0, 10)
Created Wall at (5, 10)
Created Wall at (6, 10)
Created Wall at (10, 10)
Created Wall at (17, 10)
Created Wall at (0, 11)
Created Wall at (17, 11)
Created Wall at (0, 12)
Created Wall at (17, 12)
Created Wall at (0, 13)
Ball initialized at position: [ 192.0, 480.0, 0.0 ] with velocity: [ -2.0, 2.0, 0.0 ]
Created Ball at (6, 13) with color index: 2
Created Wall at (17, 13)
Created Wall at (0, 14)
Created Wall at (17, 14)
Created Wall at (0, 15)
Put Hole at center: [ 512.0, 576.0, 0.0 ] with colour 0
Created Hole at (15, 15) with color index: 0
Created Wall at (17, 15)
Created Wall at (0, 16)
Created Wall at (17, 16)
Created Wall at (0, 17)
Created Wall at (1, 17)
Created Wall at (2, 17)
Created Wall at (3, 17)
Created Wall at (4, 17)
Created Wall at (5, 17)
Created Wall at (6, 17)
Created ColouredWallTile at (7, 17) with colour index: 1
Created ColouredWallTile at (8, 17) with colour index: 1
Created ColouredWallTile at (9, 17) with colour index: 1
Created ColouredWallTile at (10, 17) with colour index: 1
Created Wall at (11, 17)
Created Wall at (12, 17)
Created Wall at (13, 17)
Created Wall at (14, 17)
Created Wall at (15, 17)
Created Wall at (16, 17)
Created Wall at (17, 17)
Level layout loaded from: level1.txt
Number of holes loaded: 4
Loaded wall from: src/main/resources/inkball/wall0.png
Loaded wall from: src/main/resources/inkball/wall1.png
Loaded wall from: src/main/resources/inkball/wall2.png
Loaded wall from: src/main/resources/inkball/wall3.png
Loaded wall from: src/main/resources/inkball/wall4.png
Config load finishes!
Created Wall at (0, 0)
Created Wall at (1, 0)
Created Wall at (2, 0)
Created Wall at (3, 0)
Created Wall at (4, 0)
Created Wall at (5, 0)
Created Wall at (6, 0)
Created ColouredWallTile at (7, 0) with colour index: 2
Created ColouredWallTile at (8, 0) with colour index: 2
Created ColouredWallTile at (9, 0) with colour index: 2
Created ColouredWallTile at (10, 0) with colour index: 2
Created Wall at (11, 0)
Created Wall at (12, 0)
Created Wall at (13, 0)
Created Wall at (14, 0)
Created Wall at (15, 0)
Created Wall at (16, 0)
Created Wall at (17, 0)
Created Wall at (0, 1)
Put Hole at center: [ 512.0, 128.0, 0.0 ] with colour 0
Created Hole at (15, 1) with color index: 0
Created Wall at (17, 1)
Created Wall at (0, 2)
Created Wall at (17, 2)
Created Wall at (0, 3)
Created Wall at (17, 3)
Created Wall at (0, 4)
Created Wall at (17, 4)
Created Wall at (0, 5)
Created Wall at (17, 5)
Created Wall at (0, 6)
Created Wall at (5, 6)
Created Wall at (6, 6)
Created Wall at (10, 6)
Put Hole at center: [ 384.0, 288.0, 0.0 ] with colour 1
Created Hole at (11, 6) with color index: 1
Created Wall at (17, 6)
Created Wall at (0, 7)
Created Wall at (6, 7)
Created Wall at (8, 7)
Created Wall at (9, 7)
Created Wall at (17, 7)
Created Wall at (0, 8)
Created EntryPoint/Spawner at (5, 8)
Created Wall at (6, 8)
Created Wall at (7, 8)
Created Wall at (17, 8)
Created Wall at (0, 9)
Created Wall at (6, 9)
Created Wall at (8, 9)
Created Wall at (9, 9)
Put Hole at center: [ 384.0, 384.0, 0.0 ] with colour 2
Created Hole at (11, 9) with color index: 2
Created Wall at (17, 9)
Created Wall at (0, 10)
Created Wall at (5, 10)
Created Wall at (6, 10)
Created Wall at (10, 10)
Created Wall at (17, 10)
Created Wall at (0, 11)
Created Wall at (17, 11)
Created Wall at (0, 12)
Created Wall at (17, 12)
Created Wall at (0, 13)
Ball initialized at position: [ 192.0, 480.0, 0.0 ] with velocity: [ 2.0, 2.0, 0.0 ]
Created Ball at (6, 13) with color index: 2
Created Wall at (17, 13)
Created Wall at (0, 14)
Created Wall at (17, 14)
Created Wall at (0, 15)
Put Hole at center: [ 512.0, 576.0, 0.0 ] with colour 0
Created Hole at (15, 15) with color index: 0
Created Wall at (17, 15)
Created Wall at (0, 16)
Created Wall at (17, 16)
Created Wall at (0, 17)
Created Wall at (1, 17)
Created Wall at (2, 17)
Created Wall at (3, 17)
Created Wall at (4, 17)
Created Wall at (5, 17)
Created Wall at (6, 17)
Created ColouredWallTile at (7, 17) with colour index: 1
Created ColouredWallTile at (8, 17) with colour index: 1
Created ColouredWallTile at (9, 17) with colour index: 1
Created ColouredWallTile at (10, 17) with colour index: 1
Created Wall at (11, 17)
Created Wall at (12, 17)
Created Wall at (13, 17)
Created Wall at (14, 17)
Created Wall at (15, 17)
Created Wall at (16, 17)
Created Wall at (17, 17)
Level layout loaded from: level1.txt
Number of holes loaded: 4
Created Wall at (0, 0)
Created Wall at (1, 0)
Created Wall at (2, 0)
Created Wall at (3, 0)
Created Wall at (4, 0)
Created Wall at (5, 0)
Created Wall at (6, 0)
Created ColouredWallTile at (7, 0) with colour index: 2
Created ColouredWallTile at (8, 0) with colour index: 2
Created ColouredWallTile at (9, 0) with colour index: 2
Created ColouredWallTile at (10, 0) with colour index: 2
Created Wall at (11, 0)
Created Wall at (12, 0)
Created Wall at (13, 0)
Created Wall at (14, 0)
Created Wall at (15, 0)
Created Wall at (16, 0)
Created Wall at (17, 0)
Created Wall at (0, 1)
Put Hole at center: [ 512.0, 128.0, 0.0 ] with colour 0
Created Hole at (15, 1) with color index: 0
Created Wall at (17, 1)
Created Wall at (0, 2)
Created Wall at (17, 2)
Created Wall at (0, 3)
Created Wall at (17, 3)
Created Wall at (0, 4)
Created Wall at (17, 4)
Created Wall at (0, 5)
Created Wall at (17, 5)
Created Wall at (0, 6)
Created Wall at (5, 6)
Created Wall at (6, 6)
Created Wall at (10, 6)
Put Hole at center: [ 384.0, 288.0, 0.0 ] with colour 1
Created Hole at (11, 6) with color index: 1
Created Wall at (17, 6)
Created Wall at (0, 7)
Created Wall at (6, 7)
Created Wall at (8, 7)
Created Wall at (9, 7)
Created Wall at (17, 7)
Created Wall at (0, 8)
Created EntryPoint/Spawner at (5, 8)
Created Wall at (6, 8)
Created Wall at (7, 8)
Created Wall at (17, 8)
Created Wall at (0, 9)
Created Wall at (6, 9)
Created Wall at (8, 9)
Created Wall at (9, 9)
Put Hole at center: [ 384.0, 384.0, 0.0 ] with colour 2
Created Hole at (11, 9) with color index: 2
Created Wall at (17, 9)
Created Wall at (0, 10)
Created Wall at (5, 10)
Created Wall at (6, 10)
Created Wall at (10, 10)
Created Wall at (17, 10)
Created Wall at (0, 11)
Created Wall at (17, 11)
Created Wall at (0, 12)
Created Wall at (17, 12)
Created Wall at (0, 13)
Ball initialized at position: [ 192.0, 480.0, 0.0 ] with velocity: [ -2.0, -2.0, 0.0 ]
Created Ball at (6, 13) with color index: 2
Created Wall at (17, 13)
Created Wall at (0, 14)
Created Wall at (17, 14)
Created Wall at (0, 15)
Put Hole at center: [ 512.0, 576.0, 0.0 ] with colour 0
Created Hole at (15, 15) with color index: 0
Created Wall at (17, 15)
Created Wall at (0, 16)
Created Wall at (17, 16)
Created Wall at (0, 17)
Created Wall at (1, 17)
Created Wall at (2, 17)
Created Wall at (3, 17)
Created Wall at (4, 17)
Created Wall at (5, 17)
Created Wall at (6, 17)
Created ColouredWallTile at (7, 17) with colour index: 1
Created ColouredWallTile at (8, 17) with colour index: 1
Created ColouredWallTile at (9, 17) with colour index: 1
Created ColouredWallTile at (10, 17) with colour index: 1
Created Wall at (11, 17)
Created Wall at (12, 17)
Created Wall at (13, 17)
Created Wall at (14, 17)
Created Wall at (15, 17)
Created Wall at (16, 17)
Created Wall at (17, 17)
Level layout loaded from: level1.txt
Number of holes loaded: 4
Loaded wall from: src/main/resources/inkball/wall0.png
Loaded wall from: src/main/resources/inkball/wall1.png
Loaded wall from: src/main/resources/inkball/wall2.png
Loaded wall from: src/main/resources/inkball/wall3.png
Loaded wall from: src/main/resources/inkball/wall4.png
Config load finishes!
Created Wall at (0, 0)
Created Wall at (1, 0)
Created Wall at (2, 0)
Created Wall at (3, 0)
Created Wall at (4, 0)
Created Wall at (5, 0)
Created Wall at (6, 0)
Created ColouredWallTile at (7, 0) with colour index: 2
Created ColouredWallTile at (8, 0) with colour index: 2
Created ColouredWallTile at (9, 0) with colour index: 2
Created ColouredWallTile at (10, 0) with colour index: 2
Created Wall at (11, 0)
Created Wall at (12, 0)
Created Wall at (13, 0)
Created Wall at (14, 0)
Created Wall at (15, 0)
Created Wall at (16, 0)
Created Wall at (17, 0)
Created Wall at (0, 1)
Put Hole at center: [ 512.0, 128.0, 0.0 ] with colour 0
Created Hole at (15, 1) with color index: 0
Created Wall at (17, 1)
Created Wall at (0, 2)
Created Wall at (17, 2)
Created Wall at (0, 3)
Created Wall at (17, 3)
Created Wall at (0, 4)
Created Wall at (17, 4)
Created Wall at (0, 5)
Created Wall at (17, 5)
Created Wall at (0, 6)
Created Wall at (5, 6)
Created Wall at (6, 6)
Created Wall at (10, 6)
Put Hole at center: [ 384.0, 288.0, 0.0 ] with colour 1
Created Hole at (11, 6) with color index: 1
Created Wall at (17, 6)
Created Wall at (0, 7)
Created Wall at (6, 7)
Created Wall at (8, 7)
Created Wall at (9, 7)
Created Wall at (17, 7)
Created Wall at (0, 8)
Created EntryPoint/Spawner at (5, 8)
Created Wall at (6, 8)
Created Wall at (7, 8)
Created Wall at (17, 8)
Created Wall at (0, 9)
Created Wall at (6, 9)
Created Wall at (8, 9)
Created Wall at (9, 9)
Put Hole at center: [ 384.0, 384.0, 0.0 ] with colour 2
Created Hole at (11, 9) with color index: 2
Created Wall at (17, 9)
Created Wall at (0, 10)
Created Wall at (5, 10)
Created Wall at (6, 10)
Created Wall at (10, 10)
Created Wall at (17, 10)
Created Wall at (0, 11)
Created Wall at (17, 11)
Created Wall at (0, 12)
Created Wall at (17, 12)
Created Wall at (0, 13)
Ball initialized at position: [ 192.0, 480.0, 0.0 ] with velocity: [ -2.0, 2.0, 0.0 ]
Created Ball at (6, 13) with color index: 2
Created Wall at (17, 13)
Created Wall at (0, 14)
Created Wall at (17, 14)
Created Wall at (0, 15)
Put Hole at center: [ 512.0, 576.0, 0.0 ] with colour 0
Created Hole at (15, 15) with color index: 0
Created Wall at (17, 15)
Created Wall at (0, 16)
Created Wall at (17, 16)
Created Wall at (0, 17)
Created Wall at (1, 17)
Created Wall at (2, 17)
Created Wall at (3, 17)
Created Wall at (4, 17)
Created Wall at (5, 17)
Created Wall at (6, 17)
Created ColouredWallTile at (7, 17) with colour index: 1
Created ColouredWallTile at (8, 17) with colour index: 1
Created ColouredWallTile at (9, 17) with colour index: 1
Created ColouredWallTile at (10, 17) with colour index: 1
Created Wall at (11, 17)
Created Wall at (12, 17)
Created Wall at (13, 17)
Created Wall at (14, 17)
Created Wall at (15, 17)
Created Wall at (16, 17)
Created Wall at (17, 17)
Level layout loaded from: level1.txt
Number of holes loaded: 4
Created Wall at (0, 0)
Created Wall at (1, 0)
Created Wall at (2, 0)
Created Wall at (3, 0)
Created Wall at (4, 0)
Created Wall at (5, 0)
Created Wall at (6, 0)
Created ColouredWallTile at (7, 0) with colour index: 2
Created ColouredWallTile at (8, 0) with colour index: 2
Created ColouredWallTile at (9, 0) with colour index: 2
Created ColouredWallTile at (10, 0) with colour index: 2
Created Wall at (11, 0)
Created Wall at (12, 0)
Created Wall at (13, 0)
Created Wall at (14, 0)
Created Wall at (15, 0)
Created Wall at (16, 0)
Created Wall at (17, 0)
Created Wall at (0, 1)
Put Hole at center: [ 512.0, 128.0, 0.0 ] with colour 0
Created Hole at (15, 1) with color index: 0
Created Wall at (17, 1)
Created Wall at (0, 2)
Created Wall at (17, 2)
Created Wall at (0, 3)
Created Wall at (17, 3)
Created Wall at (0, 4)
Created Wall at (17, 4)
Created Wall at (0, 5)
Created Wall at (17, 5)
Created Wall at (0, 6)
Created Wall at (5, 6)
Created Wall at (6, 6)
Created Wall at (10, 6)
Put Hole at center: [ 384.0, 288.0, 0.0 ] with colour 1
Created Hole at (11, 6) with color index: 1
Created Wall at (17, 6)
Created Wall at (0, 7)
Created Wall at (6, 7)
Created Wall at (8, 7)
Created Wall at (9, 7)
Created Wall at (17, 7)
Created Wall at (0, 8)
Created EntryPoint/Spawner at (5, 8)
Created Wall at (6, 8)
Created Wall at (7, 8)
Created Wall at (17, 8)
Created Wall at (0, 9)
Created Wall at (6, 9)
Created Wall at (8, 9)
Created Wall at (9, 9)
Put Hole at center: [ 384.0, 384.0, 0.0 ] with colour 2
Created Hole at (11, 9) with color index: 2
Created Wall at (17, 9)
Created Wall at (0, 10)
Created Wall at (5, 10)
Created Wall at (6, 10)
Created Wall at (10, 10)
Created Wall at (17, 10)
Created Wall at (0, 11)
Created Wall at (17, 11)
Created Wall at (0, 12)
Created Wall at (17, 12)
Created Wall at (0, 13)
Ball initialized at position: [ 192.0, 480.0, 0.0 ] with velocity: [ 2.0, 2.0, 0.0 ]
Created Ball at (6, 13) with color index: 2
Created Wall at (17, 13)
Created Wall at (0, 14)
Created Wall at (17, 14)
Created Wall at (0, 15)
Put Hole at center: [ 512.0, 576.0, 0.0 ] with colour 0
Created Hole at (15, 15) with color index: 0
Created Wall at (17, 15)
Created Wall at (0, 16)
Created Wall at (17, 16)
Created Wall at (0, 17)
Created Wall at (1, 17)
Created Wall at (2, 17)
Created Wall at (3, 17)
Created Wall at (4, 17)
Created Wall at (5, 17)
Created Wall at (6, 17)
Created ColouredWallTile at (7, 17) with colour index: 1
Created ColouredWallTile at (8, 17) with colour index: 1
Created ColouredWallTile at (9, 17) with colour index: 1
Created ColouredWallTile at (10, 17) with colour index: 1
Created Wall at (11, 17)
Created Wall at (12, 17)
Created Wall at (13, 17)
Created Wall at (14, 17)
Created Wall at (15, 17)
Created Wall at (16, 17)
Created Wall at (17, 17)
Level layout loaded from: level1.txt
Number of holes loaded: 4
Loaded wall from: src/main/resources/inkball/wall0.png
Loaded wall from: src/main/resources/inkball/wall1.png
Loaded wall from: src/main/resources/inkball/wall2.png
Loaded wall from: src/main/resources/inkball/wall3.png
Loaded wall from: src/main/resources/inkball/wall4.png
Config load finishes!
Created Wall at (0, 0)
Created Wall at (1, 0)
Created Wall at (2, 0)
Created Wall at (3, 0)
Created Wall at (4, 0)
Created Wall at (5, 0)
Created Wall at (6, 0)
Created ColouredWallTile at (7, 0) with colour index: 2
Created ColouredWallTile at (8, 0) with colour index: 2
Created ColouredWallTile at (9, 0) with colour index: 2
Created ColouredWallTile at (10, 0) with colour index: 2
Created Wall at (11, 0)
Created Wall at (12, 0)
Created Wall at (13, 0)
Created Wall at (14, 0)
Created Wall at (15, 0)
Created Wall at (16, 0)
Created Wall at (17, 0)
Created Wall at (0, 1)
Put Hole at center: [ 512.0, 128.0, 0.0 ] with colour 0
Created Hole at (15, 1) with color index: 0
Created Wall at (17, 1)
Created Wall at (0, 2)
Created Wall at (17, 2)
Created Wall at (0, 3)
Created Wall at (17, 3)
Created Wall at (0, 4)
Created Wall at (17, 4)
Created Wall at (0, 5)
Created Wall at (17, 5)
Created Wall at (0, 6)
Created Wall at (5, 6)
Created Wall at (6, 6)
Created Wall at (10, 6)
Put Hole at center: [ 384.0, 288.0, 0.0 ] with colour 1
Created Hole at (11, 6) with color index: 1
Created Wall at (17, 6)
Created Wall at (0, 7)
Created Wall at (6, 7)
Created Wall at (8, 7)
Created Wall at (9, 7)
Created Wall at (17, 7)
Created Wall at (0, 8)
Created EntryPoint/Spawner at (5, 8)
Created Wall at (6, 8)
Created Wall at (7, 8)
Created Wall at (17, 8)
Created Wall at (0, 9)
Created Wall at (6, 9)
Created Wall at (8, 9)
Created Wall at (9, 9)
Put Hole at center: [ 384.0, 384.0, 0.0 ] with colour 2
Created Hole at (11, 9) with color index: 2
Created Wall at (17, 9)
Created Wall at (0, 10)
Created Wall at (5, 10)
Created Wall at (6, 10)
Created Wall at (10, 10)
Created Wall at (17, 10)
Created Wall at (0, 11)
Created Wall at (17, 11)
Created Wall at (0, 12)
Created Wall at (17, 12)
Created Wall at (0, 13)
Ball initialized at position: [ 192.0, 480.0, 0.0 ] with velocity: [ -2.0, 2.0, 0.0 ]
Created Ball at (6, 13) with color index: 2
Created Wall at (17, 13)
Created Wall at (0, 14)
Created Wall at (17, 14)
Created Wall at (0, 15)
Put Hole at center: [ 512.0, 576.0, 0.0 ] with colour 0
Created Hole at (15, 15) with color index: 0
Created Wall at (17, 15)
Created Wall at (0, 16)
Created Wall at (17, 16)
Created Wall at (0, 17)
Created Wall at (1, 17)
Created Wall at (2, 17)
Created Wall at (3, 17)
Created Wall at (4, 17)
Created Wall at (5, 17)
Created Wall at (6, 17)
Created ColouredWallTile at (7, 17) with colour index: 1
Created ColouredWallTile at (8, 17) with colour index: 1
Created ColouredWallTile at (9, 17) with colour index: 1
Created ColouredWallTile at (10, 17) with colour index: 1
Created Wall at (11, 17)
Created Wall at (12, 17)
Created Wall at (13, 17)
Created Wall at (14, 17)
Created Wall at (15, 17)
Created Wall at (16, 17)
Created Wall at (17, 17)
Level layout loaded from: level1.txt
Number of holes loaded: 4
Created Wall at (0, 0)
Created Wall at (1, 0)
Created Wall at (2, 0)
Created Wall at (3, 0)
Created Wall at (4, 0)
Created Wall at (5, 0)
Created Wall at (6, 0)
Created ColouredWallTile at (7, 0) with colour index: 2
Created ColouredWallTile at (8, 0) with colour index: 2
Created ColouredWallTile at (9, 0) with colour index: 2
Created ColouredWallTile at (10, 0) with colour index: 2
Created Wall at (11, 0)
Created Wall at (12, 0)
Created Wall at (13, 0)
Created Wall at (14, 0)
Created Wall at (15, 0)
Created Wall at (16, 0)
Created Wall at (17, 0)
Created Wall at (0, 1)
Put Hole at center: [ 512.0, 128.0, 0.0 ] with colour 0
Created Hole at (15, 1) with color index: 0
Created Wall at (17, 1)
Created Wall at (0, 2)
Created Wall at (17, 2)
Created Wall at (0, 3)
Created Wall at (17, 3)
Created Wall at (0, 4)
Created Wall at (17, 4)
Created Wall at (0, 5)
Created Wall at (17, 5)
Created Wall at (0, 6)
Created Wall at (5, 6)
Created Wall at (6, 6)
Created Wall at (10, 6)
Put Hole at center: [ 384.0, 288.0, 0.0 ] with colour 1
Created Hole at (11, 6) with color index: 1
Created Wall at (17, 6)
Created Wall at (0, 7)
Created Wall at (6, 7)
Created Wall at (8, 7)
Created Wall at (9, 7)
Created Wall at (17, 7)
Created Wall at (0, 8)
Created EntryPoint/Spawner at (5, 8)
Created Wall at (6, 8)
Created Wall at (7, 8)
Created Wall at (17, 8)
Created Wall at (0, 9)
Created Wall at (6, 9)
Created Wall at (8, 9)
Created Wall at (9, 9)
Put Hole at center: [ 384.0, 384.0, 0.0 ] with colour 2
Created Hole at (11, 9) with color index: 2
Created Wall at (17, 9)
Created Wall at (0, 10)
Created Wall at (5, 10)
Created Wall at (6, 10)
Created Wall at (10, 10)
Created Wall at (17, 10)
Created Wall at (0, 11)
Created Wall at (17, 11)
Created Wall at (0, 12)
Created Wall at (17, 12)
Created Wall at (0, 13)
Ball initialized at position: [ 192.0, 480.0, 0.0 ] with velocity: [ 2.0, 2.0, 0.0 ]
Created Ball at (6, 13) with color index: 2
Created Wall at (17, 13)
Created Wall at (0, 14)
Created Wall at (17, 14)
Created Wall at (0, 15)
Put Hole at center: [ 512.0, 576.0, 0.0 ] with colour 0
Created Hole at (15, 15) with color index: 0
Created Wall at (17, 15)
Created Wall at (0, 16)
Created Wall at (17, 16)
Created Wall at (0, 17)
Created Wall at (1, 17)
Created Wall at (2, 17)
Created Wall at (3, 17)
Created Wall at (4, 17)
Created Wall at (5, 17)
Created Wall at (6, 17)
Created ColouredWallTile at (7, 17) with colour index: 1
Created ColouredWallTile at (8, 17) with colour index: 1
Created ColouredWallTile at (9, 17) with colour index: 1
Created ColouredWallTile at (10, 17) with colour index: 1
Created Wall at (11, 17)
Created Wall at (12, 17)
Created Wall at (13, 17)
Created Wall at (14, 17)
Created Wall at (15, 17)
Created Wall at (16, 17)
Created Wall at (17, 17)
Level layout loaded from: level1.txt
Number of holes loaded: 4
Loaded wall from: src/main/resources/inkball/wall0.png
Loaded wall from: src/main/resources/inkball/wall1.png
Loaded wall from: src/main/resources/inkball/wall2.png
Loaded wall from: src/main/resources/inkball/wall3.png
Loaded wall from: src/main/resources/inkball/wall4.png
Config load finishes!
Created Wall at (0, 0)
Created Wall at (1, 0)
Created Wall at (2, 0)
Created Wall at (3, 0)
Created Wall at (4, 0)
Created Wall at (5, 0)
Created Wall at (6, 0)
Created ColouredWallTile at (7, 0) with colour index: 2
Created ColouredWallTile at (8, 0) with colour index: 2
Created ColouredWallTile at (9, 0) with colour index: 2
Created ColouredWallTile at (10, 0) with colour index: 2
Created Wall at (11, 0)
Created Wall at (12, 0)
Created Wall at (13, 0)
Created Wall at (14, 0)
Created Wall at (15, 0)
Created Wall at (16, 0)
Created Wall at (17, 0)
Created Wall at (0, 1)
Put Hole at center: [ 512.0, 128.0, 0.0 ] with colour 0
Created Hole at (15, 1) with color index: 0
Created Wall at (17, 1)
Created Wall at (0, 2)
Created Wall at (17, 2)
Created Wall at (0, 3)
Created Wall at (17, 3)
Created Wall at (0, 4)
Created Wall at (17, 4)
Created Wall at (0, 5)
Created Wall at (17, 5)
Created Wall at (0, 6)
Created Wall at (5, 6)
Created Wall at (6, 6)
Created Wall at (10, 6)
Put Hole at center: [ 384.0, 288.0, 0.0 ] with colour 1
Created Hole at (11, 6) with color index: 1
Created Wall at (17, 6)
Created Wall at (0, 7)
Created Wall at (6, 7)
Created Wall at (8, 7)
Created Wall at (9, 7)
Created Wall at (17, 7)
Created Wall at (0, 8)
Created EntryPoint/Spawner at (5, 8)
Created Wall at (6, 8)
Created Wall at (7, 8)
Created Wall at (17, 8)
Created Wall at (0, 9)
Created Wall at (6, 9)
Created Wall at (8, 9)
Created Wall at (9, 9)
Put Hole at center: [ 384.0, 384.0, 0.0 ] with colour 2
Created Hole at (11, 9) with color index: 2
Created Wall at (17, 9)
Created Wall at (0, 10)
Created Wall at (5, 10)
Created Wall at (6, 10)
Created Wall at (10, 10)
Created Wall at (17, 10)
Created Wall at (0, 11)
Created Wall at (17, 11)
Created Wall at (0, 12)
Created Wall at (17, 12)
Created Wall at (0, 13)
Ball initialized at position: [ 192.0, 480.0, 0.0 ] with velocity: [ -2.0, 2.0, 0.0 ]
Created Ball at (6, 13) with color index: 2
Created Wall at (17, 13)
Created Wall at (0, 14)
Created Wall at (17, 14)
Created Wall at (0, 15)
Put Hole at center: [ 512.0, 576.0, 0.0 ] with colour 0
Created Hole at (15, 15) with color index: 0
Created Wall at (17, 15)
Created Wall at (0, 16)
Created Wall at (17, 16)
Created Wall at (0, 17)
Created Wall at (1, 17)
Created Wall at (2, 17)
Created Wall at (3, 17)
Created Wall at (4, 17)
Created Wall at (5, 17)
Created Wall at (6, 17)
Created ColouredWallTile at (7, 17) with colour index: 1
Created ColouredWallTile at (8, 17) with colour index: 1
Created ColouredWallTile at (9, 17) with colour index: 1
Created ColouredWallTile at (10, 17) with colour index: 1
Created Wall at (11, 17)
Created Wall at (12, 17)
Created Wall at (13, 17)
Created Wall at (14, 17)
Created Wall at (15, 17)
Created Wall at (16, 17)
Created Wall at (17, 17)
Level layout loaded from: level1.txt
Number of holes loaded: 4
Created Wall at (0, 0)
Created Wall at (1, 0)
Created Wall at (2, 0)
Created Wall at (3, 0)
Created Wall at (4, 0)
Created Wall at (5, 0)
Created Wall at (6, 0)
Created ColouredWallTile at (7, 0) with colour index: 2
Created ColouredWallTile at (8, 0) with colour index: 2
Created ColouredWallTile at (9, 0) with colour index: 2
Created ColouredWallTile at (10, 0) with colour index: 2
Created Wall at (11, 0)
Created Wall at (12, 0)
Created Wall at (13, 0)
Created Wall at (14, 0)
Created Wall at (15, 0)
Created Wall at (16, 0)
Created Wall at (17, 0)
Created Wall at (0, 1)
Put Hole at center: [ 512.0, 128.0, 0.0 ] with colour 0
Created Hole at (15, 1) with color index: 0
Created Wall at (17, 1)
Created Wall at (0, 2)
Created Wall at (17, 2)
Created Wall at (0, 3)
Created Wall at (17, 3)
Created Wall at (0, 4)
Created Wall at (17, 4)
Created Wall at (0, 5)
Created Wall at (17, 5)
Created Wall at (0, 6)
Created Wall at (5, 6)
Created Wall at (6, 6)
Created Wall at (10, 6)
Put Hole at center: [ 384.0, 288.0, 0.0 ] with colour 1
Created Hole at (11, 6) with color index: 1
Created Wall at (17, 6)
Created Wall at (0, 7)
Created Wall at (6, 7)
Created Wall at (8, 7)
Created Wall at (9, 7)
Created Wall at (17, 7)
Created Wall at (0, 8)
Created EntryPoint/Spawner at (5, 8)
Created Wall at (6, 8)
Created Wall at (7, 8)
Created Wall at (17, 8)
Created Wall at (0, 9)
Created Wall at (6, 9)
Created Wall at (8, 9)
Created Wall at (9, 9)
Put Hole at center: [ 384.0, 384.0, 0.0 ] with colour 2
Created Hole at (11, 9) with color index: 2
Created Wall at (17, 9)
Created Wall at (0, 10)
Created Wall at (5, 10)
Created Wall at (6, 10)
Created Wall at (10, 10)
Created Wall at (17, 10)
Created Wall at (0, 11)
Created Wall at (17, 11)
Created Wall at (0, 12)
Created Wall at (17, 12)
Created Wall at (0, 13)
Ball initialized at position: [ 192.0, 480.0, 0.0 ] with velocity: [ -2.0, -2.0, 0.0 ]
Created Ball at (6, 13) with color index: 2
Created Wall at (17, 13)
Created Wall at (0, 14)
Created Wall at (17, 14)
Created Wall at (0, 15)
Put Hole at center: [ 512.0, 576.0, 0.0 ] with colour 0
Created Hole at (15, 15) with color index: 0
Created Wall at (17, 15)
Created Wall at (0, 16)
Created Wall at (17, 16)
Created Wall at (0, 17)
Created Wall at (1, 17)
Created Wall at (2, 17)
Created Wall at (3, 17)
Created Wall at (4, 17)
Created Wall at (5, 17)
Created Wall at (6, 17)
Created ColouredWallTile at (7, 17) with colour index: 1
Created ColouredWallTile at (8, 17) with colour index: 1
Created ColouredWallTile at (9, 17) with colour index: 1
Created ColouredWallTile at (10, 17) with colour index: 1
Created Wall at (11, 17)
Created Wall at (12, 17)
Created Wall at (13, 17)
Created Wall at (14, 17)
Created Wall at (15, 17)
Created Wall at (16, 17)
Created Wall at (17, 17)
Level layout loaded from: level1.txt
Number of holes loaded: 4
Ball initialized at position: [ 100.0, 164.0, 0.0 ] with velocity: [ -2.0, -2.0, 0.0 ]
Loaded wall from: src/main/resources/inkball/wall0.png
Loaded wall from: src/main/resources/inkball/wall1.png
Loaded wall from: src/main/resources/inkball/wall2.png
Loaded wall from: src/main/resources/inkball/wall3.png
Loaded wall from: src/main/resources/inkball/wall4.png
Config load finishes!
Created Wall at (0, 0)
Created Wall at (1, 0)
Created Wall at (2, 0)
Created Wall at (3, 0)
Created Wall at (4, 0)
Created Wall at (5, 0)
Created Wall at (6, 0)
Created ColouredWallTile at (7, 0) with colour index: 2
Created ColouredWallTile at (8, 0) with colour index: 2
Created ColouredWallTile at (9, 0) with colour index: 2
Created ColouredWallTile at (10, 0) with colour index: 2
Created Wall at (11, 0)
Created Wall at (12, 0)
Created Wall at (13, 0)
Created Wall at (14, 0)
Created Wall at (15, 0)
Created Wall at (16, 0)
Created Wall at (17, 0)
Created Wall at (0, 1)
Put Hole at center: [ 512.0, 128.0, 0.0 ] with colour 0
Created Hole at (15, 1) with color index: 0
Created Wall at (17, 1)
Created Wall at (0, 2)
Created Wall at (17, 2)
Created Wall at (0, 3)
Created Wall at (17, 3)
Created Wall at (0, 4)
Created Wall at (17, 4)
Created Wall at (0, 5)
Created Wall at (17, 5)
Created Wall at (0, 6)
Created Wall at (5, 6)
Created Wall at (6, 6)
Created Wall at (10, 6)
Put Hole at center: [ 384.0, 288.0, 0.0 ] with colour 1
Created Hole at (11, 6) with color index: 1
Created Wall at (17, 6)
Created Wall at (0, 7)
Created Wall at (6, 7)
Created Wall at (8, 7)
Created Wall at (9, 7)
Created Wall at (17, 7)
Created Wall at (0, 8)
Created EntryPoint/Spawner at (5, 8)
Created Wall at (6, 8)
Created Wall at (7, 8)
Created Wall at (17, 8)
Created Wall at (0, 9)
Created Wall at (6, 9)
Created Wall at (8, 9)
Created Wall at (9, 9)
Put Hole at center: [ 384.0, 384.0, 0.0 ] with colour 2
Created Hole at (11, 9) with color index: 2
Created Wall at (17, 9)
Created Wall at (0, 10)
Created Wall at (5, 10)
Created Wall at (6, 10)
Created Wall at (10, 10)
Created Wall at (17, 10)
Created Wall at (0, 11)
Created Wall at (17, 11)
Created Wall at (0, 12)
Created Wall at (17, 12)
Created Wall at (0, 13)
Ball initialized at position: [ 192.0, 480.0, 0.0 ] with velocity: [ -2.0, -2.0, 0.0 ]
Created Ball at (6, 13) with color index: 2
Created Wall at (17, 13)
Created Wall at (0, 14)
Created Wall at (17, 14)
Created Wall at (0, 15)
Put Hole at center: [ 512.0, 576.0, 0.0 ] with colour 0
Created Hole at (15, 15) with color index: 0
Created Wall at (17, 15)
Created Wall at (0, 16)
Created Wall at (17, 16)
Created Wall at (0, 17)
Created Wall at (1, 17)
Created Wall at (2, 17)
Created Wall at (3, 17)
Created Wall at (4, 17)
Created Wall at (5, 17)
Created Wall at (6, 17)
Created ColouredWallTile at (7, 17) with colour index: 1
Created ColouredWallTile at (8, 17) with colour index: 1
Created ColouredWallTile at (9, 17) with colour index: 1
Created ColouredWallTile at (10, 17) with colour index: 1
Created Wall at (11, 17)
Created Wall at (12, 17)
Created Wall at (13, 17)
Created Wall at (14, 17)
Created Wall at (15, 17)
Created Wall at (16, 17)
Created Wall at (17, 17)
Level layout loaded from: level1.txt
Number of holes loaded: 4
Created Wall at (0, 0)
Created Wall at (1, 0)
Created Wall at (2, 0)
Created Wall at (3, 0)
Created Wall at (4, 0)
Created Wall at (5, 0)
Created Wall at (6, 0)
Created ColouredWallTile at (7, 0) with colour index: 2
Created ColouredWallTile at (8, 0) with colour index: 2
Created ColouredWallTile at (9, 0) with colour index: 2
Created ColouredWallTile at (10, 0) with colour index: 2
Created Wall at (11, 0)
Created Wall at (12, 0)
Created Wall at (13, 0)
Created Wall at (14, 0)
Created Wall at (15, 0)
Created Wall at (16, 0)
Created Wall at (17, 0)
Created Wall at (0, 1)
Put Hole at center: [ 512.0, 128.0, 0.0 ] with colour 0
Created Hole at (15, 1) with color index: 0
Created Wall at (17, 1)
Created Wall at (0, 2)
Created Wall at (17, 2)
Created Wall at (0, 3)
Created Wall at (17, 3)
Created Wall at (0, 4)
Created Wall at (17, 4)
Created Wall at (0, 5)
Created Wall at (17, 5)
Created Wall at (0, 6)
Created Wall at (5, 6)
Created Wall at (6, 6)
Created Wall at (10, 6)
Put Hole at center: [ 384.0, 288.0, 0.0 ] with colour 1
Created Hole at (11, 6) with color index: 1
Created Wall at (17, 6)
Created Wall at (0, 7)
Created Wall at (6, 7)
Created Wall at (8, 7)
Created Wall at (9, 7)
Created Wall at (17, 7)
Created Wall at (0, 8)
Created EntryPoint/Spawner at (5, 8)
Created Wall at (6, 8)
Created Wall at (7, 8)
Created Wall at (17, 8)
Created Wall at (0, 9)
Created Wall at (6, 9)
Created Wall at (8, 9)
Created Wall at (9, 9)
Put Hole at center: [ 384.0, 384.0, 0.0 ] with colour 2
Created Hole at (11, 9) with color index: 2
Created Wall at (17, 9)
Created Wall at (0, 10)
Created Wall at (5, 10)
Created Wall at (6, 10)
Created Wall at (10, 10)
Created Wall at (17, 10)
Created Wall at (0, 11)
Created Wall at (17, 11)
Created Wall at (0, 12)
Created Wall at (17, 12)
Created Wall at (0, 13)
Ball initialized at position: [ 192.0, 480.0, 0.0 ] with velocity: [ 2.0, -2.0, 0.0 ]
Created Ball at (6, 13) with color index: 2
Created Wall at (17, 13)
Created Wall at (0, 14)
Created Wall at (17, 14)
Created Wall at (0, 15)
Put Hole at center: [ 512.0, 576.0, 0.0 ] with colour 0
Created Hole at (15, 15) with color index: 0
Created Wall at (17, 15)
Created Wall at (0, 16)
Created Wall at (17, 16)
Created Wall at (0, 17)
Created Wall at (1, 17)
Created Wall at (2, 17)
Created Wall at (3, 17)
Created Wall at (4, 17)
Created Wall at (5, 17)
Created Wall at (6, 17)
Created ColouredWallTile at (7, 17) with colour index: 1
Created ColouredWallTile at (8, 17) with colour index: 1
Created ColouredWallTile at (9, 17) with colour index: 1
Created ColouredWallTile at (10, 17) with colour index: 1
Created Wall at (11, 17)
Created Wall at (12, 17)
Created Wall at (13, 17)
Created Wall at (14, 17)
Created Wall at (15, 17)
Created Wall at (16, 17)
Created Wall at (17, 17)
Level layout loaded from: level1.txt
Number of holes loaded: 4
Loaded wall from: src/main/resources/inkball/wall0.png
Loaded wall from: src/main/resources/inkball/wall1.png
Loaded wall from: src/main/resources/inkball/wall2.png
Loaded wall from: src/main/resources/inkball/wall3.png
Loaded wall from: src/main/resources/inkball/wall4.png
Loaded wall from: src/main/resources/inkball/wall0.png
Loaded wall from: src/main/resources/inkball/wall1.png
Loaded wall from: src/main/resources/inkball/wall2.png
Loaded wall from: src/main/resources/inkball/wall3.png
Loaded wall from: src/main/resources/inkball/wall4.png
Config load finishes!
Created Wall at (0, 0)
Created Wall at (1, 0)
Created Wall at (2, 0)
Created Wall at (3, 0)
Created Wall at (4, 0)
Created Wall at (5, 0)
Created Wall at (6, 0)
Created ColouredWallTile at (7, 0) with colour index: 2
Created ColouredWallTile at (8, 0) with colour index: 2
Created ColouredWallTile at (9, 0) with colour index: 2
Created ColouredWallTile at (10, 0) with colour index: 2
Created Wall at (11, 0)
Created Wall at (12, 0)
Created Wall at (13, 0)
Created Wall at (14, 0)
Created Wall at (15, 0)
Created Wall at (16, 0)
Created Wall at (17, 0)
Created Wall at (0, 1)
Put Hole at center: [ 512.0, 128.0, 0.0 ] with colour 0
Created Hole at (15, 1) with color index: 0
Created Wall at (17, 1)
Created Wall at (0, 2)
Created Wall at (17, 2)
Created Wall at (0, 3)
Created Wall at (17, 3)
Created Wall at (0, 4)
Created Wall at (17, 4)
Created Wall at (0, 5)
Created Wall at (17, 5)
Created Wall at (0, 6)
Created Wall at (5, 6)
Created Wall at (6, 6)
Created Wall at (10, 6)
Put Hole at center: [ 384.0, 288.0, 0.0 ] with colour 1
Created Hole at (11, 6) with color index: 1
Created Wall at (17, 6)
Created Wall at (0, 7)
Created Wall at (6, 7)
Created Wall at (8, 7)
Created Wall at (9, 7)
Created Wall at (17, 7)
Created Wall at (0, 8)
Created EntryPoint/Spawner at (5, 8)
Created Wall at (6, 8)
Created Wall at (7, 8)
Created Wall at (17, 8)
Created Wall at (0, 9)
Created Wall at (6, 9)
Created Wall at (8, 9)
Created Wall at (9, 9)
Put Hole at center: [ 384.0, 384.0, 0.0 ] with colour 2
Created Hole at (11, 9) with color index: 2
Created Wall at (17, 9)
Created Wall at (0, 10)
Created Wall at (5, 10)
Created Wall at (6, 10)
Created Wall at (10, 10)
Created Wall at (17, 10)
Created Wall at (0, 11)
Created Wall at (17, 11)
Created Wall at (0, 12)
Created Wall at (17, 12)
Created Wall at (0, 13)
Ball initialized at position: [ 192.0, 480.0, 0.0 ] with velocity: [ 2.0, 2.0, 0.0 ]
Created Ball at (6, 13) with color index: 2
Created Wall at (17, 13)
Created Wall at (0, 14)
Created Wall at (17, 14)
Created Wall at (0, 15)
Put Hole at center: [ 512.0, 576.0, 0.0 ] with colour 0
Created Hole at (15, 15) with color index: 0
Created Wall at (17, 15)
Created Wall at (0, 16)
Created Wall at (17, 16)
Created Wall at (0, 17)
Created Wall at (1, 17)
Created Wall at (2, 17)
Created Wall at (3, 17)
Created Wall at (4, 17)
Created Wall at (5, 17)
Created Wall at (6, 17)
Created ColouredWallTile at (7, 17) with colour index: 1
Created ColouredWallTile at (8, 17) with colour index: 1
Created ColouredWallTile at (9, 17) with colour index: 1
Created ColouredWallTile at (10, 17) with colour index: 1
Created Wall at (11, 17)
Created Wall at (12, 17)
Created Wall at (13, 17)
Created Wall at (14, 17)
Created Wall at (15, 17)
Created Wall at (16, 17)
Created Wall at (17, 17)
Level layout loaded from: level1.txt
Number of holes loaded: 4
Created Wall at (0, 0)
Created Wall at (1, 0)
Created Wall at (2, 0)
Created Wall at (3, 0)
Created Wall at (4, 0)
Created Wall at (5, 0)
Created Wall at (6, 0)
Created ColouredWallTile at (7, 0) with colour index: 2
Created ColouredWallTile at (8, 0) with colour index: 2
Created ColouredWallTile at (9, 0) with colour index: 2
Created ColouredWallTile at (10, 0) with colour index: 2
Created Wall at (11, 0)
Created Wall at (12, 0)
Created Wall at (13, 0)
Created Wall at (14, 0)
Created Wall at (15, 0)
Created Wall at (16, 0)
Created Wall at (17, 0)
Created Wall at (0, 1)
Put Hole at center: [ 512.0, 128.0, 0.0 ] with colour 0
Created Hole at (15, 1) with color index: 0
Created Wall at (17, 1)
Created Wall at (0, 2)
Created Wall at (17, 2)
Created Wall at (0, 3)
Created Wall at (17, 3)
Created Wall at (0, 4)
Created Wall at (17, 4)
Created Wall at (0, 5)
Created Wall at (17, 5)
Created Wall at (0, 6)
Created Wall at (5, 6)
Created Wall at (6, 6)
Created Wall at (10, 6)
Put Hole at center: [ 384.0, 288.0, 0.0 ] with colour 1
Created Hole at (11, 6) with color index: 1
Created Wall at (17, 6)
Created Wall at (0, 7)
Created Wall at (6, 7)
Created Wall at (8, 7)
Created Wall at (9, 7)
Created Wall at (17, 7)
Created Wall at (0, 8)
Created EntryPoint/Spawner at (5, 8)
Created Wall at (6, 8)
Created Wall at (7, 8)
Created Wall at (17, 8)
Created Wall at (0, 9)
Created Wall at (6, 9)
Created Wall at (8, 9)
Created Wall at (9, 9)
Put Hole at center: [ 384.0, 384.0, 0.0 ] with colour 2
Created Hole at (11, 9) with color index: 2
Created Wall at (17, 9)
Created Wall at (0, 10)
Created Wall at (5, 10)
Created Wall at (6, 10)
Created Wall at (10, 10)
Created Wall at (17, 10)
Created Wall at (0, 11)
Created Wall at (17, 11)
Created Wall at (0, 12)
Created Wall at (17, 12)
Created Wall at (0, 13)
Ball initialized at position: [ 192.0, 480.0, 0.0 ] with velocity: [ -2.0, -2.0, 0.0 ]
Created Ball at (6, 13) with color index: 2
Created Wall at (17, 13)
Created Wall at (0, 14)
Created Wall at (17, 14)
Created Wall at (0, 15)
Put Hole at center: [ 512.0, 576.0, 0.0 ] with colour 0
Created Hole at (15, 15) with color index: 0
Created Wall at (17, 15)
Created Wall at (0, 16)
Created Wall at (17, 16)
Created Wall at (0, 17)
Created Wall at (1, 17)
Created Wall at (2, 17)
Created Wall at (3, 17)
Created Wall at (4, 17)
Created Wall at (5, 17)
Created Wall at (6, 17)
Created ColouredWallTile at (7, 17) with colour index: 1
Created ColouredWallTile at (8, 17) with colour index: 1
Created ColouredWallTile at (9, 17) with colour index: 1
Created ColouredWallTile at (10, 17) with colour index: 1
Created Wall at (11, 17)
Created Wall at (12, 17)
Created Wall at (13, 17)
Created Wall at (14, 17)
Created Wall at (15, 17)
Created Wall at (16, 17)
Created Wall at (17, 17)
Level layout loaded from: level1.txt
Number of holes loaded: 4
Loaded wall from: src/main/resources/inkball/wall0.png
Loaded wall from: src/main/resources/inkball/wall1.png
Loaded wall from: src/main/resources/inkball/wall2.png
Loaded wall from: src/main/resources/inkball/wall3.png
Loaded wall from: src/main/resources/inkball/wall4.png
Config load finishes!
Created Wall at (0, 0)
Created Wall at (1, 0)
Created Wall at (2, 0)
Created Wall at (3, 0)
Created Wall at (4, 0)
Created Wall at (5, 0)
Created Wall at (6, 0)
Created ColouredWallTile at (7, 0) with colour index: 2
Created ColouredWallTile at (8, 0) with colour index: 2
Created ColouredWallTile at (9, 0) with colour index: 2
Created ColouredWallTile at (10, 0) with colour index: 2
Created Wall at (11, 0)
Created Wall at (12, 0)
Created Wall at (13, 0)
Created Wall at (14, 0)
Created Wall at (15, 0)
Created Wall at (16, 0)
Created Wall at (17, 0)
Created Wall at (0, 1)
Put Hole at center: [ 512.0, 128.0, 0.0 ] with colour 0
Created Hole at (15, 1) with color index: 0
Created Wall at (17, 1)
Created Wall at (0, 2)
Created Wall at (17, 2)
Created Wall at (0, 3)
Created Wall at (17, 3)
Created Wall at (0, 4)
Created Wall at (17, 4)
Created Wall at (0, 5)
Created Wall at (17, 5)
Created Wall at (0, 6)
Created Wall at (5, 6)
Created Wall at (6, 6)
Created Wall at (10, 6)
Put Hole at center: [ 384.0, 288.0, 0.0 ] with colour 1
Created Hole at (11, 6) with color index: 1
Created Wall at (17, 6)
Created Wall at (0, 7)
Created Wall at (6, 7)
Created Wall at (8, 7)
Created Wall at (9, 7)
Created Wall at (17, 7)
Created Wall at (0, 8)
Created EntryPoint/Spawner at (5, 8)
Created Wall at (6, 8)
Created Wall at (7, 8)
Created Wall at (17, 8)
Created Wall at (0, 9)
Created Wall at (6, 9)
Created Wall at (8, 9)
Created Wall at (9, 9)
Put Hole at center: [ 384.0, 384.0, 0.0 ] with colour 2
Created Hole at (11, 9) with color index: 2
Created Wall at (17, 9)
Created Wall at (0, 10)
Created Wall at (5, 10)
Created Wall at (6, 10)
Created Wall at (10, 10)
Created Wall at (17, 10)
Created Wall at (0, 11)
Created Wall at (17, 11)
Created Wall at (0, 12)
Created Wall at (17, 12)
Created Wall at (0, 13)
Ball initialized at position: [ 192.0, 480.0, 0.0 ] with velocity: [ 2.0, -2.0, 0.0 ]
Created Ball at (6, 13) with color index: 2
Created Wall at (17, 13)
Created Wall at (0, 14)
Created Wall at (17, 14)
Created Wall at (0, 15)
Put Hole at center: [ 512.0, 576.0, 0.0 ] with colour 0
Created Hole at (15, 15) with color index: 0
Created Wall at (17, 15)
Created Wall at (0, 16)
Created Wall at (17, 16)
Created Wall at (0, 17)
Created Wall at (1, 17)
Created Wall at (2, 17)
Created Wall at (3, 17)
Created Wall at (4, 17)
Created Wall at (5, 17)
Created Wall at (6, 17)
Created ColouredWallTile at (7, 17) with colour index: 1
Created ColouredWallTile at (8, 17) with colour index: 1
Created ColouredWallTile at (9, 17) with colour index: 1
Created ColouredWallTile at (10, 17) with colour index: 1
Created Wall at (11, 17)
Created Wall at (12, 17)
Created Wall at (13, 17)
Created Wall at (14, 17)
Created Wall at (15, 17)
Created Wall at (16, 17)
Created Wall at (17, 17)
Level layout loaded from: level1.txt
Number of holes loaded: 4
Created Wall at (0, 0)
Created Wall at (1, 0)
Created Wall at (2, 0)
Created Wall at (3, 0)
Created Wall at (4, 0)
Created Wall at (5, 0)
Created Wall at (6, 0)
Created ColouredWallTile at (7, 0) with colour index: 2
Created ColouredWallTile at (8, 0) with colour index: 2
Created ColouredWallTile at (9, 0) with colour index: 2
Created ColouredWallTile at (10, 0) with colour index: 2
Created Wall at (11, 0)
Created Wall at (12, 0)
Created Wall at (13, 0)
Created Wall at (14, 0)
Created Wall at (15, 0)
Created Wall at (16, 0)
Created Wall at (17, 0)
Created Wall at (0, 1)
Put Hole at center: [ 512.0, 128.0, 0.0 ] with colour 0
Created Hole at (15, 1) with color index: 0
Created Wall at (17, 1)
Created Wall at (0, 2)
Created Wall at (17, 2)
Created Wall at (0, 3)
Created Wall at (17, 3)
Created Wall at (0, 4)
Created Wall at (17, 4)
Created Wall at (0, 5)
Created Wall at (17, 5)
Created Wall at (0, 6)
Created Wall at (5, 6)
Created Wall at (6, 6)
Created Wall at (10, 6)
Put Hole at center: [ 384.0, 288.0, 0.0 ] with colour 1
Created Hole at (11, 6) with color index: 1
Created Wall at (17, 6)
Created Wall at (0, 7)
Created Wall at (6, 7)
Created Wall at (8, 7)
Created Wall at (9, 7)
Created Wall at (17, 7)
Created Wall at (0, 8)
Created EntryPoint/Spawner at (5, 8)
Created Wall at (6, 8)
Created Wall at (7, 8)
Created Wall at (17, 8)
Created Wall at (0, 9)
Created Wall at (6, 9)
Created Wall at (8, 9)
Created Wall at (9, 9)
Put Hole at center: [ 384.0, 384.0, 0.0 ] with colour 2
Created Hole at (11, 9) with color index: 2
Created Wall at (17, 9)
Created Wall at (0, 10)
Created Wall at (5, 10)
Created Wall at (6, 10)
Created Wall at (10, 10)
Created Wall at (17, 10)
Created Wall at (0, 11)
Created Wall at (17, 11)
Created Wall at (0, 12)
Created Wall at (17, 12)
Created Wall at (0, 13)
Ball initialized at position: [ 192.0, 480.0, 0.0 ] with velocity: [ -2.0, 2.0, 0.0 ]
Created Ball at (6, 13) with color index: 2
Created Wall at (17, 13)
Created Wall at (0, 14)
Created Wall at (17, 14)
Created Wall at (0, 15)
Put Hole at center: [ 512.0, 576.0, 0.0 ] with colour 0
Created Hole at (15, 15) with color index: 0
Created Wall at (17, 15)
Created Wall at (0, 16)
Created Wall at (17, 16)
Created Wall at (0, 17)
Created Wall at (1, 17)
Created Wall at (2, 17)
Created Wall at (3, 17)
Created Wall at (4, 17)
Created Wall at (5, 17)
Created Wall at (6, 17)
Created ColouredWallTile at (7, 17) with colour index: 1
Created ColouredWallTile at (8, 17) with colour index: 1
Created ColouredWallTile at (9, 17) with colour index: 1
Created ColouredWallTile at (10, 17) with colour index: 1
Created Wall at (11, 17)
Created Wall at (12, 17)
Created Wall at (13, 17)
Created Wall at (14, 17)
Created Wall at (15, 17)
Created Wall at (16, 17)
Created Wall at (17, 17)
Level layout loaded from: level1.txt
Number of holes loaded: 4

Game is freezed!
Loaded wall from: src/main/resources/inkball/wall0.png
Loaded wall from: src/main/resources/inkball/wall1.png
Loaded wall from: src/main/resources/inkball/wall2.png
Loaded wall from: src/main/resources/inkball/wall3.png
Loaded wall from: src/main/resources/inkball/wall4.png
Config load finishes!
Created Wall at (0, 0)
Created Wall at (1, 0)
Created Wall at (2, 0)
Created Wall at (3, 0)
Created Wall at (4, 0)
Created Wall at (5, 0)
Created Wall at (6, 0)
Created ColouredWallTile at (7, 0) with colour index: 2
Created ColouredWallTile at (8, 0) with colour index: 2
Created ColouredWallTile at (9, 0) with colour index: 2
Created ColouredWallTile at (10, 0) with colour index: 2
Created Wall at (11, 0)
Created Wall at (12, 0)
Created Wall at (13, 0)
Created Wall at (14, 0)
Created Wall at (15, 0)
Created Wall at (16, 0)
Created Wall at (17, 0)
Created Wall at (0, 1)
Put Hole at center: [ 512.0, 128.0, 0.0 ] with colour 0
Created Hole at (15, 1) with color index: 0
Created Wall at (17, 1)
Created Wall at (0, 2)
Created Wall at (17, 2)
Created Wall at (0, 3)
Created Wall at (17, 3)
Created Wall at (0, 4)
Created Wall at (17, 4)
Created Wall at (0, 5)
Created Wall at (17, 5)
Created Wall at (0, 6)
Created Wall at (5, 6)
Created Wall at (6, 6)
Created Wall at (10, 6)
Put Hole at center: [ 384.0, 288.0, 0.0 ] with colour 1
Created Hole at (11, 6) with color index: 1
Created Wall at (17, 6)
Created Wall at (0, 7)
Created Wall at (6, 7)
Created Wall at (8, 7)
Created Wall at (9, 7)
Created Wall at (17, 7)
Created Wall at (0, 8)
Created EntryPoint/Spawner at (5, 8)
Created Wall at (6, 8)
Created Wall at (7, 8)
Created Wall at (17, 8)
Created Wall at (0, 9)
Created Wall at (6, 9)
Created Wall at (8, 9)
Created Wall at (9, 9)
Put Hole at center: [ 384.0, 384.0, 0.0 ] with colour 2
Created Hole at (11, 9) with color index: 2
Created Wall at (17, 9)
Created Wall at (0, 10)
Created Wall at (5, 10)
Created Wall at (6, 10)
Created Wall at (10, 10)
Created Wall at (17, 10)
Created Wall at (0, 11)
Created Wall at (17, 11)
Created Wall at (0, 12)
Created Wall at (17, 12)
Created Wall at (0, 13)
Ball initialized at position: [ 192.0, 480.0, 0.0 ] with velocity: [ 2.0, -2.0, 0.0 ]
Created Ball at (6, 13) with color index: 2
Created Wall at (17, 13)
Created Wall at (0, 14)
Created Wall at (17, 14)
Created Wall at (0, 15)
Put Hole at center: [ 512.0, 576.0, 0.0 ] with colour 0
Created Hole at (15, 15) with color index: 0
Created Wall at (17, 15)
Created Wall at (0, 16)
Created Wall at (17, 16)
Created Wall at (0, 17)
Created Wall at (1, 17)
Created Wall at (2, 17)
Created Wall at (3, 17)
Created Wall at (4, 17)
Created Wall at (5, 17)
Created Wall at (6, 17)
Created ColouredWallTile at (7, 17) with colour index: 1
Created ColouredWallTile at (8, 17) with colour index: 1
Created ColouredWallTile at (9, 17) with colour index: 1
Created ColouredWallTile at (10, 17) with colour index: 1
Created Wall at (11, 17)
Created Wall at (12, 17)
Created Wall at (13, 17)
Created Wall at (14, 17)
Created Wall at (15, 17)
Created Wall at (16, 17)
Created Wall at (17, 17)
Level layout loaded from: level1.txt
Number of holes loaded: 4
Created Wall at (0, 0)
Created Wall at (1, 0)
Created Wall at (2, 0)
Created Wall at (3, 0)
Created Wall at (4, 0)
Created Wall at (5, 0)
Created Wall at (6, 0)
Created ColouredWallTile at (7, 0) with colour index: 2
Created ColouredWallTile at (8, 0) with colour index: 2
Created ColouredWallTile at (9, 0) with colour index: 2
Created ColouredWallTile at (10, 0) with colour index: 2
Created Wall at (11, 0)
Created Wall at (12, 0)
Created Wall at (13, 0)
Created Wall at (14, 0)
Created Wall at (15, 0)
Created Wall at (16, 0)
Created Wall at (17, 0)
Created Wall at (0, 1)
Put Hole at center: [ 512.0, 128.0, 0.0 ] with colour 0
Created Hole at (15, 1) with color index: 0
Created Wall at (17, 1)
Created Wall at (0, 2)
Created Wall at (17, 2)
Created Wall at (0, 3)
Created Wall at (17, 3)
Created Wall at (0, 4)
Created Wall at (17, 4)
Created Wall at (0, 5)
Created Wall at (17, 5)
Created Wall at (0, 6)
Created Wall at (5, 6)
Created Wall at (6, 6)
Created Wall at (10, 6)
Put Hole at center: [ 384.0, 288.0, 0.0 ] with colour 1
Created Hole at (11, 6) with color index: 1
Created Wall at (17, 6)
Created Wall at (0, 7)
Created Wall at (6, 7)
Created Wall at (8, 7)
Created Wall at (9, 7)
Created Wall at (17, 7)
Created Wall at (0, 8)
Created EntryPoint/Spawner at (5, 8)
Created Wall at (6, 8)
Created Wall at (7, 8)
Created Wall at (17, 8)
Created Wall at (0, 9)
Created Wall at (6, 9)
Created Wall at (8, 9)
Created Wall at (9, 9)
Put Hole at center: [ 384.0, 384.0, 0.0 ] with colour 2
Created Hole at (11, 9) with color index: 2
Created Wall at (17, 9)
Created Wall at (0, 10)
Created Wall at (5, 10)
Created Wall at (6, 10)
Created Wall at (10, 10)
Created Wall at (17, 10)
Created Wall at (0, 11)
Created Wall at (17, 11)
Created Wall at (0, 12)
Created Wall at (17, 12)
Created Wall at (0, 13)
Ball initialized at position: [ 192.0, 480.0, 0.0 ] with velocity: [ 2.0, 2.0, 0.0 ]
Created Ball at (6, 13) with color index: 2
Created Wall at (17, 13)
Created Wall at (0, 14)
Created Wall at (17, 14)
Created Wall at (0, 15)
Put Hole at center: [ 512.0, 576.0, 0.0 ] with colour 0
Created Hole at (15, 15) with color index: 0
Created Wall at (17, 15)
Created Wall at (0, 16)
Created Wall at (17, 16)
Created Wall at (0, 17)
Created Wall at (1, 17)
Created Wall at (2, 17)
Created Wall at (3, 17)
Created Wall at (4, 17)
Created Wall at (5, 17)
Created Wall at (6, 17)
Created ColouredWallTile at (7, 17) with colour index: 1
Created ColouredWallTile at (8, 17) with colour index: 1
Created ColouredWallTile at (9, 17) with colour index: 1
Created ColouredWallTile at (10, 17) with colour index: 1
Created Wall at (11, 17)
Created Wall at (12, 17)
Created Wall at (13, 17)
Created Wall at (14, 17)
Created Wall at (15, 17)
Created Wall at (16, 17)
Created Wall at (17, 17)
Level layout loaded from: level1.txt
Number of holes loaded: 4
Loaded wall from: src/main/resources/inkball/wall0.png
Loaded wall from: src/main/resources/inkball/wall1.png
Loaded wall from: src/main/resources/inkball/wall2.png
Loaded wall from: src/main/resources/inkball/wall3.png
Loaded wall from: src/main/resources/inkball/wall4.png
Config load finishes!
Created Wall at (0, 0)
Created Wall at (1, 0)
Created Wall at (2, 0)
Created Wall at (3, 0)
Created Wall at (4, 0)
Created Wall at (5, 0)
Created Wall at (6, 0)
Created ColouredWallTile at (7, 0) with colour index: 2
Created ColouredWallTile at (8, 0) with colour index: 2
Created ColouredWallTile at (9, 0) with colour index: 2
Created ColouredWallTile at (10, 0) with colour index: 2
Created Wall at (11, 0)
Created Wall at (12, 0)
Created Wall at (13, 0)
Created Wall at (14, 0)
Created Wall at (15, 0)
Created Wall at (16, 0)
Created Wall at (17, 0)
Created Wall at (0, 1)
Put Hole at center: [ 512.0, 128.0, 0.0 ] with colour 0
Created Hole at (15, 1) with color index: 0
Created Wall at (17, 1)
Created Wall at (0, 2)
Created Wall at (17, 2)
Created Wall at (0, 3)
Created Wall at (17, 3)
Created Wall at (0, 4)
Created Wall at (17, 4)
Created Wall at (0, 5)
Created Wall at (17, 5)
Created Wall at (0, 6)
Created Wall at (5, 6)
Created Wall at (6, 6)
Created Wall at (10, 6)
Put Hole at center: [ 384.0, 288.0, 0.0 ] with colour 1
Created Hole at (11, 6) with color index: 1
Created Wall at (17, 6)
Created Wall at (0, 7)
Created Wall at (6, 7)
Created Wall at (8, 7)
Created Wall at (9, 7)
Created Wall at (17, 7)
Created Wall at (0, 8)
Created EntryPoint/Spawner at (5, 8)
Created Wall at (6, 8)
Created Wall at (7, 8)
Created Wall at (17, 8)
Created Wall at (0, 9)
Created Wall at (6, 9)
Created Wall at (8, 9)
Created Wall at (9, 9)
Put Hole at center: [ 384.0, 384.0, 0.0 ] with colour 2
Created Hole at (11, 9) with color index: 2
Created Wall at (17, 9)
Created Wall at (0, 10)
Created Wall at (5, 10)
Created Wall at (6, 10)
Created Wall at (10, 10)
Created Wall at (17, 10)
Created Wall at (0, 11)
Created Wall at (17, 11)
Created Wall at (0, 12)
Created Wall at (17, 12)
Created Wall at (0, 13)
Ball initialized at position: [ 192.0, 480.0, 0.0 ] with velocity: [ -2.0, 2.0, 0.0 ]
Created Ball at (6, 13) with color index: 2
Created Wall at (17, 13)
Created Wall at (0, 14)
Created Wall at (17, 14)
Created Wall at (0, 15)
Put Hole at center: [ 512.0, 576.0, 0.0 ] with colour 0
Created Hole at (15, 15) with color index: 0
Created Wall at (17, 15)
Created Wall at (0, 16)
Created Wall at (17, 16)
Created Wall at (0, 17)
Created Wall at (1, 17)
Created Wall at (2, 17)
Created Wall at (3, 17)
Created Wall at (4, 17)
Created Wall at (5, 17)
Created Wall at (6, 17)
Created ColouredWallTile at (7, 17) with colour index: 1
Created ColouredWallTile at (8, 17) with colour index: 1
Created ColouredWallTile at (9, 17) with colour index: 1
Created ColouredWallTile at (10, 17) with colour index: 1
Created Wall at (11, 17)
Created Wall at (12, 17)
Created Wall at (13, 17)
Created Wall at (14, 17)
Created Wall at (15, 17)
Created Wall at (16, 17)
Created Wall at (17, 17)
Level layout loaded from: level1.txt
Number of holes loaded: 4
Created Wall at (0, 0)
Created Wall at (1, 0)
Created Wall at (2, 0)
Created Wall at (3, 0)
Created Wall at (4, 0)
Created Wall at (5, 0)
Created Wall at (6, 0)
Created ColouredWallTile at (7, 0) with colour index: 2
Created ColouredWallTile at (8, 0) with colour index: 2
Created ColouredWallTile at (9, 0) with colour index: 2
Created ColouredWallTile at (10, 0) with colour index: 2
Created Wall at (11, 0)
Created Wall at (12, 0)
Created Wall at (13, 0)
Created Wall at (14, 0)
Created Wall at (15, 0)
Created Wall at (16, 0)
Created Wall at (17, 0)
Created Wall at (0, 1)
Put Hole at center: [ 512.0, 128.0, 0.0 ] with colour 0
Created Hole at (15, 1) with color index: 0
Created Wall at (17, 1)
Created Wall at (0, 2)
Created Wall at (17, 2)
Created Wall at (0, 3)
Created Wall at (17, 3)
Created Wall at (0, 4)
Created Wall at (17, 4)
Created Wall at (0, 5)
Created Wall at (17, 5)
Created Wall at (0, 6)
Created Wall at (5, 6)
Created Wall at (6, 6)
Created Wall at (10, 6)
Put Hole at center: [ 384.0, 288.0, 0.0 ] with colour 1
Created Hole at (11, 6) with color index: 1
Created Wall at (17, 6)
Created Wall at (0, 7)
Created Wall at (6, 7)
Created Wall at (8, 7)
Created Wall at (9, 7)
Created Wall at (17, 7)
Created Wall at (0, 8)
Created EntryPoint/Spawner at (5, 8)
Created Wall at (6, 8)
Created Wall at (7, 8)
Created Wall at (17, 8)
Created Wall at (0, 9)
Created Wall at (6, 9)
Created Wall at (8, 9)
Created Wall at (9, 9)
Put Hole at center: [ 384.0, 384.0, 0.0 ] with colour 2
Created Hole at (11, 9) with color index: 2
Created Wall at (17, 9)
Created Wall at (0, 10)
Created Wall at (5, 10)
Created Wall at (6, 10)
Created Wall at (10, 10)
Created Wall at (17, 10)
Created Wall at (0, 11)
Created Wall at (17, 11)
Created Wall at (0, 12)
Created Wall at (17, 12)
Created Wall at (0, 13)
Ball initialized at position: [ 192.0, 480.0, 0.0 ] with velocity: [ 2.0, -2.0, 0.0 ]
Created Ball at (6, 13) with color index: 2
Created Wall at (17, 13)
Created Wall at (0, 14)
Created Wall at (17, 14)
Created Wall at (0, 15)
Put Hole at center: [ 512.0, 576.0, 0.0 ] with colour 0
Created Hole at (15, 15) with color index: 0
Created Wall at (17, 15)
Created Wall at (0, 16)
Created Wall at (17, 16)
Created Wall at (0, 17)
Created Wall at (1, 17)
Created Wall at (2, 17)
Created Wall at (3, 17)
Created Wall at (4, 17)
Created Wall at (5, 17)
Created Wall at (6, 17)
Created ColouredWallTile at (7, 17) with colour index: 1
Created ColouredWallTile at (8, 17) with colour index: 1
Created ColouredWallTile at (9, 17) with colour index: 1
Created ColouredWallTile at (10, 17) with colour index: 1
Created Wall at (11, 17)
Created Wall at (12, 17)
Created Wall at (13, 17)
Created Wall at (14, 17)
Created Wall at (15, 17)
Created Wall at (16, 17)
Created Wall at (17, 17)
Level layout loaded from: level1.txt
Number of holes loaded: 4
Loaded wall from: src/main/resources/inkball/wall0.png
Loaded wall from: src/main/resources/inkball/wall0.png
Loaded wall from: src/main/resources/inkball/wall1.png
Loaded wall from: src/main/resources/inkball/wall1.png
Loaded wall from: src/main/resources/inkball/wall2.png
Loaded wall from: src/main/resources/inkball/wall2.png
Loaded wall from: src/main/resources/inkball/wall3.png
Loaded wall from: src/main/resources/inkball/wall3.png
Loaded wall from: src/main/resources/inkball/wall4.png
Config load finishes!
Loaded wall from: src/main/resources/inkball/wall4.png
Config load finishes!
Created Wall at (0, 0)
Created Wall at (1, 0)
Created Wall at (0, 0)
Created Wall at (2, 0)
Created Wall at (1, 0)
Created Wall at (3, 0)
Created Wall at (2, 0)
Created Wall at (4, 0)
Created Wall at (3, 0)
Created Wall at (4, 0)
Created Wall at (5, 0)
Created Wall at (5, 0)
Created Wall at (6, 0)
Created Wall at (6, 0)
Created ColouredWallTile at (7, 0) with colour index: 2
Created ColouredWallTile at (7, 0) with colour index: 2
Created ColouredWallTile at (8, 0) with colour index: 2
Created ColouredWallTile at (8, 0) with colour index: 2
Created ColouredWallTile at (9, 0) with colour index: 2
Created ColouredWallTile at (9, 0) with colour index: 2
Created ColouredWallTile at (10, 0) with colour index: 2
Created ColouredWallTile at (10, 0) with colour index: 2
Created Wall at (11, 0)
Created Wall at (11, 0)
Created Wall at (12, 0)
Created Wall at (12, 0)
Created Wall at (13, 0)
Created Wall at (13, 0)
Created Wall at (14, 0)
Created Wall at (14, 0)
Created Wall at (15, 0)
Created Wall at (15, 0)
Created Wall at (16, 0)
Created Wall at (16, 0)
Created Wall at (17, 0)
Created Wall at (17, 0)
Created Wall at (0, 1)
Created Wall at (0, 1)
Put Hole at center: [ 512.0, 128.0, 0.0 ] with colour 0
Created Hole at (15, 1) with color index: 0
Put Hole at center: [ 512.0, 128.0, 0.0 ] with colour 0
Created Hole at (15, 1) with color index: 0
Created Wall at (17, 1)
Created Wall at (17, 1)
Created Wall at (0, 2)
Created Wall at (0, 2)
Created Wall at (17, 2)
Created Wall at (0, 3)
Created Wall at (17, 2)
Created Wall at (17, 3)
Created Wall at (0, 3)
Created Wall at (0, 4)
Created Wall at (17, 3)
Created Wall at (17, 4)
Created Wall at (0, 4)
Created Wall at (17, 4)
Created Wall at (0, 5)
Created Wall at (0, 5)
Created Wall at (17, 5)
Created Wall at (17, 5)
Created Wall at (0, 6)
Created Wall at (0, 6)
Created Wall at (5, 6)
Created Wall at (5, 6)
Created Wall at (6, 6)
Created Wall at (6, 6)
Created Wall at (10, 6)
Created Wall at (10, 6)
Put Hole at center: [ 384.0, 288.0, 0.0 ] with colour 1
Created Hole at (11, 6) with color index: 1
Put Hole at center: [ 384.0, 288.0, 0.0 ] with colour 1
Created Hole at (11, 6) with color index: 1
Created Wall at (17, 6)
Created Wall at (17, 6)
Created Wall at (0, 7)
Created Wall at (0, 7)
Created Wall at (6, 7)
Created Wall at (6, 7)
Created Wall at (8, 7)
Created Wall at (8, 7)
Created Wall at (9, 7)
Created Wall at (9, 7)
Created Wall at (17, 7)
Created Wall at (17, 7)
Created Wall at (0, 8)
Created Wall at (0, 8)
Created EntryPoint/Spawner at (5, 8)
Created EntryPoint/Spawner at (5, 8)
Created Wall at (6, 8)
Created Wall at (6, 8)
Created Wall at (7, 8)
Created Wall at (7, 8)
Created Wall at (17, 8)
Created Wall at (17, 8)
Created Wall at (0, 9)
Created Wall at (0, 9)
Created Wall at (6, 9)
Created Wall at (6, 9)
Created Wall at (8, 9)
Created Wall at (8, 9)
Created Wall at (9, 9)
Created Wall at (9, 9)
Put Hole at center: [ 384.0, 384.0, 0.0 ] with colour 2
Created Hole at (11, 9) with color index: 2
Put Hole at center: [ 384.0, 384.0, 0.0 ] with colour 2
Created Hole at (11, 9) with color index: 2
Created Wall at (17, 9)
Created Wall at (17, 9)
Created Wall at (0, 10)
Created Wall at (0, 10)
Created Wall at (5, 10)
Created Wall at (5, 10)
Created Wall at (6, 10)
Created Wall at (6, 10)
Created Wall at (10, 10)
Created Wall at (10, 10)
Created Wall at (17, 10)
Created Wall at (17, 10)
Created Wall at (0, 11)
Created Wall at (0, 11)
Created Wall at (17, 11)
Created Wall at (17, 11)
Created Wall at (0, 12)
Created Wall at (0, 12)
Created Wall at (17, 12)
Created Wall at (17, 12)
Created Wall at (0, 13)
Created Wall at (0, 13)
Ball initialized at position: [ 192.0, 480.0, 0.0 ] with velocity: [ 2.0, 2.0, 0.0 ]
Ball initialized at position: [ 192.0, 480.0, 0.0 ] with velocity: [ 2.0, -2.0, 0.0 ]
Created Ball at (6, 13) with color index: 2
Created Ball at (6, 13) with color index: 2
Created Wall at (17, 13)
Created Wall at (17, 13)
Created Wall at (0, 14)
Created Wall at (0, 14)
Created Wall at (17, 14)
Created Wall at (17, 14)
Created Wall at (0, 15)
Created Wall at (0, 15)
Put Hole at center: [ 512.0, 576.0, 0.0 ] with colour 0
Created Hole at (15, 15) with color index: 0
Put Hole at center: [ 512.0, 576.0, 0.0 ] with colour 0
Created Hole at (15, 15) with color index: 0
Created Wall at (17, 15)
Created Wall at (17, 15)
Created Wall at (0, 16)
Created Wall at (0, 16)
Created Wall at (17, 16)
Created Wall at (17, 16)
Created Wall at (0, 17)
Created Wall at (0, 17)
Created Wall at (1, 17)
Created Wall at (1, 17)
Created Wall at (2, 17)
Created Wall at (2, 17)
Created Wall at (3, 17)
Created Wall at (3, 17)
Created Wall at (4, 17)
Created Wall at (4, 17)
Created Wall at (5, 17)
Created Wall at (5, 17)
Created Wall at (6, 17)
Created Wall at (6, 17)
Created ColouredWallTile at (7, 17) with colour index: 1
Created ColouredWallTile at (7, 17) with colour index: 1
Created ColouredWallTile at (8, 17) with colour index: 1
Created ColouredWallTile at (8, 17) with colour index: 1
Created ColouredWallTile at (9, 17) with colour index: 1
Created ColouredWallTile at (9, 17) with colour index: 1
Created ColouredWallTile at (10, 17) with colour index: 1
Created ColouredWallTile at (10, 17) with colour index: 1
Created Wall at (11, 17)
Created Wall at (11, 17)
Created Wall at (12, 17)
Created Wall at (12, 17)
Created Wall at (13, 17)
Created Wall at (13, 17)
Created Wall at (14, 17)
Created Wall at (14, 17)
Created Wall at (15, 17)
Created Wall at (15, 17)
Created Wall at (16, 17)
Created Wall at (16, 17)
Created Wall at (17, 17)
Level layout loaded from: level1.txt
Number of holes loaded: 4
Created Wall at (17, 17)
Level layout loaded from: level1.txt
Number of holes loaded: 4
Created Wall at (0, 0)
Created Wall at (1, 0)
Created Wall at (2, 0)
Created Wall at (3, 0)
Created Wall at (4, 0)
Created Wall at (5, 0)
Created Wall at (6, 0)
Created ColouredWallTile at (7, 0) with colour index: 2
Created ColouredWallTile at (8, 0) with colour index: 2
Created ColouredWallTile at (9, 0) with colour index: 2
Created ColouredWallTile at (10, 0) with colour index: 2
Created Wall at (11, 0)
Created Wall at (12, 0)
Created Wall at (13, 0)
Created Wall at (14, 0)
Created Wall at (15, 0)
Created Wall at (16, 0)
Created Wall at (17, 0)
Created Wall at (0, 1)
Put Hole at center: [ 512.0, 128.0, 0.0 ] with colour 0
Created Hole at (15, 1) with color index: 0
Created Wall at (17, 1)
Created Wall at (0, 2)
Created Wall at (17, 2)
Created Wall at (0, 3)
Created Wall at (17, 3)
Created Wall at (0, 4)
Created Wall at (17, 4)
Created Wall at (0, 5)
Created Wall at (17, 5)
Created Wall at (0, 6)
Created Wall at (5, 6)
Created Wall at (6, 6)
Created Wall at (10, 6)
Put Hole at center: [ 384.0, 288.0, 0.0 ] with colour 1
Created Hole at (11, 6) with color index: 1
Created Wall at (17, 6)
Created Wall at (0, 7)
Created Wall at (6, 7)
Created Wall at (8, 7)
Created Wall at (9, 7)
Created Wall at (17, 7)
Created Wall at (0, 8)
Created EntryPoint/Spawner at (5, 8)
Created Wall at (6, 8)
Created Wall at (7, 8)
Created Wall at (17, 8)
Created Wall at (0, 9)
Created Wall at (6, 9)
Created Wall at (8, 9)
Created Wall at (9, 9)
Put Hole at center: [ 384.0, 384.0, 0.0 ] with colour 2
Created Hole at (11, 9) with color index: 2
Created Wall at (17, 9)
Created Wall at (0, 10)
Created Wall at (5, 10)
Created Wall at (6, 10)
Created Wall at (10, 10)
Created Wall at (17, 10)
Created Wall at (0, 11)
Created Wall at (17, 11)
Created Wall at (0, 12)
Created Wall at (17, 12)
Created Wall at (0, 13)
Ball initialized at position: [ 192.0, 480.0, 0.0 ] with velocity: [ 2.0, 2.0, 0.0 ]
Created Ball at (6, 13) with color index: 2
Created Wall at (17, 13)
Created Wall at (0, 14)
Created Wall at (17, 14)
Created Wall at (0, 15)
Put Hole at center: [ 512.0, 576.0, 0.0 ] with colour 0
Created Hole at (15, 15) with color index: 0
Created Wall at (17, 15)
Created Wall at (0, 16)
Created Wall at (17, 16)
Created Wall at (0, 17)
Created Wall at (1, 17)
Created Wall at (2, 17)
Created Wall at (3, 17)
Created Wall at (4, 17)
Created Wall at (5, 17)
Created Wall at (6, 17)
Created ColouredWallTile at (7, 17) with colour index: 1
Created ColouredWallTile at (8, 17) with colour index: 1
Created ColouredWallTile at (9, 17) with colour index: 1
Created ColouredWallTile at (10, 17) with colour index: 1
Created Wall at (11, 17)
Created Wall at (12, 17)
Created Wall at (13, 17)
Created Wall at (14, 17)
Created Wall at (15, 17)
Created Wall at (16, 17)
Created Wall at (17, 17)
Level layout loaded from: level1.txt
Number of holes loaded: 4
Loaded wall from: src/main/resources/inkball/wall0.png
Loaded wall from: src/main/resources/inkball/wall1.png
Loaded wall from: src/main/resources/inkball/wall2.png
Loaded wall from: src/main/resources/inkball/wall3.png
Loaded wall from: src/main/resources/inkball/wall4.png
Config load finishes!
Created Wall at (0, 0)
Created Wall at (1, 0)
Created Wall at (2, 0)
Created Wall at (3, 0)
Created Wall at (4, 0)
Created Wall at (5, 0)
Created Wall at (6, 0)
Created ColouredWallTile at (7, 0) with colour index: 2
Created ColouredWallTile at (8, 0) with colour index: 2
Created ColouredWallTile at (9, 0) with colour index: 2
Created ColouredWallTile at (10, 0) with colour index: 2
Created Wall at (11, 0)
Created Wall at (12, 0)
Created Wall at (13, 0)
Created Wall at (14, 0)
Created Wall at (15, 0)
Created Wall at (16, 0)
Created Wall at (17, 0)
Created Wall at (0, 1)
Put Hole at center: [ 512.0, 128.0, 0.0 ] with colour 0
Created Hole at (15, 1) with color index: 0
Created Wall at (17, 1)
Created Wall at (0, 2)
Created Wall at (17, 2)
Created Wall at (0, 3)
Created Wall at (17, 3)
Created Wall at (0, 4)
Created Wall at (17, 4)
Created Wall at (0, 5)
Created Wall at (17, 5)
Created Wall at (0, 6)
Created Wall at (5, 6)
Created Wall at (6, 6)
Created Wall at (10, 6)
Put Hole at center: [ 384.0, 288.0, 0.0 ] with colour 1
Created Hole at (11, 6) with color index: 1
Created Wall at (17, 6)
Created Wall at (0, 7)
Created Wall at (6, 7)
Created Wall at (8, 7)
Created Wall at (9, 7)
Created Wall at (17, 7)
Created Wall at (0, 8)
Created EntryPoint/Spawner at (5, 8)
Created Wall at (6, 8)
Created Wall at (7, 8)
Created Wall at (17, 8)
Created Wall at (0, 9)
Created Wall at (6, 9)
Created Wall at (8, 9)
Created Wall at (9, 9)
Put Hole at center: [ 384.0, 384.0, 0.0 ] with colour 2
Created Hole at (11, 9) with color index: 2
Created Wall at (17, 9)
Created Wall at (0, 10)
Created Wall at (5, 10)
Created Wall at (6, 10)
Created Wall at (10, 10)
Created Wall at (17, 10)
Created Wall at (0, 11)
Created Wall at (17, 11)
Created Wall at (0, 12)
Created Wall at (17, 12)
Created Wall at (0, 13)
Ball initialized at position: [ 192.0, 480.0, 0.0 ] with velocity: [ 2.0, 2.0, 0.0 ]
Created Ball at (6, 13) with color index: 2
Created Wall at (17, 13)
Created Wall at (0, 14)
Created Wall at (17, 14)
Created Wall at (0, 15)
Put Hole at center: [ 512.0, 576.0, 0.0 ] with colour 0
Created Hole at (15, 15) with color index: 0
Created Wall at (17, 15)
Created Wall at (0, 16)
Created Wall at (17, 16)
Created Wall at (0, 17)
Created Wall at (1, 17)
Created Wall at (2, 17)
Created Wall at (3, 17)
Created Wall at (4, 17)
Created Wall at (5, 17)
Created Wall at (6, 17)
Created ColouredWallTile at (7, 17) with colour index: 1
Created ColouredWallTile at (8, 17) with colour index: 1
Created ColouredWallTile at (9, 17) with colour index: 1
Created ColouredWallTile at (10, 17) with colour index: 1
Created Wall at (11, 17)
Created Wall at (12, 17)
Created Wall at (13, 17)
Created Wall at (14, 17)
Created Wall at (15, 17)
Created Wall at (16, 17)
Created Wall at (17, 17)
Level layout loaded from: level1.txt
Number of holes loaded: 4
Created Wall at (0, 0)
Created Wall at (1, 0)
Created Wall at (2, 0)
Created Wall at (3, 0)
Created Wall at (4, 0)
Created Wall at (5, 0)
Created Wall at (6, 0)
Created ColouredWallTile at (7, 0) with colour index: 2
Created ColouredWallTile at (8, 0) with colour index: 2
Created ColouredWallTile at (9, 0) with colour index: 2
Created ColouredWallTile at (10, 0) with colour index: 2
Created Wall at (11, 0)
Created Wall at (12, 0)
Created Wall at (13, 0)
Created Wall at (14, 0)
Created Wall at (15, 0)
Created Wall at (16, 0)
Created Wall at (17, 0)
Created Wall at (0, 1)
Put Hole at center: [ 512.0, 128.0, 0.0 ] with colour 0
Created Hole at (15, 1) with color index: 0
Created Wall at (17, 1)
Created Wall at (0, 2)
Created Wall at (17, 2)
Created Wall at (0, 3)
Created Wall at (17, 3)
Created Wall at (0, 4)
Created Wall at (17, 4)
Created Wall at (0, 5)
Created Wall at (17, 5)
Created Wall at (0, 6)
Created Wall at (5, 6)
Created Wall at (6, 6)
Created Wall at (10, 6)
Put Hole at center: [ 384.0, 288.0, 0.0 ] with colour 1
Created Hole at (11, 6) with color index: 1
Created Wall at (17, 6)
Created Wall at (0, 7)
Created Wall at (6, 7)
Created Wall at (8, 7)
Created Wall at (9, 7)
Created Wall at (17, 7)
Created Wall at (0, 8)
Created EntryPoint/Spawner at (5, 8)
Created Wall at (6, 8)
Created Wall at (7, 8)
Created Wall at (17, 8)
Created Wall at (0, 9)
Created Wall at (6, 9)
Created Wall at (8, 9)
Created Wall at (9, 9)
Put Hole at center: [ 384.0, 384.0, 0.0 ] with colour 2
Created Hole at (11, 9) with color index: 2
Created Wall at (17, 9)
Created Wall at (0, 10)
Created Wall at (5, 10)
Created Wall at (6, 10)
Created Wall at (10, 10)
Created Wall at (17, 10)
Created Wall at (0, 11)
Created Wall at (17, 11)
Created Wall at (0, 12)
Created Wall at (17, 12)
Created Wall at (0, 13)
Ball initialized at position: [ 192.0, 480.0, 0.0 ] with velocity: [ -2.0, -2.0, 0.0 ]
Created Ball at (6, 13) with color index: 2
Created Wall at (17, 13)
Created Wall at (0, 14)
Created Wall at (17, 14)
Created Wall at (0, 15)
Put Hole at center: [ 512.0, 576.0, 0.0 ] with colour 0
Created Hole at (15, 15) with color index: 0
Created Wall at (17, 15)
Created Wall at (0, 16)
Created Wall at (17, 16)
Created Wall at (0, 17)
Created Wall at (1, 17)
Created Wall at (2, 17)
Created Wall at (3, 17)
Created Wall at (4, 17)
Created Wall at (5, 17)
Created Wall at (6, 17)
Created ColouredWallTile at (7, 17) with colour index: 1
Created ColouredWallTile at (8, 17) with colour index: 1
Created ColouredWallTile at (9, 17) with colour index: 1
Created ColouredWallTile at (10, 17) with colour index: 1
Created Wall at (11, 17)
Created Wall at (12, 17)
Created Wall at (13, 17)
Created Wall at (14, 17)
Created Wall at (15, 17)
Created Wall at (16, 17)
Created Wall at (17, 17)
Level layout loaded from: level1.txt
Number of holes loaded: 4
Level completed successfully!
Remaining time to add: 120 seconds
Yellow Tiles starting at indices: 0, 34
Loaded wall from: src/main/resources/inkball/wall0.png
Loaded wall from: src/main/resources/inkball/wall1.png
Loaded wall from: src/main/resources/inkball/wall2.png
Loaded wall from: src/main/resources/inkball/wall3.png
Loaded wall from: src/main/resources/inkball/wall4.png
Config load finishes!
Created Wall at (0, 0)
Created Wall at (1, 0)
Created Wall at (2, 0)
Created Wall at (3, 0)
Created Wall at (4, 0)
Created Wall at (5, 0)
Created Wall at (6, 0)
Created ColouredWallTile at (7, 0) with colour index: 2
Created ColouredWallTile at (8, 0) with colour index: 2
Created ColouredWallTile at (9, 0) with colour index: 2
Created ColouredWallTile at (10, 0) with colour index: 2
Created Wall at (11, 0)
Created Wall at (12, 0)
Created Wall at (13, 0)
Created Wall at (14, 0)
Created Wall at (15, 0)
Created Wall at (16, 0)
Created Wall at (17, 0)
Created Wall at (0, 1)
Put Hole at center: [ 512.0, 128.0, 0.0 ] with colour 0
Created Hole at (15, 1) with color index: 0
Created Wall at (17, 1)
Created Wall at (0, 2)
Created Wall at (17, 2)
Created Wall at (0, 3)
Created Wall at (17, 3)
Created Wall at (0, 4)
Created Wall at (17, 4)
Created Wall at (0, 5)
Created Wall at (17, 5)
Created Wall at (0, 6)
Created Wall at (5, 6)
Created Wall at (6, 6)
Created Wall at (10, 6)
Put Hole at center: [ 384.0, 288.0, 0.0 ] with colour 1
Created Hole at (11, 6) with color index: 1
Created Wall at (17, 6)
Created Wall at (0, 7)
Created Wall at (6, 7)
Created Wall at (8, 7)
Created Wall at (9, 7)
Created Wall at (17, 7)
Created Wall at (0, 8)
Created EntryPoint/Spawner at (5, 8)
Created Wall at (6, 8)
Created Wall at (7, 8)
Created Wall at (17, 8)
Created Wall at (0, 9)
Created Wall at (6, 9)
Created Wall at (8, 9)
Created Wall at (9, 9)
Put Hole at center: [ 384.0, 384.0, 0.0 ] with colour 2
Created Hole at (11, 9) with color index: 2
Created Wall at (17, 9)
Created Wall at (0, 10)
Created Wall at (5, 10)
Created Wall at (6, 10)
Created Wall at (10, 10)
Created Wall at (17, 10)
Created Wall at (0, 11)
Created Wall at (17, 11)
Created Wall at (0, 12)
Created Wall at (17, 12)
Created Wall at (0, 13)
Ball initialized at position: [ 192.0, 480.0, 0.0 ] with velocity: [ -2.0, -2.0, 0.0 ]
Created Ball at (6, 13) with color index: 2
Created Wall at (17, 13)
Created Wall at (0, 14)
Created Wall at (17, 14)
Created Wall at (0, 15)
Put Hole at center: [ 512.0, 576.0, 0.0 ] with colour 0
Created Hole at (15, 15) with color index: 0
Created Wall at (17, 15)
Created Wall at (0, 16)
Created Wall at (17, 16)
Created Wall at (0, 17)
Created Wall at (1, 17)
Created Wall at (2, 17)
Created Wall at (3, 17)
Created Wall at (4, 17)
Created Wall at (5, 17)
Created Wall at (6, 17)
Created ColouredWallTile at (7, 17) with colour index: 1
Created ColouredWallTile at (8, 17) with colour index: 1
Created ColouredWallTile at (9, 17) with colour index: 1
Created ColouredWallTile at (10, 17) with colour index: 1
Created Wall at (11, 17)
Created Wall at (12, 17)
Created Wall at (13, 17)
Created Wall at (14, 17)
Created Wall at (15, 17)
Created Wall at (16, 17)
Created Wall at (17, 17)
Level layout loaded from: level1.txt
Number of holes loaded: 4
Created Wall at (0, 0)
Created Wall at (1, 0)
Created Wall at (2, 0)
Created Wall at (3, 0)
Created Wall at (4, 0)
Created Wall at (5, 0)
Created Wall at (6, 0)
Created ColouredWallTile at (7, 0) with colour index: 2
Created ColouredWallTile at (8, 0) with colour index: 2
Created ColouredWallTile at (9, 0) with colour index: 2
Created ColouredWallTile at (10, 0) with colour index: 2
Created Wall at (11, 0)
Created Wall at (12, 0)
Created Wall at (13, 0)
Created Wall at (14, 0)
Created Wall at (15, 0)
Created Wall at (16, 0)
Created Wall at (17, 0)
Created Wall at (0, 1)
Put Hole at center: [ 512.0, 128.0, 0.0 ] with colour 0
Created Hole at (15, 1) with color index: 0
Created Wall at (17, 1)
Created Wall at (0, 2)
Created Wall at (17, 2)
Created Wall at (0, 3)
Created Wall at (17, 3)
Created Wall at (0, 4)
Created Wall at (17, 4)
Created Wall at (0, 5)
Created Wall at (17, 5)
Created Wall at (0, 6)
Created Wall at (5, 6)
Created Wall at (6, 6)
Created Wall at (10, 6)
Put Hole at center: [ 384.0, 288.0, 0.0 ] with colour 1
Created Hole at (11, 6) with color index: 1
Created Wall at (17, 6)
Created Wall at (0, 7)
Created Wall at (6, 7)
Created Wall at (8, 7)
Created Wall at (9, 7)
Created Wall at (17, 7)
Created Wall at (0, 8)
Created EntryPoint/Spawner at (5, 8)
Created Wall at (6, 8)
Created Wall at (7, 8)
Created Wall at (17, 8)
Created Wall at (0, 9)
Created Wall at (6, 9)
Created Wall at (8, 9)
Created Wall at (9, 9)
Put Hole at center: [ 384.0, 384.0, 0.0 ] with colour 2
Created Hole at (11, 9) with color index: 2
Created Wall at (17, 9)
Created Wall at (0, 10)
Created Wall at (5, 10)
Created Wall at (6, 10)
Created Wall at (10, 10)
Created Wall at (17, 10)
Created Wall at (0, 11)
Created Wall at (17, 11)
Created Wall at (0, 12)
Created Wall at (17, 12)
Created Wall at (0, 13)
Ball initialized at position: [ 192.0, 480.0, 0.0 ] with velocity: [ 2.0, -2.0, 0.0 ]
Created Ball at (6, 13) with color index: 2
Created Wall at (17, 13)
Created Wall at (0, 14)
Created Wall at (17, 14)
Created Wall at (0, 15)
Put Hole at center: [ 512.0, 576.0, 0.0 ] with colour 0
Created Hole at (15, 15) with color index: 0
Created Wall at (17, 15)
Created Wall at (0, 16)
Created Wall at (17, 16)
Created Wall at (0, 17)
Created Wall at (1, 17)
Created Wall at (2, 17)
Created Wall at (3, 17)
Created Wall at (4, 17)
Created Wall at (5, 17)
Created Wall at (6, 17)
Created ColouredWallTile at (7, 17) with colour index: 1
Created ColouredWallTile at (8, 17) with colour index: 1
Created ColouredWallTile at (9, 17) with colour index: 1
Created ColouredWallTile at (10, 17) with colour index: 1
Created Wall at (11, 17)
Created Wall at (12, 17)
Created Wall at (13, 17)
Created Wall at (14, 17)
Created Wall at (15, 17)
Created Wall at (16, 17)
Created Wall at (17, 17)
Level layout loaded from: level1.txt
Number of holes loaded: 4
Created Wall at (0, 0)
Created Wall at (1, 0)
Created Wall at (2, 0)
Created Wall at (3, 0)
Created Wall at (4, 0)
Created Wall at (5, 0)
Created Wall at (6, 0)
Created ColouredWallTile at (7, 0) with colour index: 2
Created ColouredWallTile at (8, 0) with colour index: 2
Created ColouredWallTile at (9, 0) with colour index: 2
Created ColouredWallTile at (10, 0) with colour index: 2
Created Wall at (11, 0)
Created Wall at (12, 0)
Created Wall at (13, 0)
Created Wall at (14, 0)
Created Wall at (15, 0)
Created Wall at (16, 0)
Created Wall at (17, 0)
Created Wall at (0, 1)
Put Hole at center: [ 512.0, 128.0, 0.0 ] with colour 0
Created Hole at (15, 1) with color index: 0
Created Wall at (17, 1)
Created Wall at (0, 2)
Created Wall at (17, 2)
Created Wall at (0, 3)
Created Wall at (17, 3)
Created Wall at (0, 4)
Created Wall at (17, 4)
Created Wall at (0, 5)
Created Wall at (17, 5)
Created Wall at (0, 6)
Created Wall at (5, 6)
Created Wall at (6, 6)
Created Wall at (10, 6)
Put Hole at center: [ 384.0, 288.0, 0.0 ] with colour 1
Created Hole at (11, 6) with color index: 1
Created Wall at (17, 6)
Created Wall at (0, 7)
Created Wall at (6, 7)
Created Wall at (8, 7)
Created Wall at (9, 7)
Created Wall at (17, 7)
Created Wall at (0, 8)
Created EntryPoint/Spawner at (5, 8)
Created Wall at (6, 8)
Created Wall at (7, 8)
Created Wall at (17, 8)
Created Wall at (0, 9)
Created Wall at (6, 9)
Created Wall at (8, 9)
Created Wall at (9, 9)
Put Hole at center: [ 384.0, 384.0, 0.0 ] with colour 2
Created Hole at (11, 9) with color index: 2
Created Wall at (17, 9)
Created Wall at (0, 10)
Created Wall at (5, 10)
Created Wall at (6, 10)
Created Wall at (10, 10)
Created Wall at (17, 10)
Created Wall at (0, 11)
Created Wall at (17, 11)
Created Wall at (0, 12)
Created Wall at (17, 12)
Created Wall at (0, 13)
Ball initialized at position: [ 192.0, 480.0, 0.0 ] with velocity: [ 2.0, 2.0, 0.0 ]
Created Ball at (6, 13) with color index: 2
Created Wall at (17, 13)
Created Wall at (0, 14)
Created Wall at (17, 14)
Created Wall at (0, 15)
Put Hole at center: [ 512.0, 576.0, 0.0 ] with colour 0
Created Hole at (15, 15) with color index: 0
Created Wall at (17, 15)
Created Wall at (0, 16)
Created Wall at (17, 16)
Created Wall at (0, 17)
Created Wall at (1, 17)
Created Wall at (2, 17)
Created Wall at (3, 17)
Created Wall at (4, 17)
Created Wall at (5, 17)
Created Wall at (6, 17)
Created ColouredWallTile at (7, 17) with colour index: 1
Created ColouredWallTile at (8, 17) with colour index: 1
Created ColouredWallTile at (9, 17) with colour index: 1
Created ColouredWallTile at (10, 17) with colour index: 1
Created Wall at (11, 17)
Created Wall at (12, 17)
Created Wall at (13, 17)
Created Wall at (14, 17)
Created Wall at (15, 17)
Created Wall at (16, 17)
Created Wall at (17, 17)
Level layout loaded from: level1.txt
Number of holes loaded: 4
Level completed successfully!
Remaining time to add: 120 seconds
Yellow Tiles starting at indices: 0, 34
Loaded wall from: src/main/resources/inkball/wall0.png
Loaded wall from: src/main/resources/inkball/wall1.png
Loaded wall from: src/main/resources/inkball/wall2.png
Loaded wall from: src/main/resources/inkball/wall3.png
Loaded wall from: src/main/resources/inkball/wall4.png
Config load finishes!
Created Wall at (0, 0)
Created Wall at (1, 0)
Created Wall at (2, 0)
Created Wall at (3, 0)
Created Wall at (4, 0)
Created Wall at (5, 0)
Created Wall at (6, 0)
Created ColouredWallTile at (7, 0) with colour index: 2
Created ColouredWallTile at (8, 0) with colour index: 2
Created ColouredWallTile at (9, 0) with colour index: 2
Created ColouredWallTile at (10, 0) with colour index: 2
Created Wall at (11, 0)
Created Wall at (12, 0)
Created Wall at (13, 0)
Created Wall at (14, 0)
Created Wall at (15, 0)
Created Wall at (16, 0)
Created Wall at (17, 0)
Created Wall at (0, 1)
Put Hole at center: [ 512.0, 128.0, 0.0 ] with colour 0
Created Hole at (15, 1) with color index: 0
Created Wall at (17, 1)
Created Wall at (0, 2)
Created Wall at (17, 2)
Created Wall at (0, 3)
Created Wall at (17, 3)
Created Wall at (0, 4)
Created Wall at (17, 4)
Created Wall at (0, 5)
Created Wall at (17, 5)
Created Wall at (0, 6)
Created Wall at (5, 6)
Created Wall at (6, 6)
Created Wall at (10, 6)
Put Hole at center: [ 384.0, 288.0, 0.0 ] with colour 1
Created Hole at (11, 6) with color index: 1
Created Wall at (17, 6)
Created Wall at (0, 7)
Created Wall at (6, 7)
Created Wall at (8, 7)
Created Wall at (9, 7)
Created Wall at (17, 7)
Created Wall at (0, 8)
Created EntryPoint/Spawner at (5, 8)
Created Wall at (6, 8)
Created Wall at (7, 8)
Created Wall at (17, 8)
Created Wall at (0, 9)
Created Wall at (6, 9)
Created Wall at (8, 9)
Created Wall at (9, 9)
Put Hole at center: [ 384.0, 384.0, 0.0 ] with colour 2
Created Hole at (11, 9) with color index: 2
Created Wall at (17, 9)
Created Wall at (0, 10)
Created Wall at (5, 10)
Created Wall at (6, 10)
Created Wall at (10, 10)
Created Wall at (17, 10)
Created Wall at (0, 11)
Created Wall at (17, 11)
Created Wall at (0, 12)
Created Wall at (17, 12)
Created Wall at (0, 13)
Ball initialized at position: [ 192.0, 480.0, 0.0 ] with velocity: [ -2.0, -2.0, 0.0 ]
Created Ball at (6, 13) with color index: 2
Created Wall at (17, 13)
Created Wall at (0, 14)
Created Wall at (17, 14)
Created Wall at (0, 15)
Put Hole at center: [ 512.0, 576.0, 0.0 ] with colour 0
Created Hole at (15, 15) with color index: 0
Created Wall at (17, 15)
Created Wall at (0, 16)
Created Wall at (17, 16)
Created Wall at (0, 17)
Created Wall at (1, 17)
Created Wall at (2, 17)
Created Wall at (3, 17)
Created Wall at (4, 17)
Created Wall at (5, 17)
Created Wall at (6, 17)
Created ColouredWallTile at (7, 17) with colour index: 1
Created ColouredWallTile at (8, 17) with colour index: 1
Created ColouredWallTile at (9, 17) with colour index: 1
Created ColouredWallTile at (10, 17) with colour index: 1
Created Wall at (11, 17)
Created Wall at (12, 17)
Created Wall at (13, 17)
Created Wall at (14, 17)
Created Wall at (15, 17)
Created Wall at (16, 17)
Created Wall at (17, 17)
Level layout loaded from: level1.txt
Number of holes loaded: 4
Created Wall at (0, 0)
Created Wall at (1, 0)
Created Wall at (2, 0)
Created Wall at (3, 0)
Created Wall at (4, 0)
Created Wall at (5, 0)
Created Wall at (6, 0)
Created ColouredWallTile at (7, 0) with colour index: 2
Created ColouredWallTile at (8, 0) with colour index: 2
Created ColouredWallTile at (9, 0) with colour index: 2
Created ColouredWallTile at (10, 0) with colour index: 2
Created Wall at (11, 0)
Created Wall at (12, 0)
Created Wall at (13, 0)
Created Wall at (14, 0)
Created Wall at (15, 0)
Created Wall at (16, 0)
Created Wall at (17, 0)
Created Wall at (0, 1)
Put Hole at center: [ 512.0, 128.0, 0.0 ] with colour 0
Created Hole at (15, 1) with color index: 0
Created Wall at (17, 1)
Created Wall at (0, 2)
Created Wall at (17, 2)
Created Wall at (0, 3)
Created Wall at (17, 3)
Created Wall at (0, 4)
Created Wall at (17, 4)
Created Wall at (0, 5)
Created Wall at (17, 5)
Created Wall at (0, 6)
Created Wall at (5, 6)
Created Wall at (6, 6)
Created Wall at (10, 6)
Put Hole at center: [ 384.0, 288.0, 0.0 ] with colour 1
Created Hole at (11, 6) with color index: 1
Created Wall at (17, 6)
Created Wall at (0, 7)
Created Wall at (6, 7)
Created Wall at (8, 7)
Created Wall at (9, 7)
Created Wall at (17, 7)
Created Wall at (0, 8)
Created EntryPoint/Spawner at (5, 8)
Created Wall at (6, 8)
Created Wall at (7, 8)
Created Wall at (17, 8)
Created Wall at (0, 9)
Created Wall at (6, 9)
Created Wall at (8, 9)
Created Wall at (9, 9)
Put Hole at center: [ 384.0, 384.0, 0.0 ] with colour 2
Created Hole at (11, 9) with color index: 2
Created Wall at (17, 9)
Created Wall at (0, 10)
Created Wall at (5, 10)
Created Wall at (6, 10)
Created Wall at (10, 10)
Created Wall at (17, 10)
Created Wall at (0, 11)
Created Wall at (17, 11)
Created Wall at (0, 12)
Created Wall at (17, 12)
Created Wall at (0, 13)
Ball initialized at position: [ 192.0, 480.0, 0.0 ] with velocity: [ -2.0, -2.0, 0.0 ]
Created Ball at (6, 13) with color index: 2
Created Wall at (17, 13)
Created Wall at (0, 14)
Created Wall at (17, 14)
Created Wall at (0, 15)
Put Hole at center: [ 512.0, 576.0, 0.0 ] with colour 0
Created Hole at (15, 15) with color index: 0
Created Wall at (17, 15)
Created Wall at (0, 16)
Created Wall at (17, 16)
Created Wall at (0, 17)
Created Wall at (1, 17)
Created Wall at (2, 17)
Created Wall at (3, 17)
Created Wall at (4, 17)
Created Wall at (5, 17)
Created Wall at (6, 17)
Created ColouredWallTile at (7, 17) with colour index: 1
Created ColouredWallTile at (8, 17) with colour index: 1
Created ColouredWallTile at (9, 17) with colour index: 1
Created ColouredWallTile at (10, 17) with colour index: 1
Created Wall at (11, 17)
Created Wall at (12, 17)
Created Wall at (13, 17)
Created Wall at (14, 17)
Created Wall at (15, 17)
Created Wall at (16, 17)
Created Wall at (17, 17)
Level layout loaded from: level1.txt
Number of holes loaded: 4
Loaded wall from: src/main/resources/inkball/wall0.png
Loaded wall from: src/main/resources/inkball/wall1.png
Loaded wall from: src/main/resources/inkball/wall2.png
Loaded wall from: src/main/resources/inkball/wall3.png
Loaded wall from: src/main/resources/inkball/wall4.png
Config load finishes!
Created Wall at (0, 0)
Created Wall at (1, 0)
Created Wall at (2, 0)
Created Wall at (3, 0)
Created Wall at (4, 0)
Created Wall at (5, 0)
Created Wall at (6, 0)
Created ColouredWallTile at (7, 0) with colour index: 2
Created ColouredWallTile at (8, 0) with colour index: 2
Created ColouredWallTile at (9, 0) with colour index: 2
Created ColouredWallTile at (10, 0) with colour index: 2
Created Wall at (11, 0)
Created Wall at (12, 0)
Created Wall at (13, 0)
Created Wall at (14, 0)
Created Wall at (15, 0)
Created Wall at (16, 0)
Created Wall at (17, 0)
Created Wall at (0, 1)
Put Hole at center: [ 512.0, 128.0, 0.0 ] with colour 0
Created Hole at (15, 1) with color index: 0
Created Wall at (17, 1)
Created Wall at (0, 2)
Created Wall at (17, 2)
Created Wall at (0, 3)
Created Wall at (17, 3)
Created Wall at (0, 4)
Created Wall at (17, 4)
Created Wall at (0, 5)
Created Wall at (17, 5)
Created Wall at (0, 6)
Created Wall at (5, 6)
Created Wall at (6, 6)
Created Wall at (10, 6)
Put Hole at center: [ 384.0, 288.0, 0.0 ] with colour 1
Created Hole at (11, 6) with color index: 1
Created Wall at (17, 6)
Created Wall at (0, 7)
Created Wall at (6, 7)
Created Wall at (8, 7)
Created Wall at (9, 7)
Created Wall at (17, 7)
Created Wall at (0, 8)
Created EntryPoint/Spawner at (5, 8)
Created Wall at (6, 8)
Created Wall at (7, 8)
Created Wall at (17, 8)
Created Wall at (0, 9)
Created Wall at (6, 9)
Created Wall at (8, 9)
Created Wall at (9, 9)
Put Hole at center: [ 384.0, 384.0, 0.0 ] with colour 2
Created Hole at (11, 9) with color index: 2
Created Wall at (17, 9)
Created Wall at (0, 10)
Created Wall at (5, 10)
Created Wall at (6, 10)
Created Wall at (10, 10)
Created Wall at (17, 10)
Created Wall at (0, 11)
Created Wall at (17, 11)
Created Wall at (0, 12)
Created Wall at (17, 12)
Created Wall at (0, 13)
Ball initialized at position: [ 192.0, 480.0, 0.0 ] with velocity: [ 2.0, 2.0, 0.0 ]
Created Ball at (6, 13) with color index: 2
Created Wall at (17, 13)
Created Wall at (0, 14)
Created Wall at (17, 14)
Created Wall at (0, 15)
Put Hole at center: [ 512.0, 576.0, 0.0 ] with colour 0
Created Hole at (15, 15) with color index: 0
Created Wall at (17, 15)
Created Wall at (0, 16)
Created Wall at (17, 16)
Created Wall at (0, 17)
Created Wall at (1, 17)
Created Wall at (2, 17)
Created Wall at (3, 17)
Created Wall at (4, 17)
Created Wall at (5, 17)
Created Wall at (6, 17)
Created ColouredWallTile at (7, 17) with colour index: 1
Created ColouredWallTile at (8, 17) with colour index: 1
Created ColouredWallTile at (9, 17) with colour index: 1
Created ColouredWallTile at (10, 17) with colour index: 1
Created Wall at (11, 17)
Created Wall at (12, 17)
Created Wall at (13, 17)
Created Wall at (14, 17)
Created Wall at (15, 17)
Created Wall at (16, 17)
Created Wall at (17, 17)
Level layout loaded from: level1.txt
Number of holes loaded: 4
Created Wall at (0, 0)
Created Wall at (1, 0)
Created Wall at (2, 0)
Created Wall at (3, 0)
Created Wall at (4, 0)
Created Wall at (5, 0)
Created Wall at (6, 0)
Created ColouredWallTile at (7, 0) with colour index: 2
Created ColouredWallTile at (8, 0) with colour index: 2
Created ColouredWallTile at (9, 0) with colour index: 2
Created ColouredWallTile at (10, 0) with colour index: 2
Created Wall at (11, 0)
Created Wall at (12, 0)
Created Wall at (13, 0)
Created Wall at (14, 0)
Created Wall at (15, 0)
Created Wall at (16, 0)
Created Wall at (17, 0)
Created Wall at (0, 1)
Put Hole at center: [ 512.0, 128.0, 0.0 ] with colour 0
Created Hole at (15, 1) with color index: 0
Created Wall at (17, 1)
Created Wall at (0, 2)
Created Wall at (17, 2)
Created Wall at (0, 3)
Created Wall at (17, 3)
Created Wall at (0, 4)
Created Wall at (17, 4)
Created Wall at (0, 5)
Created Wall at (17, 5)
Created Wall at (0, 6)
Created Wall at (5, 6)
Created Wall at (6, 6)
Created Wall at (10, 6)
Put Hole at center: [ 384.0, 288.0, 0.0 ] with colour 1
Created Hole at (11, 6) with color index: 1
Created Wall at (17, 6)
Created Wall at (0, 7)
Created Wall at (6, 7)
Created Wall at (8, 7)
Created Wall at (9, 7)
Created Wall at (17, 7)
Created Wall at (0, 8)
Created EntryPoint/Spawner at (5, 8)
Created Wall at (6, 8)
Created Wall at (7, 8)
Created Wall at (17, 8)
Created Wall at (0, 9)
Created Wall at (6, 9)
Created Wall at (8, 9)
Created Wall at (9, 9)
Put Hole at center: [ 384.0, 384.0, 0.0 ] with colour 2
Created Hole at (11, 9) with color index: 2
Created Wall at (17, 9)
Created Wall at (0, 10)
Created Wall at (5, 10)
Created Wall at (6, 10)
Created Wall at (10, 10)
Created Wall at (17, 10)
Created Wall at (0, 11)
Created Wall at (17, 11)
Created Wall at (0, 12)
Created Wall at (17, 12)
Created Wall at (0, 13)
Ball initialized at position: [ 192.0, 480.0, 0.0 ] with velocity: [ -2.0, -2.0, 0.0 ]
Created Ball at (6, 13) with color index: 2
Created Wall at (17, 13)
Created Wall at (0, 14)
Created Wall at (17, 14)
Created Wall at (0, 15)
Put Hole at center: [ 512.0, 576.0, 0.0 ] with colour 0
Created Hole at (15, 15) with color index: 0
Created Wall at (17, 15)
Created Wall at (0, 16)
Created Wall at (17, 16)
Created Wall at (0, 17)
Created Wall at (1, 17)
Created Wall at (2, 17)
Created Wall at (3, 17)
Created Wall at (4, 17)
Created Wall at (5, 17)
Created Wall at (6, 17)
Created ColouredWallTile at (7, 17) with colour index: 1
Created ColouredWallTile at (8, 17) with colour index: 1
Created ColouredWallTile at (9, 17) with colour index: 1
Created ColouredWallTile at (10, 17) with colour index: 1
Created Wall at (11, 17)
Created Wall at (12, 17)
Created Wall at (13, 17)
Created Wall at (14, 17)
Created Wall at (15, 17)
Created Wall at (16, 17)
Created Wall at (17, 17)
Level layout loaded from: level1.txt
Number of holes loaded: 4
Loaded wall from: src/main/resources/inkball/wall0.png
Loaded wall from: src/main/resources/inkball/wall1.png
Loaded wall from: src/main/resources/inkball/wall2.png
Loaded wall from: src/main/resources/inkball/wall3.png
Loaded wall from: src/main/resources/inkball/wall4.png
Config load finishes!
Created Wall at (0, 0)
Created Wall at (1, 0)
Created Wall at (2, 0)
Created Wall at (3, 0)
Created Wall at (4, 0)
Created Wall at (5, 0)
Created Wall at (6, 0)
Created ColouredWallTile at (7, 0) with colour index: 2
Created ColouredWallTile at (8, 0) with colour index: 2
Created ColouredWallTile at (9, 0) with colour index: 2
Created ColouredWallTile at (10, 0) with colour index: 2
Created Wall at (11, 0)
Created Wall at (12, 0)
Created Wall at (13, 0)
Created Wall at (14, 0)
Created Wall at (15, 0)
Created Wall at (16, 0)
Created Wall at (17, 0)
Created Wall at (0, 1)
Put Hole at center: [ 512.0, 128.0, 0.0 ] with colour 0
Created Hole at (15, 1) with color index: 0
Created Wall at (17, 1)
Created Wall at (0, 2)
Created Wall at (17, 2)
Created Wall at (0, 3)
Created Wall at (17, 3)
Created Wall at (0, 4)
Created Wall at (17, 4)
Created Wall at (0, 5)
Created Wall at (17, 5)
Created Wall at (0, 6)
Created Wall at (5, 6)
Created Wall at (6, 6)
Created Wall at (10, 6)
Put Hole at center: [ 384.0, 288.0, 0.0 ] with colour 1
Created Hole at (11, 6) with color index: 1
Created Wall at (17, 6)
Created Wall at (0, 7)
Created Wall at (6, 7)
Created Wall at (8, 7)
Created Wall at (9, 7)
Created Wall at (17, 7)
Created Wall at (0, 8)
Created EntryPoint/Spawner at (5, 8)
Created Wall at (6, 8)
Created Wall at (7, 8)
Created Wall at (17, 8)
Created Wall at (0, 9)
Created Wall at (6, 9)
Created Wall at (8, 9)
Created Wall at (9, 9)
Put Hole at center: [ 384.0, 384.0, 0.0 ] with colour 2
Created Hole at (11, 9) with color index: 2
Created Wall at (17, 9)
Created Wall at (0, 10)
Created Wall at (5, 10)
Created Wall at (6, 10)
Created Wall at (10, 10)
Created Wall at (17, 10)
Created Wall at (0, 11)
Created Wall at (17, 11)
Created Wall at (0, 12)
Created Wall at (17, 12)
Created Wall at (0, 13)
Ball initialized at position: [ 192.0, 480.0, 0.0 ] with velocity: [ -2.0, -2.0, 0.0 ]
Created Ball at (6, 13) with color index: 2
Created Wall at (17, 13)
Created Wall at (0, 14)
Created Wall at (17, 14)
Created Wall at (0, 15)
Put Hole at center: [ 512.0, 576.0, 0.0 ] with colour 0
Created Hole at (15, 15) with color index: 0
Created Wall at (17, 15)
Created Wall at (0, 16)
Created Wall at (17, 16)
Created Wall at (0, 17)
Created Wall at (1, 17)
Created Wall at (2, 17)
Created Wall at (3, 17)
Created Wall at (4, 17)
Created Wall at (5, 17)
Created Wall at (6, 17)
Created ColouredWallTile at (7, 17) with colour index: 1
Created ColouredWallTile at (8, 17) with colour index: 1
Created ColouredWallTile at (9, 17) with colour index: 1
Created ColouredWallTile at (10, 17) with colour index: 1
Created Wall at (11, 17)
Created Wall at (12, 17)
Created Wall at (13, 17)
Created Wall at (14, 17)
Created Wall at (15, 17)
Created Wall at (16, 17)
Created Wall at (17, 17)
Level layout loaded from: level1.txt
Number of holes loaded: 4
Created Wall at (0, 0)
Created Wall at (1, 0)
Created Wall at (2, 0)
Created Wall at (3, 0)
Created Wall at (4, 0)
Created Wall at (5, 0)
Created Wall at (6, 0)
Created ColouredWallTile at (7, 0) with colour index: 2
Created ColouredWallTile at (8, 0) with colour index: 2
Created ColouredWallTile at (9, 0) with colour index: 2
Created ColouredWallTile at (10, 0) with colour index: 2
Created Wall at (11, 0)
Created Wall at (12, 0)
Created Wall at (13, 0)
Created Wall at (14, 0)
Created Wall at (15, 0)
Created Wall at (16, 0)
Created Wall at (17, 0)
Created Wall at (0, 1)
Put Hole at center: [ 512.0, 128.0, 0.0 ] with colour 0
Created Hole at (15, 1) with color index: 0
Created Wall at (17, 1)
Created Wall at (0, 2)
Created Wall at (17, 2)
Created Wall at (0, 3)
Created Wall at (17, 3)
Created Wall at (0, 4)
Created Wall at (17, 4)
Created Wall at (0, 5)
Created Wall at (17, 5)
Created Wall at (0, 6)
Created Wall at (5, 6)
Created Wall at (6, 6)
Created Wall at (10, 6)
Put Hole at center: [ 384.0, 288.0, 0.0 ] with colour 1
Created Hole at (11, 6) with color index: 1
Created Wall at (17, 6)
Created Wall at (0, 7)
Created Wall at (6, 7)
Created Wall at (8, 7)
Created Wall at (9, 7)
Created Wall at (17, 7)
Created Wall at (0, 8)
Created EntryPoint/Spawner at (5, 8)
Created Wall at (6, 8)
Created Wall at (7, 8)
Created Wall at (17, 8)
Created Wall at (0, 9)
Created Wall at (6, 9)
Created Wall at (8, 9)
Created Wall at (9, 9)
Put Hole at center: [ 384.0, 384.0, 0.0 ] with colour 2
Created Hole at (11, 9) with color index: 2
Created Wall at (17, 9)
Created Wall at (0, 10)
Created Wall at (5, 10)
Created Wall at (6, 10)
Created Wall at (10, 10)
Created Wall at (17, 10)
Created Wall at (0, 11)
Created Wall at (17, 11)
Created Wall at (0, 12)
Created Wall at (17, 12)
Created Wall at (0, 13)
Ball initialized at position: [ 192.0, 480.0, 0.0 ] with velocity: [ -2.0, -2.0, 0.0 ]
Created Ball at (6, 13) with color index: 2
Created Wall at (17, 13)
Created Wall at (0, 14)
Created Wall at (17, 14)
Created Wall at (0, 15)
Put Hole at center: [ 512.0, 576.0, 0.0 ] with colour 0
Created Hole at (15, 15) with color index: 0
Created Wall at (17, 15)
Created Wall at (0, 16)
Created Wall at (17, 16)
Created Wall at (0, 17)
Created Wall at (1, 17)
Created Wall at (2, 17)
Created Wall at (3, 17)
Created Wall at (4, 17)
Created Wall at (5, 17)
Created Wall at (6, 17)
Created ColouredWallTile at (7, 17) with colour index: 1
Created ColouredWallTile at (8, 17) with colour index: 1
Created ColouredWallTile at (9, 17) with colour index: 1
Created ColouredWallTile at (10, 17) with colour index: 1
Created Wall at (11, 17)
Created Wall at (12, 17)
Created Wall at (13, 17)
Created Wall at (14, 17)
Created Wall at (15, 17)
Created Wall at (16, 17)
Created Wall at (17, 17)
Level layout loaded from: level1.txt
Number of holes loaded: 4
Loaded wall from: src/main/resources/inkball/wall0.png
Loaded wall from: src/main/resources/inkball/wall1.png
Loaded wall from: src/main/resources/inkball/wall2.png
Loaded wall from: src/main/resources/inkball/wall3.png
Loaded wall from: src/main/resources/inkball/wall4.png
Config load finishes!
Created Wall at (0, 0)
Created Wall at (1, 0)
Created Wall at (2, 0)
Created Wall at (3, 0)
Created Wall at (4, 0)
Created Wall at (5, 0)
Created Wall at (6, 0)
Created ColouredWallTile at (7, 0) with colour index: 2
Created ColouredWallTile at (8, 0) with colour index: 2
Created ColouredWallTile at (9, 0) with colour index: 2
Created ColouredWallTile at (10, 0) with colour index: 2
Created Wall at (11, 0)
Created Wall at (12, 0)
Created Wall at (13, 0)
Created Wall at (14, 0)
Created Wall at (15, 0)
Created Wall at (16, 0)
Created Wall at (17, 0)
Created Wall at (0, 1)
Put Hole at center: [ 512.0, 128.0, 0.0 ] with colour 0
Created Hole at (15, 1) with color index: 0
Created Wall at (17, 1)
Created Wall at (0, 2)
Created Wall at (17, 2)
Created Wall at (0, 3)
Created Wall at (17, 3)
Created Wall at (0, 4)
Created Wall at (17, 4)
Created Wall at (0, 5)
Created Wall at (17, 5)
Created Wall at (0, 6)
Created Wall at (5, 6)
Created Wall at (6, 6)
Created Wall at (10, 6)
Put Hole at center: [ 384.0, 288.0, 0.0 ] with colour 1
Created Hole at (11, 6) with color index: 1
Created Wall at (17, 6)
Created Wall at (0, 7)
Created Wall at (6, 7)
Created Wall at (8, 7)
Created Wall at (9, 7)
Created Wall at (17, 7)
Created Wall at (0, 8)
Created EntryPoint/Spawner at (5, 8)
Created Wall at (6, 8)
Created Wall at (7, 8)
Created Wall at (17, 8)
Created Wall at (0, 9)
Created Wall at (6, 9)
Created Wall at (8, 9)
Created Wall at (9, 9)
Put Hole at center: [ 384.0, 384.0, 0.0 ] with colour 2
Created Hole at (11, 9) with color index: 2
Created Wall at (17, 9)
Created Wall at (0, 10)
Created Wall at (5, 10)
Created Wall at (6, 10)
Created Wall at (10, 10)
Created Wall at (17, 10)
Created Wall at (0, 11)
Created Wall at (17, 11)
Created Wall at (0, 12)
Created Wall at (17, 12)
Created Wall at (0, 13)
Ball initialized at position: [ 192.0, 480.0, 0.0 ] with velocity: [ -2.0, 2.0, 0.0 ]
Created Ball at (6, 13) with color index: 2
Created Wall at (17, 13)
Created Wall at (0, 14)
Created Wall at (17, 14)
Created Wall at (0, 15)
Put Hole at center: [ 512.0, 576.0, 0.0 ] with colour 0
Created Hole at (15, 15) with color index: 0
Created Wall at (17, 15)
Created Wall at (0, 16)
Created Wall at (17, 16)
Created Wall at (0, 17)
Created Wall at (1, 17)
Created Wall at (2, 17)
Created Wall at (3, 17)
Created Wall at (4, 17)
Created Wall at (5, 17)
Created Wall at (6, 17)
Created ColouredWallTile at (7, 17) with colour index: 1
Created ColouredWallTile at (8, 17) with colour index: 1
Created ColouredWallTile at (9, 17) with colour index: 1
Created ColouredWallTile at (10, 17) with colour index: 1
Created Wall at (11, 17)
Created Wall at (12, 17)
Created Wall at (13, 17)
Created Wall at (14, 17)
Created Wall at (15, 17)
Created Wall at (16, 17)
Created Wall at (17, 17)
Level layout loaded from: level1.txt
Number of holes loaded: 4
Created Wall at (0, 0)
Created Wall at (1, 0)
Created Wall at (2, 0)
Created Wall at (3, 0)
Created Wall at (4, 0)
Created Wall at (5, 0)
Created Wall at (6, 0)
Created ColouredWallTile at (7, 0) with colour index: 2
Created ColouredWallTile at (8, 0) with colour index: 2
Created ColouredWallTile at (9, 0) with colour index: 2
Created ColouredWallTile at (10, 0) with colour index: 2
Created Wall at (11, 0)
Created Wall at (12, 0)
Created Wall at (13, 0)
Created Wall at (14, 0)
Created Wall at (15, 0)
Created Wall at (16, 0)
Created Wall at (17, 0)
Created Wall at (0, 1)
Put Hole at center: [ 512.0, 128.0, 0.0 ] with colour 0
Created Hole at (15, 1) with color index: 0
Created Wall at (17, 1)
Created Wall at (0, 2)
Created Wall at (17, 2)
Created Wall at (0, 3)
Created Wall at (17, 3)
Created Wall at (0, 4)
Created Wall at (17, 4)
Created Wall at (0, 5)
Created Wall at (17, 5)
Created Wall at (0, 6)
Created Wall at (5, 6)
Created Wall at (6, 6)
Created Wall at (10, 6)
Put Hole at center: [ 384.0, 288.0, 0.0 ] with colour 1
Created Hole at (11, 6) with color index: 1
Created Wall at (17, 6)
Created Wall at (0, 7)
Created Wall at (6, 7)
Created Wall at (8, 7)
Created Wall at (9, 7)
Created Wall at (17, 7)
Created Wall at (0, 8)
Created EntryPoint/Spawner at (5, 8)
Created Wall at (6, 8)
Created Wall at (7, 8)
Created Wall at (17, 8)
Created Wall at (0, 9)
Created Wall at (6, 9)
Created Wall at (8, 9)
Created Wall at (9, 9)
Put Hole at center: [ 384.0, 384.0, 0.0 ] with colour 2
Created Hole at (11, 9) with color index: 2
Created Wall at (17, 9)
Created Wall at (0, 10)
Created Wall at (5, 10)
Created Wall at (6, 10)
Created Wall at (10, 10)
Created Wall at (17, 10)
Created Wall at (0, 11)
Created Wall at (17, 11)
Created Wall at (0, 12)
Created Wall at (17, 12)
Created Wall at (0, 13)
Ball initialized at position: [ 192.0, 480.0, 0.0 ] with velocity: [ -2.0, 2.0, 0.0 ]
Created Ball at (6, 13) with color index: 2
Created Wall at (17, 13)
Created Wall at (0, 14)
Created Wall at (17, 14)
Created Wall at (0, 15)
Put Hole at center: [ 512.0, 576.0, 0.0 ] with colour 0
Created Hole at (15, 15) with color index: 0
Created Wall at (17, 15)
Created Wall at (0, 16)
Created Wall at (17, 16)
Created Wall at (0, 17)
Created Wall at (1, 17)
Created Wall at (2, 17)
Created Wall at (3, 17)
Created Wall at (4, 17)
Created Wall at (5, 17)
Created Wall at (6, 17)
Created ColouredWallTile at (7, 17) with colour index: 1
Created ColouredWallTile at (8, 17) with colour index: 1
Created ColouredWallTile at (9, 17) with colour index: 1
Created ColouredWallTile at (10, 17) with colour index: 1
Created Wall at (11, 17)
Created Wall at (12, 17)
Created Wall at (13, 17)
Created Wall at (14, 17)
Created Wall at (15, 17)
Created Wall at (16, 17)
Created Wall at (17, 17)
Level layout loaded from: level1.txt
Number of holes loaded: 4
Loaded wall from: src/main/resources/inkball/wall0.png
Loaded wall from: src/main/resources/inkball/wall1.png
Loaded wall from: src/main/resources/inkball/wall2.png
Loaded wall from: src/main/resources/inkball/wall3.png
Loaded wall from: src/main/resources/inkball/wall4.png
Config load finishes!
Created Wall at (0, 0)
Created Wall at (1, 0)
Created Wall at (2, 0)
Created Wall at (3, 0)
Created Wall at (4, 0)
Created Wall at (5, 0)
Created Wall at (6, 0)
Created ColouredWallTile at (7, 0) with colour index: 2
Created ColouredWallTile at (8, 0) with colour index: 2
Created ColouredWallTile at (9, 0) with colour index: 2
Created ColouredWallTile at (10, 0) with colour index: 2
Created Wall at (11, 0)
Created Wall at (12, 0)
Created Wall at (13, 0)
Created Wall at (14, 0)
Created Wall at (15, 0)
Created Wall at (16, 0)
Created Wall at (17, 0)
Created Wall at (0, 1)
Put Hole at center: [ 512.0, 128.0, 0.0 ] with colour 0
Created Hole at (15, 1) with color index: 0
Created Wall at (17, 1)
Created Wall at (0, 2)
Created Wall at (17, 2)
Created Wall at (0, 3)
Created Wall at (17, 3)
Created Wall at (0, 4)
Created Wall at (17, 4)
Created Wall at (0, 5)
Created Wall at (17, 5)
Created Wall at (0, 6)
Created Wall at (5, 6)
Created Wall at (6, 6)
Created Wall at (10, 6)
Put Hole at center: [ 384.0, 288.0, 0.0 ] with colour 1
Created Hole at (11, 6) with color index: 1
Created Wall at (17, 6)
Created Wall at (0, 7)
Created Wall at (6, 7)
Created Wall at (8, 7)
Created Wall at (9, 7)
Created Wall at (17, 7)
Created Wall at (0, 8)
Created EntryPoint/Spawner at (5, 8)
Created Wall at (6, 8)
Created Wall at (7, 8)
Created Wall at (17, 8)
Created Wall at (0, 9)
Created Wall at (6, 9)
Created Wall at (8, 9)
Created Wall at (9, 9)
Put Hole at center: [ 384.0, 384.0, 0.0 ] with colour 2
Created Hole at (11, 9) with color index: 2
Created Wall at (17, 9)
Created Wall at (0, 10)
Created Wall at (5, 10)
Created Wall at (6, 10)
Created Wall at (10, 10)
Created Wall at (17, 10)
Created Wall at (0, 11)
Created Wall at (17, 11)
Created Wall at (0, 12)
Created Wall at (17, 12)
Created Wall at (0, 13)
Ball initialized at position: [ 192.0, 480.0, 0.0 ] with velocity: [ 2.0, -2.0, 0.0 ]
Created Ball at (6, 13) with color index: 2
Created Wall at (17, 13)
Created Wall at (0, 14)
Created Wall at (17, 14)
Created Wall at (0, 15)
Put Hole at center: [ 512.0, 576.0, 0.0 ] with colour 0
Created Hole at (15, 15) with color index: 0
Created Wall at (17, 15)
Created Wall at (0, 16)
Created Wall at (17, 16)
Created Wall at (0, 17)
Created Wall at (1, 17)
Created Wall at (2, 17)
Created Wall at (3, 17)
Created Wall at (4, 17)
Created Wall at (5, 17)
Created Wall at (6, 17)
Created ColouredWallTile at (7, 17) with colour index: 1
Created ColouredWallTile at (8, 17) with colour index: 1
Created ColouredWallTile at (9, 17) with colour index: 1
Created ColouredWallTile at (10, 17) with colour index: 1
Created Wall at (11, 17)
Created Wall at (12, 17)
Created Wall at (13, 17)
Created Wall at (14, 17)
Created Wall at (15, 17)
Created Wall at (16, 17)
Created Wall at (17, 17)
Level layout loaded from: level1.txt
Number of holes loaded: 4
Created Wall at (0, 0)
Created Wall at (1, 0)
Created Wall at (2, 0)
Created Wall at (3, 0)
Created Wall at (4, 0)
Created Wall at (5, 0)
Created Wall at (6, 0)
Created ColouredWallTile at (7, 0) with colour index: 2
Created ColouredWallTile at (8, 0) with colour index: 2
Created ColouredWallTile at (9, 0) with colour index: 2
Created ColouredWallTile at (10, 0) with colour index: 2
Created Wall at (11, 0)
Created Wall at (12, 0)
Created Wall at (13, 0)
Created Wall at (14, 0)
Created Wall at (15, 0)
Created Wall at (16, 0)
Created Wall at (17, 0)
Created Wall at (0, 1)
Put Hole at center: [ 512.0, 128.0, 0.0 ] with colour 0
Created Hole at (15, 1) with color index: 0
Created Wall at (17, 1)
Created Wall at (0, 2)
Created Wall at (17, 2)
Created Wall at (0, 3)
Created Wall at (17, 3)
Created Wall at (0, 4)
Created Wall at (17, 4)
Created Wall at (0, 5)
Created Wall at (17, 5)
Created Wall at (0, 6)
Created Wall at (5, 6)
Created Wall at (6, 6)
Created Wall at (10, 6)
Put Hole at center: [ 384.0, 288.0, 0.0 ] with colour 1
Created Hole at (11, 6) with color index: 1
Created Wall at (17, 6)
Created Wall at (0, 7)
Created Wall at (6, 7)
Created Wall at (8, 7)
Created Wall at (9, 7)
Created Wall at (17, 7)
Created Wall at (0, 8)
Created EntryPoint/Spawner at (5, 8)
Created Wall at (6, 8)
Created Wall at (7, 8)
Created Wall at (17, 8)
Created Wall at (0, 9)
Created Wall at (6, 9)
Created Wall at (8, 9)
Created Wall at (9, 9)
Put Hole at center: [ 384.0, 384.0, 0.0 ] with colour 2
Created Hole at (11, 9) with color index: 2
Created Wall at (17, 9)
Created Wall at (0, 10)
Created Wall at (5, 10)
Created Wall at (6, 10)
Created Wall at (10, 10)
Created Wall at (17, 10)
Created Wall at (0, 11)
Created Wall at (17, 11)
Created Wall at (0, 12)
Created Wall at (17, 12)
Created Wall at (0, 13)
Ball initialized at position: [ 192.0, 480.0, 0.0 ] with velocity: [ 2.0, 2.0, 0.0 ]
Created Ball at (6, 13) with color index: 2
Created Wall at (17, 13)
Created Wall at (0, 14)
Created Wall at (17, 14)
Created Wall at (0, 15)
Put Hole at center: [ 512.0, 576.0, 0.0 ] with colour 0
Created Hole at (15, 15) with color index: 0
Created Wall at (17, 15)
Created Wall at (0, 16)
Created Wall at (17, 16)
Created Wall at (0, 17)
Created Wall at (1, 17)
Created Wall at (2, 17)
Created Wall at (3, 17)
Created Wall at (4, 17)
Created Wall at (5, 17)
Created Wall at (6, 17)
Created ColouredWallTile at (7, 17) with colour index: 1
Created ColouredWallTile at (8, 17) with colour index: 1
Created ColouredWallTile at (9, 17) with colour index: 1
Created ColouredWallTile at (10, 17) with colour index: 1
Created Wall at (11, 17)
Created Wall at (12, 17)
Created Wall at (13, 17)
Created Wall at (14, 17)
Created Wall at (15, 17)
Created Wall at (16, 17)
Created Wall at (17, 17)
Level layout loaded from: level1.txt
Number of holes loaded: 4
Loaded wall from: src/main/resources/inkball/wall0.png
Loaded wall from: src/main/resources/inkball/wall1.png
Loaded wall from: src/main/resources/inkball/wall2.png
Loaded wall from: src/main/resources/inkball/wall3.png
Loaded wall from: src/main/resources/inkball/wall4.png
Config load finishes!
Created Wall at (0, 0)
Created Wall at (1, 0)
Created Wall at (2, 0)
Created Wall at (3, 0)
Created Wall at (4, 0)
Created Wall at (5, 0)
Created Wall at (6, 0)
Created ColouredWallTile at (7, 0) with colour index: 2
Created ColouredWallTile at (8, 0) with colour index: 2
Created ColouredWallTile at (9, 0) with colour index: 2
Created ColouredWallTile at (10, 0) with colour index: 2
Created Wall at (11, 0)
Created Wall at (12, 0)
Created Wall at (13, 0)
Created Wall at (14, 0)
Created Wall at (15, 0)
Created Wall at (16, 0)
Created Wall at (17, 0)
Created Wall at (0, 1)
Put Hole at center: [ 512.0, 128.0, 0.0 ] with colour 0
Created Hole at (15, 1) with color index: 0
Created Wall at (17, 1)
Created Wall at (0, 2)
Created Wall at (17, 2)
Created Wall at (0, 3)
Created Wall at (17, 3)
Created Wall at (0, 4)
Created Wall at (17, 4)
Created Wall at (0, 5)
Created Wall at (17, 5)
Created Wall at (0, 6)
Created Wall at (5, 6)
Created Wall at (6, 6)
Created Wall at (10, 6)
Put Hole at center: [ 384.0, 288.0, 0.0 ] with colour 1
Created Hole at (11, 6) with color index: 1
Created Wall at (17, 6)
Created Wall at (0, 7)
Created Wall at (6, 7)
Created Wall at (8, 7)
Created Wall at (9, 7)
Created Wall at (17, 7)
Created Wall at (0, 8)
Created EntryPoint/Spawner at (5, 8)
Created Wall at (6, 8)
Created Wall at (7, 8)
Created Wall at (17, 8)
Created Wall at (0, 9)
Created Wall at (6, 9)
Created Wall at (8, 9)
Created Wall at (9, 9)
Put Hole at center: [ 384.0, 384.0, 0.0 ] with colour 2
Created Hole at (11, 9) with color index: 2
Created Wall at (17, 9)
Created Wall at (0, 10)
Created Wall at (5, 10)
Created Wall at (6, 10)
Created Wall at (10, 10)
Created Wall at (17, 10)
Created Wall at (0, 11)
Created Wall at (17, 11)
Created Wall at (0, 12)
Created Wall at (17, 12)
Created Wall at (0, 13)
Ball initialized at position: [ 192.0, 480.0, 0.0 ] with velocity: [ -2.0, 2.0, 0.0 ]
Created Ball at (6, 13) with color index: 2
Created Wall at (17, 13)
Created Wall at (0, 14)
Created Wall at (17, 14)
Created Wall at (0, 15)
Put Hole at center: [ 512.0, 576.0, 0.0 ] with colour 0
Created Hole at (15, 15) with color index: 0
Created Wall at (17, 15)
Created Wall at (0, 16)
Created Wall at (17, 16)
Created Wall at (0, 17)
Created Wall at (1, 17)
Created Wall at (2, 17)
Created Wall at (3, 17)
Created Wall at (4, 17)
Created Wall at (5, 17)
Created Wall at (6, 17)
Created ColouredWallTile at (7, 17) with colour index: 1
Created ColouredWallTile at (8, 17) with colour index: 1
Created ColouredWallTile at (9, 17) with colour index: 1
Created ColouredWallTile at (10, 17) with colour index: 1
Created Wall at (11, 17)
Created Wall at (12, 17)
Created Wall at (13, 17)
Created Wall at (14, 17)
Created Wall at (15, 17)
Created Wall at (16, 17)
Created Wall at (17, 17)
Level layout loaded from: level1.txt
Number of holes loaded: 4
Created Wall at (0, 0)
Created Wall at (1, 0)
Created Wall at (2, 0)
Created Wall at (3, 0)
Created Wall at (4, 0)
Created Wall at (5, 0)
Created Wall at (6, 0)
Created ColouredWallTile at (7, 0) with colour index: 2
Created ColouredWallTile at (8, 0) with colour index: 2
Created ColouredWallTile at (9, 0) with colour index: 2
Created ColouredWallTile at (10, 0) with colour index: 2
Created Wall at (11, 0)
Created Wall at (12, 0)
Created Wall at (13, 0)
Created Wall at (14, 0)
Created Wall at (15, 0)
Created Wall at (16, 0)
Created Wall at (17, 0)
Created Wall at (0, 1)
Put Hole at center: [ 512.0, 128.0, 0.0 ] with colour 0
Created Hole at (15, 1) with color index: 0
Created Wall at (17, 1)
Created Wall at (0, 2)
Created Wall at (17, 2)
Created Wall at (0, 3)
Created Wall at (17, 3)
Created Wall at (0, 4)
Created Wall at (17, 4)
Created Wall at (0, 5)
Created Wall at (17, 5)
Created Wall at (0, 6)
Created Wall at (5, 6)
Created Wall at (6, 6)
Created Wall at (10, 6)
Put Hole at center: [ 384.0, 288.0, 0.0 ] with colour 1
Created Hole at (11, 6) with color index: 1
Created Wall at (17, 6)
Created Wall at (0, 7)
Created Wall at (6, 7)
Created Wall at (8, 7)
Created Wall at (9, 7)
Created Wall at (17, 7)
Created Wall at (0, 8)
Created EntryPoint/Spawner at (5, 8)
Created Wall at (6, 8)
Created Wall at (7, 8)
Created Wall at (17, 8)
Created Wall at (0, 9)
Created Wall at (6, 9)
Created Wall at (8, 9)
Created Wall at (9, 9)
Put Hole at center: [ 384.0, 384.0, 0.0 ] with colour 2
Created Hole at (11, 9) with color index: 2
Created Wall at (17, 9)
Created Wall at (0, 10)
Created Wall at (5, 10)
Created Wall at (6, 10)
Created Wall at (10, 10)
Created Wall at (17, 10)
Created Wall at (0, 11)
Created Wall at (17, 11)
Created Wall at (0, 12)
Created Wall at (17, 12)
Created Wall at (0, 13)
Ball initialized at position: [ 192.0, 480.0, 0.0 ] with velocity: [ -2.0, -2.0, 0.0 ]
Created Ball at (6, 13) with color index: 2
Created Wall at (17, 13)
Created Wall at (0, 14)
Created Wall at (17, 14)
Created Wall at (0, 15)
Put Hole at center: [ 512.0, 576.0, 0.0 ] with colour 0
Created Hole at (15, 15) with color index: 0
Created Wall at (17, 15)
Created Wall at (0, 16)
Created Wall at (17, 16)
Created Wall at (0, 17)
Created Wall at (1, 17)
Created Wall at (2, 17)
Created Wall at (3, 17)
Created Wall at (4, 17)
Created Wall at (5, 17)
Created Wall at (6, 17)
Created ColouredWallTile at (7, 17) with colour index: 1
Created ColouredWallTile at (8, 17) with colour index: 1
Created ColouredWallTile at (9, 17) with colour index: 1
Created ColouredWallTile at (10, 17) with colour index: 1
Created Wall at (11, 17)
Created Wall at (12, 17)
Created Wall at (13, 17)
Created Wall at (14, 17)
Created Wall at (15, 17)
Created Wall at (16, 17)
Created Wall at (17, 17)
Level layout loaded from: level1.txt
Number of holes loaded: 4
Loaded wall from: src/main/resources/inkball/wall0.png
Loaded wall from: src/main/resources/inkball/wall1.png
Loaded wall from: src/main/resources/inkball/wall2.png
Loaded wall from: src/main/resources/inkball/wall3.png
Loaded wall from: src/main/resources/inkball/wall4.png
Config load finishes!
Created Wall at (0, 0)
Created Wall at (1, 0)
Created Wall at (2, 0)
Created Wall at (3, 0)
Created Wall at (4, 0)
Created Wall at (5, 0)
Created Wall at (6, 0)
Created ColouredWallTile at (7, 0) with colour index: 2
Created ColouredWallTile at (8, 0) with colour index: 2
Created ColouredWallTile at (9, 0) with colour index: 2
Created ColouredWallTile at (10, 0) with colour index: 2
Created Wall at (11, 0)
Created Wall at (12, 0)
Created Wall at (13, 0)
Created Wall at (14, 0)
Created Wall at (15, 0)
Created Wall at (16, 0)
Created Wall at (17, 0)
Created Wall at (0, 1)
Put Hole at center: [ 512.0, 128.0, 0.0 ] with colour 0
Created Hole at (15, 1) with color index: 0
Created Wall at (17, 1)
Created Wall at (0, 2)
Created Wall at (17, 2)
Created Wall at (0, 3)
Created Wall at (17, 3)
Created Wall at (0, 4)
Created Wall at (17, 4)
Created Wall at (0, 5)
Created Wall at (17, 5)
Created Wall at (0, 6)
Created Wall at (5, 6)
Created Wall at (6, 6)
Created Wall at (10, 6)
Put Hole at center: [ 384.0, 288.0, 0.0 ] with colour 1
Created Hole at (11, 6) with color index: 1
Created Wall at (17, 6)
Created Wall at (0, 7)
Created Wall at (6, 7)
Created Wall at (8, 7)
Created Wall at (9, 7)
Created Wall at (17, 7)
Created Wall at (0, 8)
Created EntryPoint/Spawner at (5, 8)
Created Wall at (6, 8)
Created Wall at (7, 8)
Created Wall at (17, 8)
Created Wall at (0, 9)
Created Wall at (6, 9)
Created Wall at (8, 9)
Created Wall at (9, 9)
Put Hole at center: [ 384.0, 384.0, 0.0 ] with colour 2
Created Hole at (11, 9) with color index: 2
Created Wall at (17, 9)
Created Wall at (0, 10)
Created Wall at (5, 10)
Created Wall at (6, 10)
Created Wall at (10, 10)
Created Wall at (17, 10)
Created Wall at (0, 11)
Created Wall at (17, 11)
Created Wall at (0, 12)
Created Wall at (17, 12)
Created Wall at (0, 13)
Ball initialized at position: [ 192.0, 480.0, 0.0 ] with velocity: [ -2.0, -2.0, 0.0 ]
Created Ball at (6, 13) with color index: 2
Created Wall at (17, 13)
Created Wall at (0, 14)
Created Wall at (17, 14)
Created Wall at (0, 15)
Put Hole at center: [ 512.0, 576.0, 0.0 ] with colour 0
Created Hole at (15, 15) with color index: 0
Created Wall at (17, 15)
Created Wall at (0, 16)
Created Wall at (17, 16)
Created Wall at (0, 17)
Created Wall at (1, 17)
Created Wall at (2, 17)
Created Wall at (3, 17)
Created Wall at (4, 17)
Created Wall at (5, 17)
Created Wall at (6, 17)
Created ColouredWallTile at (7, 17) with colour index: 1
Created ColouredWallTile at (8, 17) with colour index: 1
Created ColouredWallTile at (9, 17) with colour index: 1
Created ColouredWallTile at (10, 17) with colour index: 1
Created Wall at (11, 17)
Created Wall at (12, 17)
Created Wall at (13, 17)
Created Wall at (14, 17)
Created Wall at (15, 17)
Created Wall at (16, 17)
Created Wall at (17, 17)
Level layout loaded from: level1.txt
Number of holes loaded: 4
Created Wall at (0, 0)
Created Wall at (1, 0)
Created Wall at (2, 0)
Created Wall at (3, 0)
Created Wall at (4, 0)
Created Wall at (5, 0)
Created Wall at (6, 0)
Created ColouredWallTile at (7, 0) with colour index: 2
Created ColouredWallTile at (8, 0) with colour index: 2
Created ColouredWallTile at (9, 0) with colour index: 2
Created ColouredWallTile at (10, 0) with colour index: 2
Created Wall at (11, 0)
Created Wall at (12, 0)
Created Wall at (13, 0)
Created Wall at (14, 0)
Created Wall at (15, 0)
Created Wall at (16, 0)
Created Wall at (17, 0)
Created Wall at (0, 1)
Put Hole at center: [ 512.0, 128.0, 0.0 ] with colour 0
Created Hole at (15, 1) with color index: 0
Created Wall at (17, 1)
Created Wall at (0, 2)
Created Wall at (17, 2)
Created Wall at (0, 3)
Created Wall at (17, 3)
Created Wall at (0, 4)
Created Wall at (17, 4)
Created Wall at (0, 5)
Created Wall at (17, 5)
Created Wall at (0, 6)
Created Wall at (5, 6)
Created Wall at (6, 6)
Created Wall at (10, 6)
Put Hole at center: [ 384.0, 288.0, 0.0 ] with colour 1
Created Hole at (11, 6) with color index: 1
Created Wall at (17, 6)
Created Wall at (0, 7)
Created Wall at (6, 7)
Created Wall at (8, 7)
Created Wall at (9, 7)
Created Wall at (17, 7)
Created Wall at (0, 8)
Created EntryPoint/Spawner at (5, 8)
Created Wall at (6, 8)
Created Wall at (7, 8)
Created Wall at (17, 8)
Created Wall at (0, 9)
Created Wall at (6, 9)
Created Wall at (8, 9)
Created Wall at (9, 9)
Put Hole at center: [ 384.0, 384.0, 0.0 ] with colour 2
Created Hole at (11, 9) with color index: 2
Created Wall at (17, 9)
Created Wall at (0, 10)
Created Wall at (5, 10)
Created Wall at (6, 10)
Created Wall at (10, 10)
Created Wall at (17, 10)
Created Wall at (0, 11)
Created Wall at (17, 11)
Created Wall at (0, 12)
Created Wall at (17, 12)
Created Wall at (0, 13)
Ball initialized at position: [ 192.0, 480.0, 0.0 ] with velocity: [ -2.0, 2.0, 0.0 ]
Created Ball at (6, 13) with color index: 2
Created Wall at (17, 13)
Created Wall at (0, 14)
Created Wall at (17, 14)
Created Wall at (0, 15)
Put Hole at center: [ 512.0, 576.0, 0.0 ] with colour 0
Created Hole at (15, 15) with color index: 0
Created Wall at (17, 15)
Created Wall at (0, 16)
Created Wall at (17, 16)
Created Wall at (0, 17)
Created Wall at (1, 17)
Created Wall at (2, 17)
Created Wall at (3, 17)
Created Wall at (4, 17)
Created Wall at (5, 17)
Created Wall at (6, 17)
Created ColouredWallTile at (7, 17) with colour index: 1
Created ColouredWallTile at (8, 17) with colour index: 1
Created ColouredWallTile at (9, 17) with colour index: 1
Created ColouredWallTile at (10, 17) with colour index: 1
Created Wall at (11, 17)
Created Wall at (12, 17)
Created Wall at (13, 17)
Created Wall at (14, 17)
Created Wall at (15, 17)
Created Wall at (16, 17)
Created Wall at (17, 17)
Level layout loaded from: level1.txt
Number of holes loaded: 4
Loaded wall from: src/main/resources/inkball/wall0.png
Loaded wall from: src/main/resources/inkball/wall1.png
Loaded wall from: src/main/resources/inkball/wall2.png
Loaded wall from: src/main/resources/inkball/wall3.png
Loaded wall from: src/main/resources/inkball/wall4.png
Config load finishes!
Created Wall at (0, 0)
Created Wall at (1, 0)
Created Wall at (2, 0)
Created Wall at (3, 0)
Created Wall at (4, 0)
Created Wall at (5, 0)
Created Wall at (6, 0)
Created ColouredWallTile at (7, 0) with colour index: 2
Created ColouredWallTile at (8, 0) with colour index: 2
Created ColouredWallTile at (9, 0) with colour index: 2
Created ColouredWallTile at (10, 0) with colour index: 2
Created Wall at (11, 0)
Created Wall at (12, 0)
Created Wall at (13, 0)
Created Wall at (14, 0)
Created Wall at (15, 0)
Created Wall at (16, 0)
Created Wall at (17, 0)
Created Wall at (0, 1)
Put Hole at center: [ 512.0, 128.0, 0.0 ] with colour 0
Created Hole at (15, 1) with color index: 0
Created Wall at (17, 1)
Created Wall at (0, 2)
Created Wall at (17, 2)
Created Wall at (0, 3)
Created Wall at (17, 3)
Created Wall at (0, 4)
Created Wall at (17, 4)
Created Wall at (0, 5)
Created Wall at (17, 5)
Created Wall at (0, 6)
Created Wall at (5, 6)
Created Wall at (6, 6)
Created Wall at (10, 6)
Put Hole at center: [ 384.0, 288.0, 0.0 ] with colour 1
Created Hole at (11, 6) with color index: 1
Created Wall at (17, 6)
Created Wall at (0, 7)
Created Wall at (6, 7)
Created Wall at (8, 7)
Created Wall at (9, 7)
Created Wall at (17, 7)
Created Wall at (0, 8)
Created EntryPoint/Spawner at (5, 8)
Created Wall at (6, 8)
Created Wall at (7, 8)
Created Wall at (17, 8)
Created Wall at (0, 9)
Created Wall at (6, 9)
Created Wall at (8, 9)
Created Wall at (9, 9)
Put Hole at center: [ 384.0, 384.0, 0.0 ] with colour 2
Created Hole at (11, 9) with color index: 2
Created Wall at (17, 9)
Created Wall at (0, 10)
Created Wall at (5, 10)
Created Wall at (6, 10)
Created Wall at (10, 10)
Created Wall at (17, 10)
Created Wall at (0, 11)
Created Wall at (17, 11)
Created Wall at (0, 12)
Created Wall at (17, 12)
Created Wall at (0, 13)
Ball initialized at position: [ 192.0, 480.0, 0.0 ] with velocity: [ -2.0, 2.0, 0.0 ]
Created Ball at (6, 13) with color index: 2
Created Wall at (17, 13)
Created Wall at (0, 14)
Created Wall at (17, 14)
Created Wall at (0, 15)
Put Hole at center: [ 512.0, 576.0, 0.0 ] with colour 0
Created Hole at (15, 15) with color index: 0
Created Wall at (17, 15)
Created Wall at (0, 16)
Created Wall at (17, 16)
Created Wall at (0, 17)
Created Wall at (1, 17)
Created Wall at (2, 17)
Created Wall at (3, 17)
Created Wall at (4, 17)
Created Wall at (5, 17)
Created Wall at (6, 17)
Created ColouredWallTile at (7, 17) with colour index: 1
Created ColouredWallTile at (8, 17) with colour index: 1
Created ColouredWallTile at (9, 17) with colour index: 1
Created ColouredWallTile at (10, 17) with colour index: 1
Created Wall at (11, 17)
Created Wall at (12, 17)
Created Wall at (13, 17)
Created Wall at (14, 17)
Created Wall at (15, 17)
Created Wall at (16, 17)
Created Wall at (17, 17)
Level layout loaded from: level1.txt
Number of holes loaded: 4
Created Wall at (0, 0)
Created Wall at (1, 0)
Created Wall at (2, 0)
Created Wall at (3, 0)
Created Wall at (4, 0)
Created Wall at (5, 0)
Created Wall at (6, 0)
Created ColouredWallTile at (7, 0) with colour index: 2
Created ColouredWallTile at (8, 0) with colour index: 2
Created ColouredWallTile at (9, 0) with colour index: 2
Created ColouredWallTile at (10, 0) with colour index: 2
Created Wall at (11, 0)
Created Wall at (12, 0)
Created Wall at (13, 0)
Created Wall at (14, 0)
Created Wall at (15, 0)
Created Wall at (16, 0)
Created Wall at (17, 0)
Created Wall at (0, 1)
Put Hole at center: [ 512.0, 128.0, 0.0 ] with colour 0
Created Hole at (15, 1) with color index: 0
Created Wall at (17, 1)
Created Wall at (0, 2)
Created Wall at (17, 2)
Created Wall at (0, 3)
Created Wall at (17, 3)
Created Wall at (0, 4)
Created Wall at (17, 4)
Created Wall at (0, 5)
Created Wall at (17, 5)
Created Wall at (0, 6)
Created Wall at (5, 6)
Created Wall at (6, 6)
Created Wall at (10, 6)
Put Hole at center: [ 384.0, 288.0, 0.0 ] with colour 1
Created Hole at (11, 6) with color index: 1
Created Wall at (17, 6)
Created Wall at (0, 7)
Created Wall at (6, 7)
Created Wall at (8, 7)
Created Wall at (9, 7)
Created Wall at (17, 7)
Created Wall at (0, 8)
Created EntryPoint/Spawner at (5, 8)
Created Wall at (6, 8)
Created Wall at (7, 8)
Created Wall at (17, 8)
Created Wall at (0, 9)
Created Wall at (6, 9)
Created Wall at (8, 9)
Created Wall at (9, 9)
Put Hole at center: [ 384.0, 384.0, 0.0 ] with colour 2
Created Hole at (11, 9) with color index: 2
Created Wall at (17, 9)
Created Wall at (0, 10)
Created Wall at (5, 10)
Created Wall at (6, 10)
Created Wall at (10, 10)
Created Wall at (17, 10)
Created Wall at (0, 11)
Created Wall at (17, 11)
Created Wall at (0, 12)
Created Wall at (17, 12)
Created Wall at (0, 13)
Ball initialized at position: [ 192.0, 480.0, 0.0 ] with velocity: [ 2.0, 2.0, 0.0 ]
Created Ball at (6, 13) with color index: 2
Created Wall at (17, 13)
Created Wall at (0, 14)
Created Wall at (17, 14)
Created Wall at (0, 15)
Put Hole at center: [ 512.0, 576.0, 0.0 ] with colour 0
Created Hole at (15, 15) with color index: 0
Created Wall at (17, 15)
Created Wall at (0, 16)
Created Wall at (17, 16)
Created Wall at (0, 17)
Created Wall at (1, 17)
Created Wall at (2, 17)
Created Wall at (3, 17)
Created Wall at (4, 17)
Created Wall at (5, 17)
Created Wall at (6, 17)
Created ColouredWallTile at (7, 17) with colour index: 1
Created ColouredWallTile at (8, 17) with colour index: 1
Created ColouredWallTile at (9, 17) with colour index: 1
Created ColouredWallTile at (10, 17) with colour index: 1
Created Wall at (11, 17)
Created Wall at (12, 17)
Created Wall at (13, 17)
Created Wall at (14, 17)
Created Wall at (15, 17)
Created Wall at (16, 17)
Created Wall at (17, 17)
Level layout loaded from: level1.txt
Number of holes loaded: 4
Loaded wall from: src/main/resources/inkball/wall0.png
Loaded wall from: src/main/resources/inkball/wall1.png
Loaded wall from: src/main/resources/inkball/wall2.png
Loaded wall from: src/main/resources/inkball/wall3.png
Loaded wall from: src/main/resources/inkball/wall4.png
Config load finishes!
Created Wall at (0, 0)
Created Wall at (1, 0)
Created Wall at (2, 0)
Created Wall at (3, 0)
Created Wall at (4, 0)
Created Wall at (5, 0)
Created Wall at (6, 0)
Created ColouredWallTile at (7, 0) with colour index: 2
Created ColouredWallTile at (8, 0) with colour index: 2
Created ColouredWallTile at (9, 0) with colour index: 2
Created ColouredWallTile at (10, 0) with colour index: 2
Created Wall at (11, 0)
Created Wall at (12, 0)
Created Wall at (13, 0)
Created Wall at (14, 0)
Created Wall at (15, 0)
Created Wall at (16, 0)
Created Wall at (17, 0)
Created Wall at (0, 1)
Put Hole at center: [ 512.0, 128.0, 0.0 ] with colour 0
Created Hole at (15, 1) with color index: 0
Created Wall at (17, 1)
Created Wall at (0, 2)
Created Wall at (17, 2)
Created Wall at (0, 3)
Created Wall at (17, 3)
Created Wall at (0, 4)
Created Wall at (17, 4)
Created Wall at (0, 5)
Created Wall at (17, 5)
Created Wall at (0, 6)
Created Wall at (5, 6)
Created Wall at (6, 6)
Created Wall at (10, 6)
Put Hole at center: [ 384.0, 288.0, 0.0 ] with colour 1
Created Hole at (11, 6) with color index: 1
Created Wall at (17, 6)
Created Wall at (0, 7)
Created Wall at (6, 7)
Created Wall at (8, 7)
Created Wall at (9, 7)
Created Wall at (17, 7)
Created Wall at (0, 8)
Created EntryPoint/Spawner at (5, 8)
Created Wall at (6, 8)
Created Wall at (7, 8)
Created Wall at (17, 8)
Created Wall at (0, 9)
Created Wall at (6, 9)
Created Wall at (8, 9)
Created Wall at (9, 9)
Put Hole at center: [ 384.0, 384.0, 0.0 ] with colour 2
Created Hole at (11, 9) with color index: 2
Created Wall at (17, 9)
Created Wall at (0, 10)
Created Wall at (5, 10)
Created Wall at (6, 10)
Created Wall at (10, 10)
Created Wall at (17, 10)
Created Wall at (0, 11)
Created Wall at (17, 11)
Created Wall at (0, 12)
Created Wall at (17, 12)
Created Wall at (0, 13)
Ball initialized at position: [ 192.0, 480.0, 0.0 ] with velocity: [ 2.0, 2.0, 0.0 ]
Created Ball at (6, 13) with color index: 2
Created Wall at (17, 13)
Created Wall at (0, 14)
Created Wall at (17, 14)
Created Wall at (0, 15)
Put Hole at center: [ 512.0, 576.0, 0.0 ] with colour 0
Created Hole at (15, 15) with color index: 0
Created Wall at (17, 15)
Created Wall at (0, 16)
Created Wall at (17, 16)
Created Wall at (0, 17)
Created Wall at (1, 17)
Created Wall at (2, 17)
Created Wall at (3, 17)
Created Wall at (4, 17)
Created Wall at (5, 17)
Created Wall at (6, 17)
Created ColouredWallTile at (7, 17) with colour index: 1
Created ColouredWallTile at (8, 17) with colour index: 1
Created ColouredWallTile at (9, 17) with colour index: 1
Created ColouredWallTile at (10, 17) with colour index: 1
Created Wall at (11, 17)
Created Wall at (12, 17)
Created Wall at (13, 17)
Created Wall at (14, 17)
Created Wall at (15, 17)
Created Wall at (16, 17)
Created Wall at (17, 17)
Level layout loaded from: level1.txt
Number of holes loaded: 4
Created Wall at (0, 0)
Created Wall at (1, 0)
Created Wall at (2, 0)
Created Wall at (3, 0)
Created Wall at (4, 0)
Created Wall at (5, 0)
Created Wall at (6, 0)
Created ColouredWallTile at (7, 0) with colour index: 2
Created ColouredWallTile at (8, 0) with colour index: 2
Created ColouredWallTile at (9, 0) with colour index: 2
Created ColouredWallTile at (10, 0) with colour index: 2
Created Wall at (11, 0)
Created Wall at (12, 0)
Created Wall at (13, 0)
Created Wall at (14, 0)
Created Wall at (15, 0)
Created Wall at (16, 0)
Created Wall at (17, 0)
Created Wall at (0, 1)
Put Hole at center: [ 512.0, 128.0, 0.0 ] with colour 0
Created Hole at (15, 1) with color index: 0
Created Wall at (17, 1)
Created Wall at (0, 2)
Created Wall at (17, 2)
Created Wall at (0, 3)
Created Wall at (17, 3)
Created Wall at (0, 4)
Created Wall at (17, 4)
Created Wall at (0, 5)
Created Wall at (17, 5)
Created Wall at (0, 6)
Created Wall at (5, 6)
Created Wall at (6, 6)
Created Wall at (10, 6)
Put Hole at center: [ 384.0, 288.0, 0.0 ] with colour 1
Created Hole at (11, 6) with color index: 1
Created Wall at (17, 6)
Created Wall at (0, 7)
Created Wall at (6, 7)
Created Wall at (8, 7)
Created Wall at (9, 7)
Created Wall at (17, 7)
Created Wall at (0, 8)
Created EntryPoint/Spawner at (5, 8)
Created Wall at (6, 8)
Created Wall at (7, 8)
Created Wall at (17, 8)
Created Wall at (0, 9)
Created Wall at (6, 9)
Created Wall at (8, 9)
Created Wall at (9, 9)
Put Hole at center: [ 384.0, 384.0, 0.0 ] with colour 2
Created Hole at (11, 9) with color index: 2
Created Wall at (17, 9)
Created Wall at (0, 10)
Created Wall at (5, 10)
Created Wall at (6, 10)
Created Wall at (10, 10)
Created Wall at (17, 10)
Created Wall at (0, 11)
Created Wall at (17, 11)
Created Wall at (0, 12)
Created Wall at (17, 12)
Created Wall at (0, 13)
Ball initialized at position: [ 192.0, 480.0, 0.0 ] with velocity: [ 2.0, -2.0, 0.0 ]
Created Ball at (6, 13) with color index: 2
Created Wall at (17, 13)
Created Wall at (0, 14)
Created Wall at (17, 14)
Created Wall at (0, 15)
Put Hole at center: [ 512.0, 576.0, 0.0 ] with colour 0
Created Hole at (15, 15) with color index: 0
Created Wall at (17, 15)
Created Wall at (0, 16)
Created Wall at (17, 16)
Created Wall at (0, 17)
Created Wall at (1, 17)
Created Wall at (2, 17)
Created Wall at (3, 17)
Created Wall at (4, 17)
Created Wall at (5, 17)
Created Wall at (6, 17)
Created ColouredWallTile at (7, 17) with colour index: 1
Created ColouredWallTile at (8, 17) with colour index: 1
Created ColouredWallTile at (9, 17) with colour index: 1
Created ColouredWallTile at (10, 17) with colour index: 1
Created Wall at (11, 17)
Created Wall at (12, 17)
Created Wall at (13, 17)
Created Wall at (14, 17)
Created Wall at (15, 17)
Created Wall at (16, 17)
Created Wall at (17, 17)
Level layout loaded from: level1.txt
Number of holes loaded: 4
Loaded wall from: src/main/resources/inkball/wall0.png
Loaded wall from: src/main/resources/inkball/wall1.png
Loaded wall from: src/main/resources/inkball/wall2.png
Loaded wall from: src/main/resources/inkball/wall3.png
Loaded wall from: src/main/resources/inkball/wall4.png
Config load finishes!
Created Wall at (0, 0)
Created Wall at (1, 0)
Created Wall at (2, 0)
Created Wall at (3, 0)
Created Wall at (4, 0)
Created Wall at (5, 0)
Created Wall at (6, 0)
Created ColouredWallTile at (7, 0) with colour index: 2
Created ColouredWallTile at (8, 0) with colour index: 2
Created ColouredWallTile at (9, 0) with colour index: 2
Created ColouredWallTile at (10, 0) with colour index: 2
Created Wall at (11, 0)
Created Wall at (12, 0)
Created Wall at (13, 0)
Created Wall at (14, 0)
Created Wall at (15, 0)
Created Wall at (16, 0)
Created Wall at (17, 0)
Created Wall at (0, 1)
Put Hole at center: [ 512.0, 128.0, 0.0 ] with colour 0
Created Hole at (15, 1) with color index: 0
Created Wall at (17, 1)
Created Wall at (0, 2)
Created Wall at (17, 2)
Created Wall at (0, 3)
Created Wall at (17, 3)
Created Wall at (0, 4)
Created Wall at (17, 4)
Created Wall at (0, 5)
Created Wall at (17, 5)
Created Wall at (0, 6)
Created Wall at (5, 6)
Created Wall at (6, 6)
Created Wall at (10, 6)
Put Hole at center: [ 384.0, 288.0, 0.0 ] with colour 1
Created Hole at (11, 6) with color index: 1
Created Wall at (17, 6)
Created Wall at (0, 7)
Created Wall at (6, 7)
Created Wall at (8, 7)
Created Wall at (9, 7)
Created Wall at (17, 7)
Created Wall at (0, 8)
Created EntryPoint/Spawner at (5, 8)
Created Wall at (6, 8)
Created Wall at (7, 8)
Created Wall at (17, 8)
Created Wall at (0, 9)
Created Wall at (6, 9)
Created Wall at (8, 9)
Created Wall at (9, 9)
Put Hole at center: [ 384.0, 384.0, 0.0 ] with colour 2
Created Hole at (11, 9) with color index: 2
Created Wall at (17, 9)
Created Wall at (0, 10)
Created Wall at (5, 10)
Created Wall at (6, 10)
Created Wall at (10, 10)
Created Wall at (17, 10)
Created Wall at (0, 11)
Created Wall at (17, 11)
Created Wall at (0, 12)
Created Wall at (17, 12)
Created Wall at (0, 13)
Ball initialized at position: [ 192.0, 480.0, 0.0 ] with velocity: [ -2.0, 2.0, 0.0 ]
Created Ball at (6, 13) with color index: 2
Created Wall at (17, 13)
Created Wall at (0, 14)
Created Wall at (17, 14)
Created Wall at (0, 15)
Put Hole at center: [ 512.0, 576.0, 0.0 ] with colour 0
Created Hole at (15, 15) with color index: 0
Created Wall at (17, 15)
Created Wall at (0, 16)
Created Wall at (17, 16)
Created Wall at (0, 17)
Created Wall at (1, 17)
Created Wall at (2, 17)
Created Wall at (3, 17)
Created Wall at (4, 17)
Created Wall at (5, 17)
Created Wall at (6, 17)
Created ColouredWallTile at (7, 17) with colour index: 1
Created ColouredWallTile at (8, 17) with colour index: 1
Created ColouredWallTile at (9, 17) with colour index: 1
Created ColouredWallTile at (10, 17) with colour index: 1
Created Wall at (11, 17)
Created Wall at (12, 17)
Created Wall at (13, 17)
Created Wall at (14, 17)
Created Wall at (15, 17)
Created Wall at (16, 17)
Created Wall at (17, 17)
Level layout loaded from: level1.txt
Number of holes loaded: 4
Created Wall at (0, 0)
Created Wall at (1, 0)
Created Wall at (2, 0)
Created Wall at (3, 0)
Created Wall at (4, 0)
Created Wall at (5, 0)
Created Wall at (6, 0)
Created ColouredWallTile at (7, 0) with colour index: 2
Created ColouredWallTile at (8, 0) with colour index: 2
Created ColouredWallTile at (9, 0) with colour index: 2
Created ColouredWallTile at (10, 0) with colour index: 2
Created Wall at (11, 0)
Created Wall at (12, 0)
Created Wall at (13, 0)
Created Wall at (14, 0)
Created Wall at (15, 0)
Created Wall at (16, 0)
Created Wall at (17, 0)
Created Wall at (0, 1)
Put Hole at center: [ 512.0, 128.0, 0.0 ] with colour 0
Created Hole at (15, 1) with color index: 0
Created Wall at (17, 1)
Created Wall at (0, 2)
Created Wall at (17, 2)
Created Wall at (0, 3)
Created Wall at (17, 3)
Created Wall at (0, 4)
Created Wall at (17, 4)
Created Wall at (0, 5)
Created Wall at (17, 5)
Created Wall at (0, 6)
Created Wall at (5, 6)
Created Wall at (6, 6)
Created Wall at (10, 6)
Put Hole at center: [ 384.0, 288.0, 0.0 ] with colour 1
Created Hole at (11, 6) with color index: 1
Created Wall at (17, 6)
Created Wall at (0, 7)
Created Wall at (6, 7)
Created Wall at (8, 7)
Created Wall at (9, 7)
Created Wall at (17, 7)
Created Wall at (0, 8)
Created EntryPoint/Spawner at (5, 8)
Created Wall at (6, 8)
Created Wall at (7, 8)
Created Wall at (17, 8)
Created Wall at (0, 9)
Created Wall at (6, 9)
Created Wall at (8, 9)
Created Wall at (9, 9)
Put Hole at center: [ 384.0, 384.0, 0.0 ] with colour 2
Created Hole at (11, 9) with color index: 2
Created Wall at (17, 9)
Created Wall at (0, 10)
Created Wall at (5, 10)
Created Wall at (6, 10)
Created Wall at (10, 10)
Created Wall at (17, 10)
Created Wall at (0, 11)
Created Wall at (17, 11)
Created Wall at (0, 12)
Created Wall at (17, 12)
Created Wall at (0, 13)
Ball initialized at position: [ 192.0, 480.0, 0.0 ] with velocity: [ -2.0, 2.0, 0.0 ]
Created Ball at (6, 13) with color index: 2
Created Wall at (17, 13)
Created Wall at (0, 14)
Created Wall at (17, 14)
Created Wall at (0, 15)
Put Hole at center: [ 512.0, 576.0, 0.0 ] with colour 0
Created Hole at (15, 15) with color index: 0
Created Wall at (17, 15)
Created Wall at (0, 16)
Created Wall at (17, 16)
Created Wall at (0, 17)
Created Wall at (1, 17)
Created Wall at (2, 17)
Created Wall at (3, 17)
Created Wall at (4, 17)
Created Wall at (5, 17)
Created Wall at (6, 17)
Created ColouredWallTile at (7, 17) with colour index: 1
Created ColouredWallTile at (8, 17) with colour index: 1
Created ColouredWallTile at (9, 17) with colour index: 1
Created ColouredWallTile at (10, 17) with colour index: 1
Created Wall at (11, 17)
Created Wall at (12, 17)
Created Wall at (13, 17)
Created Wall at (14, 17)
Created Wall at (15, 17)
Created Wall at (16, 17)
Created Wall at (17, 17)
Level layout loaded from: level1.txt
Number of holes loaded: 4
Loaded wall from: src/main/resources/inkball/wall0.png
Loaded wall from: src/main/resources/inkball/wall1.png
Loaded wall from: src/main/resources/inkball/wall2.png
Loaded wall from: src/main/resources/inkball/wall3.png
Loaded wall from: src/main/resources/inkball/wall4.png
Config load finishes!
Created Wall at (0, 0)
Created Wall at (1, 0)
Created Wall at (2, 0)
Created Wall at (3, 0)
Created Wall at (4, 0)
Created Wall at (5, 0)
Created Wall at (6, 0)
Created ColouredWallTile at (7, 0) with colour index: 2
Created ColouredWallTile at (8, 0) with colour index: 2
Created ColouredWallTile at (9, 0) with colour index: 2
Created ColouredWallTile at (10, 0) with colour index: 2
Created Wall at (11, 0)
Created Wall at (12, 0)
Created Wall at (13, 0)
Created Wall at (14, 0)
Created Wall at (15, 0)
Created Wall at (16, 0)
Created Wall at (17, 0)
Created Wall at (0, 1)
Put Hole at center: [ 512.0, 128.0, 0.0 ] with colour 0
Created Hole at (15, 1) with color index: 0
Created Wall at (17, 1)
Created Wall at (0, 2)
Created Wall at (17, 2)
Created Wall at (0, 3)
Created Wall at (17, 3)
Created Wall at (0, 4)
Created Wall at (17, 4)
Created Wall at (0, 5)
Created Wall at (17, 5)
Created Wall at (0, 6)
Created Wall at (5, 6)
Created Wall at (6, 6)
Created Wall at (10, 6)
Put Hole at center: [ 384.0, 288.0, 0.0 ] with colour 1
Created Hole at (11, 6) with color index: 1
Created Wall at (17, 6)
Created Wall at (0, 7)
Created Wall at (6, 7)
Created Wall at (8, 7)
Created Wall at (9, 7)
Created Wall at (17, 7)
Created Wall at (0, 8)
Created EntryPoint/Spawner at (5, 8)
Created Wall at (6, 8)
Created Wall at (7, 8)
Created Wall at (17, 8)
Created Wall at (0, 9)
Created Wall at (6, 9)
Created Wall at (8, 9)
Created Wall at (9, 9)
Put Hole at center: [ 384.0, 384.0, 0.0 ] with colour 2
Created Hole at (11, 9) with color index: 2
Created Wall at (17, 9)
Created Wall at (0, 10)
Created Wall at (5, 10)
Created Wall at (6, 10)
Created Wall at (10, 10)
Created Wall at (17, 10)
Created Wall at (0, 11)
Created Wall at (17, 11)
Created Wall at (0, 12)
Created Wall at (17, 12)
Created Wall at (0, 13)
Ball initialized at position: [ 192.0, 480.0, 0.0 ] with velocity: [ -2.0, 2.0, 0.0 ]
Created Ball at (6, 13) with color index: 2
Created Wall at (17, 13)
Created Wall at (0, 14)
Created Wall at (17, 14)
Created Wall at (0, 15)
Put Hole at center: [ 512.0, 576.0, 0.0 ] with colour 0
Created Hole at (15, 15) with color index: 0
Created Wall at (17, 15)
Created Wall at (0, 16)
Created Wall at (17, 16)
Created Wall at (0, 17)
Created Wall at (1, 17)
Created Wall at (2, 17)
Created Wall at (3, 17)
Created Wall at (4, 17)
Created Wall at (5, 17)
Created Wall at (6, 17)
Created ColouredWallTile at (7, 17) with colour index: 1
Created ColouredWallTile at (8, 17) with colour index: 1
Created ColouredWallTile at (9, 17) with colour index: 1
Created ColouredWallTile at (10, 17) with colour index: 1
Created Wall at (11, 17)
Created Wall at (12, 17)
Created Wall at (13, 17)
Created Wall at (14, 17)
Created Wall at (15, 17)
Created Wall at (16, 17)
Created Wall at (17, 17)
Level layout loaded from: level1.txt
Number of holes loaded: 4
Created Wall at (0, 0)
Created Wall at (1, 0)
Created Wall at (2, 0)
Created Wall at (3, 0)
Created Wall at (4, 0)
Created Wall at (5, 0)
Created Wall at (6, 0)
Created ColouredWallTile at (7, 0) with colour index: 2
Created ColouredWallTile at (8, 0) with colour index: 2
Created ColouredWallTile at (9, 0) with colour index: 2
Created ColouredWallTile at (10, 0) with colour index: 2
Created Wall at (11, 0)
Created Wall at (12, 0)
Created Wall at (13, 0)
Created Wall at (14, 0)
Created Wall at (15, 0)
Created Wall at (16, 0)
Created Wall at (17, 0)
Created Wall at (0, 1)
Put Hole at center: [ 512.0, 128.0, 0.0 ] with colour 0
Created Hole at (15, 1) with color index: 0
Created Wall at (17, 1)
Created Wall at (0, 2)
Created Wall at (17, 2)
Created Wall at (0, 3)
Created Wall at (17, 3)
Created Wall at (0, 4)
Created Wall at (17, 4)
Created Wall at (0, 5)
Created Wall at (17, 5)
Created Wall at (0, 6)
Created Wall at (5, 6)
Created Wall at (6, 6)
Created Wall at (10, 6)
Put Hole at center: [ 384.0, 288.0, 0.0 ] with colour 1
Created Hole at (11, 6) with color index: 1
Created Wall at (17, 6)
Created Wall at (0, 7)
Created Wall at (6, 7)
Created Wall at (8, 7)
Created Wall at (9, 7)
Created Wall at (17, 7)
Created Wall at (0, 8)
Created EntryPoint/Spawner at (5, 8)
Created Wall at (6, 8)
Created Wall at (7, 8)
Created Wall at (17, 8)
Created Wall at (0, 9)
Created Wall at (6, 9)
Created Wall at (8, 9)
Created Wall at (9, 9)
Put Hole at center: [ 384.0, 384.0, 0.0 ] with colour 2
Created Hole at (11, 9) with color index: 2
Created Wall at (17, 9)
Created Wall at (0, 10)
Created Wall at (5, 10)
Created Wall at (6, 10)
Created Wall at (10, 10)
Created Wall at (17, 10)
Created Wall at (0, 11)
Created Wall at (17, 11)
Created Wall at (0, 12)
Created Wall at (17, 12)
Created Wall at (0, 13)
Ball initialized at position: [ 192.0, 480.0, 0.0 ] with velocity: [ -2.0, 2.0, 0.0 ]
Created Ball at (6, 13) with color index: 2
Created Wall at (17, 13)
Created Wall at (0, 14)
Created Wall at (17, 14)
Created Wall at (0, 15)
Put Hole at center: [ 512.0, 576.0, 0.0 ] with colour 0
Created Hole at (15, 15) with color index: 0
Created Wall at (17, 15)
Created Wall at (0, 16)
Created Wall at (17, 16)
Created Wall at (0, 17)
Created Wall at (1, 17)
Created Wall at (2, 17)
Created Wall at (3, 17)
Created Wall at (4, 17)
Created Wall at (5, 17)
Created Wall at (6, 17)
Created ColouredWallTile at (7, 17) with colour index: 1
Created ColouredWallTile at (8, 17) with colour index: 1
Created ColouredWallTile at (9, 17) with colour index: 1
Created ColouredWallTile at (10, 17) with colour index: 1
Created Wall at (11, 17)
Created Wall at (12, 17)
Created Wall at (13, 17)
Created Wall at (14, 17)
Created Wall at (15, 17)
Created Wall at (16, 17)
Created Wall at (17, 17)
Level layout loaded from: level1.txt
Number of holes loaded: 4
Loaded wall from: src/main/resources/inkball/wall0.png
Loaded wall from: src/main/resources/inkball/wall1.png
Loaded wall from: src/main/resources/inkball/wall2.png
Loaded wall from: src/main/resources/inkball/wall3.png
Loaded wall from: src/main/resources/inkball/wall4.png
Config load finishes!
Created Wall at (0, 0)
Created Wall at (1, 0)
Created Wall at (2, 0)
Created Wall at (3, 0)
Created Wall at (4, 0)
Created Wall at (5, 0)
Created Wall at (6, 0)
Created ColouredWallTile at (7, 0) with colour index: 2
Created ColouredWallTile at (8, 0) with colour index: 2
Created ColouredWallTile at (9, 0) with colour index: 2
Created ColouredWallTile at (10, 0) with colour index: 2
Created Wall at (11, 0)
Created Wall at (12, 0)
Created Wall at (13, 0)
Created Wall at (14, 0)
Created Wall at (15, 0)
Created Wall at (16, 0)
Created Wall at (17, 0)
Created Wall at (0, 1)
Put Hole at center: [ 512.0, 128.0, 0.0 ] with colour 0
Created Hole at (15, 1) with color index: 0
Created Wall at (17, 1)
Created Wall at (0, 2)
Created Wall at (17, 2)
Created Wall at (0, 3)
Created Wall at (17, 3)
Created Wall at (0, 4)
Created Wall at (17, 4)
Created Wall at (0, 5)
Created Wall at (17, 5)
Created Wall at (0, 6)
Created Wall at (5, 6)
Created Wall at (6, 6)
Created Wall at (10, 6)
Put Hole at center: [ 384.0, 288.0, 0.0 ] with colour 1
Created Hole at (11, 6) with color index: 1
Created Wall at (17, 6)
Created Wall at (0, 7)
Created Wall at (6, 7)
Created Wall at (8, 7)
Created Wall at (9, 7)
Created Wall at (17, 7)
Created Wall at (0, 8)
Created EntryPoint/Spawner at (5, 8)
Created Wall at (6, 8)
Created Wall at (7, 8)
Created Wall at (17, 8)
Created Wall at (0, 9)
Created Wall at (6, 9)
Created Wall at (8, 9)
Created Wall at (9, 9)
Put Hole at center: [ 384.0, 384.0, 0.0 ] with colour 2
Created Hole at (11, 9) with color index: 2
Created Wall at (17, 9)
Created Wall at (0, 10)
Created Wall at (5, 10)
Created Wall at (6, 10)
Created Wall at (10, 10)
Created Wall at (17, 10)
Created Wall at (0, 11)
Created Wall at (17, 11)
Created Wall at (0, 12)
Created Wall at (17, 12)
Created Wall at (0, 13)
Ball initialized at position: [ 192.0, 480.0, 0.0 ] with velocity: [ 2.0, -2.0, 0.0 ]
Created Ball at (6, 13) with color index: 2
Created Wall at (17, 13)
Created Wall at (0, 14)
Created Wall at (17, 14)
Created Wall at (0, 15)
Put Hole at center: [ 512.0, 576.0, 0.0 ] with colour 0
Created Hole at (15, 15) with color index: 0
Created Wall at (17, 15)
Created Wall at (0, 16)
Created Wall at (17, 16)
Created Wall at (0, 17)
Created Wall at (1, 17)
Created Wall at (2, 17)
Created Wall at (3, 17)
Created Wall at (4, 17)
Created Wall at (5, 17)
Created Wall at (6, 17)
Created ColouredWallTile at (7, 17) with colour index: 1
Created ColouredWallTile at (8, 17) with colour index: 1
Created ColouredWallTile at (9, 17) with colour index: 1
Created ColouredWallTile at (10, 17) with colour index: 1
Created Wall at (11, 17)
Created Wall at (12, 17)
Created Wall at (13, 17)
Created Wall at (14, 17)
Created Wall at (15, 17)
Created Wall at (16, 17)
Created Wall at (17, 17)
Level layout loaded from: level1.txt
Number of holes loaded: 4
Created Wall at (0, 0)
Created Wall at (1, 0)
Created Wall at (2, 0)
Created Wall at (3, 0)
Created Wall at (4, 0)
Created Wall at (5, 0)
Created Wall at (6, 0)
Created ColouredWallTile at (7, 0) with colour index: 2
Created ColouredWallTile at (8, 0) with colour index: 2
Created ColouredWallTile at (9, 0) with colour index: 2
Created ColouredWallTile at (10, 0) with colour index: 2
Created Wall at (11, 0)
Created Wall at (12, 0)
Created Wall at (13, 0)
Created Wall at (14, 0)
Created Wall at (15, 0)
Created Wall at (16, 0)
Created Wall at (17, 0)
Created Wall at (0, 1)
Put Hole at center: [ 512.0, 128.0, 0.0 ] with colour 0
Created Hole at (15, 1) with color index: 0
Created Wall at (17, 1)
Created Wall at (0, 2)
Created Wall at (17, 2)
Created Wall at (0, 3)
Created Wall at (17, 3)
Created Wall at (0, 4)
Created Wall at (17, 4)
Created Wall at (0, 5)
Created Wall at (17, 5)
Created Wall at (0, 6)
Created Wall at (5, 6)
Created Wall at (6, 6)
Created Wall at (10, 6)
Put Hole at center: [ 384.0, 288.0, 0.0 ] with colour 1
Created Hole at (11, 6) with color index: 1
Created Wall at (17, 6)
Created Wall at (0, 7)
Created Wall at (6, 7)
Created Wall at (8, 7)
Created Wall at (9, 7)
Created Wall at (17, 7)
Created Wall at (0, 8)
Created EntryPoint/Spawner at (5, 8)
Created Wall at (6, 8)
Created Wall at (7, 8)
Created Wall at (17, 8)
Created Wall at (0, 9)
Created Wall at (6, 9)
Created Wall at (8, 9)
Created Wall at (9, 9)
Put Hole at center: [ 384.0, 384.0, 0.0 ] with colour 2
Created Hole at (11, 9) with color index: 2
Created Wall at (17, 9)
Created Wall at (0, 10)
Created Wall at (5, 10)
Created Wall at (6, 10)
Created Wall at (10, 10)
Created Wall at (17, 10)
Created Wall at (0, 11)
Created Wall at (17, 11)
Created Wall at (0, 12)
Created Wall at (17, 12)
Created Wall at (0, 13)
Ball initialized at position: [ 192.0, 480.0, 0.0 ] with velocity: [ -2.0, -2.0, 0.0 ]
Created Ball at (6, 13) with color index: 2
Created Wall at (17, 13)
Created Wall at (0, 14)
Created Wall at (17, 14)
Created Wall at (0, 15)
Put Hole at center: [ 512.0, 576.0, 0.0 ] with colour 0
Created Hole at (15, 15) with color index: 0
Created Wall at (17, 15)
Created Wall at (0, 16)
Created Wall at (17, 16)
Created Wall at (0, 17)
Created Wall at (1, 17)
Created Wall at (2, 17)
Created Wall at (3, 17)
Created Wall at (4, 17)
Created Wall at (5, 17)
Created Wall at (6, 17)
Created ColouredWallTile at (7, 17) with colour index: 1
Created ColouredWallTile at (8, 17) with colour index: 1
Created ColouredWallTile at (9, 17) with colour index: 1
Created ColouredWallTile at (10, 17) with colour index: 1
Created Wall at (11, 17)
Created Wall at (12, 17)
Created Wall at (13, 17)
Created Wall at (14, 17)
Created Wall at (15, 17)
Created Wall at (16, 17)
Created Wall at (17, 17)
Level layout loaded from: level1.txt
Number of holes loaded: 4
Loaded wall from: src/main/resources/inkball/wall0.png
Loaded wall from: src/main/resources/inkball/wall1.png
Loaded wall from: src/main/resources/inkball/wall2.png
Loaded wall from: src/main/resources/inkball/wall3.png
Loaded wall from: src/main/resources/inkball/wall4.png
Config load finishes!
Created Wall at (0, 0)
Created Wall at (1, 0)
Created Wall at (2, 0)
Created Wall at (3, 0)
Created Wall at (4, 0)
Created Wall at (5, 0)
Created Wall at (6, 0)
Created ColouredWallTile at (7, 0) with colour index: 2
Created ColouredWallTile at (8, 0) with colour index: 2
Created ColouredWallTile at (9, 0) with colour index: 2
Created ColouredWallTile at (10, 0) with colour index: 2
Created Wall at (11, 0)
Created Wall at (12, 0)
Created Wall at (13, 0)
Created Wall at (14, 0)
Created Wall at (15, 0)
Created Wall at (16, 0)
Created Wall at (17, 0)
Created Wall at (0, 1)
Put Hole at center: [ 512.0, 128.0, 0.0 ] with colour 0
Created Hole at (15, 1) with color index: 0
Created Wall at (17, 1)
Created Wall at (0, 2)
Created Wall at (17, 2)
Created Wall at (0, 3)
Created Wall at (17, 3)
Created Wall at (0, 4)
Created Wall at (17, 4)
Created Wall at (0, 5)
Created Wall at (17, 5)
Created Wall at (0, 6)
Created Wall at (5, 6)
Created Wall at (6, 6)
Created Wall at (10, 6)
Put Hole at center: [ 384.0, 288.0, 0.0 ] with colour 1
Created Hole at (11, 6) with color index: 1
Created Wall at (17, 6)
Created Wall at (0, 7)
Created Wall at (6, 7)
Created Wall at (8, 7)
Created Wall at (9, 7)
Created Wall at (17, 7)
Created Wall at (0, 8)
Created EntryPoint/Spawner at (5, 8)
Created Wall at (6, 8)
Created Wall at (7, 8)
Created Wall at (17, 8)
Created Wall at (0, 9)
Created Wall at (6, 9)
Created Wall at (8, 9)
Created Wall at (9, 9)
Put Hole at center: [ 384.0, 384.0, 0.0 ] with colour 2
Created Hole at (11, 9) with color index: 2
Created Wall at (17, 9)
Created Wall at (0, 10)
Created Wall at (5, 10)
Created Wall at (6, 10)
Created Wall at (10, 10)
Created Wall at (17, 10)
Created Wall at (0, 11)
Created Wall at (17, 11)
Created Wall at (0, 12)
Created Wall at (17, 12)
Created Wall at (0, 13)
Ball initialized at position: [ 192.0, 480.0, 0.0 ] with velocity: [ -2.0, -2.0, 0.0 ]
Created Ball at (6, 13) with color index: 2
Created Wall at (17, 13)
Created Wall at (0, 14)
Created Wall at (17, 14)
Created Wall at (0, 15)
Put Hole at center: [ 512.0, 576.0, 0.0 ] with colour 0
Created Hole at (15, 15) with color index: 0
Created Wall at (17, 15)
Created Wall at (0, 16)
Created Wall at (17, 16)
Created Wall at (0, 17)
Created Wall at (1, 17)
Created Wall at (2, 17)
Created Wall at (3, 17)
Created Wall at (4, 17)
Created Wall at (5, 17)
Created Wall at (6, 17)
Created ColouredWallTile at (7, 17) with colour index: 1
Created ColouredWallTile at (8, 17) with colour index: 1
Created ColouredWallTile at (9, 17) with colour index: 1
Created ColouredWallTile at (10, 17) with colour index: 1
Created Wall at (11, 17)
Created Wall at (12, 17)
Created Wall at (13, 17)
Created Wall at (14, 17)
Created Wall at (15, 17)
Created Wall at (16, 17)
Created Wall at (17, 17)
Level layout loaded from: level1.txt
Number of holes loaded: 4
Created Wall at (0, 0)
Created Wall at (1, 0)
Created Wall at (2, 0)
Created Wall at (3, 0)
Created Wall at (4, 0)
Created Wall at (5, 0)
Created Wall at (6, 0)
Created ColouredWallTile at (7, 0) with colour index: 2
Created ColouredWallTile at (8, 0) with colour index: 2
Created ColouredWallTile at (9, 0) with colour index: 2
Created ColouredWallTile at (10, 0) with colour index: 2
Created Wall at (11, 0)
Created Wall at (12, 0)
Created Wall at (13, 0)
Created Wall at (14, 0)
Created Wall at (15, 0)
Created Wall at (16, 0)
Created Wall at (17, 0)
Created Wall at (0, 1)
Put Hole at center: [ 512.0, 128.0, 0.0 ] with colour 0
Created Hole at (15, 1) with color index: 0
Created Wall at (17, 1)
Created Wall at (0, 2)
Created Wall at (17, 2)
Created Wall at (0, 3)
Created Wall at (17, 3)
Created Wall at (0, 4)
Created Wall at (17, 4)
Created Wall at (0, 5)
Created Wall at (17, 5)
Created Wall at (0, 6)
Created Wall at (5, 6)
Created Wall at (6, 6)
Created Wall at (10, 6)
Put Hole at center: [ 384.0, 288.0, 0.0 ] with colour 1
Created Hole at (11, 6) with color index: 1
Created Wall at (17, 6)
Created Wall at (0, 7)
Created Wall at (6, 7)
Created Wall at (8, 7)
Created Wall at (9, 7)
Created Wall at (17, 7)
Created Wall at (0, 8)
Created EntryPoint/Spawner at (5, 8)
Created Wall at (6, 8)
Created Wall at (7, 8)
Created Wall at (17, 8)
Created Wall at (0, 9)
Created Wall at (6, 9)
Created Wall at (8, 9)
Created Wall at (9, 9)
Put Hole at center: [ 384.0, 384.0, 0.0 ] with colour 2
Created Hole at (11, 9) with color index: 2
Created Wall at (17, 9)
Created Wall at (0, 10)
Created Wall at (5, 10)
Created Wall at (6, 10)
Created Wall at (10, 10)
Created Wall at (17, 10)
Created Wall at (0, 11)
Created Wall at (17, 11)
Created Wall at (0, 12)
Created Wall at (17, 12)
Created Wall at (0, 13)
Ball initialized at position: [ 192.0, 480.0, 0.0 ] with velocity: [ -2.0, 2.0, 0.0 ]
Created Ball at (6, 13) with color index: 2
Created Wall at (17, 13)
Created Wall at (0, 14)
Created Wall at (17, 14)
Created Wall at (0, 15)
Put Hole at center: [ 512.0, 576.0, 0.0 ] with colour 0
Created Hole at (15, 15) with color index: 0
Created Wall at (17, 15)
Created Wall at (0, 16)
Created Wall at (17, 16)
Created Wall at (0, 17)
Created Wall at (1, 17)
Created Wall at (2, 17)
Created Wall at (3, 17)
Created Wall at (4, 17)
Created Wall at (5, 17)
Created Wall at (6, 17)
Created ColouredWallTile at (7, 17) with colour index: 1
Created ColouredWallTile at (8, 17) with colour index: 1
Created ColouredWallTile at (9, 17) with colour index: 1
Created ColouredWallTile at (10, 17) with colour index: 1
Created Wall at (11, 17)
Created Wall at (12, 17)
Created Wall at (13, 17)
Created Wall at (14, 17)
Created Wall at (15, 17)
Created Wall at (16, 17)
Created Wall at (17, 17)
Level layout loaded from: level1.txt
Number of holes loaded: 4
Loaded wall from: src/main/resources/inkball/wall0.png
Loaded wall from: src/main/resources/inkball/wall1.png
Loaded wall from: src/main/resources/inkball/wall2.png
Loaded wall from: src/main/resources/inkball/wall3.png
Loaded wall from: src/main/resources/inkball/wall4.png
Config load finishes!
Created Wall at (0, 0)
Created Wall at (1, 0)
Created Wall at (2, 0)
Created Wall at (3, 0)
Created Wall at (4, 0)
Created Wall at (5, 0)
Created Wall at (6, 0)
Created ColouredWallTile at (7, 0) with colour index: 2
Created ColouredWallTile at (8, 0) with colour index: 2
Created ColouredWallTile at (9, 0) with colour index: 2
Created ColouredWallTile at (10, 0) with colour index: 2
Created Wall at (11, 0)
Created Wall at (12, 0)
Created Wall at (13, 0)
Created Wall at (14, 0)
Created Wall at (15, 0)
Created Wall at (16, 0)
Created Wall at (17, 0)
Created Wall at (0, 1)
Put Hole at center: [ 512.0, 128.0, 0.0 ] with colour 0
Created Hole at (15, 1) with color index: 0
Created Wall at (17, 1)
Created Wall at (0, 2)
Created Wall at (17, 2)
Created Wall at (0, 3)
Created Wall at (17, 3)
Created Wall at (0, 4)
Created Wall at (17, 4)
Created Wall at (0, 5)
Created Wall at (17, 5)
Created Wall at (0, 6)
Created Wall at (5, 6)
Created Wall at (6, 6)
Created Wall at (10, 6)
Put Hole at center: [ 384.0, 288.0, 0.0 ] with colour 1
Created Hole at (11, 6) with color index: 1
Created Wall at (17, 6)
Created Wall at (0, 7)
Created Wall at (6, 7)
Created Wall at (8, 7)
Created Wall at (9, 7)
Created Wall at (17, 7)
Created Wall at (0, 8)
Created EntryPoint/Spawner at (5, 8)
Created Wall at (6, 8)
Created Wall at (7, 8)
Created Wall at (17, 8)
Created Wall at (0, 9)
Created Wall at (6, 9)
Created Wall at (8, 9)
Created Wall at (9, 9)
Put Hole at center: [ 384.0, 384.0, 0.0 ] with colour 2
Created Hole at (11, 9) with color index: 2
Created Wall at (17, 9)
Created Wall at (0, 10)
Created Wall at (5, 10)
Created Wall at (6, 10)
Created Wall at (10, 10)
Created Wall at (17, 10)
Created Wall at (0, 11)
Created Wall at (17, 11)
Created Wall at (0, 12)
Created Wall at (17, 12)
Created Wall at (0, 13)
Ball initialized at position: [ 192.0, 480.0, 0.0 ] with velocity: [ 2.0, 2.0, 0.0 ]
Created Ball at (6, 13) with color index: 2
Created Wall at (17, 13)
Created Wall at (0, 14)
Created Wall at (17, 14)
Created Wall at (0, 15)
Put Hole at center: [ 512.0, 576.0, 0.0 ] with colour 0
Created Hole at (15, 15) with color index: 0
Created Wall at (17, 15)
Created Wall at (0, 16)
Created Wall at (17, 16)
Created Wall at (0, 17)
Created Wall at (1, 17)
Created Wall at (2, 17)
Created Wall at (3, 17)
Created Wall at (4, 17)
Created Wall at (5, 17)
Created Wall at (6, 17)
Created ColouredWallTile at (7, 17) with colour index: 1
Created ColouredWallTile at (8, 17) with colour index: 1
Created ColouredWallTile at (9, 17) with colour index: 1
Created ColouredWallTile at (10, 17) with colour index: 1
Created Wall at (11, 17)
Created Wall at (12, 17)
Created Wall at (13, 17)
Created Wall at (14, 17)
Created Wall at (15, 17)
Created Wall at (16, 17)
Created Wall at (17, 17)
Level layout loaded from: level1.txt
Number of holes loaded: 4
Created Wall at (0, 0)
Created Wall at (1, 0)
Created Wall at (2, 0)
Created Wall at (3, 0)
Created Wall at (4, 0)
Created Wall at (5, 0)
Created Wall at (6, 0)
Created ColouredWallTile at (7, 0) with colour index: 2
Created ColouredWallTile at (8, 0) with colour index: 2
Created ColouredWallTile at (9, 0) with colour index: 2
Created ColouredWallTile at (10, 0) with colour index: 2
Created Wall at (11, 0)
Created Wall at (12, 0)
Created Wall at (13, 0)
Created Wall at (14, 0)
Created Wall at (15, 0)
Created Wall at (16, 0)
Created Wall at (17, 0)
Created Wall at (0, 1)
Put Hole at center: [ 512.0, 128.0, 0.0 ] with colour 0
Created Hole at (15, 1) with color index: 0
Created Wall at (17, 1)
Created Wall at (0, 2)
Created Wall at (17, 2)
Created Wall at (0, 3)
Created Wall at (17, 3)
Created Wall at (0, 4)
Created Wall at (17, 4)
Created Wall at (0, 5)
Created Wall at (17, 5)
Created Wall at (0, 6)
Created Wall at (5, 6)
Created Wall at (6, 6)
Created Wall at (10, 6)
Put Hole at center: [ 384.0, 288.0, 0.0 ] with colour 1
Created Hole at (11, 6) with color index: 1
Created Wall at (17, 6)
Created Wall at (0, 7)
Created Wall at (6, 7)
Created Wall at (8, 7)
Created Wall at (9, 7)
Created Wall at (17, 7)
Created Wall at (0, 8)
Created EntryPoint/Spawner at (5, 8)
Created Wall at (6, 8)
Created Wall at (7, 8)
Created Wall at (17, 8)
Created Wall at (0, 9)
Created Wall at (6, 9)
Created Wall at (8, 9)
Created Wall at (9, 9)
Put Hole at center: [ 384.0, 384.0, 0.0 ] with colour 2
Created Hole at (11, 9) with color index: 2
Created Wall at (17, 9)
Created Wall at (0, 10)
Created Wall at (5, 10)
Created Wall at (6, 10)
Created Wall at (10, 10)
Created Wall at (17, 10)
Created Wall at (0, 11)
Created Wall at (17, 11)
Created Wall at (0, 12)
Created Wall at (17, 12)
Created Wall at (0, 13)
Ball initialized at position: [ 192.0, 480.0, 0.0 ] with velocity: [ 2.0, 2.0, 0.0 ]
Created Ball at (6, 13) with color index: 2
Created Wall at (17, 13)
Created Wall at (0, 14)
Created Wall at (17, 14)
Created Wall at (0, 15)
Put Hole at center: [ 512.0, 576.0, 0.0 ] with colour 0
Created Hole at (15, 15) with color index: 0
Created Wall at (17, 15)
Created Wall at (0, 16)
Created Wall at (17, 16)
Created Wall at (0, 17)
Created Wall at (1, 17)
Created Wall at (2, 17)
Created Wall at (3, 17)
Created Wall at (4, 17)
Created Wall at (5, 17)
Created Wall at (6, 17)
Created ColouredWallTile at (7, 17) with colour index: 1
Created ColouredWallTile at (8, 17) with colour index: 1
Created ColouredWallTile at (9, 17) with colour index: 1
Created ColouredWallTile at (10, 17) with colour index: 1
Created Wall at (11, 17)
Created Wall at (12, 17)
Created Wall at (13, 17)
Created Wall at (14, 17)
Created Wall at (15, 17)
Created Wall at (16, 17)
Created Wall at (17, 17)
Level layout loaded from: level1.txt
Number of holes loaded: 4
Loaded wall from: src/main/resources/inkball/wall0.png
Loaded wall from: src/main/resources/inkball/wall1.png
Loaded wall from: src/main/resources/inkball/wall2.png
Loaded wall from: src/main/resources/inkball/wall3.png
Loaded wall from: src/main/resources/inkball/wall4.png
Config load finishes!
Created Wall at (0, 0)
Created Wall at (1, 0)
Created Wall at (2, 0)
Created Wall at (3, 0)
Created Wall at (4, 0)
Created Wall at (5, 0)
Created Wall at (6, 0)
Created ColouredWallTile at (7, 0) with colour index: 2
Created ColouredWallTile at (8, 0) with colour index: 2
Created ColouredWallTile at (9, 0) with colour index: 2
Created ColouredWallTile at (10, 0) with colour index: 2
Created Wall at (11, 0)
Created Wall at (12, 0)
Created Wall at (13, 0)
Created Wall at (14, 0)
Created Wall at (15, 0)
Created Wall at (16, 0)
Created Wall at (17, 0)
Created Wall at (0, 1)
Put Hole at center: [ 512.0, 128.0, 0.0 ] with colour 0
Created Hole at (15, 1) with color index: 0
Created Wall at (17, 1)
Created Wall at (0, 2)
Created Wall at (17, 2)
Created Wall at (0, 3)
Created Wall at (17, 3)
Created Wall at (0, 4)
Created Wall at (17, 4)
Created Wall at (0, 5)
Created Wall at (17, 5)
Created Wall at (0, 6)
Created Wall at (5, 6)
Created Wall at (6, 6)
Created Wall at (10, 6)
Put Hole at center: [ 384.0, 288.0, 0.0 ] with colour 1
Created Hole at (11, 6) with color index: 1
Created Wall at (17, 6)
Created Wall at (0, 7)
Created Wall at (6, 7)
Created Wall at (8, 7)
Created Wall at (9, 7)
Created Wall at (17, 7)
Created Wall at (0, 8)
Created EntryPoint/Spawner at (5, 8)
Created Wall at (6, 8)
Created Wall at (7, 8)
Created Wall at (17, 8)
Created Wall at (0, 9)
Created Wall at (6, 9)
Created Wall at (8, 9)
Created Wall at (9, 9)
Put Hole at center: [ 384.0, 384.0, 0.0 ] with colour 2
Created Hole at (11, 9) with color index: 2
Created Wall at (17, 9)
Created Wall at (0, 10)
Created Wall at (5, 10)
Created Wall at (6, 10)
Created Wall at (10, 10)
Created Wall at (17, 10)
Created Wall at (0, 11)
Created Wall at (17, 11)
Created Wall at (0, 12)
Created Wall at (17, 12)
Created Wall at (0, 13)
Ball initialized at position: [ 192.0, 480.0, 0.0 ] with velocity: [ -2.0, -2.0, 0.0 ]
Created Ball at (6, 13) with color index: 2
Created Wall at (17, 13)
Created Wall at (0, 14)
Created Wall at (17, 14)
Created Wall at (0, 15)
Put Hole at center: [ 512.0, 576.0, 0.0 ] with colour 0
Created Hole at (15, 15) with color index: 0
Created Wall at (17, 15)
Created Wall at (0, 16)
Created Wall at (17, 16)
Created Wall at (0, 17)
Created Wall at (1, 17)
Created Wall at (2, 17)
Created Wall at (3, 17)
Created Wall at (4, 17)
Created Wall at (5, 17)
Created Wall at (6, 17)
Created ColouredWallTile at (7, 17) with colour index: 1
Created ColouredWallTile at (8, 17) with colour index: 1
Created ColouredWallTile at (9, 17) with colour index: 1
Created ColouredWallTile at (10, 17) with colour index: 1
Created Wall at (11, 17)
Created Wall at (12, 17)
Created Wall at (13, 17)
Created Wall at (14, 17)
Created Wall at (15, 17)
Created Wall at (16, 17)
Created Wall at (17, 17)
Level layout loaded from: level1.txt
Number of holes loaded: 4
Created Wall at (0, 0)
Created Wall at (1, 0)
Created Wall at (2, 0)
Created Wall at (3, 0)
Created Wall at (4, 0)
Created Wall at (5, 0)
Created Wall at (6, 0)
Created ColouredWallTile at (7, 0) with colour index: 2
Created ColouredWallTile at (8, 0) with colour index: 2
Created ColouredWallTile at (9, 0) with colour index: 2
Created ColouredWallTile at (10, 0) with colour index: 2
Created Wall at (11, 0)
Created Wall at (12, 0)
Created Wall at (13, 0)
Created Wall at (14, 0)
Created Wall at (15, 0)
Created Wall at (16, 0)
Created Wall at (17, 0)
Created Wall at (0, 1)
Put Hole at center: [ 512.0, 128.0, 0.0 ] with colour 0
Created Hole at (15, 1) with color index: 0
Created Wall at (17, 1)
Created Wall at (0, 2)
Created Wall at (17, 2)
Created Wall at (0, 3)
Created Wall at (17, 3)
Created Wall at (0, 4)
Created Wall at (17, 4)
Created Wall at (0, 5)
Created Wall at (17, 5)
Created Wall at (0, 6)
Created Wall at (5, 6)
Created Wall at (6, 6)
Created Wall at (10, 6)
Put Hole at center: [ 384.0, 288.0, 0.0 ] with colour 1
Created Hole at (11, 6) with color index: 1
Created Wall at (17, 6)
Created Wall at (0, 7)
Created Wall at (6, 7)
Created Wall at (8, 7)
Created Wall at (9, 7)
Created Wall at (17, 7)
Created Wall at (0, 8)
Created EntryPoint/Spawner at (5, 8)
Created Wall at (6, 8)
Created Wall at (7, 8)
Created Wall at (17, 8)
Created Wall at (0, 9)
Created Wall at (6, 9)
Created Wall at (8, 9)
Created Wall at (9, 9)
Put Hole at center: [ 384.0, 384.0, 0.0 ] with colour 2
Created Hole at (11, 9) with color index: 2
Created Wall at (17, 9)
Created Wall at (0, 10)
Created Wall at (5, 10)
Created Wall at (6, 10)
Created Wall at (10, 10)
Created Wall at (17, 10)
Created Wall at (0, 11)
Created Wall at (17, 11)
Created Wall at (0, 12)
Created Wall at (17, 12)
Created Wall at (0, 13)
Ball initialized at position: [ 192.0, 480.0, 0.0 ] with velocity: [ 2.0, 2.0, 0.0 ]
Created Ball at (6, 13) with color index: 2
Created Wall at (17, 13)
Created Wall at (0, 14)
Created Wall at (17, 14)
Created Wall at (0, 15)
Put Hole at center: [ 512.0, 576.0, 0.0 ] with colour 0
Created Hole at (15, 15) with color index: 0
Created Wall at (17, 15)
Created Wall at (0, 16)
Created Wall at (17, 16)
Created Wall at (0, 17)
Created Wall at (1, 17)
Created Wall at (2, 17)
Created Wall at (3, 17)
Created Wall at (4, 17)
Created Wall at (5, 17)
Created Wall at (6, 17)
Created ColouredWallTile at (7, 17) with colour index: 1
Created ColouredWallTile at (8, 17) with colour index: 1
Created ColouredWallTile at (9, 17) with colour index: 1
Created ColouredWallTile at (10, 17) with colour index: 1
Created Wall at (11, 17)
Created Wall at (12, 17)
Created Wall at (13, 17)
Created Wall at (14, 17)
Created Wall at (15, 17)
Created Wall at (16, 17)
Created Wall at (17, 17)
Level layout loaded from: level1.txt
Number of holes loaded: 4
Timer decreased by 1 second. Time remaining: 0s



Score increased by 1. Current score: 1
Yellow tiles moved by 1 tile.
Loaded wall from: src/main/resources/inkball/wall0.png
Loaded wall from: src/main/resources/inkball/wall1.png
Loaded wall from: src/main/resources/inkball/wall2.png
Loaded wall from: src/main/resources/inkball/wall3.png
Loaded wall from: src/main/resources/inkball/wall4.png
Config load finishes!
Created Wall at (0, 0)
Created Wall at (1, 0)
Created Wall at (2, 0)
Created Wall at (3, 0)
Created Wall at (4, 0)
Created Wall at (5, 0)
Created Wall at (6, 0)
Created ColouredWallTile at (7, 0) with colour index: 2
Created ColouredWallTile at (8, 0) with colour index: 2
Created ColouredWallTile at (9, 0) with colour index: 2
Created ColouredWallTile at (10, 0) with colour index: 2
Created Wall at (11, 0)
Created Wall at (12, 0)
Created Wall at (13, 0)
Created Wall at (14, 0)
Created Wall at (15, 0)
Created Wall at (16, 0)
Created Wall at (17, 0)
Created Wall at (0, 1)
Put Hole at center: [ 512.0, 128.0, 0.0 ] with colour 0
Created Hole at (15, 1) with color index: 0
Created Wall at (17, 1)
Created Wall at (0, 2)
Created Wall at (17, 2)
Created Wall at (0, 3)
Created Wall at (17, 3)
Created Wall at (0, 4)
Created Wall at (17, 4)
Created Wall at (0, 5)
Created Wall at (17, 5)
Created Wall at (0, 6)
Created Wall at (5, 6)
Created Wall at (6, 6)
Created Wall at (10, 6)
Put Hole at center: [ 384.0, 288.0, 0.0 ] with colour 1
Created Hole at (11, 6) with color index: 1
Created Wall at (17, 6)
Created Wall at (0, 7)
Created Wall at (6, 7)
Created Wall at (8, 7)
Created Wall at (9, 7)
Created Wall at (17, 7)
Created Wall at (0, 8)
Created EntryPoint/Spawner at (5, 8)
Created Wall at (6, 8)
Created Wall at (7, 8)
Created Wall at (17, 8)
Created Wall at (0, 9)
Created Wall at (6, 9)
Created Wall at (8, 9)
Created Wall at (9, 9)
Put Hole at center: [ 384.0, 384.0, 0.0 ] with colour 2
Created Hole at (11, 9) with color index: 2
Created Wall at (17, 9)
Created Wall at (0, 10)
Created Wall at (5, 10)
Created Wall at (6, 10)
Created Wall at (10, 10)
Created Wall at (17, 10)
Created Wall at (0, 11)
Created Wall at (17, 11)
Created Wall at (0, 12)
Created Wall at (17, 12)
Created Wall at (0, 13)
Ball initialized at position: [ 192.0, 480.0, 0.0 ] with velocity: [ -2.0, 2.0, 0.0 ]
Created Ball at (6, 13) with color index: 2
Created Wall at (17, 13)
Created Wall at (0, 14)
Created Wall at (17, 14)
Created Wall at (0, 15)
Put Hole at center: [ 512.0, 576.0, 0.0 ] with colour 0
Created Hole at (15, 15) with color index: 0
Created Wall at (17, 15)
Created Wall at (0, 16)
Created Wall at (17, 16)
Created Wall at (0, 17)
Created Wall at (1, 17)
Created Wall at (2, 17)
Created Wall at (3, 17)
Created Wall at (4, 17)
Created Wall at (5, 17)
Created Wall at (6, 17)
Created ColouredWallTile at (7, 17) with colour index: 1
Created ColouredWallTile at (8, 17) with colour index: 1
Created ColouredWallTile at (9, 17) with colour index: 1
Created ColouredWallTile at (10, 17) with colour index: 1
Created Wall at (11, 17)
Created Wall at (12, 17)
Created Wall at (13, 17)
Created Wall at (14, 17)
Created Wall at (15, 17)
Created Wall at (16, 17)
Created Wall at (17, 17)
Level layout loaded from: level1.txt
Number of holes loaded: 4
Created Wall at (0, 0)
Created Wall at (1, 0)
Created Wall at (2, 0)
Created Wall at (3, 0)
Created Wall at (4, 0)
Created Wall at (5, 0)
Created Wall at (6, 0)
Created ColouredWallTile at (7, 0) with colour index: 2
Created ColouredWallTile at (8, 0) with colour index: 2
Created ColouredWallTile at (9, 0) with colour index: 2
Created ColouredWallTile at (10, 0) with colour index: 2
Created Wall at (11, 0)
Created Wall at (12, 0)
Created Wall at (13, 0)
Created Wall at (14, 0)
Created Wall at (15, 0)
Created Wall at (16, 0)
Created Wall at (17, 0)
Created Wall at (0, 1)
Put Hole at center: [ 512.0, 128.0, 0.0 ] with colour 0
Created Hole at (15, 1) with color index: 0
Created Wall at (17, 1)
Created Wall at (0, 2)
Created Wall at (17, 2)
Created Wall at (0, 3)
Created Wall at (17, 3)
Created Wall at (0, 4)
Created Wall at (17, 4)
Created Wall at (0, 5)
Created Wall at (17, 5)
Created Wall at (0, 6)
Created Wall at (5, 6)
Created Wall at (6, 6)
Created Wall at (10, 6)
Put Hole at center: [ 384.0, 288.0, 0.0 ] with colour 1
Created Hole at (11, 6) with color index: 1
Created Wall at (17, 6)
Created Wall at (0, 7)
Created Wall at (6, 7)
Created Wall at (8, 7)
Created Wall at (9, 7)
Created Wall at (17, 7)
Created Wall at (0, 8)
Created EntryPoint/Spawner at (5, 8)
Created Wall at (6, 8)
Created Wall at (7, 8)
Created Wall at (17, 8)
Created Wall at (0, 9)
Created Wall at (6, 9)
Created Wall at (8, 9)
Created Wall at (9, 9)
Put Hole at center: [ 384.0, 384.0, 0.0 ] with colour 2
Created Hole at (11, 9) with color index: 2
Created Wall at (17, 9)
Created Wall at (0, 10)
Created Wall at (5, 10)
Created Wall at (6, 10)
Created Wall at (10, 10)
Created Wall at (17, 10)
Created Wall at (0, 11)
Created Wall at (17, 11)
Created Wall at (0, 12)
Created Wall at (17, 12)
Created Wall at (0, 13)
Ball initialized at position: [ 192.0, 480.0, 0.0 ] with velocity: [ 2.0, 2.0, 0.0 ]
Created Ball at (6, 13) with color index: 2
Created Wall at (17, 13)
Created Wall at (0, 14)
Created Wall at (17, 14)
Created Wall at (0, 15)
Put Hole at center: [ 512.0, 576.0, 0.0 ] with colour 0
Created Hole at (15, 15) with color index: 0
Created Wall at (17, 15)
Created Wall at (0, 16)
Created Wall at (17, 16)
Created Wall at (0, 17)
Created Wall at (1, 17)
Created Wall at (2, 17)
Created Wall at (3, 17)
Created Wall at (4, 17)
Created Wall at (5, 17)
Created Wall at (6, 17)
Created ColouredWallTile at (7, 17) with colour index: 1
Created ColouredWallTile at (8, 17) with colour index: 1
Created ColouredWallTile at (9, 17) with colour index: 1
Created ColouredWallTile at (10, 17) with colour index: 1
Created Wall at (11, 17)
Created Wall at (12, 17)
Created Wall at (13, 17)
Created Wall at (14, 17)
Created Wall at (15, 17)
Created Wall at (16, 17)
Created Wall at (17, 17)
Level layout loaded from: level1.txt
Number of holes loaded: 4
Ball refilled: blue
Loaded wall from: src/main/resources/inkball/wall0.png
Loaded wall from: src/main/resources/inkball/wall1.png
Loaded wall from: src/main/resources/inkball/wall2.png
Loaded wall from: src/main/resources/inkball/wall3.png
Loaded wall from: src/main/resources/inkball/wall4.png
Config load finishes!
Created Wall at (0, 0)
Created Wall at (1, 0)
Created Wall at (2, 0)
Created Wall at (3, 0)
Created Wall at (4, 0)
Created Wall at (5, 0)
Created Wall at (6, 0)
Created ColouredWallTile at (7, 0) with colour index: 2
Created ColouredWallTile at (8, 0) with colour index: 2
Created ColouredWallTile at (9, 0) with colour index: 2
Created ColouredWallTile at (10, 0) with colour index: 2
Created Wall at (11, 0)
Created Wall at (12, 0)
Created Wall at (13, 0)
Created Wall at (14, 0)
Created Wall at (15, 0)
Created Wall at (16, 0)
Created Wall at (17, 0)
Created Wall at (0, 1)
Put Hole at center: [ 512.0, 128.0, 0.0 ] with colour 0
Created Hole at (15, 1) with color index: 0
Created Wall at (17, 1)
Created Wall at (0, 2)
Created Wall at (17, 2)
Created Wall at (0, 3)
Created Wall at (17, 3)
Created Wall at (0, 4)
Created Wall at (17, 4)
Created Wall at (0, 5)
Created Wall at (17, 5)
Created Wall at (0, 6)
Created Wall at (5, 6)
Created Wall at (6, 6)
Created Wall at (10, 6)
Put Hole at center: [ 384.0, 288.0, 0.0 ] with colour 1
Created Hole at (11, 6) with color index: 1
Created Wall at (17, 6)
Created Wall at (0, 7)
Created Wall at (6, 7)
Created Wall at (8, 7)
Created Wall at (9, 7)
Created Wall at (17, 7)
Created Wall at (0, 8)
Created EntryPoint/Spawner at (5, 8)
Created Wall at (6, 8)
Created Wall at (7, 8)
Created Wall at (17, 8)
Created Wall at (0, 9)
Created Wall at (6, 9)
Created Wall at (8, 9)
Created Wall at (9, 9)
Put Hole at center: [ 384.0, 384.0, 0.0 ] with colour 2
Created Hole at (11, 9) with color index: 2
Created Wall at (17, 9)
Created Wall at (0, 10)
Created Wall at (5, 10)
Created Wall at (6, 10)
Created Wall at (10, 10)
Created Wall at (17, 10)
Created Wall at (0, 11)
Created Wall at (17, 11)
Created Wall at (0, 12)
Created Wall at (17, 12)
Created Wall at (0, 13)
Ball initialized at position: [ 192.0, 480.0, 0.0 ] with velocity: [ -2.0, -2.0, 0.0 ]
Created Ball at (6, 13) with color index: 2
Created Wall at (17, 13)
Created Wall at (0, 14)
Created Wall at (17, 14)
Created Wall at (0, 15)
Put Hole at center: [ 512.0, 576.0, 0.0 ] with colour 0
Created Hole at (15, 15) with color index: 0
Created Wall at (17, 15)
Created Wall at (0, 16)
Created Wall at (17, 16)
Created Wall at (0, 17)
Created Wall at (1, 17)
Created Wall at (2, 17)
Created Wall at (3, 17)
Created Wall at (4, 17)
Created Wall at (5, 17)
Created Wall at (6, 17)
Created ColouredWallTile at (7, 17) with colour index: 1
Created ColouredWallTile at (8, 17) with colour index: 1
Created ColouredWallTile at (9, 17) with colour index: 1
Created ColouredWallTile at (10, 17) with colour index: 1
Created Wall at (11, 17)
Created Wall at (12, 17)
Created Wall at (13, 17)
Created Wall at (14, 17)
Created Wall at (15, 17)
Created Wall at (16, 17)
Created Wall at (17, 17)
Level layout loaded from: level1.txt
Number of holes loaded: 4
Created Wall at (0, 0)
Created Wall at (1, 0)
Created Wall at (2, 0)
Created Wall at (3, 0)
Created Wall at (4, 0)
Created Wall at (5, 0)
Created Wall at (6, 0)
Created ColouredWallTile at (7, 0) with colour index: 2
Created ColouredWallTile at (8, 0) with colour index: 2
Created ColouredWallTile at (9, 0) with colour index: 2
Created ColouredWallTile at (10, 0) with colour index: 2
Created Wall at (11, 0)
Created Wall at (12, 0)
Created Wall at (13, 0)
Created Wall at (14, 0)
Created Wall at (15, 0)
Created Wall at (16, 0)
Created Wall at (17, 0)
Created Wall at (0, 1)
Put Hole at center: [ 512.0, 128.0, 0.0 ] with colour 0
Created Hole at (15, 1) with color index: 0
Created Wall at (17, 1)
Created Wall at (0, 2)
Created Wall at (17, 2)
Created Wall at (0, 3)
Created Wall at (17, 3)
Created Wall at (0, 4)
Created Wall at (17, 4)
Created Wall at (0, 5)
Created Wall at (17, 5)
Created Wall at (0, 6)
Created Wall at (5, 6)
Created Wall at (6, 6)
Created Wall at (10, 6)
Put Hole at center: [ 384.0, 288.0, 0.0 ] with colour 1
Created Hole at (11, 6) with color index: 1
Created Wall at (17, 6)
Created Wall at (0, 7)
Created Wall at (6, 7)
Created Wall at (8, 7)
Created Wall at (9, 7)
Created Wall at (17, 7)
Created Wall at (0, 8)
Created EntryPoint/Spawner at (5, 8)
Created Wall at (6, 8)
Created Wall at (7, 8)
Created Wall at (17, 8)
Created Wall at (0, 9)
Created Wall at (6, 9)
Created Wall at (8, 9)
Created Wall at (9, 9)
Put Hole at center: [ 384.0, 384.0, 0.0 ] with colour 2
Created Hole at (11, 9) with color index: 2
Created Wall at (17, 9)
Created Wall at (0, 10)
Created Wall at (5, 10)
Created Wall at (6, 10)
Created Wall at (10, 10)
Created Wall at (17, 10)
Created Wall at (0, 11)
Created Wall at (17, 11)
Created Wall at (0, 12)
Created Wall at (17, 12)
Created Wall at (0, 13)
Ball initialized at position: [ 192.0, 480.0, 0.0 ] with velocity: [ -2.0, 2.0, 0.0 ]
Created Ball at (6, 13) with color index: 2
Created Wall at (17, 13)
Created Wall at (0, 14)
Created Wall at (17, 14)
Created Wall at (0, 15)
Put Hole at center: [ 512.0, 576.0, 0.0 ] with colour 0
Created Hole at (15, 15) with color index: 0
Created Wall at (17, 15)
Created Wall at (0, 16)
Created Wall at (17, 16)
Created Wall at (0, 17)
Created Wall at (1, 17)
Created Wall at (2, 17)
Created Wall at (3, 17)
Created Wall at (4, 17)
Created Wall at (5, 17)
Created Wall at (6, 17)
Created ColouredWallTile at (7, 17) with colour index: 1
Created ColouredWallTile at (8, 17) with colour index: 1
Created ColouredWallTile at (9, 17) with colour index: 1
Created ColouredWallTile at (10, 17) with colour index: 1
Created Wall at (11, 17)
Created Wall at (12, 17)
Created Wall at (13, 17)
Created Wall at (14, 17)
Created Wall at (15, 17)
Created Wall at (16, 17)
Created Wall at (17, 17)
Level layout loaded from: level1.txt
Number of holes loaded: 4
Loaded wall from: src/main/resources/inkball/wall0.png
Loaded wall from: src/main/resources/inkball/wall1.png
Loaded wall from: src/main/resources/inkball/wall2.png
Loaded wall from: src/main/resources/inkball/wall3.png
Loaded wall from: src/main/resources/inkball/wall4.png
Config load finishes!
Created Wall at (0, 0)
Created Wall at (1, 0)
Created Wall at (2, 0)
Created Wall at (3, 0)
Created Wall at (4, 0)
Created Wall at (5, 0)
Created Wall at (6, 0)
Created ColouredWallTile at (7, 0) with colour index: 2
Created ColouredWallTile at (8, 0) with colour index: 2
Created ColouredWallTile at (9, 0) with colour index: 2
Created ColouredWallTile at (10, 0) with colour index: 2
Created Wall at (11, 0)
Created Wall at (12, 0)
Created Wall at (13, 0)
Created Wall at (14, 0)
Created Wall at (15, 0)
Created Wall at (16, 0)
Created Wall at (17, 0)
Created Wall at (0, 1)
Put Hole at center: [ 512.0, 128.0, 0.0 ] with colour 0
Created Hole at (15, 1) with color index: 0
Created Wall at (17, 1)
Created Wall at (0, 2)
Created Wall at (17, 2)
Created Wall at (0, 3)
Created Wall at (17, 3)
Created Wall at (0, 4)
Created Wall at (17, 4)
Created Wall at (0, 5)
Created Wall at (17, 5)
Created Wall at (0, 6)
Created Wall at (5, 6)
Created Wall at (6, 6)
Created Wall at (10, 6)
Put Hole at center: [ 384.0, 288.0, 0.0 ] with colour 1
Created Hole at (11, 6) with color index: 1
Created Wall at (17, 6)
Created Wall at (0, 7)
Created Wall at (6, 7)
Created Wall at (8, 7)
Created Wall at (9, 7)
Created Wall at (17, 7)
Created Wall at (0, 8)
Created EntryPoint/Spawner at (5, 8)
Created Wall at (6, 8)
Created Wall at (7, 8)
Created Wall at (17, 8)
Created Wall at (0, 9)
Created Wall at (6, 9)
Created Wall at (8, 9)
Created Wall at (9, 9)
Put Hole at center: [ 384.0, 384.0, 0.0 ] with colour 2
Created Hole at (11, 9) with color index: 2
Created Wall at (17, 9)
Created Wall at (0, 10)
Created Wall at (5, 10)
Created Wall at (6, 10)
Created Wall at (10, 10)
Created Wall at (17, 10)
Created Wall at (0, 11)
Created Wall at (17, 11)
Created Wall at (0, 12)
Created Wall at (17, 12)
Created Wall at (0, 13)
Ball initialized at position: [ 192.0, 480.0, 0.0 ] with velocity: [ 2.0, 2.0, 0.0 ]
Created Ball at (6, 13) with color index: 2
Created Wall at (17, 13)
Created Wall at (0, 14)
Created Wall at (17, 14)
Created Wall at (0, 15)
Put Hole at center: [ 512.0, 576.0, 0.0 ] with colour 0
Created Hole at (15, 15) with color index: 0
Created Wall at (17, 15)
Created Wall at (0, 16)
Created Wall at (17, 16)
Created Wall at (0, 17)
Created Wall at (1, 17)
Created Wall at (2, 17)
Created Wall at (3, 17)
Created Wall at (4, 17)
Created Wall at (5, 17)
Created Wall at (6, 17)
Created ColouredWallTile at (7, 17) with colour index: 1
Created ColouredWallTile at (8, 17) with colour index: 1
Created ColouredWallTile at (9, 17) with colour index: 1
Created ColouredWallTile at (10, 17) with colour index: 1
Created Wall at (11, 17)
Created Wall at (12, 17)
Created Wall at (13, 17)
Created Wall at (14, 17)
Created Wall at (15, 17)
Created Wall at (16, 17)
Created Wall at (17, 17)
Level layout loaded from: level1.txt
Number of holes loaded: 4
Created Wall at (0, 0)
Created Wall at (1, 0)
Created Wall at (2, 0)
Created Wall at (3, 0)
Created Wall at (4, 0)
Created Wall at (5, 0)
Created Wall at (6, 0)
Created ColouredWallTile at (7, 0) with colour index: 2
Created ColouredWallTile at (8, 0) with colour index: 2
Created ColouredWallTile at (9, 0) with colour index: 2
Created ColouredWallTile at (10, 0) with colour index: 2
Created Wall at (11, 0)
Created Wall at (12, 0)
Created Wall at (13, 0)
Created Wall at (14, 0)
Created Wall at (15, 0)
Created Wall at (16, 0)
Created Wall at (17, 0)
Created Wall at (0, 1)
Put Hole at center: [ 512.0, 128.0, 0.0 ] with colour 0
Created Hole at (15, 1) with color index: 0
Created Wall at (17, 1)
Created Wall at (0, 2)
Created Wall at (17, 2)
Created Wall at (0, 3)
Created Wall at (17, 3)
Created Wall at (0, 4)
Created Wall at (17, 4)
Created Wall at (0, 5)
Created Wall at (17, 5)
Created Wall at (0, 6)
Created Wall at (5, 6)
Created Wall at (6, 6)
Created Wall at (10, 6)
Put Hole at center: [ 384.0, 288.0, 0.0 ] with colour 1
Created Hole at (11, 6) with color index: 1
Created Wall at (17, 6)
Created Wall at (0, 7)
Created Wall at (6, 7)
Created Wall at (8, 7)
Created Wall at (9, 7)
Created Wall at (17, 7)
Created Wall at (0, 8)
Created EntryPoint/Spawner at (5, 8)
Created Wall at (6, 8)
Created Wall at (7, 8)
Created Wall at (17, 8)
Created Wall at (0, 9)
Created Wall at (6, 9)
Created Wall at (8, 9)
Created Wall at (9, 9)
Put Hole at center: [ 384.0, 384.0, 0.0 ] with colour 2
Created Hole at (11, 9) with color index: 2
Created Wall at (17, 9)
Created Wall at (0, 10)
Created Wall at (5, 10)
Created Wall at (6, 10)
Created Wall at (10, 10)
Created Wall at (17, 10)
Created Wall at (0, 11)
Created Wall at (17, 11)
Created Wall at (0, 12)
Created Wall at (17, 12)
Created Wall at (0, 13)
Ball initialized at position: [ 192.0, 480.0, 0.0 ] with velocity: [ 2.0, 2.0, 0.0 ]
Created Ball at (6, 13) with color index: 2
Created Wall at (17, 13)
Created Wall at (0, 14)
Created Wall at (17, 14)
Created Wall at (0, 15)
Put Hole at center: [ 512.0, 576.0, 0.0 ] with colour 0
Created Hole at (15, 15) with color index: 0
Created Wall at (17, 15)
Created Wall at (0, 16)
Created Wall at (17, 16)
Created Wall at (0, 17)
Created Wall at (1, 17)
Created Wall at (2, 17)
Created Wall at (3, 17)
Created Wall at (4, 17)
Created Wall at (5, 17)
Created Wall at (6, 17)
Created ColouredWallTile at (7, 17) with colour index: 1
Created ColouredWallTile at (8, 17) with colour index: 1
Created ColouredWallTile at (9, 17) with colour index: 1
Created ColouredWallTile at (10, 17) with colour index: 1
Created Wall at (11, 17)
Created Wall at (12, 17)
Created Wall at (13, 17)
Created Wall at (14, 17)
Created Wall at (15, 17)
Created Wall at (16, 17)
Created Wall at (17, 17)
Level layout loaded from: level1.txt
Number of holes loaded: 4
Loaded wall from: src/main/resources/inkball/wall0.png
Loaded wall from: src/main/resources/inkball/wall1.png
Loaded wall from: src/main/resources/inkball/wall2.png
Loaded wall from: src/main/resources/inkball/wall3.png
Loaded wall from: src/main/resources/inkball/wall4.png
Config load finishes!
Created Wall at (0, 0)
Created Wall at (1, 0)
Created Wall at (2, 0)
Created Wall at (3, 0)
Created Wall at (4, 0)
Created Wall at (5, 0)
Created Wall at (6, 0)
Created ColouredWallTile at (7, 0) with colour index: 2
Created ColouredWallTile at (8, 0) with colour index: 2
Created ColouredWallTile at (9, 0) with colour index: 2
Created ColouredWallTile at (10, 0) with colour index: 2
Created Wall at (11, 0)
Created Wall at (12, 0)
Created Wall at (13, 0)
Created Wall at (14, 0)
Created Wall at (15, 0)
Created Wall at (16, 0)
Created Wall at (17, 0)
Created Wall at (0, 1)
Put Hole at center: [ 512.0, 128.0, 0.0 ] with colour 0
Created Hole at (15, 1) with color index: 0
Created Wall at (17, 1)
Created Wall at (0, 2)
Created Wall at (17, 2)
Created Wall at (0, 3)
Created Wall at (17, 3)
Created Wall at (0, 4)
Created Wall at (17, 4)
Created Wall at (0, 5)
Created Wall at (17, 5)
Created Wall at (0, 6)
Created Wall at (5, 6)
Created Wall at (6, 6)
Created Wall at (10, 6)
Put Hole at center: [ 384.0, 288.0, 0.0 ] with colour 1
Created Hole at (11, 6) with color index: 1
Created Wall at (17, 6)
Created Wall at (0, 7)
Created Wall at (6, 7)
Created Wall at (8, 7)
Created Wall at (9, 7)
Created Wall at (17, 7)
Created Wall at (0, 8)
Created EntryPoint/Spawner at (5, 8)
Created Wall at (6, 8)
Created Wall at (7, 8)
Created Wall at (17, 8)
Created Wall at (0, 9)
Created Wall at (6, 9)
Created Wall at (8, 9)
Created Wall at (9, 9)
Put Hole at center: [ 384.0, 384.0, 0.0 ] with colour 2
Created Hole at (11, 9) with color index: 2
Created Wall at (17, 9)
Created Wall at (0, 10)
Created Wall at (5, 10)
Created Wall at (6, 10)
Created Wall at (10, 10)
Created Wall at (17, 10)
Created Wall at (0, 11)
Created Wall at (17, 11)
Created Wall at (0, 12)
Created Wall at (17, 12)
Created Wall at (0, 13)
Ball initialized at position: [ 192.0, 480.0, 0.0 ] with velocity: [ -2.0, -2.0, 0.0 ]
Created Ball at (6, 13) with color index: 2
Created Wall at (17, 13)
Created Wall at (0, 14)
Created Wall at (17, 14)
Created Wall at (0, 15)
Put Hole at center: [ 512.0, 576.0, 0.0 ] with colour 0
Created Hole at (15, 15) with color index: 0
Created Wall at (17, 15)
Created Wall at (0, 16)
Created Wall at (17, 16)
Created Wall at (0, 17)
Created Wall at (1, 17)
Created Wall at (2, 17)
Created Wall at (3, 17)
Created Wall at (4, 17)
Created Wall at (5, 17)
Created Wall at (6, 17)
Created ColouredWallTile at (7, 17) with colour index: 1
Created ColouredWallTile at (8, 17) with colour index: 1
Created ColouredWallTile at (9, 17) with colour index: 1
Created ColouredWallTile at (10, 17) with colour index: 1
Created Wall at (11, 17)
Created Wall at (12, 17)
Created Wall at (13, 17)
Created Wall at (14, 17)
Created Wall at (15, 17)
Created Wall at (16, 17)
Created Wall at (17, 17)
Level layout loaded from: level1.txt
Number of holes loaded: 4
Created Wall at (0, 0)
Created Wall at (1, 0)
Created Wall at (2, 0)
Created Wall at (3, 0)
Created Wall at (4, 0)
Created Wall at (5, 0)
Created Wall at (6, 0)
Created ColouredWallTile at (7, 0) with colour index: 2
Created ColouredWallTile at (8, 0) with colour index: 2
Created ColouredWallTile at (9, 0) with colour index: 2
Created ColouredWallTile at (10, 0) with colour index: 2
Created Wall at (11, 0)
Created Wall at (12, 0)
Created Wall at (13, 0)
Created Wall at (14, 0)
Created Wall at (15, 0)
Created Wall at (16, 0)
Created Wall at (17, 0)
Created Wall at (0, 1)
Put Hole at center: [ 512.0, 128.0, 0.0 ] with colour 0
Created Hole at (15, 1) with color index: 0
Created Wall at (17, 1)
Created Wall at (0, 2)
Created Wall at (17, 2)
Created Wall at (0, 3)
Created Wall at (17, 3)
Created Wall at (0, 4)
Created Wall at (17, 4)
Created Wall at (0, 5)
Created Wall at (17, 5)
Created Wall at (0, 6)
Created Wall at (5, 6)
Created Wall at (6, 6)
Created Wall at (10, 6)
Put Hole at center: [ 384.0, 288.0, 0.0 ] with colour 1
Created Hole at (11, 6) with color index: 1
Created Wall at (17, 6)
Created Wall at (0, 7)
Created Wall at (6, 7)
Created Wall at (8, 7)
Created Wall at (9, 7)
Created Wall at (17, 7)
Created Wall at (0, 8)
Created EntryPoint/Spawner at (5, 8)
Created Wall at (6, 8)
Created Wall at (7, 8)
Created Wall at (17, 8)
Created Wall at (0, 9)
Created Wall at (6, 9)
Created Wall at (8, 9)
Created Wall at (9, 9)
Put Hole at center: [ 384.0, 384.0, 0.0 ] with colour 2
Created Hole at (11, 9) with color index: 2
Created Wall at (17, 9)
Created Wall at (0, 10)
Created Wall at (5, 10)
Created Wall at (6, 10)
Created Wall at (10, 10)
Created Wall at (17, 10)
Created Wall at (0, 11)
Created Wall at (17, 11)
Created Wall at (0, 12)
Created Wall at (17, 12)
Created Wall at (0, 13)
Ball initialized at position: [ 192.0, 480.0, 0.0 ] with velocity: [ -2.0, -2.0, 0.0 ]
Created Ball at (6, 13) with color index: 2
Created Wall at (17, 13)
Created Wall at (0, 14)
Created Wall at (17, 14)
Created Wall at (0, 15)
Put Hole at center: [ 512.0, 576.0, 0.0 ] with colour 0
Created Hole at (15, 15) with color index: 0
Created Wall at (17, 15)
Created Wall at (0, 16)
Created Wall at (17, 16)
Created Wall at (0, 17)
Created Wall at (1, 17)
Created Wall at (2, 17)
Created Wall at (3, 17)
Created Wall at (4, 17)
Created Wall at (5, 17)
Created Wall at (6, 17)
Created ColouredWallTile at (7, 17) with colour index: 1
Created ColouredWallTile at (8, 17) with colour index: 1
Created ColouredWallTile at (9, 17) with colour index: 1
Created ColouredWallTile at (10, 17) with colour index: 1
Created Wall at (11, 17)
Created Wall at (12, 17)
Created Wall at (13, 17)
Created Wall at (14, 17)
Created Wall at (15, 17)
Created Wall at (16, 17)
Created Wall at (17, 17)
Level layout loaded from: level1.txt
Number of holes loaded: 4
Loaded wall from: src/main/resources/inkball/wall0.png
Loaded wall from: src/main/resources/inkball/wall1.png
Loaded wall from: src/main/resources/inkball/wall2.png
Loaded wall from: src/main/resources/inkball/wall3.png
Loaded wall from: src/main/resources/inkball/wall4.png
Config load finishes!
Created Wall at (0, 0)
Created Wall at (1, 0)
Created Wall at (2, 0)
Created Wall at (3, 0)
Created Wall at (4, 0)
Created Wall at (5, 0)
Created Wall at (6, 0)
Created ColouredWallTile at (7, 0) with colour index: 2
Created ColouredWallTile at (8, 0) with colour index: 2
Created ColouredWallTile at (9, 0) with colour index: 2
Created ColouredWallTile at (10, 0) with colour index: 2
Created Wall at (11, 0)
Created Wall at (12, 0)
Created Wall at (13, 0)
Created Wall at (14, 0)
Created Wall at (15, 0)
Created Wall at (16, 0)
Created Wall at (17, 0)
Created Wall at (0, 1)
Put Hole at center: [ 512.0, 128.0, 0.0 ] with colour 0
Created Hole at (15, 1) with color index: 0
Created Wall at (17, 1)
Created Wall at (0, 2)
Created Wall at (17, 2)
Created Wall at (0, 3)
Created Wall at (17, 3)
Created Wall at (0, 4)
Created Wall at (17, 4)
Created Wall at (0, 5)
Created Wall at (17, 5)
Created Wall at (0, 6)
Created Wall at (5, 6)
Created Wall at (6, 6)
Created Wall at (10, 6)
Put Hole at center: [ 384.0, 288.0, 0.0 ] with colour 1
Created Hole at (11, 6) with color index: 1
Created Wall at (17, 6)
Created Wall at (0, 7)
Created Wall at (6, 7)
Created Wall at (8, 7)
Created Wall at (9, 7)
Created Wall at (17, 7)
Created Wall at (0, 8)
Created EntryPoint/Spawner at (5, 8)
Created Wall at (6, 8)
Created Wall at (7, 8)
Created Wall at (17, 8)
Created Wall at (0, 9)
Created Wall at (6, 9)
Created Wall at (8, 9)
Created Wall at (9, 9)
Put Hole at center: [ 384.0, 384.0, 0.0 ] with colour 2
Created Hole at (11, 9) with color index: 2
Created Wall at (17, 9)
Created Wall at (0, 10)
Created Wall at (5, 10)
Created Wall at (6, 10)
Created Wall at (10, 10)
Created Wall at (17, 10)
Created Wall at (0, 11)
Created Wall at (17, 11)
Created Wall at (0, 12)
Created Wall at (17, 12)
Created Wall at (0, 13)
Ball initialized at position: [ 192.0, 480.0, 0.0 ] with velocity: [ 2.0, -2.0, 0.0 ]
Created Ball at (6, 13) with color index: 2
Created Wall at (17, 13)
Created Wall at (0, 14)
Created Wall at (17, 14)
Created Wall at (0, 15)
Put Hole at center: [ 512.0, 576.0, 0.0 ] with colour 0
Created Hole at (15, 15) with color index: 0
Created Wall at (17, 15)
Created Wall at (0, 16)
Created Wall at (17, 16)
Created Wall at (0, 17)
Created Wall at (1, 17)
Created Wall at (2, 17)
Created Wall at (3, 17)
Created Wall at (4, 17)
Created Wall at (5, 17)
Created Wall at (6, 17)
Created ColouredWallTile at (7, 17) with colour index: 1
Created ColouredWallTile at (8, 17) with colour index: 1
Created ColouredWallTile at (9, 17) with colour index: 1
Created ColouredWallTile at (10, 17) with colour index: 1
Created Wall at (11, 17)
Created Wall at (12, 17)
Created Wall at (13, 17)
Created Wall at (14, 17)
Created Wall at (15, 17)
Created Wall at (16, 17)
Created Wall at (17, 17)
Level layout loaded from: level1.txt
Number of holes loaded: 4
Created Wall at (0, 0)
Created Wall at (1, 0)
Created Wall at (2, 0)
Created Wall at (3, 0)
Created Wall at (4, 0)
Created Wall at (5, 0)
Created Wall at (6, 0)
Created ColouredWallTile at (7, 0) with colour index: 2
Created ColouredWallTile at (8, 0) with colour index: 2
Created ColouredWallTile at (9, 0) with colour index: 2
Created ColouredWallTile at (10, 0) with colour index: 2
Created Wall at (11, 0)
Created Wall at (12, 0)
Created Wall at (13, 0)
Created Wall at (14, 0)
Created Wall at (15, 0)
Created Wall at (16, 0)
Created Wall at (17, 0)
Created Wall at (0, 1)
Put Hole at center: [ 512.0, 128.0, 0.0 ] with colour 0
Created Hole at (15, 1) with color index: 0
Created Wall at (17, 1)
Created Wall at (0, 2)
Created Wall at (17, 2)
Created Wall at (0, 3)
Created Wall at (17, 3)
Created Wall at (0, 4)
Created Wall at (17, 4)
Created Wall at (0, 5)
Created Wall at (17, 5)
Created Wall at (0, 6)
Created Wall at (5, 6)
Created Wall at (6, 6)
Created Wall at (10, 6)
Put Hole at center: [ 384.0, 288.0, 0.0 ] with colour 1
Created Hole at (11, 6) with color index: 1
Created Wall at (17, 6)
Created Wall at (0, 7)
Created Wall at (6, 7)
Created Wall at (8, 7)
Created Wall at (9, 7)
Created Wall at (17, 7)
Created Wall at (0, 8)
Created EntryPoint/Spawner at (5, 8)
Created Wall at (6, 8)
Created Wall at (7, 8)
Created Wall at (17, 8)
Created Wall at (0, 9)
Created Wall at (6, 9)
Created Wall at (8, 9)
Created Wall at (9, 9)
Put Hole at center: [ 384.0, 384.0, 0.0 ] with colour 2
Created Hole at (11, 9) with color index: 2
Created Wall at (17, 9)
Created Wall at (0, 10)
Created Wall at (5, 10)
Created Wall at (6, 10)
Created Wall at (10, 10)
Created Wall at (17, 10)
Created Wall at (0, 11)
Created Wall at (17, 11)
Created Wall at (0, 12)
Created Wall at (17, 12)
Created Wall at (0, 13)
Ball initialized at position: [ 192.0, 480.0, 0.0 ] with velocity: [ -2.0, -2.0, 0.0 ]
Created Ball at (6, 13) with color index: 2
Created Wall at (17, 13)
Created Wall at (0, 14)
Created Wall at (17, 14)
Created Wall at (0, 15)
Put Hole at center: [ 512.0, 576.0, 0.0 ] with colour 0
Created Hole at (15, 15) with color index: 0
Created Wall at (17, 15)
Created Wall at (0, 16)
Created Wall at (17, 16)
Created Wall at (0, 17)
Created Wall at (1, 17)
Created Wall at (2, 17)
Created Wall at (3, 17)
Created Wall at (4, 17)
Created Wall at (5, 17)
Created Wall at (6, 17)
Created ColouredWallTile at (7, 17) with colour index: 1
Created ColouredWallTile at (8, 17) with colour index: 1
Created ColouredWallTile at (9, 17) with colour index: 1
Created ColouredWallTile at (10, 17) with colour index: 1
Created Wall at (11, 17)
Created Wall at (12, 17)
Created Wall at (13, 17)
Created Wall at (14, 17)
Created Wall at (15, 17)
Created Wall at (16, 17)
Created Wall at (17, 17)
Level layout loaded from: level1.txt
Number of holes loaded: 4
Loaded wall from: src/main/resources/inkball/wall0.png
Loaded wall from: src/main/resources/inkball/wall1.png
Loaded wall from: src/main/resources/inkball/wall2.png
Loaded wall from: src/main/resources/inkball/wall3.png
Loaded wall from: src/main/resources/inkball/wall4.png
Config load finishes!
Created Wall at (0, 0)
Created Wall at (1, 0)
Created Wall at (2, 0)
Created Wall at (3, 0)
Created Wall at (4, 0)
Created Wall at (5, 0)
Created Wall at (6, 0)
Created ColouredWallTile at (7, 0) with colour index: 2
Created ColouredWallTile at (8, 0) with colour index: 2
Created ColouredWallTile at (9, 0) with colour index: 2
Created ColouredWallTile at (10, 0) with colour index: 2
Created Wall at (11, 0)
Created Wall at (12, 0)
Created Wall at (13, 0)
Created Wall at (14, 0)
Created Wall at (15, 0)
Created Wall at (16, 0)
Created Wall at (17, 0)
Created Wall at (0, 1)
Put Hole at center: [ 512.0, 128.0, 0.0 ] with colour 0
Created Hole at (15, 1) with color index: 0
Created Wall at (17, 1)
Created Wall at (0, 2)
Created Wall at (17, 2)
Created Wall at (0, 3)
Created Wall at (17, 3)
Created Wall at (0, 4)
Created Wall at (17, 4)
Created Wall at (0, 5)
Created Wall at (17, 5)
Created Wall at (0, 6)
Created Wall at (5, 6)
Created Wall at (6, 6)
Created Wall at (10, 6)
Put Hole at center: [ 384.0, 288.0, 0.0 ] with colour 1
Created Hole at (11, 6) with color index: 1
Created Wall at (17, 6)
Created Wall at (0, 7)
Created Wall at (6, 7)
Created Wall at (8, 7)
Created Wall at (9, 7)
Created Wall at (17, 7)
Created Wall at (0, 8)
Created EntryPoint/Spawner at (5, 8)
Created Wall at (6, 8)
Created Wall at (7, 8)
Created Wall at (17, 8)
Created Wall at (0, 9)
Created Wall at (6, 9)
Created Wall at (8, 9)
Created Wall at (9, 9)
Put Hole at center: [ 384.0, 384.0, 0.0 ] with colour 2
Created Hole at (11, 9) with color index: 2
Created Wall at (17, 9)
Created Wall at (0, 10)
Created Wall at (5, 10)
Created Wall at (6, 10)
Created Wall at (10, 10)
Created Wall at (17, 10)
Created Wall at (0, 11)
Created Wall at (17, 11)
Created Wall at (0, 12)
Created Wall at (17, 12)
Created Wall at (0, 13)
Ball initialized at position: [ 192.0, 480.0, 0.0 ] with velocity: [ -2.0, 2.0, 0.0 ]
Created Ball at (6, 13) with color index: 2
Created Wall at (17, 13)
Created Wall at (0, 14)
Created Wall at (17, 14)
Created Wall at (0, 15)
Put Hole at center: [ 512.0, 576.0, 0.0 ] with colour 0
Created Hole at (15, 15) with color index: 0
Created Wall at (17, 15)
Created Wall at (0, 16)
Created Wall at (17, 16)
Created Wall at (0, 17)
Created Wall at (1, 17)
Created Wall at (2, 17)
Created Wall at (3, 17)
Created Wall at (4, 17)
Created Wall at (5, 17)
Created Wall at (6, 17)
Created ColouredWallTile at (7, 17) with colour index: 1
Created ColouredWallTile at (8, 17) with colour index: 1
Created ColouredWallTile at (9, 17) with colour index: 1
Created ColouredWallTile at (10, 17) with colour index: 1
Created Wall at (11, 17)
Created Wall at (12, 17)
Created Wall at (13, 17)
Created Wall at (14, 17)
Created Wall at (15, 17)
Created Wall at (16, 17)
Created Wall at (17, 17)
Level layout loaded from: level1.txt
Number of holes loaded: 4
Created Wall at (0, 0)
Created Wall at (1, 0)
Created Wall at (2, 0)
Created Wall at (3, 0)
Created Wall at (4, 0)
Created Wall at (5, 0)
Created Wall at (6, 0)
Created ColouredWallTile at (7, 0) with colour index: 2
Created ColouredWallTile at (8, 0) with colour index: 2
Created ColouredWallTile at (9, 0) with colour index: 2
Created ColouredWallTile at (10, 0) with colour index: 2
Created Wall at (11, 0)
Created Wall at (12, 0)
Created Wall at (13, 0)
Created Wall at (14, 0)
Created Wall at (15, 0)
Created Wall at (16, 0)
Created Wall at (17, 0)
Created Wall at (0, 1)
Put Hole at center: [ 512.0, 128.0, 0.0 ] with colour 0
Created Hole at (15, 1) with color index: 0
Created Wall at (17, 1)
Created Wall at (0, 2)
Created Wall at (17, 2)
Created Wall at (0, 3)
Created Wall at (17, 3)
Created Wall at (0, 4)
Created Wall at (17, 4)
Created Wall at (0, 5)
Created Wall at (17, 5)
Created Wall at (0, 6)
Created Wall at (5, 6)
Created Wall at (6, 6)
Created Wall at (10, 6)
Put Hole at center: [ 384.0, 288.0, 0.0 ] with colour 1
Created Hole at (11, 6) with color index: 1
Created Wall at (17, 6)
Created Wall at (0, 7)
Created Wall at (6, 7)
Created Wall at (8, 7)
Created Wall at (9, 7)
Created Wall at (17, 7)
Created Wall at (0, 8)
Created EntryPoint/Spawner at (5, 8)
Created Wall at (6, 8)
Created Wall at (7, 8)
Created Wall at (17, 8)
Created Wall at (0, 9)
Created Wall at (6, 9)
Created Wall at (8, 9)
Created Wall at (9, 9)
Put Hole at center: [ 384.0, 384.0, 0.0 ] with colour 2
Created Hole at (11, 9) with color index: 2
Created Wall at (17, 9)
Created Wall at (0, 10)
Created Wall at (5, 10)
Created Wall at (6, 10)
Created Wall at (10, 10)
Created Wall at (17, 10)
Created Wall at (0, 11)
Created Wall at (17, 11)
Created Wall at (0, 12)
Created Wall at (17, 12)
Created Wall at (0, 13)
Ball initialized at position: [ 192.0, 480.0, 0.0 ] with velocity: [ 2.0, -2.0, 0.0 ]
Created Ball at (6, 13) with color index: 2
Created Wall at (17, 13)
Created Wall at (0, 14)
Created Wall at (17, 14)
Created Wall at (0, 15)
Put Hole at center: [ 512.0, 576.0, 0.0 ] with colour 0
Created Hole at (15, 15) with color index: 0
Created Wall at (17, 15)
Created Wall at (0, 16)
Created Wall at (17, 16)
Created Wall at (0, 17)
Created Wall at (1, 17)
Created Wall at (2, 17)
Created Wall at (3, 17)
Created Wall at (4, 17)
Created Wall at (5, 17)
Created Wall at (6, 17)
Created ColouredWallTile at (7, 17) with colour index: 1
Created ColouredWallTile at (8, 17) with colour index: 1
Created ColouredWallTile at (9, 17) with colour index: 1
Created ColouredWallTile at (10, 17) with colour index: 1
Created Wall at (11, 17)
Created Wall at (12, 17)
Created Wall at (13, 17)
Created Wall at (14, 17)
Created Wall at (15, 17)
Created Wall at (16, 17)
Created Wall at (17, 17)
Level layout loaded from: level1.txt
Number of holes loaded: 4




Wanna Restart? OK ..... Restarting ...

Restarting the current level: 0
Created Wall at (0, 0)
Created Wall at (1, 0)
Created Wall at (2, 0)
Created Wall at (3, 0)
Created Wall at (4, 0)
Created Wall at (5, 0)
Created Wall at (6, 0)
Created ColouredWallTile at (7, 0) with colour index: 2
Created ColouredWallTile at (8, 0) with colour index: 2
Created ColouredWallTile at (9, 0) with colour index: 2
Created ColouredWallTile at (10, 0) with colour index: 2
Created Wall at (11, 0)
Created Wall at (12, 0)
Created Wall at (13, 0)
Created Wall at (14, 0)
Created Wall at (15, 0)
Created Wall at (16, 0)
Created Wall at (17, 0)
Created Wall at (0, 1)
Put Hole at center: [ 512.0, 128.0, 0.0 ] with colour 0
Created Hole at (15, 1) with color index: 0
Created Wall at (17, 1)
Created Wall at (0, 2)
Created Wall at (17, 2)
Created Wall at (0, 3)
Created Wall at (17, 3)
Created Wall at (0, 4)
Created Wall at (17, 4)
Created Wall at (0, 5)
Created Wall at (17, 5)
Created Wall at (0, 6)
Created Wall at (5, 6)
Created Wall at (6, 6)
Created Wall at (10, 6)
Put Hole at center: [ 384.0, 288.0, 0.0 ] with colour 1
Created Hole at (11, 6) with color index: 1
Created Wall at (17, 6)
Created Wall at (0, 7)
Created Wall at (6, 7)
Created Wall at (8, 7)
Created Wall at (9, 7)
Created Wall at (17, 7)
Created Wall at (0, 8)
Created EntryPoint/Spawner at (5, 8)
Created Wall at (6, 8)
Created Wall at (7, 8)
Created Wall at (17, 8)
Created Wall at (0, 9)
Created Wall at (6, 9)
Created Wall at (8, 9)
Created Wall at (9, 9)
Put Hole at center: [ 384.0, 384.0, 0.0 ] with colour 2
Created Hole at (11, 9) with color index: 2
Created Wall at (17, 9)
Created Wall at (0, 10)
Created Wall at (5, 10)
Created Wall at (6, 10)
Created Wall at (10, 10)
Created Wall at (17, 10)
Created Wall at (0, 11)
Created Wall at (17, 11)
Created Wall at (0, 12)
Created Wall at (17, 12)
Created Wall at (0, 13)
Ball initialized at position: [ 192.0, 480.0, 0.0 ] with velocity: [ -2.0, -2.0, 0.0 ]
Created Ball at (6, 13) with color index: 2
Created Wall at (17, 13)
Created Wall at (0, 14)
Created Wall at (17, 14)
Created Wall at (0, 15)
Put Hole at center: [ 512.0, 576.0, 0.0 ] with colour 0
Created Hole at (15, 15) with color index: 0
Created Wall at (17, 15)
Created Wall at (0, 16)
Created Wall at (17, 16)
Created Wall at (0, 17)
Created Wall at (1, 17)
Created Wall at (2, 17)
Created Wall at (3, 17)
Created Wall at (4, 17)
Created Wall at (5, 17)
Created Wall at (6, 17)
Created ColouredWallTile at (7, 17) with colour index: 1
Created ColouredWallTile at (8, 17) with colour index: 1
Created ColouredWallTile at (9, 17) with colour index: 1
Created ColouredWallTile at (10, 17) with colour index: 1
Created Wall at (11, 17)
Created Wall at (12, 17)
Created Wall at (13, 17)
Created Wall at (14, 17)
Created Wall at (15, 17)
Created Wall at (16, 17)
Created Wall at (17, 17)
Level layout loaded from: level1.txt
Number of holes loaded: 4

Restart Finished!




Current level restarted!




Loaded wall from: src/main/resources/inkball/wall0.png
Loaded wall from: src/main/resources/inkball/wall1.png
Loaded wall from: src/main/resources/inkball/wall2.png
Loaded wall from: src/main/resources/inkball/wall3.png
Loaded wall from: src/main/resources/inkball/wall4.png
Config load finishes!
Created Wall at (0, 0)
Created Wall at (1, 0)
Created Wall at (2, 0)
Created Wall at (3, 0)
Created Wall at (4, 0)
Created Wall at (5, 0)
Created Wall at (6, 0)
Created ColouredWallTile at (7, 0) with colour index: 2
Created ColouredWallTile at (8, 0) with colour index: 2
Created ColouredWallTile at (9, 0) with colour index: 2
Created ColouredWallTile at (10, 0) with colour index: 2
Created Wall at (11, 0)
Created Wall at (12, 0)
Created Wall at (13, 0)
Created Wall at (14, 0)
Created Wall at (15, 0)
Created Wall at (16, 0)
Created Wall at (17, 0)
Created Wall at (0, 1)
Put Hole at center: [ 512.0, 128.0, 0.0 ] with colour 0
Created Hole at (15, 1) with color index: 0
Created Wall at (17, 1)
Created Wall at (0, 2)
Created Wall at (17, 2)
Created Wall at (0, 3)
Created Wall at (17, 3)
Created Wall at (0, 4)
Created Wall at (17, 4)
Created Wall at (0, 5)
Created Wall at (17, 5)
Created Wall at (0, 6)
Created Wall at (5, 6)
Created Wall at (6, 6)
Created Wall at (10, 6)
Put Hole at center: [ 384.0, 288.0, 0.0 ] with colour 1
Created Hole at (11, 6) with color index: 1
Created Wall at (17, 6)
Created Wall at (0, 7)
Created Wall at (6, 7)
Created Wall at (8, 7)
Created Wall at (9, 7)
Created Wall at (17, 7)
Created Wall at (0, 8)
Created EntryPoint/Spawner at (5, 8)
Created Wall at (6, 8)
Created Wall at (7, 8)
Created Wall at (17, 8)
Created Wall at (0, 9)
Created Wall at (6, 9)
Created Wall at (8, 9)
Created Wall at (9, 9)
Put Hole at center: [ 384.0, 384.0, 0.0 ] with colour 2
Created Hole at (11, 9) with color index: 2
Created Wall at (17, 9)
Created Wall at (0, 10)
Created Wall at (5, 10)
Created Wall at (6, 10)
Created Wall at (10, 10)
Created Wall at (17, 10)
Created Wall at (0, 11)
Created Wall at (17, 11)
Created Wall at (0, 12)
Created Wall at (17, 12)
Created Wall at (0, 13)
Ball initialized at position: [ 192.0, 480.0, 0.0 ] with velocity: [ -2.0, -2.0, 0.0 ]
Created Ball at (6, 13) with color index: 2
Created Wall at (17, 13)
Created Wall at (0, 14)
Created Wall at (17, 14)
Created Wall at (0, 15)
Put Hole at center: [ 512.0, 576.0, 0.0 ] with colour 0
Created Hole at (15, 15) with color index: 0
Created Wall at (17, 15)
Created Wall at (0, 16)
Created Wall at (17, 16)
Created Wall at (0, 17)
Created Wall at (1, 17)
Created Wall at (2, 17)
Created Wall at (3, 17)
Created Wall at (4, 17)
Created Wall at (5, 17)
Created Wall at (6, 17)
Created ColouredWallTile at (7, 17) with colour index: 1
Created ColouredWallTile at (8, 17) with colour index: 1
Created ColouredWallTile at (9, 17) with colour index: 1
Created ColouredWallTile at (10, 17) with colour index: 1
Created Wall at (11, 17)
Created Wall at (12, 17)
Created Wall at (13, 17)
Created Wall at (14, 17)
Created Wall at (15, 17)
Created Wall at (16, 17)
Created Wall at (17, 17)
Level layout loaded from: level1.txt
Number of holes loaded: 4
Created Wall at (0, 0)
Created Wall at (1, 0)
Created Wall at (2, 0)
Created Wall at (3, 0)
Created Wall at (4, 0)
Created Wall at (5, 0)
Created Wall at (6, 0)
Created ColouredWallTile at (7, 0) with colour index: 2
Created ColouredWallTile at (8, 0) with colour index: 2
Created ColouredWallTile at (9, 0) with colour index: 2
Created ColouredWallTile at (10, 0) with colour index: 2
Created Wall at (11, 0)
Created Wall at (12, 0)
Created Wall at (13, 0)
Created Wall at (14, 0)
Created Wall at (15, 0)
Created Wall at (16, 0)
Created Wall at (17, 0)
Created Wall at (0, 1)
Put Hole at center: [ 512.0, 128.0, 0.0 ] with colour 0
Created Hole at (15, 1) with color index: 0
Created Wall at (17, 1)
Created Wall at (0, 2)
Created Wall at (17, 2)
Created Wall at (0, 3)
Created Wall at (17, 3)
Created Wall at (0, 4)
Created Wall at (17, 4)
Created Wall at (0, 5)
Created Wall at (17, 5)
Created Wall at (0, 6)
Created Wall at (5, 6)
Created Wall at (6, 6)
Created Wall at (10, 6)
Put Hole at center: [ 384.0, 288.0, 0.0 ] with colour 1
Created Hole at (11, 6) with color index: 1
Created Wall at (17, 6)
Created Wall at (0, 7)
Created Wall at (6, 7)
Created Wall at (8, 7)
Created Wall at (9, 7)
Created Wall at (17, 7)
Created Wall at (0, 8)
Created EntryPoint/Spawner at (5, 8)
Created Wall at (6, 8)
Created Wall at (7, 8)
Created Wall at (17, 8)
Created Wall at (0, 9)
Created Wall at (6, 9)
Created Wall at (8, 9)
Created Wall at (9, 9)
Put Hole at center: [ 384.0, 384.0, 0.0 ] with colour 2
Created Hole at (11, 9) with color index: 2
Created Wall at (17, 9)
Created Wall at (0, 10)
Created Wall at (5, 10)
Created Wall at (6, 10)
Created Wall at (10, 10)
Created Wall at (17, 10)
Created Wall at (0, 11)
Created Wall at (17, 11)
Created Wall at (0, 12)
Created Wall at (17, 12)
Created Wall at (0, 13)
Ball initialized at position: [ 192.0, 480.0, 0.0 ] with velocity: [ 2.0, -2.0, 0.0 ]
Created Ball at (6, 13) with color index: 2
Created Wall at (17, 13)
Created Wall at (0, 14)
Created Wall at (17, 14)
Created Wall at (0, 15)
Put Hole at center: [ 512.0, 576.0, 0.0 ] with colour 0
Created Hole at (15, 15) with color index: 0
Created Wall at (17, 15)
Created Wall at (0, 16)
Created Wall at (17, 16)
Created Wall at (0, 17)
Created Wall at (1, 17)
Created Wall at (2, 17)
Created Wall at (3, 17)
Created Wall at (4, 17)
Created Wall at (5, 17)
Created Wall at (6, 17)
Created ColouredWallTile at (7, 17) with colour index: 1
Created ColouredWallTile at (8, 17) with colour index: 1
Created ColouredWallTile at (9, 17) with colour index: 1
Created ColouredWallTile at (10, 17) with colour index: 1
Created Wall at (11, 17)
Created Wall at (12, 17)
Created Wall at (13, 17)
Created Wall at (14, 17)
Created Wall at (15, 17)
Created Wall at (16, 17)
Created Wall at (17, 17)
Level layout loaded from: level1.txt
Number of holes loaded: 4
No time left! Level ended!.
Loaded wall from: src/main/resources/inkball/wall0.png
Loaded wall from: src/main/resources/inkball/wall1.png
Loaded wall from: src/main/resources/inkball/wall2.png
Loaded wall from: src/main/resources/inkball/wall3.png
Loaded wall from: src/main/resources/inkball/wall4.png
Config load finishes!
Created Wall at (0, 0)
Created Wall at (1, 0)
Created Wall at (2, 0)
Created Wall at (3, 0)
Created Wall at (4, 0)
Created Wall at (5, 0)
Created Wall at (6, 0)
Created ColouredWallTile at (7, 0) with colour index: 2
Created ColouredWallTile at (8, 0) with colour index: 2
Created ColouredWallTile at (9, 0) with colour index: 2
Created ColouredWallTile at (10, 0) with colour index: 2
Created Wall at (11, 0)
Created Wall at (12, 0)
Created Wall at (13, 0)
Created Wall at (14, 0)
Created Wall at (15, 0)
Created Wall at (16, 0)
Created Wall at (17, 0)
Created Wall at (0, 1)
Put Hole at center: [ 512.0, 128.0, 0.0 ] with colour 0
Created Hole at (15, 1) with color index: 0
Created Wall at (17, 1)
Created Wall at (0, 2)
Created Wall at (17, 2)
Created Wall at (0, 3)
Created Wall at (17, 3)
Created Wall at (0, 4)
Created Wall at (17, 4)
Created Wall at (0, 5)
Created Wall at (17, 5)
Created Wall at (0, 6)
Created Wall at (5, 6)
Created Wall at (6, 6)
Created Wall at (10, 6)
Put Hole at center: [ 384.0, 288.0, 0.0 ] with colour 1
Created Hole at (11, 6) with color index: 1
Created Wall at (17, 6)
Created Wall at (0, 7)
Created Wall at (6, 7)
Created Wall at (8, 7)
Created Wall at (9, 7)
Created Wall at (17, 7)
Created Wall at (0, 8)
Created EntryPoint/Spawner at (5, 8)
Created Wall at (6, 8)
Created Wall at (7, 8)
Created Wall at (17, 8)
Created Wall at (0, 9)
Created Wall at (6, 9)
Created Wall at (8, 9)
Created Wall at (9, 9)
Put Hole at center: [ 384.0, 384.0, 0.0 ] with colour 2
Created Hole at (11, 9) with color index: 2
Created Wall at (17, 9)
Created Wall at (0, 10)
Created Wall at (5, 10)
Created Wall at (6, 10)
Created Wall at (10, 10)
Created Wall at (17, 10)
Created Wall at (0, 11)
Created Wall at (17, 11)
Created Wall at (0, 12)
Created Wall at (17, 12)
Created Wall at (0, 13)
Ball initialized at position: [ 192.0, 480.0, 0.0 ] with velocity: [ -2.0, -2.0, 0.0 ]
Created Ball at (6, 13) with color index: 2
Created Wall at (17, 13)
Created Wall at (0, 14)
Created Wall at (17, 14)
Created Wall at (0, 15)
Put Hole at center: [ 512.0, 576.0, 0.0 ] with colour 0
Created Hole at (15, 15) with color index: 0
Created Wall at (17, 15)
Created Wall at (0, 16)
Created Wall at (17, 16)
Created Wall at (0, 17)
Created Wall at (1, 17)
Created Wall at (2, 17)
Created Wall at (3, 17)
Created Wall at (4, 17)
Created Wall at (5, 17)
Created Wall at (6, 17)
Created ColouredWallTile at (7, 17) with colour index: 1
Created ColouredWallTile at (8, 17) with colour index: 1
Created ColouredWallTile at (9, 17) with colour index: 1
Created ColouredWallTile at (10, 17) with colour index: 1
Created Wall at (11, 17)
Created Wall at (12, 17)
Created Wall at (13, 17)
Created Wall at (14, 17)
Created Wall at (15, 17)
Created Wall at (16, 17)
Created Wall at (17, 17)
Level layout loaded from: level1.txt
Number of holes loaded: 4
Created Wall at (0, 0)
Created Wall at (1, 0)
Created Wall at (2, 0)
Created Wall at (3, 0)
Created Wall at (4, 0)
Created Wall at (5, 0)
Created Wall at (6, 0)
Created ColouredWallTile at (7, 0) with colour index: 2
Created ColouredWallTile at (8, 0) with colour index: 2
Created ColouredWallTile at (9, 0) with colour index: 2
Created ColouredWallTile at (10, 0) with colour index: 2
Created Wall at (11, 0)
Created Wall at (12, 0)
Created Wall at (13, 0)
Created Wall at (14, 0)
Created Wall at (15, 0)
Created Wall at (16, 0)
Created Wall at (17, 0)
Created Wall at (0, 1)
Put Hole at center: [ 512.0, 128.0, 0.0 ] with colour 0
Created Hole at (15, 1) with color index: 0
Created Wall at (17, 1)
Created Wall at (0, 2)
Created Wall at (17, 2)
Created Wall at (0, 3)
Created Wall at (17, 3)
Created Wall at (0, 4)
Created Wall at (17, 4)
Created Wall at (0, 5)
Created Wall at (17, 5)
Created Wall at (0, 6)
Created Wall at (5, 6)
Created Wall at (6, 6)
Created Wall at (10, 6)
Put Hole at center: [ 384.0, 288.0, 0.0 ] with colour 1
Created Hole at (11, 6) with color index: 1
Created Wall at (17, 6)
Created Wall at (0, 7)
Created Wall at (6, 7)
Created Wall at (8, 7)
Created Wall at (9, 7)
Created Wall at (17, 7)
Created Wall at (0, 8)
Created EntryPoint/Spawner at (5, 8)
Created Wall at (6, 8)
Created Wall at (7, 8)
Created Wall at (17, 8)
Created Wall at (0, 9)
Created Wall at (6, 9)
Created Wall at (8, 9)
Created Wall at (9, 9)
Put Hole at center: [ 384.0, 384.0, 0.0 ] with colour 2
Created Hole at (11, 9) with color index: 2
Created Wall at (17, 9)
Created Wall at (0, 10)
Created Wall at (5, 10)
Created Wall at (6, 10)
Created Wall at (10, 10)
Created Wall at (17, 10)
Created Wall at (0, 11)
Created Wall at (17, 11)
Created Wall at (0, 12)
Created Wall at (17, 12)
Created Wall at (0, 13)
Ball initialized at position: [ 192.0, 480.0, 0.0 ] with velocity: [ -2.0, -2.0, 0.0 ]
Created Ball at (6, 13) with color index: 2
Created Wall at (17, 13)
Created Wall at (0, 14)
Created Wall at (17, 14)
Created Wall at (0, 15)
Put Hole at center: [ 512.0, 576.0, 0.0 ] with colour 0
Created Hole at (15, 15) with color index: 0
Created Wall at (17, 15)
Created Wall at (0, 16)
Created Wall at (17, 16)
Created Wall at (0, 17)
Created Wall at (1, 17)
Created Wall at (2, 17)
Created Wall at (3, 17)
Created Wall at (4, 17)
Created Wall at (5, 17)
Created Wall at (6, 17)
Created ColouredWallTile at (7, 17) with colour index: 1
Created ColouredWallTile at (8, 17) with colour index: 1
Created ColouredWallTile at (9, 17) with colour index: 1
Created ColouredWallTile at (10, 17) with colour index: 1
Created Wall at (11, 17)
Created Wall at (12, 17)
Created Wall at (13, 17)
Created Wall at (14, 17)
Created Wall at (15, 17)
Created Wall at (16, 17)
Created Wall at (17, 17)
Level layout loaded from: level1.txt
Number of holes loaded: 4
Loaded wall from: src/main/resources/inkball/wall0.png
Loaded wall from: src/main/resources/inkball/wall1.png
Loaded wall from: src/main/resources/inkball/wall2.png
Loaded wall from: src/main/resources/inkball/wall3.png
Loaded wall from: src/main/resources/inkball/wall4.png
Config load finishes!
Created Wall at (0, 0)
Created Wall at (1, 0)
Created Wall at (2, 0)
Created Wall at (3, 0)
Created Wall at (4, 0)
Created Wall at (5, 0)
Created Wall at (6, 0)
Created ColouredWallTile at (7, 0) with colour index: 2
Created ColouredWallTile at (8, 0) with colour index: 2
Created ColouredWallTile at (9, 0) with colour index: 2
Created ColouredWallTile at (10, 0) with colour index: 2
Created Wall at (11, 0)
Created Wall at (12, 0)
Created Wall at (13, 0)
Created Wall at (14, 0)
Created Wall at (15, 0)
Created Wall at (16, 0)
Created Wall at (17, 0)
Created Wall at (0, 1)
Put Hole at center: [ 512.0, 128.0, 0.0 ] with colour 0
Created Hole at (15, 1) with color index: 0
Created Wall at (17, 1)
Created Wall at (0, 2)
Created Wall at (17, 2)
Created Wall at (0, 3)
Created Wall at (17, 3)
Created Wall at (0, 4)
Created Wall at (17, 4)
Created Wall at (0, 5)
Created Wall at (17, 5)
Created Wall at (0, 6)
Created Wall at (5, 6)
Created Wall at (6, 6)
Created Wall at (10, 6)
Put Hole at center: [ 384.0, 288.0, 0.0 ] with colour 1
Created Hole at (11, 6) with color index: 1
Created Wall at (17, 6)
Created Wall at (0, 7)
Created Wall at (6, 7)
Created Wall at (8, 7)
Created Wall at (9, 7)
Created Wall at (17, 7)
Created Wall at (0, 8)
Created EntryPoint/Spawner at (5, 8)
Created Wall at (6, 8)
Created Wall at (7, 8)
Created Wall at (17, 8)
Created Wall at (0, 9)
Created Wall at (6, 9)
Created Wall at (8, 9)
Created Wall at (9, 9)
Put Hole at center: [ 384.0, 384.0, 0.0 ] with colour 2
Created Hole at (11, 9) with color index: 2
Created Wall at (17, 9)
Created Wall at (0, 10)
Created Wall at (5, 10)
Created Wall at (6, 10)
Created Wall at (10, 10)
Created Wall at (17, 10)
Created Wall at (0, 11)
Created Wall at (17, 11)
Created Wall at (0, 12)
Created Wall at (17, 12)
Created Wall at (0, 13)
Ball initialized at position: [ 192.0, 480.0, 0.0 ] with velocity: [ -2.0, -2.0, 0.0 ]
Created Ball at (6, 13) with color index: 2
Created Wall at (17, 13)
Created Wall at (0, 14)
Created Wall at (17, 14)
Created Wall at (0, 15)
Put Hole at center: [ 512.0, 576.0, 0.0 ] with colour 0
Created Hole at (15, 15) with color index: 0
Created Wall at (17, 15)
Created Wall at (0, 16)
Created Wall at (17, 16)
Created Wall at (0, 17)
Created Wall at (1, 17)
Created Wall at (2, 17)
Created Wall at (3, 17)
Created Wall at (4, 17)
Created Wall at (5, 17)
Created Wall at (6, 17)
Created ColouredWallTile at (7, 17) with colour index: 1
Created ColouredWallTile at (8, 17) with colour index: 1
Created ColouredWallTile at (9, 17) with colour index: 1
Created ColouredWallTile at (10, 17) with colour index: 1
Created Wall at (11, 17)
Created Wall at (12, 17)
Created Wall at (13, 17)
Created Wall at (14, 17)
Created Wall at (15, 17)
Created Wall at (16, 17)
Created Wall at (17, 17)
Level layout loaded from: level1.txt
Number of holes loaded: 4
Created Wall at (0, 0)
Created Wall at (1, 0)
Created Wall at (2, 0)
Created Wall at (3, 0)
Created Wall at (4, 0)
Created Wall at (5, 0)
Created Wall at (6, 0)
Created ColouredWallTile at (7, 0) with colour index: 2
Created ColouredWallTile at (8, 0) with colour index: 2
Created ColouredWallTile at (9, 0) with colour index: 2
Created ColouredWallTile at (10, 0) with colour index: 2
Created Wall at (11, 0)
Created Wall at (12, 0)
Created Wall at (13, 0)
Created Wall at (14, 0)
Created Wall at (15, 0)
Created Wall at (16, 0)
Created Wall at (17, 0)
Created Wall at (0, 1)
Put Hole at center: [ 512.0, 128.0, 0.0 ] with colour 0
Created Hole at (15, 1) with color index: 0
Created Wall at (17, 1)
Created Wall at (0, 2)
Created Wall at (17, 2)
Created Wall at (0, 3)
Created Wall at (17, 3)
Created Wall at (0, 4)
Created Wall at (17, 4)
Created Wall at (0, 5)
Created Wall at (17, 5)
Created Wall at (0, 6)
Created Wall at (5, 6)
Created Wall at (6, 6)
Created Wall at (10, 6)
Put Hole at center: [ 384.0, 288.0, 0.0 ] with colour 1
Created Hole at (11, 6) with color index: 1
Created Wall at (17, 6)
Created Wall at (0, 7)
Created Wall at (6, 7)
Created Wall at (8, 7)
Created Wall at (9, 7)
Created Wall at (17, 7)
Created Wall at (0, 8)
Created EntryPoint/Spawner at (5, 8)
Created Wall at (6, 8)
Created Wall at (7, 8)
Created Wall at (17, 8)
Created Wall at (0, 9)
Created Wall at (6, 9)
Created Wall at (8, 9)
Created Wall at (9, 9)
Put Hole at center: [ 384.0, 384.0, 0.0 ] with colour 2
Created Hole at (11, 9) with color index: 2
Created Wall at (17, 9)
Created Wall at (0, 10)
Created Wall at (5, 10)
Created Wall at (6, 10)
Created Wall at (10, 10)
Created Wall at (17, 10)
Created Wall at (0, 11)
Created Wall at (17, 11)
Created Wall at (0, 12)
Created Wall at (17, 12)
Created Wall at (0, 13)
Ball initialized at position: [ 192.0, 480.0, 0.0 ] with velocity: [ 2.0, -2.0, 0.0 ]
Created Ball at (6, 13) with color index: 2
Created Wall at (17, 13)
Created Wall at (0, 14)
Created Wall at (17, 14)
Created Wall at (0, 15)
Put Hole at center: [ 512.0, 576.0, 0.0 ] with colour 0
Created Hole at (15, 15) with color index: 0
Created Wall at (17, 15)
Created Wall at (0, 16)
Created Wall at (17, 16)
Created Wall at (0, 17)
Created Wall at (1, 17)
Created Wall at (2, 17)
Created Wall at (3, 17)
Created Wall at (4, 17)
Created Wall at (5, 17)
Created Wall at (6, 17)
Created ColouredWallTile at (7, 17) with colour index: 1
Created ColouredWallTile at (8, 17) with colour index: 1
Created ColouredWallTile at (9, 17) with colour index: 1
Created ColouredWallTile at (10, 17) with colour index: 1
Created Wall at (11, 17)
Created Wall at (12, 17)
Created Wall at (13, 17)
Created Wall at (14, 17)
Created Wall at (15, 17)
Created Wall at (16, 17)
Created Wall at (17, 17)
Level layout loaded from: level1.txt
Number of holes loaded: 4
Loaded wall from: src/main/resources/inkball/wall0.png
Loaded wall from: src/main/resources/inkball/wall1.png
Loaded wall from: src/main/resources/inkball/wall2.png
Loaded wall from: src/main/resources/inkball/wall3.png
Loaded wall from: src/main/resources/inkball/wall4.png
Config load finishes!
Created Wall at (0, 0)
Created Wall at (1, 0)
Created Wall at (2, 0)
Created Wall at (3, 0)
Created Wall at (4, 0)
Created Wall at (5, 0)
Created Wall at (6, 0)
Created ColouredWallTile at (7, 0) with colour index: 2
Created ColouredWallTile at (8, 0) with colour index: 2
Created ColouredWallTile at (9, 0) with colour index: 2
Created ColouredWallTile at (10, 0) with colour index: 2
Created Wall at (11, 0)
Created Wall at (12, 0)
Created Wall at (13, 0)
Created Wall at (14, 0)
Created Wall at (15, 0)
Created Wall at (16, 0)
Created Wall at (17, 0)
Created Wall at (0, 1)
Put Hole at center: [ 512.0, 128.0, 0.0 ] with colour 0
Created Hole at (15, 1) with color index: 0
Created Wall at (17, 1)
Created Wall at (0, 2)
Created Wall at (17, 2)
Created Wall at (0, 3)
Created Wall at (17, 3)
Created Wall at (0, 4)
Created Wall at (17, 4)
Created Wall at (0, 5)
Created Wall at (17, 5)
Created Wall at (0, 6)
Created Wall at (5, 6)
Created Wall at (6, 6)
Created Wall at (10, 6)
Put Hole at center: [ 384.0, 288.0, 0.0 ] with colour 1
Created Hole at (11, 6) with color index: 1
Created Wall at (17, 6)
Created Wall at (0, 7)
Created Wall at (6, 7)
Created Wall at (8, 7)
Created Wall at (9, 7)
Created Wall at (17, 7)
Created Wall at (0, 8)
Created EntryPoint/Spawner at (5, 8)
Created Wall at (6, 8)
Created Wall at (7, 8)
Created Wall at (17, 8)
Created Wall at (0, 9)
Created Wall at (6, 9)
Created Wall at (8, 9)
Created Wall at (9, 9)
Put Hole at center: [ 384.0, 384.0, 0.0 ] with colour 2
Created Hole at (11, 9) with color index: 2
Created Wall at (17, 9)
Created Wall at (0, 10)
Created Wall at (5, 10)
Created Wall at (6, 10)
Created Wall at (10, 10)
Created Wall at (17, 10)
Created Wall at (0, 11)
Created Wall at (17, 11)
Created Wall at (0, 12)
Created Wall at (17, 12)
Created Wall at (0, 13)
Ball initialized at position: [ 192.0, 480.0, 0.0 ] with velocity: [ 2.0, -2.0, 0.0 ]
Created Ball at (6, 13) with color index: 2
Created Wall at (17, 13)
Created Wall at (0, 14)
Created Wall at (17, 14)
Created Wall at (0, 15)
Put Hole at center: [ 512.0, 576.0, 0.0 ] with colour 0
Created Hole at (15, 15) with color index: 0
Created Wall at (17, 15)
Created Wall at (0, 16)
Created Wall at (17, 16)
Created Wall at (0, 17)
Created Wall at (1, 17)
Created Wall at (2, 17)
Created Wall at (3, 17)
Created Wall at (4, 17)
Created Wall at (5, 17)
Created Wall at (6, 17)
Created ColouredWallTile at (7, 17) with colour index: 1
Created ColouredWallTile at (8, 17) with colour index: 1
Created ColouredWallTile at (9, 17) with colour index: 1
Created ColouredWallTile at (10, 17) with colour index: 1
Created Wall at (11, 17)
Created Wall at (12, 17)
Created Wall at (13, 17)
Created Wall at (14, 17)
Created Wall at (15, 17)
Created Wall at (16, 17)
Created Wall at (17, 17)
Level layout loaded from: level1.txt
Number of holes loaded: 4
Created Wall at (0, 0)
Created Wall at (1, 0)
Created Wall at (2, 0)
Created Wall at (3, 0)
Created Wall at (4, 0)
Created Wall at (5, 0)
Created Wall at (6, 0)
Created ColouredWallTile at (7, 0) with colour index: 2
Created ColouredWallTile at (8, 0) with colour index: 2
Created ColouredWallTile at (9, 0) with colour index: 2
Created ColouredWallTile at (10, 0) with colour index: 2
Created Wall at (11, 0)
Created Wall at (12, 0)
Created Wall at (13, 0)
Created Wall at (14, 0)
Created Wall at (15, 0)
Created Wall at (16, 0)
Created Wall at (17, 0)
Created Wall at (0, 1)
Put Hole at center: [ 512.0, 128.0, 0.0 ] with colour 0
Created Hole at (15, 1) with color index: 0
Created Wall at (17, 1)
Created Wall at (0, 2)
Created Wall at (17, 2)
Created Wall at (0, 3)
Created Wall at (17, 3)
Created Wall at (0, 4)
Created Wall at (17, 4)
Created Wall at (0, 5)
Created Wall at (17, 5)
Created Wall at (0, 6)
Created Wall at (5, 6)
Created Wall at (6, 6)
Created Wall at (10, 6)
Put Hole at center: [ 384.0, 288.0, 0.0 ] with colour 1
Created Hole at (11, 6) with color index: 1
Created Wall at (17, 6)
Created Wall at (0, 7)
Created Wall at (6, 7)
Created Wall at (8, 7)
Created Wall at (9, 7)
Created Wall at (17, 7)
Created Wall at (0, 8)
Created EntryPoint/Spawner at (5, 8)
Created Wall at (6, 8)
Created Wall at (7, 8)
Created Wall at (17, 8)
Created Wall at (0, 9)
Created Wall at (6, 9)
Created Wall at (8, 9)
Created Wall at (9, 9)
Put Hole at center: [ 384.0, 384.0, 0.0 ] with colour 2
Created Hole at (11, 9) with color index: 2
Created Wall at (17, 9)
Created Wall at (0, 10)
Created Wall at (5, 10)
Created Wall at (6, 10)
Created Wall at (10, 10)
Created Wall at (17, 10)
Created Wall at (0, 11)
Created Wall at (17, 11)
Created Wall at (0, 12)
Created Wall at (17, 12)
Created Wall at (0, 13)
Ball initialized at position: [ 192.0, 480.0, 0.0 ] with velocity: [ 2.0, -2.0, 0.0 ]
Created Ball at (6, 13) with color index: 2
Created Wall at (17, 13)
Created Wall at (0, 14)
Created Wall at (17, 14)
Created Wall at (0, 15)
Put Hole at center: [ 512.0, 576.0, 0.0 ] with colour 0
Created Hole at (15, 15) with color index: 0
Created Wall at (17, 15)
Created Wall at (0, 16)
Created Wall at (17, 16)
Created Wall at (0, 17)
Created Wall at (1, 17)
Created Wall at (2, 17)
Created Wall at (3, 17)
Created Wall at (4, 17)
Created Wall at (5, 17)
Created Wall at (6, 17)
Created ColouredWallTile at (7, 17) with colour index: 1
Created ColouredWallTile at (8, 17) with colour index: 1
Created ColouredWallTile at (9, 17) with colour index: 1
Created ColouredWallTile at (10, 17) with colour index: 1
Created Wall at (11, 17)
Created Wall at (12, 17)
Created Wall at (13, 17)
Created Wall at (14, 17)
Created Wall at (15, 17)
Created Wall at (16, 17)
Created Wall at (17, 17)
Level layout loaded from: level1.txt
Number of holes loaded: 4
Loaded wall from: src/main/resources/inkball/wall0.png
Loaded wall from: src/main/resources/inkball/wall1.png
Loaded wall from: src/main/resources/inkball/wall2.png
Loaded wall from: src/main/resources/inkball/wall3.png
Loaded wall from: src/main/resources/inkball/wall4.png
Config load finishes!
Created Wall at (0, 0)
Created Wall at (1, 0)
Created Wall at (2, 0)
Created Wall at (3, 0)
Created Wall at (4, 0)
Created Wall at (5, 0)
Created Wall at (6, 0)
Created ColouredWallTile at (7, 0) with colour index: 2
Created ColouredWallTile at (8, 0) with colour index: 2
Created ColouredWallTile at (9, 0) with colour index: 2
Created ColouredWallTile at (10, 0) with colour index: 2
Created Wall at (11, 0)
Created Wall at (12, 0)
Created Wall at (13, 0)
Created Wall at (14, 0)
Created Wall at (15, 0)
Created Wall at (16, 0)
Created Wall at (17, 0)
Created Wall at (0, 1)
Put Hole at center: [ 512.0, 128.0, 0.0 ] with colour 0
Created Hole at (15, 1) with color index: 0
Created Wall at (17, 1)
Created Wall at (0, 2)
Created Wall at (17, 2)
Created Wall at (0, 3)
Created Wall at (17, 3)
Created Wall at (0, 4)
Created Wall at (17, 4)
Created Wall at (0, 5)
Created Wall at (17, 5)
Created Wall at (0, 6)
Created Wall at (5, 6)
Created Wall at (6, 6)
Created Wall at (10, 6)
Put Hole at center: [ 384.0, 288.0, 0.0 ] with colour 1
Created Hole at (11, 6) with color index: 1
Created Wall at (17, 6)
Created Wall at (0, 7)
Created Wall at (6, 7)
Created Wall at (8, 7)
Created Wall at (9, 7)
Created Wall at (17, 7)
Created Wall at (0, 8)
Created EntryPoint/Spawner at (5, 8)
Created Wall at (6, 8)
Created Wall at (7, 8)
Created Wall at (17, 8)
Created Wall at (0, 9)
Created Wall at (6, 9)
Created Wall at (8, 9)
Created Wall at (9, 9)
Put Hole at center: [ 384.0, 384.0, 0.0 ] with colour 2
Created Hole at (11, 9) with color index: 2
Created Wall at (17, 9)
Created Wall at (0, 10)
Created Wall at (5, 10)
Created Wall at (6, 10)
Created Wall at (10, 10)
Created Wall at (17, 10)
Created Wall at (0, 11)
Created Wall at (17, 11)
Created Wall at (0, 12)
Created Wall at (17, 12)
Created Wall at (0, 13)
Ball initialized at position: [ 192.0, 480.0, 0.0 ] with velocity: [ -2.0, 2.0, 0.0 ]
Created Ball at (6, 13) with color index: 2
Created Wall at (17, 13)
Created Wall at (0, 14)
Created Wall at (17, 14)
Created Wall at (0, 15)
Put Hole at center: [ 512.0, 576.0, 0.0 ] with colour 0
Created Hole at (15, 15) with color index: 0
Created Wall at (17, 15)
Created Wall at (0, 16)
Created Wall at (17, 16)
Created Wall at (0, 17)
Created Wall at (1, 17)
Created Wall at (2, 17)
Created Wall at (3, 17)
Created Wall at (4, 17)
Created Wall at (5, 17)
Created Wall at (6, 17)
Created ColouredWallTile at (7, 17) with colour index: 1
Created ColouredWallTile at (8, 17) with colour index: 1
Created ColouredWallTile at (9, 17) with colour index: 1
Created ColouredWallTile at (10, 17) with colour index: 1
Created Wall at (11, 17)
Created Wall at (12, 17)
Created Wall at (13, 17)
Created Wall at (14, 17)
Created Wall at (15, 17)
Created Wall at (16, 17)
Created Wall at (17, 17)
Level layout loaded from: level1.txt
Number of holes loaded: 4
Created Wall at (0, 0)
Created Wall at (1, 0)
Created Wall at (2, 0)
Created Wall at (3, 0)
Created Wall at (4, 0)
Created Wall at (5, 0)
Created Wall at (6, 0)
Created ColouredWallTile at (7, 0) with colour index: 2
Created ColouredWallTile at (8, 0) with colour index: 2
Created ColouredWallTile at (9, 0) with colour index: 2
Created ColouredWallTile at (10, 0) with colour index: 2
Created Wall at (11, 0)
Created Wall at (12, 0)
Created Wall at (13, 0)
Created Wall at (14, 0)
Created Wall at (15, 0)
Created Wall at (16, 0)
Created Wall at (17, 0)
Created Wall at (0, 1)
Put Hole at center: [ 512.0, 128.0, 0.0 ] with colour 0
Created Hole at (15, 1) with color index: 0
Created Wall at (17, 1)
Created Wall at (0, 2)
Created Wall at (17, 2)
Created Wall at (0, 3)
Created Wall at (17, 3)
Created Wall at (0, 4)
Created Wall at (17, 4)
Created Wall at (0, 5)
Created Wall at (17, 5)
Created Wall at (0, 6)
Created Wall at (5, 6)
Created Wall at (6, 6)
Created Wall at (10, 6)
Put Hole at center: [ 384.0, 288.0, 0.0 ] with colour 1
Created Hole at (11, 6) with color index: 1
Created Wall at (17, 6)
Created Wall at (0, 7)
Created Wall at (6, 7)
Created Wall at (8, 7)
Created Wall at (9, 7)
Created Wall at (17, 7)
Created Wall at (0, 8)
Created EntryPoint/Spawner at (5, 8)
Created Wall at (6, 8)
Created Wall at (7, 8)
Created Wall at (17, 8)
Created Wall at (0, 9)
Created Wall at (6, 9)
Created Wall at (8, 9)
Created Wall at (9, 9)
Put Hole at center: [ 384.0, 384.0, 0.0 ] with colour 2
Created Hole at (11, 9) with color index: 2
Created Wall at (17, 9)
Created Wall at (0, 10)
Created Wall at (5, 10)
Created Wall at (6, 10)
Created Wall at (10, 10)
Created Wall at (17, 10)
Created Wall at (0, 11)
Created Wall at (17, 11)
Created Wall at (0, 12)
Created Wall at (17, 12)
Created Wall at (0, 13)
Ball initialized at position: [ 192.0, 480.0, 0.0 ] with velocity: [ -2.0, 2.0, 0.0 ]
Created Ball at (6, 13) with color index: 2
Created Wall at (17, 13)
Created Wall at (0, 14)
Created Wall at (17, 14)
Created Wall at (0, 15)
Put Hole at center: [ 512.0, 576.0, 0.0 ] with colour 0
Created Hole at (15, 15) with color index: 0
Created Wall at (17, 15)
Created Wall at (0, 16)
Created Wall at (17, 16)
Created Wall at (0, 17)
Created Wall at (1, 17)
Created Wall at (2, 17)
Created Wall at (3, 17)
Created Wall at (4, 17)
Created Wall at (5, 17)
Created Wall at (6, 17)
Created ColouredWallTile at (7, 17) with colour index: 1
Created ColouredWallTile at (8, 17) with colour index: 1
Created ColouredWallTile at (9, 17) with colour index: 1
Created ColouredWallTile at (10, 17) with colour index: 1
Created Wall at (11, 17)
Created Wall at (12, 17)
Created Wall at (13, 17)
Created Wall at (14, 17)
Created Wall at (15, 17)
Created Wall at (16, 17)
Created Wall at (17, 17)
Level layout loaded from: level1.txt
Number of holes loaded: 4
Ball initialized at position: [ 0.0, 64.0, 0.0 ] with velocity: [ -2.0, -2.0, 0.0 ]
Loaded wall from: src/main/resources/inkball/wall0.png
Loaded wall from: src/main/resources/inkball/wall1.png
Loaded wall from: src/main/resources/inkball/wall2.png
Loaded wall from: src/main/resources/inkball/wall3.png
Loaded wall from: src/main/resources/inkball/wall4.png
Config load finishes!
Created Wall at (0, 0)
Created Wall at (1, 0)
Created Wall at (2, 0)
Created Wall at (3, 0)
Created Wall at (4, 0)
Created Wall at (5, 0)
Created Wall at (6, 0)
Created ColouredWallTile at (7, 0) with colour index: 2
Created ColouredWallTile at (8, 0) with colour index: 2
Created ColouredWallTile at (9, 0) with colour index: 2
Created ColouredWallTile at (10, 0) with colour index: 2
Created Wall at (11, 0)
Created Wall at (12, 0)
Created Wall at (13, 0)
Created Wall at (14, 0)
Created Wall at (15, 0)
Created Wall at (16, 0)
Created Wall at (17, 0)
Created Wall at (0, 1)
Put Hole at center: [ 512.0, 128.0, 0.0 ] with colour 0
Created Hole at (15, 1) with color index: 0
Created Wall at (17, 1)
Created Wall at (0, 2)
Created Wall at (17, 2)
Created Wall at (0, 3)
Created Wall at (17, 3)
Created Wall at (0, 4)
Created Wall at (17, 4)
Created Wall at (0, 5)
Created Wall at (17, 5)
Created Wall at (0, 6)
Created Wall at (5, 6)
Created Wall at (6, 6)
Created Wall at (10, 6)
Put Hole at center: [ 384.0, 288.0, 0.0 ] with colour 1
Created Hole at (11, 6) with color index: 1
Created Wall at (17, 6)
Created Wall at (0, 7)
Created Wall at (6, 7)
Created Wall at (8, 7)
Created Wall at (9, 7)
Created Wall at (17, 7)
Created Wall at (0, 8)
Created EntryPoint/Spawner at (5, 8)
Created Wall at (6, 8)
Created Wall at (7, 8)
Created Wall at (17, 8)
Created Wall at (0, 9)
Created Wall at (6, 9)
Created Wall at (8, 9)
Created Wall at (9, 9)
Put Hole at center: [ 384.0, 384.0, 0.0 ] with colour 2
Created Hole at (11, 9) with color index: 2
Created Wall at (17, 9)
Created Wall at (0, 10)
Created Wall at (5, 10)
Created Wall at (6, 10)
Created Wall at (10, 10)
Created Wall at (17, 10)
Created Wall at (0, 11)
Created Wall at (17, 11)
Created Wall at (0, 12)
Created Wall at (17, 12)
Created Wall at (0, 13)
Ball initialized at position: [ 192.0, 480.0, 0.0 ] with velocity: [ 2.0, -2.0, 0.0 ]
Created Ball at (6, 13) with color index: 2
Created Wall at (17, 13)
Created Wall at (0, 14)
Created Wall at (17, 14)
Created Wall at (0, 15)
Put Hole at center: [ 512.0, 576.0, 0.0 ] with colour 0
Created Hole at (15, 15) with color index: 0
Created Wall at (17, 15)
Created Wall at (0, 16)
Created Wall at (17, 16)
Created Wall at (0, 17)
Created Wall at (1, 17)
Created Wall at (2, 17)
Created Wall at (3, 17)
Created Wall at (4, 17)
Created Wall at (5, 17)
Created Wall at (6, 17)
Created ColouredWallTile at (7, 17) with colour index: 1
Created ColouredWallTile at (8, 17) with colour index: 1
Created ColouredWallTile at (9, 17) with colour index: 1
Created ColouredWallTile at (10, 17) with colour index: 1
Created Wall at (11, 17)
Created Wall at (12, 17)
Created Wall at (13, 17)
Created Wall at (14, 17)
Created Wall at (15, 17)
Created Wall at (16, 17)
Created Wall at (17, 17)
Level layout loaded from: level1.txt
Number of holes loaded: 4
Created Wall at (0, 0)
Created Wall at (1, 0)
Created Wall at (2, 0)
Created Wall at (3, 0)
Created Wall at (4, 0)
Created Wall at (5, 0)
Created Wall at (6, 0)
Created ColouredWallTile at (7, 0) with colour index: 2
Created ColouredWallTile at (8, 0) with colour index: 2
Created ColouredWallTile at (9, 0) with colour index: 2
Created ColouredWallTile at (10, 0) with colour index: 2
Created Wall at (11, 0)
Created Wall at (12, 0)
Created Wall at (13, 0)
Created Wall at (14, 0)
Created Wall at (15, 0)
Created Wall at (16, 0)
Created Wall at (17, 0)
Created Wall at (0, 1)
Put Hole at center: [ 512.0, 128.0, 0.0 ] with colour 0
Created Hole at (15, 1) with color index: 0
Created Wall at (17, 1)
Created Wall at (0, 2)
Created Wall at (17, 2)
Created Wall at (0, 3)
Created Wall at (17, 3)
Created Wall at (0, 4)
Created Wall at (17, 4)
Created Wall at (0, 5)
Created Wall at (17, 5)
Created Wall at (0, 6)
Created Wall at (5, 6)
Created Wall at (6, 6)
Created Wall at (10, 6)
Put Hole at center: [ 384.0, 288.0, 0.0 ] with colour 1
Created Hole at (11, 6) with color index: 1
Created Wall at (17, 6)
Created Wall at (0, 7)
Created Wall at (6, 7)
Created Wall at (8, 7)
Created Wall at (9, 7)
Created Wall at (17, 7)
Created Wall at (0, 8)
Created EntryPoint/Spawner at (5, 8)
Created Wall at (6, 8)
Created Wall at (7, 8)
Created Wall at (17, 8)
Created Wall at (0, 9)
Created Wall at (6, 9)
Created Wall at (8, 9)
Created Wall at (9, 9)
Put Hole at center: [ 384.0, 384.0, 0.0 ] with colour 2
Created Hole at (11, 9) with color index: 2
Created Wall at (17, 9)
Created Wall at (0, 10)
Created Wall at (5, 10)
Created Wall at (6, 10)
Created Wall at (10, 10)
Created Wall at (17, 10)
Created Wall at (0, 11)
Created Wall at (17, 11)
Created Wall at (0, 12)
Created Wall at (17, 12)
Created Wall at (0, 13)
Ball initialized at position: [ 192.0, 480.0, 0.0 ] with velocity: [ -2.0, -2.0, 0.0 ]
Created Ball at (6, 13) with color index: 2
Created Wall at (17, 13)
Created Wall at (0, 14)
Created Wall at (17, 14)
Created Wall at (0, 15)
Put Hole at center: [ 512.0, 576.0, 0.0 ] with colour 0
Created Hole at (15, 15) with color index: 0
Created Wall at (17, 15)
Created Wall at (0, 16)
Created Wall at (17, 16)
Created Wall at (0, 17)
Created Wall at (1, 17)
Created Wall at (2, 17)
Created Wall at (3, 17)
Created Wall at (4, 17)
Created Wall at (5, 17)
Created Wall at (6, 17)
Created ColouredWallTile at (7, 17) with colour index: 1
Created ColouredWallTile at (8, 17) with colour index: 1
Created ColouredWallTile at (9, 17) with colour index: 1
Created ColouredWallTile at (10, 17) with colour index: 1
Created Wall at (11, 17)
Created Wall at (12, 17)
Created Wall at (13, 17)
Created Wall at (14, 17)
Created Wall at (15, 17)
Created Wall at (16, 17)
Created Wall at (17, 17)
Level layout loaded from: level1.txt
Number of holes loaded: 4
Loaded wall from: src/main/resources/inkball/wall0.png
Loaded wall from: src/main/resources/inkball/wall1.png
Loaded wall from: src/main/resources/inkball/wall2.png
Loaded wall from: src/main/resources/inkball/wall3.png
Loaded wall from: src/main/resources/inkball/wall4.png
Config load finishes!
Created Wall at (0, 0)
Created Wall at (1, 0)
Created Wall at (2, 0)
Created Wall at (3, 0)
Created Wall at (4, 0)
Created Wall at (5, 0)
Created Wall at (6, 0)
Created ColouredWallTile at (7, 0) with colour index: 2
Created ColouredWallTile at (8, 0) with colour index: 2
Created ColouredWallTile at (9, 0) with colour index: 2
Created ColouredWallTile at (10, 0) with colour index: 2
Created Wall at (11, 0)
Created Wall at (12, 0)
Created Wall at (13, 0)
Created Wall at (14, 0)
Created Wall at (15, 0)
Created Wall at (16, 0)
Created Wall at (17, 0)
Created Wall at (0, 1)
Put Hole at center: [ 512.0, 128.0, 0.0 ] with colour 0
Created Hole at (15, 1) with color index: 0
Created Wall at (17, 1)
Created Wall at (0, 2)
Created Wall at (17, 2)
Created Wall at (0, 3)
Created Wall at (17, 3)
Created Wall at (0, 4)
Created Wall at (17, 4)
Created Wall at (0, 5)
Created Wall at (17, 5)
Created Wall at (0, 6)
Created Wall at (5, 6)
Created Wall at (6, 6)
Created Wall at (10, 6)
Put Hole at center: [ 384.0, 288.0, 0.0 ] with colour 1
Created Hole at (11, 6) with color index: 1
Created Wall at (17, 6)
Created Wall at (0, 7)
Created Wall at (6, 7)
Created Wall at (8, 7)
Created Wall at (9, 7)
Created Wall at (17, 7)
Created Wall at (0, 8)
Created EntryPoint/Spawner at (5, 8)
Created Wall at (6, 8)
Created Wall at (7, 8)
Created Wall at (17, 8)
Created Wall at (0, 9)
Created Wall at (6, 9)
Created Wall at (8, 9)
Created Wall at (9, 9)
Put Hole at center: [ 384.0, 384.0, 0.0 ] with colour 2
Created Hole at (11, 9) with color index: 2
Created Wall at (17, 9)
Created Wall at (0, 10)
Created Wall at (5, 10)
Created Wall at (6, 10)
Created Wall at (10, 10)
Created Wall at (17, 10)
Created Wall at (0, 11)
Created Wall at (17, 11)
Created Wall at (0, 12)
Created Wall at (17, 12)
Created Wall at (0, 13)
Ball initialized at position: [ 192.0, 480.0, 0.0 ] with velocity: [ -2.0, -2.0, 0.0 ]
Created Ball at (6, 13) with color index: 2
Created Wall at (17, 13)
Created Wall at (0, 14)
Created Wall at (17, 14)
Created Wall at (0, 15)
Put Hole at center: [ 512.0, 576.0, 0.0 ] with colour 0
Created Hole at (15, 15) with color index: 0
Created Wall at (17, 15)
Created Wall at (0, 16)
Created Wall at (17, 16)
Created Wall at (0, 17)
Created Wall at (1, 17)
Created Wall at (2, 17)
Created Wall at (3, 17)
Created Wall at (4, 17)
Created Wall at (5, 17)
Created Wall at (6, 17)
Created ColouredWallTile at (7, 17) with colour index: 1
Created ColouredWallTile at (8, 17) with colour index: 1
Created ColouredWallTile at (9, 17) with colour index: 1
Created ColouredWallTile at (10, 17) with colour index: 1
Created Wall at (11, 17)
Created Wall at (12, 17)
Created Wall at (13, 17)
Created Wall at (14, 17)
Created Wall at (15, 17)
Created Wall at (16, 17)
Created Wall at (17, 17)
Level layout loaded from: level1.txt
Number of holes loaded: 4
Created Wall at (0, 0)
Created Wall at (1, 0)
Created Wall at (2, 0)
Created Wall at (3, 0)
Created Wall at (4, 0)
Created Wall at (5, 0)
Created Wall at (6, 0)
Created ColouredWallTile at (7, 0) with colour index: 2
Created ColouredWallTile at (8, 0) with colour index: 2
Created ColouredWallTile at (9, 0) with colour index: 2
Created ColouredWallTile at (10, 0) with colour index: 2
Created Wall at (11, 0)
Created Wall at (12, 0)
Created Wall at (13, 0)
Created Wall at (14, 0)
Created Wall at (15, 0)
Created Wall at (16, 0)
Created Wall at (17, 0)
Created Wall at (0, 1)
Put Hole at center: [ 512.0, 128.0, 0.0 ] with colour 0
Created Hole at (15, 1) with color index: 0
Created Wall at (17, 1)
Created Wall at (0, 2)
Created Wall at (17, 2)
Created Wall at (0, 3)
Created Wall at (17, 3)
Created Wall at (0, 4)
Created Wall at (17, 4)
Created Wall at (0, 5)
Created Wall at (17, 5)
Created Wall at (0, 6)
Created Wall at (5, 6)
Created Wall at (6, 6)
Created Wall at (10, 6)
Put Hole at center: [ 384.0, 288.0, 0.0 ] with colour 1
Created Hole at (11, 6) with color index: 1
Created Wall at (17, 6)
Created Wall at (0, 7)
Created Wall at (6, 7)
Created Wall at (8, 7)
Created Wall at (9, 7)
Created Wall at (17, 7)
Created Wall at (0, 8)
Created EntryPoint/Spawner at (5, 8)
Created Wall at (6, 8)
Created Wall at (7, 8)
Created Wall at (17, 8)
Created Wall at (0, 9)
Created Wall at (6, 9)
Created Wall at (8, 9)
Created Wall at (9, 9)
Put Hole at center: [ 384.0, 384.0, 0.0 ] with colour 2
Created Hole at (11, 9) with color index: 2
Created Wall at (17, 9)
Created Wall at (0, 10)
Created Wall at (5, 10)
Created Wall at (6, 10)
Created Wall at (10, 10)
Created Wall at (17, 10)
Created Wall at (0, 11)
Created Wall at (17, 11)
Created Wall at (0, 12)
Created Wall at (17, 12)
Created Wall at (0, 13)
Ball initialized at position: [ 192.0, 480.0, 0.0 ] with velocity: [ 2.0, -2.0, 0.0 ]
Created Ball at (6, 13) with color index: 2
Created Wall at (17, 13)
Created Wall at (0, 14)
Created Wall at (17, 14)
Created Wall at (0, 15)
Put Hole at center: [ 512.0, 576.0, 0.0 ] with colour 0
Created Hole at (15, 15) with color index: 0
Created Wall at (17, 15)
Created Wall at (0, 16)
Created Wall at (17, 16)
Created Wall at (0, 17)
Created Wall at (1, 17)
Created Wall at (2, 17)
Created Wall at (3, 17)
Created Wall at (4, 17)
Created Wall at (5, 17)
Created Wall at (6, 17)
Created ColouredWallTile at (7, 17) with colour index: 1
Created ColouredWallTile at (8, 17) with colour index: 1
Created ColouredWallTile at (9, 17) with colour index: 1
Created ColouredWallTile at (10, 17) with colour index: 1
Created Wall at (11, 17)
Created Wall at (12, 17)
Created Wall at (13, 17)
Created Wall at (14, 17)
Created Wall at (15, 17)
Created Wall at (16, 17)
Created Wall at (17, 17)
Level layout loaded from: level1.txt
Number of holes loaded: 4
Loaded wall from: src/main/resources/inkball/wall0.png
Loaded wall from: src/main/resources/inkball/wall1.png
Loaded wall from: src/main/resources/inkball/wall2.png
Loaded wall from: src/main/resources/inkball/wall3.png
Loaded wall from: src/main/resources/inkball/wall4.png
Config load finishes!
Created Wall at (0, 0)
Created Wall at (1, 0)
Created Wall at (2, 0)
Created Wall at (3, 0)
Created Wall at (4, 0)
Created Wall at (5, 0)
Created Wall at (6, 0)
Created ColouredWallTile at (7, 0) with colour index: 2
Created ColouredWallTile at (8, 0) with colour index: 2
Created ColouredWallTile at (9, 0) with colour index: 2
Created ColouredWallTile at (10, 0) with colour index: 2
Created Wall at (11, 0)
Created Wall at (12, 0)
Created Wall at (13, 0)
Created Wall at (14, 0)
Created Wall at (15, 0)
Created Wall at (16, 0)
Created Wall at (17, 0)
Created Wall at (0, 1)
Put Hole at center: [ 512.0, 128.0, 0.0 ] with colour 0
Created Hole at (15, 1) with color index: 0
Created Wall at (17, 1)
Created Wall at (0, 2)
Created Wall at (17, 2)
Created Wall at (0, 3)
Created Wall at (17, 3)
Created Wall at (0, 4)
Created Wall at (17, 4)
Created Wall at (0, 5)
Created Wall at (17, 5)
Created Wall at (0, 6)
Created Wall at (5, 6)
Created Wall at (6, 6)
Created Wall at (10, 6)
Put Hole at center: [ 384.0, 288.0, 0.0 ] with colour 1
Created Hole at (11, 6) with color index: 1
Created Wall at (17, 6)
Created Wall at (0, 7)
Created Wall at (6, 7)
Created Wall at (8, 7)
Created Wall at (9, 7)
Created Wall at (17, 7)
Created Wall at (0, 8)
Created EntryPoint/Spawner at (5, 8)
Created Wall at (6, 8)
Created Wall at (7, 8)
Created Wall at (17, 8)
Created Wall at (0, 9)
Created Wall at (6, 9)
Created Wall at (8, 9)
Created Wall at (9, 9)
Put Hole at center: [ 384.0, 384.0, 0.0 ] with colour 2
Created Hole at (11, 9) with color index: 2
Created Wall at (17, 9)
Created Wall at (0, 10)
Created Wall at (5, 10)
Created Wall at (6, 10)
Created Wall at (10, 10)
Created Wall at (17, 10)
Created Wall at (0, 11)
Created Wall at (17, 11)
Created Wall at (0, 12)
Created Wall at (17, 12)
Created Wall at (0, 13)
Ball initialized at position: [ 192.0, 480.0, 0.0 ] with velocity: [ 2.0, -2.0, 0.0 ]
Created Ball at (6, 13) with color index: 2
Created Wall at (17, 13)
Created Wall at (0, 14)
Created Wall at (17, 14)
Created Wall at (0, 15)
Put Hole at center: [ 512.0, 576.0, 0.0 ] with colour 0
Created Hole at (15, 15) with color index: 0
Created Wall at (17, 15)
Created Wall at (0, 16)
Created Wall at (17, 16)
Created Wall at (0, 17)
Created Wall at (1, 17)
Created Wall at (2, 17)
Created Wall at (3, 17)
Created Wall at (4, 17)
Created Wall at (5, 17)
Created Wall at (6, 17)
Created ColouredWallTile at (7, 17) with colour index: 1
Created ColouredWallTile at (8, 17) with colour index: 1
Created ColouredWallTile at (9, 17) with colour index: 1
Created ColouredWallTile at (10, 17) with colour index: 1
Created Wall at (11, 17)
Created Wall at (12, 17)
Created Wall at (13, 17)
Created Wall at (14, 17)
Created Wall at (15, 17)
Created Wall at (16, 17)
Created Wall at (17, 17)
Level layout loaded from: level1.txt
Number of holes loaded: 4
Created Wall at (0, 0)
Created Wall at (1, 0)
Created Wall at (2, 0)
Created Wall at (3, 0)
Created Wall at (4, 0)
Created Wall at (5, 0)
Created Wall at (6, 0)
Created ColouredWallTile at (7, 0) with colour index: 2
Created ColouredWallTile at (8, 0) with colour index: 2
Created ColouredWallTile at (9, 0) with colour index: 2
Created ColouredWallTile at (10, 0) with colour index: 2
Created Wall at (11, 0)
Created Wall at (12, 0)
Created Wall at (13, 0)
Created Wall at (14, 0)
Created Wall at (15, 0)
Created Wall at (16, 0)
Created Wall at (17, 0)
Created Wall at (0, 1)
Put Hole at center: [ 512.0, 128.0, 0.0 ] with colour 0
Created Hole at (15, 1) with color index: 0
Created Wall at (17, 1)
Created Wall at (0, 2)
Created Wall at (17, 2)
Created Wall at (0, 3)
Created Wall at (17, 3)
Created Wall at (0, 4)
Created Wall at (17, 4)
Created Wall at (0, 5)
Created Wall at (17, 5)
Created Wall at (0, 6)
Created Wall at (5, 6)
Created Wall at (6, 6)
Created Wall at (10, 6)
Put Hole at center: [ 384.0, 288.0, 0.0 ] with colour 1
Created Hole at (11, 6) with color index: 1
Created Wall at (17, 6)
Created Wall at (0, 7)
Created Wall at (6, 7)
Created Wall at (8, 7)
Created Wall at (9, 7)
Created Wall at (17, 7)
Created Wall at (0, 8)
Created EntryPoint/Spawner at (5, 8)
Created Wall at (6, 8)
Created Wall at (7, 8)
Created Wall at (17, 8)
Created Wall at (0, 9)
Created Wall at (6, 9)
Created Wall at (8, 9)
Created Wall at (9, 9)
Put Hole at center: [ 384.0, 384.0, 0.0 ] with colour 2
Created Hole at (11, 9) with color index: 2
Created Wall at (17, 9)
Created Wall at (0, 10)
Created Wall at (5, 10)
Created Wall at (6, 10)
Created Wall at (10, 10)
Created Wall at (17, 10)
Created Wall at (0, 11)
Created Wall at (17, 11)
Created Wall at (0, 12)
Created Wall at (17, 12)
Created Wall at (0, 13)
Ball initialized at position: [ 192.0, 480.0, 0.0 ] with velocity: [ -2.0, 2.0, 0.0 ]
Created Ball at (6, 13) with color index: 2
Created Wall at (17, 13)
Created Wall at (0, 14)
Created Wall at (17, 14)
Created Wall at (0, 15)
Put Hole at center: [ 512.0, 576.0, 0.0 ] with colour 0
Created Hole at (15, 15) with color index: 0
Created Wall at (17, 15)
Created Wall at (0, 16)
Created Wall at (17, 16)
Created Wall at (0, 17)
Created Wall at (1, 17)
Created Wall at (2, 17)
Created Wall at (3, 17)
Created Wall at (4, 17)
Created Wall at (5, 17)
Created Wall at (6, 17)
Created ColouredWallTile at (7, 17) with colour index: 1
Created ColouredWallTile at (8, 17) with colour index: 1
Created ColouredWallTile at (9, 17) with colour index: 1
Created ColouredWallTile at (10, 17) with colour index: 1
Created Wall at (11, 17)
Created Wall at (12, 17)
Created Wall at (13, 17)
Created Wall at (14, 17)
Created Wall at (15, 17)
Created Wall at (16, 17)
Created Wall at (17, 17)
Level layout loaded from: level1.txt
Number of holes loaded: 4
Loaded wall from: src/main/resources/inkball/wall0.png
Loaded wall from: src/main/resources/inkball/wall1.png
Loaded wall from: src/main/resources/inkball/wall2.png
Loaded wall from: src/main/resources/inkball/wall3.png
Loaded wall from: src/main/resources/inkball/wall4.png
Config load finishes!
Created Wall at (0, 0)
Created Wall at (1, 0)
Created Wall at (2, 0)
Created Wall at (3, 0)
Created Wall at (4, 0)
Created Wall at (5, 0)
Created Wall at (6, 0)
Created ColouredWallTile at (7, 0) with colour index: 2
Created ColouredWallTile at (8, 0) with colour index: 2
Created ColouredWallTile at (9, 0) with colour index: 2
Created ColouredWallTile at (10, 0) with colour index: 2
Created Wall at (11, 0)
Created Wall at (12, 0)
Created Wall at (13, 0)
Created Wall at (14, 0)
Created Wall at (15, 0)
Created Wall at (16, 0)
Created Wall at (17, 0)
Created Wall at (0, 1)
Put Hole at center: [ 512.0, 128.0, 0.0 ] with colour 0
Created Hole at (15, 1) with color index: 0
Created Wall at (17, 1)
Created Wall at (0, 2)
Created Wall at (17, 2)
Created Wall at (0, 3)
Created Wall at (17, 3)
Created Wall at (0, 4)
Created Wall at (17, 4)
Created Wall at (0, 5)
Created Wall at (17, 5)
Created Wall at (0, 6)
Created Wall at (5, 6)
Created Wall at (6, 6)
Created Wall at (10, 6)
Put Hole at center: [ 384.0, 288.0, 0.0 ] with colour 1
Created Hole at (11, 6) with color index: 1
Created Wall at (17, 6)
Created Wall at (0, 7)
Created Wall at (6, 7)
Created Wall at (8, 7)
Created Wall at (9, 7)
Created Wall at (17, 7)
Created Wall at (0, 8)
Created EntryPoint/Spawner at (5, 8)
Created Wall at (6, 8)
Created Wall at (7, 8)
Created Wall at (17, 8)
Created Wall at (0, 9)
Created Wall at (6, 9)
Created Wall at (8, 9)
Created Wall at (9, 9)
Put Hole at center: [ 384.0, 384.0, 0.0 ] with colour 2
Created Hole at (11, 9) with color index: 2
Created Wall at (17, 9)
Created Wall at (0, 10)
Created Wall at (5, 10)
Created Wall at (6, 10)
Created Wall at (10, 10)
Created Wall at (17, 10)
Created Wall at (0, 11)
Created Wall at (17, 11)
Created Wall at (0, 12)
Created Wall at (17, 12)
Created Wall at (0, 13)
Ball initialized at position: [ 192.0, 480.0, 0.0 ] with velocity: [ 2.0, -2.0, 0.0 ]
Created Ball at (6, 13) with color index: 2
Created Wall at (17, 13)
Created Wall at (0, 14)
Created Wall at (17, 14)
Created Wall at (0, 15)
Put Hole at center: [ 512.0, 576.0, 0.0 ] with colour 0
Created Hole at (15, 15) with color index: 0
Created Wall at (17, 15)
Created Wall at (0, 16)
Created Wall at (17, 16)
Created Wall at (0, 17)
Created Wall at (1, 17)
Created Wall at (2, 17)
Created Wall at (3, 17)
Created Wall at (4, 17)
Created Wall at (5, 17)
Created Wall at (6, 17)
Created ColouredWallTile at (7, 17) with colour index: 1
Created ColouredWallTile at (8, 17) with colour index: 1
Created ColouredWallTile at (9, 17) with colour index: 1
Created ColouredWallTile at (10, 17) with colour index: 1
Created Wall at (11, 17)
Created Wall at (12, 17)
Created Wall at (13, 17)
Created Wall at (14, 17)
Created Wall at (15, 17)
Created Wall at (16, 17)
Created Wall at (17, 17)
Level layout loaded from: level1.txt
Number of holes loaded: 4
Created Wall at (0, 0)
Created Wall at (1, 0)
Created Wall at (2, 0)
Created Wall at (3, 0)
Created Wall at (4, 0)
Created Wall at (5, 0)
Created Wall at (6, 0)
Created ColouredWallTile at (7, 0) with colour index: 2
Created ColouredWallTile at (8, 0) with colour index: 2
Created ColouredWallTile at (9, 0) with colour index: 2
Created ColouredWallTile at (10, 0) with colour index: 2
Created Wall at (11, 0)
Created Wall at (12, 0)
Created Wall at (13, 0)
Created Wall at (14, 0)
Created Wall at (15, 0)
Created Wall at (16, 0)
Created Wall at (17, 0)
Created Wall at (0, 1)
Put Hole at center: [ 512.0, 128.0, 0.0 ] with colour 0
Created Hole at (15, 1) with color index: 0
Created Wall at (17, 1)
Created Wall at (0, 2)
Created Wall at (17, 2)
Created Wall at (0, 3)
Created Wall at (17, 3)
Created Wall at (0, 4)
Created Wall at (17, 4)
Created Wall at (0, 5)
Created Wall at (17, 5)
Created Wall at (0, 6)
Created Wall at (5, 6)
Created Wall at (6, 6)
Created Wall at (10, 6)
Put Hole at center: [ 384.0, 288.0, 0.0 ] with colour 1
Created Hole at (11, 6) with color index: 1
Created Wall at (17, 6)
Created Wall at (0, 7)
Created Wall at (6, 7)
Created Wall at (8, 7)
Created Wall at (9, 7)
Created Wall at (17, 7)
Created Wall at (0, 8)
Created EntryPoint/Spawner at (5, 8)
Created Wall at (6, 8)
Created Wall at (7, 8)
Created Wall at (17, 8)
Created Wall at (0, 9)
Created Wall at (6, 9)
Created Wall at (8, 9)
Created Wall at (9, 9)
Put Hole at center: [ 384.0, 384.0, 0.0 ] with colour 2
Created Hole at (11, 9) with color index: 2
Created Wall at (17, 9)
Created Wall at (0, 10)
Created Wall at (5, 10)
Created Wall at (6, 10)
Created Wall at (10, 10)
Created Wall at (17, 10)
Created Wall at (0, 11)
Created Wall at (17, 11)
Created Wall at (0, 12)
Created Wall at (17, 12)
Created Wall at (0, 13)
Ball initialized at position: [ 192.0, 480.0, 0.0 ] with velocity: [ -2.0, -2.0, 0.0 ]
Created Ball at (6, 13) with color index: 2
Created Wall at (17, 13)
Created Wall at (0, 14)
Created Wall at (17, 14)
Created Wall at (0, 15)
Put Hole at center: [ 512.0, 576.0, 0.0 ] with colour 0
Created Hole at (15, 15) with color index: 0
Created Wall at (17, 15)
Created Wall at (0, 16)
Created Wall at (17, 16)
Created Wall at (0, 17)
Created Wall at (1, 17)
Created Wall at (2, 17)
Created Wall at (3, 17)
Created Wall at (4, 17)
Created Wall at (5, 17)
Created Wall at (6, 17)
Created ColouredWallTile at (7, 17) with colour index: 1
Created ColouredWallTile at (8, 17) with colour index: 1
Created ColouredWallTile at (9, 17) with colour index: 1
Created ColouredWallTile at (10, 17) with colour index: 1
Created Wall at (11, 17)
Created Wall at (12, 17)
Created Wall at (13, 17)
Created Wall at (14, 17)
Created Wall at (15, 17)
Created Wall at (16, 17)
Created Wall at (17, 17)
Level layout loaded from: level1.txt
Number of holes loaded: 4
Loaded wall from: src/main/resources/inkball/wall0.png
Loaded wall from: src/main/resources/inkball/wall1.png
Loaded wall from: src/main/resources/inkball/wall2.png
Loaded wall from: src/main/resources/inkball/wall3.png
Loaded wall from: src/main/resources/inkball/wall4.png
Config load finishes!
Created Wall at (0, 0)
Created Wall at (1, 0)
Created Wall at (2, 0)
Created Wall at (3, 0)
Created Wall at (4, 0)
Created Wall at (5, 0)
Created Wall at (6, 0)
Created ColouredWallTile at (7, 0) with colour index: 2
Created ColouredWallTile at (8, 0) with colour index: 2
Created ColouredWallTile at (9, 0) with colour index: 2
Created ColouredWallTile at (10, 0) with colour index: 2
Created Wall at (11, 0)
Created Wall at (12, 0)
Created Wall at (13, 0)
Created Wall at (14, 0)
Created Wall at (15, 0)
Created Wall at (16, 0)
Created Wall at (17, 0)
Created Wall at (0, 1)
Put Hole at center: [ 512.0, 128.0, 0.0 ] with colour 0
Created Hole at (15, 1) with color index: 0
Created Wall at (17, 1)
Created Wall at (0, 2)
Created Wall at (17, 2)
Created Wall at (0, 3)
Created Wall at (17, 3)
Created Wall at (0, 4)
Created Wall at (17, 4)
Created Wall at (0, 5)
Created Wall at (17, 5)
Created Wall at (0, 6)
Created Wall at (5, 6)
Created Wall at (6, 6)
Created Wall at (10, 6)
Put Hole at center: [ 384.0, 288.0, 0.0 ] with colour 1
Created Hole at (11, 6) with color index: 1
Created Wall at (17, 6)
Created Wall at (0, 7)
Created Wall at (6, 7)
Created Wall at (8, 7)
Created Wall at (9, 7)
Created Wall at (17, 7)
Created Wall at (0, 8)
Created EntryPoint/Spawner at (5, 8)
Created Wall at (6, 8)
Created Wall at (7, 8)
Created Wall at (17, 8)
Created Wall at (0, 9)
Created Wall at (6, 9)
Created Wall at (8, 9)
Created Wall at (9, 9)
Put Hole at center: [ 384.0, 384.0, 0.0 ] with colour 2
Created Hole at (11, 9) with color index: 2
Created Wall at (17, 9)
Created Wall at (0, 10)
Created Wall at (5, 10)
Created Wall at (6, 10)
Created Wall at (10, 10)
Created Wall at (17, 10)
Created Wall at (0, 11)
Created Wall at (17, 11)
Created Wall at (0, 12)
Created Wall at (17, 12)
Created Wall at (0, 13)
Ball initialized at position: [ 192.0, 480.0, 0.0 ] with velocity: [ 2.0, 2.0, 0.0 ]
Created Ball at (6, 13) with color index: 2
Created Wall at (17, 13)
Created Wall at (0, 14)
Created Wall at (17, 14)
Created Wall at (0, 15)
Put Hole at center: [ 512.0, 576.0, 0.0 ] with colour 0
Created Hole at (15, 15) with color index: 0
Created Wall at (17, 15)
Created Wall at (0, 16)
Created Wall at (17, 16)
Created Wall at (0, 17)
Created Wall at (1, 17)
Created Wall at (2, 17)
Created Wall at (3, 17)
Created Wall at (4, 17)
Created Wall at (5, 17)
Created Wall at (6, 17)
Created ColouredWallTile at (7, 17) with colour index: 1
Created ColouredWallTile at (8, 17) with colour index: 1
Created ColouredWallTile at (9, 17) with colour index: 1
Created ColouredWallTile at (10, 17) with colour index: 1
Created Wall at (11, 17)
Created Wall at (12, 17)
Created Wall at (13, 17)
Created Wall at (14, 17)
Created Wall at (15, 17)
Created Wall at (16, 17)
Created Wall at (17, 17)
Level layout loaded from: level1.txt
Number of holes loaded: 4
Created Wall at (0, 0)
Created Wall at (1, 0)
Created Wall at (2, 0)
Created Wall at (3, 0)
Created Wall at (4, 0)
Created Wall at (5, 0)
Created Wall at (6, 0)
Created ColouredWallTile at (7, 0) with colour index: 2
Created ColouredWallTile at (8, 0) with colour index: 2
Created ColouredWallTile at (9, 0) with colour index: 2
Created ColouredWallTile at (10, 0) with colour index: 2
Created Wall at (11, 0)
Created Wall at (12, 0)
Created Wall at (13, 0)
Created Wall at (14, 0)
Created Wall at (15, 0)
Created Wall at (16, 0)
Created Wall at (17, 0)
Created Wall at (0, 1)
Put Hole at center: [ 512.0, 128.0, 0.0 ] with colour 0
Created Hole at (15, 1) with color index: 0
Created Wall at (17, 1)
Created Wall at (0, 2)
Created Wall at (17, 2)
Created Wall at (0, 3)
Created Wall at (17, 3)
Created Wall at (0, 4)
Created Wall at (17, 4)
Created Wall at (0, 5)
Created Wall at (17, 5)
Created Wall at (0, 6)
Created Wall at (5, 6)
Created Wall at (6, 6)
Created Wall at (10, 6)
Put Hole at center: [ 384.0, 288.0, 0.0 ] with colour 1
Created Hole at (11, 6) with color index: 1
Created Wall at (17, 6)
Created Wall at (0, 7)
Created Wall at (6, 7)
Created Wall at (8, 7)
Created Wall at (9, 7)
Created Wall at (17, 7)
Created Wall at (0, 8)
Created EntryPoint/Spawner at (5, 8)
Created Wall at (6, 8)
Created Wall at (7, 8)
Created Wall at (17, 8)
Created Wall at (0, 9)
Created Wall at (6, 9)
Created Wall at (8, 9)
Created Wall at (9, 9)
Put Hole at center: [ 384.0, 384.0, 0.0 ] with colour 2
Created Hole at (11, 9) with color index: 2
Created Wall at (17, 9)
Created Wall at (0, 10)
Created Wall at (5, 10)
Created Wall at (6, 10)
Created Wall at (10, 10)
Created Wall at (17, 10)
Created Wall at (0, 11)
Created Wall at (17, 11)
Created Wall at (0, 12)
Created Wall at (17, 12)
Created Wall at (0, 13)
Ball initialized at position: [ 192.0, 480.0, 0.0 ] with velocity: [ -2.0, 2.0, 0.0 ]
Created Ball at (6, 13) with color index: 2
Created Wall at (17, 13)
Created Wall at (0, 14)
Created Wall at (17, 14)
Created Wall at (0, 15)
Put Hole at center: [ 512.0, 576.0, 0.0 ] with colour 0
Created Hole at (15, 15) with color index: 0
Created Wall at (17, 15)
Created Wall at (0, 16)
Created Wall at (17, 16)
Created Wall at (0, 17)
Created Wall at (1, 17)
Created Wall at (2, 17)
Created Wall at (3, 17)
Created Wall at (4, 17)
Created Wall at (5, 17)
Created Wall at (6, 17)
Created ColouredWallTile at (7, 17) with colour index: 1
Created ColouredWallTile at (8, 17) with colour index: 1
Created ColouredWallTile at (9, 17) with colour index: 1
Created ColouredWallTile at (10, 17) with colour index: 1
Created Wall at (11, 17)
Created Wall at (12, 17)
Created Wall at (13, 17)
Created Wall at (14, 17)
Created Wall at (15, 17)
Created Wall at (16, 17)
Created Wall at (17, 17)
Level layout loaded from: level1.txt
Number of holes loaded: 4
Loaded wall from: src/main/resources/inkball/wall0.png
Loaded wall from: src/main/resources/inkball/wall1.png
Loaded wall from: src/main/resources/inkball/wall2.png
Loaded wall from: src/main/resources/inkball/wall3.png
Loaded wall from: src/main/resources/inkball/wall4.png
Config load finishes!
Created Wall at (0, 0)
Created Wall at (1, 0)
Created Wall at (2, 0)
Created Wall at (3, 0)
Created Wall at (4, 0)
Created Wall at (5, 0)
Created Wall at (6, 0)
Created ColouredWallTile at (7, 0) with colour index: 2
Created ColouredWallTile at (8, 0) with colour index: 2
Created ColouredWallTile at (9, 0) with colour index: 2
Created ColouredWallTile at (10, 0) with colour index: 2
Created Wall at (11, 0)
Created Wall at (12, 0)
Created Wall at (13, 0)
Created Wall at (14, 0)
Created Wall at (15, 0)
Created Wall at (16, 0)
Created Wall at (17, 0)
Created Wall at (0, 1)
Put Hole at center: [ 512.0, 128.0, 0.0 ] with colour 0
Created Hole at (15, 1) with color index: 0
Created Wall at (17, 1)
Created Wall at (0, 2)
Created Wall at (17, 2)
Created Wall at (0, 3)
Created Wall at (17, 3)
Created Wall at (0, 4)
Created Wall at (17, 4)
Created Wall at (0, 5)
Created Wall at (17, 5)
Created Wall at (0, 6)
Created Wall at (5, 6)
Created Wall at (6, 6)
Created Wall at (10, 6)
Put Hole at center: [ 384.0, 288.0, 0.0 ] with colour 1
Created Hole at (11, 6) with color index: 1
Created Wall at (17, 6)
Created Wall at (0, 7)
Created Wall at (6, 7)
Created Wall at (8, 7)
Created Wall at (9, 7)
Created Wall at (17, 7)
Created Wall at (0, 8)
Created EntryPoint/Spawner at (5, 8)
Created Wall at (6, 8)
Created Wall at (7, 8)
Created Wall at (17, 8)
Created Wall at (0, 9)
Created Wall at (6, 9)
Created Wall at (8, 9)
Created Wall at (9, 9)
Put Hole at center: [ 384.0, 384.0, 0.0 ] with colour 2
Created Hole at (11, 9) with color index: 2
Created Wall at (17, 9)
Created Wall at (0, 10)
Created Wall at (5, 10)
Created Wall at (6, 10)
Created Wall at (10, 10)
Created Wall at (17, 10)
Created Wall at (0, 11)
Created Wall at (17, 11)
Created Wall at (0, 12)
Created Wall at (17, 12)
Created Wall at (0, 13)
Ball initialized at position: [ 192.0, 480.0, 0.0 ] with velocity: [ 2.0, -2.0, 0.0 ]
Created Ball at (6, 13) with color index: 2
Created Wall at (17, 13)
Created Wall at (0, 14)
Created Wall at (17, 14)
Created Wall at (0, 15)
Put Hole at center: [ 512.0, 576.0, 0.0 ] with colour 0
Created Hole at (15, 15) with color index: 0
Created Wall at (17, 15)
Created Wall at (0, 16)
Created Wall at (17, 16)
Created Wall at (0, 17)
Created Wall at (1, 17)
Created Wall at (2, 17)
Created Wall at (3, 17)
Created Wall at (4, 17)
Created Wall at (5, 17)
Created Wall at (6, 17)
Created ColouredWallTile at (7, 17) with colour index: 1
Created ColouredWallTile at (8, 17) with colour index: 1
Created ColouredWallTile at (9, 17) with colour index: 1
Created ColouredWallTile at (10, 17) with colour index: 1
Created Wall at (11, 17)
Created Wall at (12, 17)
Created Wall at (13, 17)
Created Wall at (14, 17)
Created Wall at (15, 17)
Created Wall at (16, 17)
Created Wall at (17, 17)
Level layout loaded from: level1.txt
Number of holes loaded: 4
Created Wall at (0, 0)
Created Wall at (1, 0)
Created Wall at (2, 0)
Created Wall at (3, 0)
Created Wall at (4, 0)
Created Wall at (5, 0)
Created Wall at (6, 0)
Created ColouredWallTile at (7, 0) with colour index: 2
Created ColouredWallTile at (8, 0) with colour index: 2
Created ColouredWallTile at (9, 0) with colour index: 2
Created ColouredWallTile at (10, 0) with colour index: 2
Created Wall at (11, 0)
Created Wall at (12, 0)
Created Wall at (13, 0)
Created Wall at (14, 0)
Created Wall at (15, 0)
Created Wall at (16, 0)
Created Wall at (17, 0)
Created Wall at (0, 1)
Put Hole at center: [ 512.0, 128.0, 0.0 ] with colour 0
Created Hole at (15, 1) with color index: 0
Created Wall at (17, 1)
Created Wall at (0, 2)
Created Wall at (17, 2)
Created Wall at (0, 3)
Created Wall at (17, 3)
Created Wall at (0, 4)
Created Wall at (17, 4)
Created Wall at (0, 5)
Created Wall at (17, 5)
Created Wall at (0, 6)
Created Wall at (5, 6)
Created Wall at (6, 6)
Created Wall at (10, 6)
Put Hole at center: [ 384.0, 288.0, 0.0 ] with colour 1
Created Hole at (11, 6) with color index: 1
Created Wall at (17, 6)
Created Wall at (0, 7)
Created Wall at (6, 7)
Created Wall at (8, 7)
Created Wall at (9, 7)
Created Wall at (17, 7)
Created Wall at (0, 8)
Created EntryPoint/Spawner at (5, 8)
Created Wall at (6, 8)
Created Wall at (7, 8)
Created Wall at (17, 8)
Created Wall at (0, 9)
Created Wall at (6, 9)
Created Wall at (8, 9)
Created Wall at (9, 9)
Put Hole at center: [ 384.0, 384.0, 0.0 ] with colour 2
Created Hole at (11, 9) with color index: 2
Created Wall at (17, 9)
Created Wall at (0, 10)
Created Wall at (5, 10)
Created Wall at (6, 10)
Created Wall at (10, 10)
Created Wall at (17, 10)
Created Wall at (0, 11)
Created Wall at (17, 11)
Created Wall at (0, 12)
Created Wall at (17, 12)
Created Wall at (0, 13)
Ball initialized at position: [ 192.0, 480.0, 0.0 ] with velocity: [ 2.0, -2.0, 0.0 ]
Created Ball at (6, 13) with color index: 2
Created Wall at (17, 13)
Created Wall at (0, 14)
Created Wall at (17, 14)
Created Wall at (0, 15)
Put Hole at center: [ 512.0, 576.0, 0.0 ] with colour 0
Created Hole at (15, 15) with color index: 0
Created Wall at (17, 15)
Created Wall at (0, 16)
Created Wall at (17, 16)
Created Wall at (0, 17)
Created Wall at (1, 17)
Created Wall at (2, 17)
Created Wall at (3, 17)
Created Wall at (4, 17)
Created Wall at (5, 17)
Created Wall at (6, 17)
Created ColouredWallTile at (7, 17) with colour index: 1
Created ColouredWallTile at (8, 17) with colour index: 1
Created ColouredWallTile at (9, 17) with colour index: 1
Created ColouredWallTile at (10, 17) with colour index: 1
Created Wall at (11, 17)
Created Wall at (12, 17)
Created Wall at (13, 17)
Created Wall at (14, 17)
Created Wall at (15, 17)
Created Wall at (16, 17)
Created Wall at (17, 17)
Level layout loaded from: level1.txt
Number of holes loaded: 4
Loaded wall from: src/main/resources/inkball/wall0.png
Loaded wall from: src/main/resources/inkball/wall1.png
Loaded wall from: src/main/resources/inkball/wall2.png
Loaded wall from: src/main/resources/inkball/wall3.png
Loaded wall from: src/main/resources/inkball/wall4.png
Config load finishes!
Created Wall at (0, 0)
Created Wall at (1, 0)
Created Wall at (2, 0)
Created Wall at (3, 0)
Created Wall at (4, 0)
Created Wall at (5, 0)
Created Wall at (6, 0)
Created ColouredWallTile at (7, 0) with colour index: 2
Created ColouredWallTile at (8, 0) with colour index: 2
Created ColouredWallTile at (9, 0) with colour index: 2
Created ColouredWallTile at (10, 0) with colour index: 2
Created Wall at (11, 0)
Created Wall at (12, 0)
Created Wall at (13, 0)
Created Wall at (14, 0)
Created Wall at (15, 0)
Created Wall at (16, 0)
Created Wall at (17, 0)
Created Wall at (0, 1)
Put Hole at center: [ 512.0, 128.0, 0.0 ] with colour 0
Created Hole at (15, 1) with color index: 0
Created Wall at (17, 1)
Created Wall at (0, 2)
Created Wall at (17, 2)
Created Wall at (0, 3)
Created Wall at (17, 3)
Created Wall at (0, 4)
Created Wall at (17, 4)
Created Wall at (0, 5)
Created Wall at (17, 5)
Created Wall at (0, 6)
Created Wall at (5, 6)
Created Wall at (6, 6)
Created Wall at (10, 6)
Put Hole at center: [ 384.0, 288.0, 0.0 ] with colour 1
Created Hole at (11, 6) with color index: 1
Created Wall at (17, 6)
Created Wall at (0, 7)
Created Wall at (6, 7)
Created Wall at (8, 7)
Created Wall at (9, 7)
Created Wall at (17, 7)
Created Wall at (0, 8)
Created EntryPoint/Spawner at (5, 8)
Created Wall at (6, 8)
Created Wall at (7, 8)
Created Wall at (17, 8)
Created Wall at (0, 9)
Created Wall at (6, 9)
Created Wall at (8, 9)
Created Wall at (9, 9)
Put Hole at center: [ 384.0, 384.0, 0.0 ] with colour 2
Created Hole at (11, 9) with color index: 2
Created Wall at (17, 9)
Created Wall at (0, 10)
Created Wall at (5, 10)
Created Wall at (6, 10)
Created Wall at (10, 10)
Created Wall at (17, 10)
Created Wall at (0, 11)
Created Wall at (17, 11)
Created Wall at (0, 12)
Created Wall at (17, 12)
Created Wall at (0, 13)
Ball initialized at position: [ 192.0, 480.0, 0.0 ] with velocity: [ 2.0, 2.0, 0.0 ]
Created Ball at (6, 13) with color index: 2
Created Wall at (17, 13)
Created Wall at (0, 14)
Created Wall at (17, 14)
Created Wall at (0, 15)
Put Hole at center: [ 512.0, 576.0, 0.0 ] with colour 0
Created Hole at (15, 15) with color index: 0
Created Wall at (17, 15)
Created Wall at (0, 16)
Created Wall at (17, 16)
Created Wall at (0, 17)
Created Wall at (1, 17)
Created Wall at (2, 17)
Created Wall at (3, 17)
Created Wall at (4, 17)
Created Wall at (5, 17)
Created Wall at (6, 17)
Created ColouredWallTile at (7, 17) with colour index: 1
Created ColouredWallTile at (8, 17) with colour index: 1
Created ColouredWallTile at (9, 17) with colour index: 1
Created ColouredWallTile at (10, 17) with colour index: 1
Created Wall at (11, 17)
Created Wall at (12, 17)
Created Wall at (13, 17)
Created Wall at (14, 17)
Created Wall at (15, 17)
Created Wall at (16, 17)
Created Wall at (17, 17)
Level layout loaded from: level1.txt
Number of holes loaded: 4
Created Wall at (0, 0)
Created Wall at (1, 0)
Created Wall at (2, 0)
Created Wall at (3, 0)
Created Wall at (4, 0)
Created Wall at (5, 0)
Created Wall at (6, 0)
Created ColouredWallTile at (7, 0) with colour index: 2
Created ColouredWallTile at (8, 0) with colour index: 2
Created ColouredWallTile at (9, 0) with colour index: 2
Created ColouredWallTile at (10, 0) with colour index: 2
Created Wall at (11, 0)
Created Wall at (12, 0)
Created Wall at (13, 0)
Created Wall at (14, 0)
Created Wall at (15, 0)
Created Wall at (16, 0)
Created Wall at (17, 0)
Created Wall at (0, 1)
Put Hole at center: [ 512.0, 128.0, 0.0 ] with colour 0
Created Hole at (15, 1) with color index: 0
Created Wall at (17, 1)
Created Wall at (0, 2)
Created Wall at (17, 2)
Created Wall at (0, 3)
Created Wall at (17, 3)
Created Wall at (0, 4)
Created Wall at (17, 4)
Created Wall at (0, 5)
Created Wall at (17, 5)
Created Wall at (0, 6)
Created Wall at (5, 6)
Created Wall at (6, 6)
Created Wall at (10, 6)
Put Hole at center: [ 384.0, 288.0, 0.0 ] with colour 1
Created Hole at (11, 6) with color index: 1
Created Wall at (17, 6)
Created Wall at (0, 7)
Created Wall at (6, 7)
Created Wall at (8, 7)
Created Wall at (9, 7)
Created Wall at (17, 7)
Created Wall at (0, 8)
Created EntryPoint/Spawner at (5, 8)
Created Wall at (6, 8)
Created Wall at (7, 8)
Created Wall at (17, 8)
Created Wall at (0, 9)
Created Wall at (6, 9)
Created Wall at (8, 9)
Created Wall at (9, 9)
Put Hole at center: [ 384.0, 384.0, 0.0 ] with colour 2
Created Hole at (11, 9) with color index: 2
Created Wall at (17, 9)
Created Wall at (0, 10)
Created Wall at (5, 10)
Created Wall at (6, 10)
Created Wall at (10, 10)
Created Wall at (17, 10)
Created Wall at (0, 11)
Created Wall at (17, 11)
Created Wall at (0, 12)
Created Wall at (17, 12)
Created Wall at (0, 13)
Ball initialized at position: [ 192.0, 480.0, 0.0 ] with velocity: [ -2.0, -2.0, 0.0 ]
Created Ball at (6, 13) with color index: 2
Created Wall at (17, 13)
Created Wall at (0, 14)
Created Wall at (17, 14)
Created Wall at (0, 15)
Put Hole at center: [ 512.0, 576.0, 0.0 ] with colour 0
Created Hole at (15, 15) with color index: 0
Created Wall at (17, 15)
Created Wall at (0, 16)
Created Wall at (17, 16)
Created Wall at (0, 17)
Created Wall at (1, 17)
Created Wall at (2, 17)
Created Wall at (3, 17)
Created Wall at (4, 17)
Created Wall at (5, 17)
Created Wall at (6, 17)
Created ColouredWallTile at (7, 17) with colour index: 1
Created ColouredWallTile at (8, 17) with colour index: 1
Created ColouredWallTile at (9, 17) with colour index: 1
Created ColouredWallTile at (10, 17) with colour index: 1
Created Wall at (11, 17)
Created Wall at (12, 17)
Created Wall at (13, 17)
Created Wall at (14, 17)
Created Wall at (15, 17)
Created Wall at (16, 17)
Created Wall at (17, 17)
Level layout loaded from: level1.txt
Number of holes loaded: 4
Loaded wall from: src/main/resources/inkball/wall0.png
Loaded wall from: src/main/resources/inkball/wall1.png
Loaded wall from: src/main/resources/inkball/wall2.png
Loaded wall from: src/main/resources/inkball/wall3.png
Loaded wall from: src/main/resources/inkball/wall4.png
Config load finishes!
Created Wall at (0, 0)
Created Wall at (1, 0)
Created Wall at (2, 0)
Created Wall at (3, 0)
Created Wall at (4, 0)
Created Wall at (5, 0)
Created Wall at (6, 0)
Created ColouredWallTile at (7, 0) with colour index: 2
Created ColouredWallTile at (8, 0) with colour index: 2
Created ColouredWallTile at (9, 0) with colour index: 2
Created ColouredWallTile at (10, 0) with colour index: 2
Created Wall at (11, 0)
Created Wall at (12, 0)
Created Wall at (13, 0)
Created Wall at (14, 0)
Created Wall at (15, 0)
Created Wall at (16, 0)
Created Wall at (17, 0)
Created Wall at (0, 1)
Put Hole at center: [ 512.0, 128.0, 0.0 ] with colour 0
Created Hole at (15, 1) with color index: 0
Created Wall at (17, 1)
Created Wall at (0, 2)
Created Wall at (17, 2)
Created Wall at (0, 3)
Created Wall at (17, 3)
Created Wall at (0, 4)
Created Wall at (17, 4)
Created Wall at (0, 5)
Created Wall at (17, 5)
Created Wall at (0, 6)
Created Wall at (5, 6)
Created Wall at (6, 6)
Created Wall at (10, 6)
Put Hole at center: [ 384.0, 288.0, 0.0 ] with colour 1
Created Hole at (11, 6) with color index: 1
Created Wall at (17, 6)
Created Wall at (0, 7)
Created Wall at (6, 7)
Created Wall at (8, 7)
Created Wall at (9, 7)
Created Wall at (17, 7)
Created Wall at (0, 8)
Created EntryPoint/Spawner at (5, 8)
Created Wall at (6, 8)
Created Wall at (7, 8)
Created Wall at (17, 8)
Created Wall at (0, 9)
Created Wall at (6, 9)
Created Wall at (8, 9)
Created Wall at (9, 9)
Put Hole at center: [ 384.0, 384.0, 0.0 ] with colour 2
Created Hole at (11, 9) with color index: 2
Created Wall at (17, 9)
Created Wall at (0, 10)
Created Wall at (5, 10)
Created Wall at (6, 10)
Created Wall at (10, 10)
Created Wall at (17, 10)
Created Wall at (0, 11)
Created Wall at (17, 11)
Created Wall at (0, 12)
Created Wall at (17, 12)
Created Wall at (0, 13)
Ball initialized at position: [ 192.0, 480.0, 0.0 ] with velocity: [ -2.0, 2.0, 0.0 ]
Created Ball at (6, 13) with color index: 2
Created Wall at (17, 13)
Created Wall at (0, 14)
Created Wall at (17, 14)
Created Wall at (0, 15)
Put Hole at center: [ 512.0, 576.0, 0.0 ] with colour 0
Created Hole at (15, 15) with color index: 0
Created Wall at (17, 15)
Created Wall at (0, 16)
Created Wall at (17, 16)
Created Wall at (0, 17)
Created Wall at (1, 17)
Created Wall at (2, 17)
Created Wall at (3, 17)
Created Wall at (4, 17)
Created Wall at (5, 17)
Created Wall at (6, 17)
Created ColouredWallTile at (7, 17) with colour index: 1
Created ColouredWallTile at (8, 17) with colour index: 1
Created ColouredWallTile at (9, 17) with colour index: 1
Created ColouredWallTile at (10, 17) with colour index: 1
Created Wall at (11, 17)
Created Wall at (12, 17)
Created Wall at (13, 17)
Created Wall at (14, 17)
Created Wall at (15, 17)
Created Wall at (16, 17)
Created Wall at (17, 17)
Level layout loaded from: level1.txt
Number of holes loaded: 4
Created Wall at (0, 0)
Created Wall at (1, 0)
Created Wall at (2, 0)
Created Wall at (3, 0)
Created Wall at (4, 0)
Created Wall at (5, 0)
Created Wall at (6, 0)
Created ColouredWallTile at (7, 0) with colour index: 2
Created ColouredWallTile at (8, 0) with colour index: 2
Created ColouredWallTile at (9, 0) with colour index: 2
Created ColouredWallTile at (10, 0) with colour index: 2
Created Wall at (11, 0)
Created Wall at (12, 0)
Created Wall at (13, 0)
Created Wall at (14, 0)
Created Wall at (15, 0)
Created Wall at (16, 0)
Created Wall at (17, 0)
Created Wall at (0, 1)
Put Hole at center: [ 512.0, 128.0, 0.0 ] with colour 0
Created Hole at (15, 1) with color index: 0
Created Wall at (17, 1)
Created Wall at (0, 2)
Created Wall at (17, 2)
Created Wall at (0, 3)
Created Wall at (17, 3)
Created Wall at (0, 4)
Created Wall at (17, 4)
Created Wall at (0, 5)
Created Wall at (17, 5)
Created Wall at (0, 6)
Created Wall at (5, 6)
Created Wall at (6, 6)
Created Wall at (10, 6)
Put Hole at center: [ 384.0, 288.0, 0.0 ] with colour 1
Created Hole at (11, 6) with color index: 1
Created Wall at (17, 6)
Created Wall at (0, 7)
Created Wall at (6, 7)
Created Wall at (8, 7)
Created Wall at (9, 7)
Created Wall at (17, 7)
Created Wall at (0, 8)
Created EntryPoint/Spawner at (5, 8)
Created Wall at (6, 8)
Created Wall at (7, 8)
Created Wall at (17, 8)
Created Wall at (0, 9)
Created Wall at (6, 9)
Created Wall at (8, 9)
Created Wall at (9, 9)
Put Hole at center: [ 384.0, 384.0, 0.0 ] with colour 2
Created Hole at (11, 9) with color index: 2
Created Wall at (17, 9)
Created Wall at (0, 10)
Created Wall at (5, 10)
Created Wall at (6, 10)
Created Wall at (10, 10)
Created Wall at (17, 10)
Created Wall at (0, 11)
Created Wall at (17, 11)
Created Wall at (0, 12)
Created Wall at (17, 12)
Created Wall at (0, 13)
Ball initialized at position: [ 192.0, 480.0, 0.0 ] with velocity: [ -2.0, 2.0, 0.0 ]
Created Ball at (6, 13) with color index: 2
Created Wall at (17, 13)
Created Wall at (0, 14)
Created Wall at (17, 14)
Created Wall at (0, 15)
Put Hole at center: [ 512.0, 576.0, 0.0 ] with colour 0
Created Hole at (15, 15) with color index: 0
Created Wall at (17, 15)
Created Wall at (0, 16)
Created Wall at (17, 16)
Created Wall at (0, 17)
Created Wall at (1, 17)
Created Wall at (2, 17)
Created Wall at (3, 17)
Created Wall at (4, 17)
Created Wall at (5, 17)
Created Wall at (6, 17)
Created ColouredWallTile at (7, 17) with colour index: 1
Created ColouredWallTile at (8, 17) with colour index: 1
Created ColouredWallTile at (9, 17) with colour index: 1
Created ColouredWallTile at (10, 17) with colour index: 1
Created Wall at (11, 17)
Created Wall at (12, 17)
Created Wall at (13, 17)
Created Wall at (14, 17)
Created Wall at (15, 17)
Created Wall at (16, 17)
Created Wall at (17, 17)
Level layout loaded from: level1.txt
Number of holes loaded: 4
Loaded wall from: src/main/resources/inkball/wall0.png
Loaded wall from: src/main/resources/inkball/wall1.png
Loaded wall from: src/main/resources/inkball/wall2.png
Loaded wall from: src/main/resources/inkball/wall3.png
Loaded wall from: src/main/resources/inkball/wall4.png
Config load finishes!
Created Wall at (0, 0)
Created Wall at (1, 0)
Created Wall at (2, 0)
Created Wall at (3, 0)
Created Wall at (4, 0)
Created Wall at (5, 0)
Created Wall at (6, 0)
Created ColouredWallTile at (7, 0) with colour index: 2
Created ColouredWallTile at (8, 0) with colour index: 2
Created ColouredWallTile at (9, 0) with colour index: 2
Created ColouredWallTile at (10, 0) with colour index: 2
Created Wall at (11, 0)
Created Wall at (12, 0)
Created Wall at (13, 0)
Created Wall at (14, 0)
Created Wall at (15, 0)
Created Wall at (16, 0)
Created Wall at (17, 0)
Created Wall at (0, 1)
Put Hole at center: [ 512.0, 128.0, 0.0 ] with colour 0
Created Hole at (15, 1) with color index: 0
Created Wall at (17, 1)
Created Wall at (0, 2)
Created Wall at (17, 2)
Created Wall at (0, 3)
Created Wall at (17, 3)
Created Wall at (0, 4)
Created Wall at (17, 4)
Created Wall at (0, 5)
Created Wall at (17, 5)
Created Wall at (0, 6)
Created Wall at (5, 6)
Created Wall at (6, 6)
Created Wall at (10, 6)
Put Hole at center: [ 384.0, 288.0, 0.0 ] with colour 1
Created Hole at (11, 6) with color index: 1
Created Wall at (17, 6)
Created Wall at (0, 7)
Created Wall at (6, 7)
Created Wall at (8, 7)
Created Wall at (9, 7)
Created Wall at (17, 7)
Created Wall at (0, 8)
Created EntryPoint/Spawner at (5, 8)
Created Wall at (6, 8)
Created Wall at (7, 8)
Created Wall at (17, 8)
Created Wall at (0, 9)
Created Wall at (6, 9)
Created Wall at (8, 9)
Created Wall at (9, 9)
Put Hole at center: [ 384.0, 384.0, 0.0 ] with colour 2
Created Hole at (11, 9) with color index: 2
Created Wall at (17, 9)
Created Wall at (0, 10)
Created Wall at (5, 10)
Created Wall at (6, 10)
Created Wall at (10, 10)
Created Wall at (17, 10)
Created Wall at (0, 11)
Created Wall at (17, 11)
Created Wall at (0, 12)
Created Wall at (17, 12)
Created Wall at (0, 13)
Ball initialized at position: [ 192.0, 480.0, 0.0 ] with velocity: [ 2.0, 2.0, 0.0 ]
Created Ball at (6, 13) with color index: 2
Created Wall at (17, 13)
Created Wall at (0, 14)
Created Wall at (17, 14)
Created Wall at (0, 15)
Put Hole at center: [ 512.0, 576.0, 0.0 ] with colour 0
Created Hole at (15, 15) with color index: 0
Created Wall at (17, 15)
Created Wall at (0, 16)
Created Wall at (17, 16)
Created Wall at (0, 17)
Created Wall at (1, 17)
Created Wall at (2, 17)
Created Wall at (3, 17)
Created Wall at (4, 17)
Created Wall at (5, 17)
Created Wall at (6, 17)
Created ColouredWallTile at (7, 17) with colour index: 1
Created ColouredWallTile at (8, 17) with colour index: 1
Created ColouredWallTile at (9, 17) with colour index: 1
Created ColouredWallTile at (10, 17) with colour index: 1
Created Wall at (11, 17)
Created Wall at (12, 17)
Created Wall at (13, 17)
Created Wall at (14, 17)
Created Wall at (15, 17)
Created Wall at (16, 17)
Created Wall at (17, 17)
Level layout loaded from: level1.txt
Number of holes loaded: 4
Created Wall at (0, 0)
Created Wall at (1, 0)
Created Wall at (2, 0)
Created Wall at (3, 0)
Created Wall at (4, 0)
Created Wall at (5, 0)
Created Wall at (6, 0)
Created ColouredWallTile at (7, 0) with colour index: 2
Created ColouredWallTile at (8, 0) with colour index: 2
Created ColouredWallTile at (9, 0) with colour index: 2
Created ColouredWallTile at (10, 0) with colour index: 2
Created Wall at (11, 0)
Created Wall at (12, 0)
Created Wall at (13, 0)
Created Wall at (14, 0)
Created Wall at (15, 0)
Created Wall at (16, 0)
Created Wall at (17, 0)
Created Wall at (0, 1)
Put Hole at center: [ 512.0, 128.0, 0.0 ] with colour 0
Created Hole at (15, 1) with color index: 0
Created Wall at (17, 1)
Created Wall at (0, 2)
Created Wall at (17, 2)
Created Wall at (0, 3)
Created Wall at (17, 3)
Created Wall at (0, 4)
Created Wall at (17, 4)
Created Wall at (0, 5)
Created Wall at (17, 5)
Created Wall at (0, 6)
Created Wall at (5, 6)
Created Wall at (6, 6)
Created Wall at (10, 6)
Put Hole at center: [ 384.0, 288.0, 0.0 ] with colour 1
Created Hole at (11, 6) with color index: 1
Created Wall at (17, 6)
Created Wall at (0, 7)
Created Wall at (6, 7)
Created Wall at (8, 7)
Created Wall at (9, 7)
Created Wall at (17, 7)
Created Wall at (0, 8)
Created EntryPoint/Spawner at (5, 8)
Created Wall at (6, 8)
Created Wall at (7, 8)
Created Wall at (17, 8)
Created Wall at (0, 9)
Created Wall at (6, 9)
Created Wall at (8, 9)
Created Wall at (9, 9)
Put Hole at center: [ 384.0, 384.0, 0.0 ] with colour 2
Created Hole at (11, 9) with color index: 2
Created Wall at (17, 9)
Created Wall at (0, 10)
Created Wall at (5, 10)
Created Wall at (6, 10)
Created Wall at (10, 10)
Created Wall at (17, 10)
Created Wall at (0, 11)
Created Wall at (17, 11)
Created Wall at (0, 12)
Created Wall at (17, 12)
Created Wall at (0, 13)
Ball initialized at position: [ 192.0, 480.0, 0.0 ] with velocity: [ 2.0, -2.0, 0.0 ]
Created Ball at (6, 13) with color index: 2
Created Wall at (17, 13)
Created Wall at (0, 14)
Created Wall at (17, 14)
Created Wall at (0, 15)
Put Hole at center: [ 512.0, 576.0, 0.0 ] with colour 0
Created Hole at (15, 15) with color index: 0
Created Wall at (17, 15)
Created Wall at (0, 16)
Created Wall at (17, 16)
Created Wall at (0, 17)
Created Wall at (1, 17)
Created Wall at (2, 17)
Created Wall at (3, 17)
Created Wall at (4, 17)
Created Wall at (5, 17)
Created Wall at (6, 17)
Created ColouredWallTile at (7, 17) with colour index: 1
Created ColouredWallTile at (8, 17) with colour index: 1
Created ColouredWallTile at (9, 17) with colour index: 1
Created ColouredWallTile at (10, 17) with colour index: 1
Created Wall at (11, 17)
Created Wall at (12, 17)
Created Wall at (13, 17)
Created Wall at (14, 17)
Created Wall at (15, 17)
Created Wall at (16, 17)
Created Wall at (17, 17)
Level layout loaded from: level1.txt
Number of holes loaded: 4
Created Wall at (0, 0)
Created Wall at (1, 0)
Created Wall at (2, 0)
Created Wall at (3, 0)
Created Wall at (4, 0)
Created Wall at (5, 0)
Created Wall at (6, 0)
Created ColouredWallTile at (7, 0) with colour index: 2
Created ColouredWallTile at (8, 0) with colour index: 2
Created ColouredWallTile at (9, 0) with colour index: 2
Created ColouredWallTile at (10, 0) with colour index: 2
Created Wall at (11, 0)
Created Wall at (12, 0)
Created Wall at (13, 0)
Created Wall at (14, 0)
Created Wall at (15, 0)
Created Wall at (16, 0)
Created Wall at (17, 0)
Created Wall at (0, 1)
Put Hole at center: [ 512.0, 128.0, 0.0 ] with colour 0
Created Hole at (15, 1) with color index: 0
Created Wall at (17, 1)
Created Wall at (0, 2)
Created Wall at (17, 2)
Created Wall at (0, 3)
Created Wall at (17, 3)
Created Wall at (0, 4)
Created Wall at (17, 4)
Created Wall at (0, 5)
Created Wall at (17, 5)
Created Wall at (0, 6)
Created Wall at (5, 6)
Created Wall at (6, 6)
Created Wall at (10, 6)
Put Hole at center: [ 384.0, 288.0, 0.0 ] with colour 1
Created Hole at (11, 6) with color index: 1
Created Wall at (17, 6)
Created Wall at (0, 7)
Created Wall at (6, 7)
Created Wall at (8, 7)
Created Wall at (9, 7)
Created Wall at (17, 7)
Created Wall at (0, 8)
Created EntryPoint/Spawner at (5, 8)
Created Wall at (6, 8)
Created Wall at (7, 8)
Created Wall at (17, 8)
Created Wall at (0, 9)
Created Wall at (6, 9)
Created Wall at (8, 9)
Created Wall at (9, 9)
Put Hole at center: [ 384.0, 384.0, 0.0 ] with colour 2
Created Hole at (11, 9) with color index: 2
Created Wall at (17, 9)
Created Wall at (0, 10)
Created Wall at (5, 10)
Created Wall at (6, 10)
Created Wall at (10, 10)
Created Wall at (17, 10)
Created Wall at (0, 11)
Created Wall at (17, 11)
Created Wall at (0, 12)
Created Wall at (17, 12)
Created Wall at (0, 13)
Ball initialized at position: [ 192.0, 480.0, 0.0 ] with velocity: [ -2.0, -2.0, 0.0 ]
Created Ball at (6, 13) with color index: 2
Created Wall at (17, 13)
Created Wall at (0, 14)
Created Wall at (17, 14)
Created Wall at (0, 15)
Put Hole at center: [ 512.0, 576.0, 0.0 ] with colour 0
Created Hole at (15, 15) with color index: 0
Created Wall at (17, 15)
Created Wall at (0, 16)
Created Wall at (17, 16)
Created Wall at (0, 17)
Created Wall at (1, 17)
Created Wall at (2, 17)
Created Wall at (3, 17)
Created Wall at (4, 17)
Created Wall at (5, 17)
Created Wall at (6, 17)
Created ColouredWallTile at (7, 17) with colour index: 1
Created ColouredWallTile at (8, 17) with colour index: 1
Created ColouredWallTile at (9, 17) with colour index: 1
Created ColouredWallTile at (10, 17) with colour index: 1
Created Wall at (11, 17)
Created Wall at (12, 17)
Created Wall at (13, 17)
Created Wall at (14, 17)
Created Wall at (15, 17)
Created Wall at (16, 17)
Created Wall at (17, 17)
Level layout loaded from: level1.txt
Number of holes loaded: 4
]]></system-out>
  <system-err><![CDATA[Warning: the fonts "Times" and "Lucida Bright" are not available for the Java logical font "Serif", which may have unexpected appearance or behavior. Re-enable the "Times" font to remove this warning.
Warning: the fonts "Times" and "Lucida Bright" are not available for the Java logical font "Serif", which may have unexpected appearance or behavior. Re-enable the "Times" font to remove this warning.
Warning: the fonts "Times" and "Lucida Bright" are not available for the Java logical font "Serif", which may have unexpected appearance or behavior. Re-enable the "Times" font to remove this warning.
Warning: the fonts "Times" and "Lucida Bright" are not available for the Java logical font "Serif", which may have unexpected appearance or behavior. Re-enable the "Times" font to remove this warning.
Warning: Overlapping hole at (16, 1)
Warning: Overlapping hole at (15, 2)
Warning: Overlapping hole at (16, 2)
Warning: Overlapping hole at (12, 6)
Warning: Overlapping hole at (11, 7)
Warning: Overlapping hole at (12, 7)
Warning: Overlapping hole at (11, 9)
Warning: Overlapping hole at (12, 9)
Warning: Overlapping hole at (11, 10)
Warning: Overlapping hole at (12, 10)
Warning: Overlapping hole at (15, 15)
Warning: Overlapping hole at (16, 15)
Warning: Overlapping hole at (15, 16)
Warning: Overlapping hole at (16, 16)
]]></system-err>
</testsuite>
