<?xml version="1.0" encoding="UTF-8"?>
<testsuite name="inkball.HoleTest" tests="4" skipped="0" failures="0" errors="0" timestamp="2024-10-25T11:29:02" hostname="192-168-1-102.tpgi.com.au" time="0.002">
  <properties/>
  <testcase name="testGetPosition()" classname="inkball.HoleTest" time="0.0"/>
  <testcase name="testGetCenter()" classname="inkball.HoleTest" time="0.001"/>
  <testcase name="testGetColour()" classname="inkball.HoleTest" time="0.0"/>
  <testcase name="testGetDimensions()" classname="inkball.HoleTest" time="0.001"/>
  <system-out><![CDATA[]]></system-out>
  <system-err><![CDATA[]]></system-err>
</testsuite>
