<?xml version="1.0" encoding="UTF-8"?>
<testsuite name="inkball.LineTouchedTest" tests="3" skipped="0" failures="0" errors="0" timestamp="2024-10-25T11:29:03" hostname="192-168-1-102.tpgi.com.au" time="0.001">
  <properties/>
  <testcase name="testGetP1()" classname="inkball.LineTouchedTest" time="0.0"/>
  <testcase name="testGetP2()" classname="inkball.LineTouchedTest" time="0.001"/>
  <testcase name="testLineTouchedConstructor()" classname="inkball.LineTouchedTest" time="0.0"/>
  <system-out><![CDATA[]]></system-out>
  <system-err><![CDATA[]]></system-err>
</testsuite>
