<?xml version="1.0" encoding="UTF-8"?>
<testsuite name="inkball.HoleTileTest" tests="4" skipped="0" failures="0" errors="0" timestamp="2024-10-25T11:29:02" hostname="192-168-1-102.tpgi.com.au" time="0.344">
  <properties/>
  <testcase name="testDrawWithDefault()" classname="inkball.HoleTileTest" time="0.06"/>
  <testcase name="testDrawWithoutDefault()" classname="inkball.HoleTileTest" time="0.095"/>
  <testcase name="testIsDefult()" classname="inkball.HoleTileTest" time="0.094"/>
  <testcase name="testGetColour()" classname="inkball.HoleTileTest" time="0.093"/>
  <system-out><![CDATA[Loaded wall from: src/main/resources/inkball/wall0.png
Loaded wall from: src/main/resources/inkball/wall0.png
Loaded wall from: src/main/resources/inkball/wall1.png
Loaded wall from: src/main/resources/inkball/wall1.png
Loaded wall from: src/main/resources/inkball/wall2.png
Loaded wall from: src/main/resources/inkball/wall2.png
Loaded wall from: src/main/resources/inkball/wall3.png
Loaded wall from: src/main/resources/inkball/wall3.png
Loaded wall from: src/main/resources/inkball/wall4.png
Loaded wall from: src/main/resources/inkball/wall4.png
Config load finishes!
Config load finishes!
Created Wall at (0, 0)
Created Wall at (0, 0)
Created Wall at (1, 0)
Created Wall at (1, 0)
Created Wall at (2, 0)
Created Wall at (2, 0)
Created Wall at (3, 0)
Created Wall at (3, 0)
Created Wall at (4, 0)
Created Wall at (4, 0)
Created Wall at (5, 0)
Created Wall at (5, 0)
Created Wall at (6, 0)
Created Wall at (6, 0)
Created ColouredWallTile at (7, 0) with colour index: 2
Created ColouredWallTile at (7, 0) with colour index: 2
Created ColouredWallTile at (8, 0) with colour index: 2
Created ColouredWallTile at (8, 0) with colour index: 2
Created ColouredWallTile at (9, 0) with colour index: 2
Created ColouredWallTile at (9, 0) with colour index: 2
Created ColouredWallTile at (10, 0) with colour index: 2
Created ColouredWallTile at (10, 0) with colour index: 2
Created Wall at (11, 0)
Created Wall at (11, 0)
Created Wall at (12, 0)
Created Wall at (12, 0)
Created Wall at (13, 0)
Created Wall at (13, 0)
Created Wall at (14, 0)
Created Wall at (14, 0)
Created Wall at (15, 0)
Created Wall at (15, 0)
Created Wall at (16, 0)
Created Wall at (16, 0)
Created Wall at (17, 0)
Created Wall at (17, 0)
Created Wall at (0, 1)
Created Wall at (0, 1)
Put Hole at center: [ 512.0, 128.0, 0.0 ] with colour 0
Created Hole at (15, 1) with color index: 0
Put Hole at center: [ 512.0, 128.0, 0.0 ] with colour 0
Created Hole at (15, 1) with color index: 0
Created Wall at (17, 1)
Created Wall at (17, 1)
Created Wall at (0, 2)
Created Wall at (0, 2)
Created Wall at (17, 2)
Created Wall at (17, 2)
Created Wall at (0, 3)
Created Wall at (0, 3)
Created Wall at (17, 3)
Created Wall at (17, 3)
Created Wall at (0, 4)
Created Wall at (0, 4)
Created Wall at (17, 4)
Created Wall at (17, 4)
Created Wall at (0, 5)
Created Wall at (0, 5)
Created Wall at (17, 5)
Created Wall at (17, 5)
Created Wall at (0, 6)
Created Wall at (0, 6)
Created Wall at (5, 6)
Created Wall at (5, 6)
Created Wall at (6, 6)
Created Wall at (6, 6)
Created Wall at (10, 6)
Created Wall at (10, 6)
Put Hole at center: [ 384.0, 288.0, 0.0 ] with colour 1
Created Hole at (11, 6) with color index: 1
Put Hole at center: [ 384.0, 288.0, 0.0 ] with colour 1
Created Hole at (11, 6) with color index: 1
Created Wall at (17, 6)
Created Wall at (17, 6)
Created Wall at (0, 7)
Created Wall at (0, 7)
Created Wall at (6, 7)
Created Wall at (6, 7)
Created Wall at (8, 7)
Created Wall at (8, 7)
Created Wall at (9, 7)
Created Wall at (9, 7)
Created Wall at (17, 7)
Created Wall at (17, 7)
Created Wall at (0, 8)
Created Wall at (0, 8)
Created EntryPoint/Spawner at (5, 8)
Created EntryPoint/Spawner at (5, 8)
Created Wall at (6, 8)
Created Wall at (6, 8)
Created Wall at (7, 8)
Created Wall at (7, 8)
Created Wall at (17, 8)
Created Wall at (17, 8)
Created Wall at (0, 9)
Created Wall at (0, 9)
Created Wall at (6, 9)
Created Wall at (6, 9)
Created Wall at (8, 9)
Created Wall at (8, 9)
Created Wall at (9, 9)
Created Wall at (9, 9)
Put Hole at center: [ 384.0, 384.0, 0.0 ] with colour 2
Created Hole at (11, 9) with color index: 2
Put Hole at center: [ 384.0, 384.0, 0.0 ] with colour 2
Created Hole at (11, 9) with color index: 2
Created Wall at (17, 9)
Created Wall at (17, 9)
Created Wall at (0, 10)
Created Wall at (0, 10)
Created Wall at (5, 10)
Created Wall at (5, 10)
Created Wall at (6, 10)
Created Wall at (6, 10)
Created Wall at (10, 10)
Created Wall at (10, 10)
Created Wall at (17, 10)
Created Wall at (17, 10)
Created Wall at (0, 11)
Created Wall at (0, 11)
Created Wall at (17, 11)
Created Wall at (17, 11)
Created Wall at (0, 12)
Created Wall at (0, 12)
Created Wall at (17, 12)
Created Wall at (17, 12)
Created Wall at (0, 13)
Created Wall at (0, 13)
Ball initialized at position: [ 192.0, 480.0, 0.0 ] with velocity: [ 2.0, 2.0, 0.0 ]
Created Ball at (6, 13) with color index: 2
Ball initialized at position: [ 192.0, 480.0, 0.0 ] with velocity: [ 2.0, -2.0, 0.0 ]
Created Ball at (6, 13) with color index: 2
Created Wall at (17, 13)
Created Wall at (17, 13)
Created Wall at (0, 14)
Created Wall at (0, 14)
Created Wall at (17, 14)
Created Wall at (17, 14)
Created Wall at (0, 15)
Created Wall at (0, 15)
Put Hole at center: [ 512.0, 576.0, 0.0 ] with colour 0
Created Hole at (15, 15) with color index: 0
Put Hole at center: [ 512.0, 576.0, 0.0 ] with colour 0
Created Hole at (15, 15) with color index: 0
Created Wall at (17, 15)
Created Wall at (0, 16)
Created Wall at (17, 15)
Created Wall at (17, 16)
Created Wall at (0, 16)
Created Wall at (17, 16)
Created Wall at (0, 17)
Created Wall at (1, 17)
Created Wall at (0, 17)
Created Wall at (1, 17)
Created Wall at (2, 17)
Created Wall at (2, 17)
Created Wall at (3, 17)
Created Wall at (4, 17)
Created Wall at (3, 17)
Created Wall at (4, 17)
Created Wall at (5, 17)
Created Wall at (6, 17)
Created Wall at (5, 17)
Created Wall at (6, 17)
Created ColouredWallTile at (7, 17) with colour index: 1
Created ColouredWallTile at (7, 17) with colour index: 1
Created ColouredWallTile at (8, 17) with colour index: 1
Created ColouredWallTile at (8, 17) with colour index: 1
Created ColouredWallTile at (9, 17) with colour index: 1
Created ColouredWallTile at (9, 17) with colour index: 1
Created ColouredWallTile at (10, 17) with colour index: 1
Created Wall at (11, 17)
Created ColouredWallTile at (10, 17) with colour index: 1
Created Wall at (12, 17)
Created Wall at (11, 17)
Created Wall at (13, 17)
Created Wall at (12, 17)
Created Wall at (14, 17)
Created Wall at (15, 17)
Created Wall at (13, 17)
Created Wall at (14, 17)
Created Wall at (16, 17)
Created Wall at (15, 17)
Created Wall at (17, 17)
Level layout loaded from: level1.txt
Number of holes loaded: 8
Created Wall at (16, 17)
Created Wall at (17, 17)
Level layout loaded from: level1.txt
Number of holes loaded: 8
Loaded wall from: src/main/resources/inkball/wall0.png
Loaded wall from: src/main/resources/inkball/wall0.png
Loaded wall from: src/main/resources/inkball/wall1.png
Loaded wall from: src/main/resources/inkball/wall1.png
Loaded wall from: src/main/resources/inkball/wall2.png
Loaded wall from: src/main/resources/inkball/wall2.png
Loaded wall from: src/main/resources/inkball/wall3.png
Loaded wall from: src/main/resources/inkball/wall3.png
Loaded wall from: src/main/resources/inkball/wall4.png
Loaded wall from: src/main/resources/inkball/wall4.png
Config load finishes!
Config load finishes!
Created Wall at (0, 0)
Created Wall at (0, 0)
Created Wall at (1, 0)
Created Wall at (1, 0)
Created Wall at (2, 0)
Created Wall at (2, 0)
Created Wall at (3, 0)
Created Wall at (3, 0)
Created Wall at (4, 0)
Created Wall at (4, 0)
Created Wall at (5, 0)
Created Wall at (5, 0)
Created Wall at (6, 0)
Created Wall at (6, 0)
Created ColouredWallTile at (7, 0) with colour index: 2
Created ColouredWallTile at (7, 0) with colour index: 2
Created ColouredWallTile at (8, 0) with colour index: 2
Created ColouredWallTile at (8, 0) with colour index: 2
Created ColouredWallTile at (9, 0) with colour index: 2
Created ColouredWallTile at (9, 0) with colour index: 2
Created ColouredWallTile at (10, 0) with colour index: 2
Created ColouredWallTile at (10, 0) with colour index: 2
Created Wall at (11, 0)
Created Wall at (11, 0)
Created Wall at (12, 0)
Created Wall at (13, 0)
Created Wall at (12, 0)
Created Wall at (13, 0)
Created Wall at (14, 0)
Created Wall at (14, 0)
Created Wall at (15, 0)
Created Wall at (15, 0)
Created Wall at (16, 0)
Created Wall at (16, 0)
Created Wall at (17, 0)
Created Wall at (17, 0)
Created Wall at (0, 1)
Created Wall at (0, 1)
Put Hole at center: [ 512.0, 128.0, 0.0 ] with colour 0
Created Hole at (15, 1) with color index: 0
Put Hole at center: [ 512.0, 128.0, 0.0 ] with colour 0
Created Hole at (15, 1) with color index: 0
Created Wall at (17, 1)
Created Wall at (17, 1)
Created Wall at (0, 2)
Created Wall at (0, 2)
Created Wall at (17, 2)
Created Wall at (17, 2)
Created Wall at (0, 3)
Created Wall at (0, 3)
Created Wall at (17, 3)
Created Wall at (17, 3)
Created Wall at (0, 4)
Created Wall at (0, 4)
Created Wall at (17, 4)
Created Wall at (17, 4)
Created Wall at (0, 5)
Created Wall at (0, 5)
Created Wall at (17, 5)
Created Wall at (17, 5)
Created Wall at (0, 6)
Created Wall at (0, 6)
Created Wall at (5, 6)
Created Wall at (5, 6)
Created Wall at (6, 6)
Created Wall at (6, 6)
Created Wall at (10, 6)
Created Wall at (10, 6)
Put Hole at center: [ 384.0, 288.0, 0.0 ] with colour 1
Created Hole at (11, 6) with color index: 1
Put Hole at center: [ 384.0, 288.0, 0.0 ] with colour 1
Created Hole at (11, 6) with color index: 1
Created Wall at (17, 6)
Created Wall at (17, 6)
Created Wall at (0, 7)
Created Wall at (0, 7)
Created Wall at (6, 7)
Created Wall at (8, 7)
Created Wall at (6, 7)
Created Wall at (9, 7)
Created Wall at (8, 7)
Created Wall at (9, 7)
Created Wall at (17, 7)
Created Wall at (0, 8)
Created Wall at (17, 7)
Created Wall at (0, 8)
Created EntryPoint/Spawner at (5, 8)
Created EntryPoint/Spawner at (5, 8)
Created Wall at (6, 8)
Created Wall at (7, 8)
Created Wall at (6, 8)
Created Wall at (17, 8)
Created Wall at (7, 8)
Created Wall at (0, 9)
Created Wall at (17, 8)
Created Wall at (0, 9)
Created Wall at (6, 9)
Created Wall at (6, 9)
Created Wall at (8, 9)
Created Wall at (9, 9)
Created Wall at (8, 9)
Created Wall at (9, 9)
Put Hole at center: [ 384.0, 384.0, 0.0 ] with colour 2
Created Hole at (11, 9) with color index: 2
Created Wall at (17, 9)
Put Hole at center: [ 384.0, 384.0, 0.0 ] with colour 2
Created Hole at (11, 9) with color index: 2
Created Wall at (0, 10)
Created Wall at (17, 9)
Created Wall at (5, 10)
Created Wall at (6, 10)
Created Wall at (0, 10)
Created Wall at (5, 10)
Created Wall at (10, 10)
Created Wall at (6, 10)
Created Wall at (17, 10)
Created Wall at (10, 10)
Created Wall at (0, 11)
Created Wall at (17, 10)
Created Wall at (0, 11)
Created Wall at (17, 11)
Created Wall at (0, 12)
Created Wall at (17, 11)
Created Wall at (17, 12)
Created Wall at (0, 12)
Created Wall at (17, 12)
Created Wall at (0, 13)
Ball initialized at position: [ 192.0, 480.0, 0.0 ] with velocity: [ -2.0, -2.0, 0.0 ]
Created Ball at (6, 13) with color index: 2
Created Wall at (0, 13)
Created Wall at (17, 13)
Ball initialized at position: [ 192.0, 480.0, 0.0 ] with velocity: [ -2.0, -2.0, 0.0 ]
Created Ball at (6, 13) with color index: 2
Created Wall at (0, 14)
Created Wall at (17, 13)
Created Wall at (0, 14)
Created Wall at (17, 14)
Created Wall at (0, 15)
Created Wall at (17, 14)
Created Wall at (0, 15)
Put Hole at center: [ 512.0, 576.0, 0.0 ] with colour 0
Created Hole at (15, 15) with color index: 0
Created Wall at (17, 15)
Put Hole at center: [ 512.0, 576.0, 0.0 ] with colour 0
Created Hole at (15, 15) with color index: 0
Created Wall at (0, 16)
Created Wall at (17, 15)
Created Wall at (17, 16)
Created Wall at (0, 17)
Created Wall at (0, 16)
Created Wall at (1, 17)
Created Wall at (17, 16)
Created Wall at (0, 17)
Created Wall at (2, 17)
Created Wall at (1, 17)
Created Wall at (3, 17)
Created Wall at (2, 17)
Created Wall at (4, 17)
Created Wall at (3, 17)
Created Wall at (5, 17)
Created Wall at (6, 17)
Created Wall at (4, 17)
Created Wall at (5, 17)
Created ColouredWallTile at (7, 17) with colour index: 1
Created Wall at (6, 17)
Created ColouredWallTile at (8, 17) with colour index: 1
Created ColouredWallTile at (7, 17) with colour index: 1
Created ColouredWallTile at (9, 17) with colour index: 1
Created ColouredWallTile at (8, 17) with colour index: 1
Created ColouredWallTile at (10, 17) with colour index: 1
Created ColouredWallTile at (9, 17) with colour index: 1
Created Wall at (11, 17)
Created Wall at (12, 17)
Created ColouredWallTile at (10, 17) with colour index: 1
Created Wall at (13, 17)
Created Wall at (11, 17)
Created Wall at (14, 17)
Created Wall at (12, 17)
Created Wall at (15, 17)
Created Wall at (13, 17)
Created Wall at (16, 17)
Created Wall at (14, 17)
Created Wall at (17, 17)
Level layout loaded from: level1.txt
Number of holes loaded: 8
Created Wall at (15, 17)
Created Wall at (16, 17)
Created Wall at (17, 17)
Level layout loaded from: level1.txt
Number of holes loaded: 8
Loaded wall from: src/main/resources/inkball/wall0.png
Loaded wall from: src/main/resources/inkball/wall0.png
Loaded wall from: src/main/resources/inkball/wall1.png
Loaded wall from: src/main/resources/inkball/wall1.png
Loaded wall from: src/main/resources/inkball/wall2.png
Loaded wall from: src/main/resources/inkball/wall2.png
Loaded wall from: src/main/resources/inkball/wall3.png
Loaded wall from: src/main/resources/inkball/wall3.png
Loaded wall from: src/main/resources/inkball/wall4.png
Loaded wall from: src/main/resources/inkball/wall4.png
Config load finishes!
Config load finishes!
Created Wall at (0, 0)
Created Wall at (1, 0)
Created Wall at (0, 0)
Created Wall at (2, 0)
Created Wall at (1, 0)
Created Wall at (2, 0)
Created Wall at (3, 0)
Created Wall at (4, 0)
Created Wall at (3, 0)
Created Wall at (5, 0)
Created Wall at (4, 0)
Created Wall at (6, 0)
Created Wall at (5, 0)
Created Wall at (6, 0)
Created ColouredWallTile at (7, 0) with colour index: 2
Created ColouredWallTile at (7, 0) with colour index: 2
Created ColouredWallTile at (8, 0) with colour index: 2
Created ColouredWallTile at (8, 0) with colour index: 2
Created ColouredWallTile at (9, 0) with colour index: 2
Created ColouredWallTile at (9, 0) with colour index: 2
Created ColouredWallTile at (10, 0) with colour index: 2
Created Wall at (11, 0)
Created ColouredWallTile at (10, 0) with colour index: 2
Created Wall at (12, 0)
Created Wall at (11, 0)
Created Wall at (13, 0)
Created Wall at (12, 0)
Created Wall at (14, 0)
Created Wall at (13, 0)
Created Wall at (15, 0)
Created Wall at (14, 0)
Created Wall at (16, 0)
Created Wall at (15, 0)
Created Wall at (17, 0)
Created Wall at (16, 0)
Created Wall at (17, 0)
Created Wall at (0, 1)
Created Wall at (0, 1)
Put Hole at center: [ 512.0, 128.0, 0.0 ] with colour 0
Created Hole at (15, 1) with color index: 0
Put Hole at center: [ 512.0, 128.0, 0.0 ] with colour 0
Created Hole at (15, 1) with color index: 0
Created Wall at (17, 1)
Created Wall at (17, 1)
Created Wall at (0, 2)
Created Wall at (0, 2)
Created Wall at (17, 2)
Created Wall at (17, 2)
Created Wall at (0, 3)
Created Wall at (0, 3)
Created Wall at (17, 3)
Created Wall at (17, 3)
Created Wall at (0, 4)
Created Wall at (0, 4)
Created Wall at (17, 4)
Created Wall at (17, 4)
Created Wall at (0, 5)
Created Wall at (0, 5)
Created Wall at (17, 5)
Created Wall at (17, 5)
Created Wall at (0, 6)
Created Wall at (0, 6)
Created Wall at (5, 6)
Created Wall at (5, 6)
Created Wall at (6, 6)
Created Wall at (6, 6)
Created Wall at (10, 6)
Created Wall at (10, 6)
Put Hole at center: [ 384.0, 288.0, 0.0 ] with colour 1
Created Hole at (11, 6) with color index: 1
Put Hole at center: [ 384.0, 288.0, 0.0 ] with colour 1
Created Hole at (11, 6) with color index: 1
Created Wall at (17, 6)
Created Wall at (0, 7)
Created Wall at (17, 6)
Created Wall at (6, 7)
Created Wall at (0, 7)
Created Wall at (8, 7)
Created Wall at (6, 7)
Created Wall at (9, 7)
Created Wall at (17, 7)
Created Wall at (8, 7)
Created Wall at (0, 8)
Created Wall at (9, 7)
Created EntryPoint/Spawner at (5, 8)
Created Wall at (17, 7)
Created Wall at (0, 8)
Created Wall at (6, 8)
Created EntryPoint/Spawner at (5, 8)
Created Wall at (7, 8)
Created Wall at (6, 8)
Created Wall at (17, 8)
Created Wall at (7, 8)
Created Wall at (0, 9)
Created Wall at (17, 8)
Created Wall at (6, 9)
Created Wall at (0, 9)
Created Wall at (8, 9)
Created Wall at (9, 9)
Created Wall at (6, 9)
Created Wall at (8, 9)
Created Wall at (9, 9)
Put Hole at center: [ 384.0, 384.0, 0.0 ] with colour 2
Created Hole at (11, 9) with color index: 2
Created Hole at (11, 9) with color index: 2
Created Wall at (17, 9)
Created Wall at (17, 9)
Created Wall at (0, 10)
Created Wall at (0, 10)
Created Wall at (5, 10)
Created Wall at (5, 10)
Created Wall at (6, 10)
Created Wall at (6, 10)
Created Wall at (10, 10)
Created Wall at (10, 10)
Created Wall at (17, 10)
Created Wall at (17, 10)
Created Wall at (0, 11)
Created Wall at (0, 11)
Created Wall at (17, 11)
Created Wall at (17, 11)
Created Wall at (0, 12)
Created Wall at (0, 12)
Created Wall at (17, 12)
Created Wall at (17, 12)
Created Wall at (0, 13)
Ball initialized at position: [ 192.0, 480.0, 0.0 ] with velocity: [ -2.0, -2.0, 0.0 ]
Created Ball at (6, 13) with color index: 2
Created Wall at (0, 13)
Ball initialized at position: [ 192.0, 480.0, 0.0 ] with velocity: [ -2.0, -2.0, 0.0 ]
Created Ball at (6, 13) with color index: 2
Created Wall at (17, 13)
Created Wall at (17, 13)
Created Wall at (0, 14)
Created Wall at (0, 14)
Created Wall at (17, 14)
Created Wall at (17, 14)
Created Wall at (0, 15)
Created Wall at (0, 15)
Put Hole at center: [ 512.0, 576.0, 0.0 ] with colour 0
Created Hole at (15, 15) with color index: 0
Put Hole at center: [ 512.0, 576.0, 0.0 ] with colour 0
Created Hole at (15, 15) with color index: 0
Created Wall at (17, 15)
Created Wall at (0, 16)
Created Wall at (17, 15)
Created Wall at (0, 16)
Created Wall at (17, 16)
Created Wall at (17, 16)
Created Wall at (0, 17)
Created Wall at (0, 17)
Created Wall at (1, 17)
Created Wall at (2, 17)
Created Wall at (1, 17)
Created Wall at (3, 17)
Created Wall at (2, 17)
Created Wall at (4, 17)
Created Wall at (3, 17)
Created Wall at (5, 17)
Created Wall at (4, 17)
Created Wall at (5, 17)
Created Wall at (6, 17)
Created Wall at (6, 17)
Created ColouredWallTile at (7, 17) with colour index: 1
Created ColouredWallTile at (7, 17) with colour index: 1
Created ColouredWallTile at (8, 17) with colour index: 1
Created ColouredWallTile at (8, 17) with colour index: 1
Created ColouredWallTile at (9, 17) with colour index: 1
Created ColouredWallTile at (9, 17) with colour index: 1
Created ColouredWallTile at (10, 17) with colour index: 1
Created ColouredWallTile at (10, 17) with colour index: 1
Created Wall at (11, 17)
Created Wall at (11, 17)
Created Wall at (12, 17)
Created Wall at (12, 17)
Created Wall at (13, 17)
Created Wall at (13, 17)
Created Wall at (14, 17)
Created Wall at (15, 17)
Created Wall at (14, 17)
Created Wall at (16, 17)
Created Wall at (15, 17)
Created Wall at (16, 17)
Created Wall at (17, 17)
Level layout loaded from: level1.txt
Number of holes loaded: 7
Created Wall at (17, 17)
Level layout loaded from: level1.txt
Number of holes loaded: 7
Loaded wall from: src/main/resources/inkball/wall0.png
Loaded wall from: src/main/resources/inkball/wall0.png
Loaded wall from: src/main/resources/inkball/wall1.png
Loaded wall from: src/main/resources/inkball/wall1.png
Loaded wall from: src/main/resources/inkball/wall2.png
Loaded wall from: src/main/resources/inkball/wall2.png
Loaded wall from: src/main/resources/inkball/wall3.png
Loaded wall from: src/main/resources/inkball/wall3.png
Loaded wall from: src/main/resources/inkball/wall4.png
Loaded wall from: src/main/resources/inkball/wall4.png
Config load finishes!
Config load finishes!
Created Wall at (0, 0)
Created Wall at (0, 0)
Created Wall at (1, 0)
Created Wall at (1, 0)
Created Wall at (2, 0)
Created Wall at (3, 0)
Created Wall at (2, 0)
Created Wall at (4, 0)
Created Wall at (3, 0)
Created Wall at (4, 0)
Created Wall at (5, 0)
Created Wall at (5, 0)
Created Wall at (6, 0)
Created Wall at (6, 0)
Created ColouredWallTile at (7, 0) with colour index: 2
Created ColouredWallTile at (7, 0) with colour index: 2
Created ColouredWallTile at (8, 0) with colour index: 2
Created ColouredWallTile at (9, 0) with colour index: 2
Created ColouredWallTile at (8, 0) with colour index: 2
Created ColouredWallTile at (10, 0) with colour index: 2
Created ColouredWallTile at (9, 0) with colour index: 2
Created Wall at (11, 0)
Created Wall at (12, 0)
Created ColouredWallTile at (10, 0) with colour index: 2
Created Wall at (13, 0)
Created Wall at (11, 0)
Created Wall at (14, 0)
Created Wall at (12, 0)
Created Wall at (15, 0)
Created Wall at (13, 0)
Created Wall at (16, 0)
Created Wall at (14, 0)
Created Wall at (17, 0)
Created Wall at (0, 1)
Created Wall at (15, 0)
Put Hole at center: [ 512.0, 128.0, 0.0 ] with colour 0
Created Hole at (15, 1) with color index: 0
Created Wall at (16, 0)
Created Wall at (17, 1)
Created Wall at (17, 0)
Created Wall at (0, 1)
Created Wall at (0, 2)
Created Hole at (15, 1) with color index: 0
Created Wall at (17, 1)
Created Wall at (17, 2)
Created Wall at (0, 2)
Created Wall at (0, 3)
Created Wall at (17, 3)
Created Wall at (17, 2)
Created Wall at (0, 4)
Created Wall at (0, 3)
Created Wall at (17, 3)
Created Wall at (17, 4)
Created Wall at (0, 4)
Created Wall at (0, 5)
Created Wall at (17, 4)
Created Wall at (17, 5)
Created Wall at (0, 5)
Created Wall at (17, 5)
Created Wall at (0, 6)
Created Wall at (5, 6)
Created Wall at (0, 6)
Created Wall at (6, 6)
Created Wall at (5, 6)
Created Wall at (6, 6)
Created Wall at (10, 6)
Created Wall at (10, 6)
Put Hole at center: [ 384.0, 288.0, 0.0 ] with colour 1
Created Hole at (11, 6) with color index: 1
Created Wall at (17, 6)
Put Hole at center: [ 384.0, 288.0, 0.0 ] with colour 1
Created Hole at (11, 6) with color index: 1
Created Wall at (0, 7)
Created Wall at (17, 6)
Created Wall at (6, 7)
Created Wall at (0, 7)
Created Wall at (8, 7)
Created Wall at (6, 7)
Created Wall at (9, 7)
Created Wall at (8, 7)
Created Wall at (17, 7)
Created Wall at (0, 8)
Created Wall at (9, 7)
Created EntryPoint/Spawner at (5, 8)
Created Wall at (17, 7)
Created Wall at (6, 8)
Created Wall at (0, 8)
Created Wall at (7, 8)
Created EntryPoint/Spawner at (5, 8)
Created Wall at (17, 8)
Created Wall at (6, 8)
Created Wall at (0, 9)
Created Wall at (6, 9)
Created Wall at (7, 8)
Created Wall at (8, 9)
Created Wall at (17, 8)
Created Wall at (0, 9)
Created Wall at (9, 9)
Created Wall at (6, 9)
Put Hole at center: [ 384.0, 384.0, 0.0 ] with colour 2
Created Hole at (11, 9) with color index: 2
Created Wall at (8, 9)
Created Wall at (17, 9)
Created Wall at (9, 9)
Created Hole at (11, 9) with color index: 2
Created Wall at (0, 10)
Created Wall at (17, 9)
Created Wall at (5, 10)
Created Wall at (6, 10)
Created Wall at (0, 10)
Created Wall at (10, 10)
Created Wall at (5, 10)
Created Wall at (17, 10)
Created Wall at (6, 10)
Created Wall at (0, 11)
Created Wall at (10, 10)
Created Wall at (17, 10)
Created Wall at (17, 11)
Created Wall at (0, 11)
Created Wall at (0, 12)
Created Wall at (17, 12)
Created Wall at (17, 11)
Created Wall at (0, 13)
Ball initialized at position: [ 192.0, 480.0, 0.0 ] with velocity: [ -2.0, 2.0, 0.0 ]
Created Wall at (0, 12)
Created Ball at (6, 13) with color index: 2
Created Wall at (17, 12)
Created Wall at (17, 13)
Created Wall at (0, 13)
Created Wall at (0, 14)
Ball initialized at position: [ 192.0, 480.0, 0.0 ] with velocity: [ 2.0, 2.0, 0.0 ]
Created Ball at (6, 13) with color index: 2
Created Wall at (17, 14)
Created Wall at (17, 13)
Created Wall at (0, 15)
Created Wall at (0, 14)
Created Wall at (17, 14)
Put Hole at center: [ 512.0, 576.0, 0.0 ] with colour 0
Created Wall at (0, 15)
Created Hole at (15, 15) with color index: 0
Created Hole at (15, 15) with color index: 0
Created Wall at (17, 15)
Created Wall at (17, 15)
Created Wall at (0, 16)
Created Wall at (0, 16)
Created Wall at (17, 16)
Created Wall at (17, 16)
Created Wall at (0, 17)
Created Wall at (0, 17)
Created Wall at (1, 17)
Created Wall at (1, 17)
Created Wall at (2, 17)
Created Wall at (2, 17)
Created Wall at (3, 17)
Created Wall at (3, 17)
Created Wall at (4, 17)
Created Wall at (4, 17)
Created Wall at (5, 17)
Created Wall at (5, 17)
Created Wall at (6, 17)
Created Wall at (6, 17)
Created ColouredWallTile at (7, 17) with colour index: 1
Created ColouredWallTile at (7, 17) with colour index: 1
Created ColouredWallTile at (8, 17) with colour index: 1
Created ColouredWallTile at (8, 17) with colour index: 1
Created ColouredWallTile at (9, 17) with colour index: 1
Created ColouredWallTile at (9, 17) with colour index: 1
Created ColouredWallTile at (10, 17) with colour index: 1
Created ColouredWallTile at (10, 17) with colour index: 1
Created Wall at (11, 17)
Created Wall at (11, 17)
Created Wall at (12, 17)
Created Wall at (12, 17)
Created Wall at (13, 17)
Created Wall at (13, 17)
Created Wall at (14, 17)
Created Wall at (14, 17)
Created Wall at (15, 17)
Created Wall at (15, 17)
Created Wall at (16, 17)
Created Wall at (16, 17)
Created Wall at (17, 17)
Level layout loaded from: level1.txt
Number of holes loaded: 5
Created Wall at (17, 17)
Level layout loaded from: level1.txt
Number of holes loaded: 5
]]></system-out>
  <system-err><![CDATA[Warning: Overlapping hole at (16, 1)
Warning: Overlapping hole at (15, 2)
Warning: Overlapping hole at (16, 2)
Warning: Overlapping hole at (12, 6)
Warning: Overlapping hole at (11, 7)
Warning: Overlapping hole at (12, 7)
Warning: Overlapping hole at (12, 9)
Warning: Overlapping hole at (11, 10)
Warning: Overlapping hole at (12, 10)
Warning: Overlapping hole at (16, 15)
Warning: Overlapping hole at (15, 16)
Warning: Overlapping hole at (16, 16)
Warning: Overlapping hole at (16, 1)
Warning: Overlapping hole at (15, 2)
Warning: Overlapping hole at (16, 2)
Warning: Overlapping hole at (12, 6)
Warning: Overlapping hole at (11, 7)
Warning: Overlapping hole at (12, 7)
Warning: Overlapping hole at (12, 9)
Warning: Overlapping hole at (11, 10)
Warning: Overlapping hole at (12, 10)
Warning: Overlapping hole at (16, 15)
Warning: Overlapping hole at (15, 16)
Warning: Overlapping hole at (16, 16)
Warning: Overlapping hole at (16, 1)
Warning: Overlapping hole at (15, 2)
Warning: Overlapping hole at (16, 2)
Warning: Overlapping hole at (12, 6)
Warning: Overlapping hole at (11, 7)
Warning: Overlapping hole at (12, 7)
Warning: Overlapping hole at (11, 9)
Warning: Overlapping hole at (12, 9)
Warning: Overlapping hole at (11, 10)
Warning: Overlapping hole at (12, 10)
Warning: Overlapping hole at (16, 15)
Warning: Overlapping hole at (15, 16)
Warning: Overlapping hole at (16, 16)
Warning: Overlapping hole at (15, 1)
Warning: Overlapping hole at (16, 1)
Warning: Overlapping hole at (12, 6)
Warning: Overlapping hole at (11, 7)
Warning: Overlapping hole at (12, 7)
Warning: Overlapping hole at (11, 9)
Warning: Overlapping hole at (12, 9)
Warning: Overlapping hole at (11, 10)
Warning: Overlapping hole at (12, 10)
Warning: Overlapping hole at (15, 15)
Warning: Overlapping hole at (16, 15)
Warning: Overlapping hole at (15, 16)
Warning: Overlapping hole at (16, 16)
]]></system-err>
</testsuite>
